[0.030s] Invoking command in '/home/st/ywfBot_ws/build/moveit2_ywf_interface': CMAKE_PREFIX_PATH=${CMAKE_PREFIX_PATH}:/home/st/ywfBot_ws/install/py_action_client:/home/st/ywfBot_ws/install/py_action:/opt/ros/humble LD_LIBRARY_PATH=/home/st/ywfBot_ws/install/moveit_ywf_msg/lib:/home/st/ywfBot_ws/install/frhal_msgs/lib:/opt/ros/humble/opt/rviz_ogre_vendor/lib:/opt/ros/humble/lib/x86_64-linux-gnu:/opt/ros/humble/lib:/opt/MVS/lib/64:/opt/MVS/lib/32:/opt/MVS/lib/64:/opt/MVS/lib/32:/opt/MVS/lib/64:/opt/MVS/lib/32 /usr/bin/cmake /home/st/ywfBot_ws/src/moveit2_ywf_interface -DCMAKE_INSTALL_PREFIX=/home/st/ywfBot_ws/install/moveit2_ywf_interface
[0.060s] -- Found ament_cmake: 1.3.11 (/opt/ros/humble/share/ament_cmake/cmake)
[0.420s] [31mCMake Error at CMakeLists.txt:12 (find_package):
[0.420s]   By not providing "Findmoveit_ros_planning_interface.cmake" in
[0.421s]   CMAKE_MODULE_PATH this project has asked CMake to find a package
[0.421s]   configuration file provided by "moveit_ros_planning_interface", but CMake
[0.421s]   did not find one.
[0.421s] 
[0.421s]   Could not find a package configuration file provided by
[0.421s]   "moveit_ros_planning_interface" with any of the following names:
[0.421s] 
[0.422s]     moveit_ros_planning_interfaceConfig.cmake
[0.422s]     moveit_ros_planning_interface-config.cmake
[0.422s] 
[0.422s]   Add the installation prefix of "moveit_ros_planning_interface" to
[0.422s]   CMAKE_PREFIX_PATH or set "moveit_ros_planning_interface_DIR" to a directory
[0.422s]   containing one of the above files.  If "moveit_ros_planning_interface"
[0.422s]   provides a separate development package or SDK, be sure it has been
[0.422s]   installed.
[0.423s] 
[0.423s] [0m
[0.423s] -- Configuring incomplete, errors occurred!
[0.423s] See also "/home/st/ywfBot_ws/build/moveit2_ywf_interface/CMakeFiles/CMakeOutput.log".
[0.429s] Invoked command in '/home/st/ywfBot_ws/build/moveit2_ywf_interface' returned '1': CMAKE_PREFIX_PATH=${CMAKE_PREFIX_PATH}:/home/st/ywfBot_ws/install/py_action_client:/home/st/ywfBot_ws/install/py_action:/opt/ros/humble LD_LIBRARY_PATH=/home/st/ywfBot_ws/install/moveit_ywf_msg/lib:/home/st/ywfBot_ws/install/frhal_msgs/lib:/opt/ros/humble/opt/rviz_ogre_vendor/lib:/opt/ros/humble/lib/x86_64-linux-gnu:/opt/ros/humble/lib:/opt/MVS/lib/64:/opt/MVS/lib/32:/opt/MVS/lib/64:/opt/MVS/lib/32:/opt/MVS/lib/64:/opt/MVS/lib/32 /usr/bin/cmake /home/st/ywfBot_ws/src/moveit2_ywf_interface -DCMAKE_INSTALL_PREFIX=/home/st/ywfBot_ws/install/moveit2_ywf_interface
