[0.125s] Invoking command in '/home/st/ywfBot_ws/build/frhal_msgs': CMAKE_PREFIX_PATH=${CMAKE_PREFIX_PATH}:/home/st/ywfBot_ws/install/py_action_client:/home/st/ywfBot_ws/install/py_action:/home/st/moveit2_humble_ws/install/moveit_configs_utils:/home/st/moveit2_humble_ws/install/launch_param_builder:/opt/ros/humble /usr/bin/cmake --build /home/st/ywfBot_ws/build/frhal_msgs -- -j16 -l16
[1.659s] [  1%] Built target frhal_msgs__cpp
[1.659s] [ 12%] Built target frhal_msgs__rosidl_generator_c
[1.660s] [ 12%] Built target ament_cmake_python_copy_frhal_msgs
[1.660s] [ 23%] Built target frhal_msgs__rosidl_typesupport_introspection_cpp
[1.660s] [ 34%] Built target frhal_msgs__rosidl_typesupport_fastrtps_cpp
[1.660s] [ 46%] Built target frhal_msgs__rosidl_typesupport_c
[1.660s] [ 57%] Built target frhal_msgs__rosidl_typesupport_cpp
[1.661s] [ 68%] Built target frhal_msgs__rosidl_typesupport_introspection_c
[1.661s] [ 79%] Built target frhal_msgs__rosidl_typesupport_fastrtps_c
[1.661s] [ 79%] Built target frhal_msgs
[1.661s] [ 80%] Built target frhal_msgs__py
[1.661s] [ 90%] Built target frhal_msgs__rosidl_generator_py
[1.662s] [ 93%] Built target frhal_msgs__rosidl_typesupport_fastrtps_c__pyext
[1.662s] [ 96%] Built target frhal_msgs__rosidl_typesupport_c__pyext
[1.662s] [100%] Built target frhal_msgs__rosidl_typesupport_introspection_c__pyext
[1.662s] running egg_info
[1.662s] writing frhal_msgs.egg-info/PKG-INFO
[1.662s] writing dependency_links to frhal_msgs.egg-info/dependency_links.txt
[1.662s] writing top-level names to frhal_msgs.egg-info/top_level.txt
[1.663s] reading manifest file 'frhal_msgs.egg-info/SOURCES.txt'
[1.663s] writing manifest file 'frhal_msgs.egg-info/SOURCES.txt'
[1.663s] [100%] Built target ament_cmake_python_build_frhal_msgs_egg
[1.714s] Invoked command in '/home/st/ywfBot_ws/build/frhal_msgs' returned '0': CMAKE_PREFIX_PATH=${CMAKE_PREFIX_PATH}:/home/st/ywfBot_ws/install/py_action_client:/home/st/ywfBot_ws/install/py_action:/home/st/moveit2_humble_ws/install/moveit_configs_utils:/home/st/moveit2_humble_ws/install/launch_param_builder:/opt/ros/humble /usr/bin/cmake --build /home/st/ywfBot_ws/build/frhal_msgs -- -j16 -l16
[2.396s] Invoking command in '/home/st/ywfBot_ws/build/frhal_msgs': CMAKE_PREFIX_PATH=${CMAKE_PREFIX_PATH}:/home/st/ywfBot_ws/install/py_action_client:/home/st/ywfBot_ws/install/py_action:/home/st/moveit2_humble_ws/install/moveit_configs_utils:/home/st/moveit2_humble_ws/install/launch_param_builder:/opt/ros/humble /usr/bin/cmake --install /home/st/ywfBot_ws/build/frhal_msgs
[2.426s] -- Install configuration: ""
[2.427s] -- Up-to-date: /home/st/ywfBot_ws/install/frhal_msgs/share/ament_index/resource_index/rosidl_interfaces/frhal_msgs
[2.427s] -- Up-to-date: /home/st/ywfBot_ws/install/frhal_msgs/include/frhal_msgs/frhal_msgs
[2.427s] -- Up-to-date: /home/st/ywfBot_ws/install/frhal_msgs/include/frhal_msgs/frhal_msgs/msg
[2.428s] -- Up-to-date: /home/st/ywfBot_ws/install/frhal_msgs/include/frhal_msgs/frhal_msgs/msg/rosidl_generator_c__visibility_control.h
[2.428s] -- Up-to-date: /home/st/ywfBot_ws/install/frhal_msgs/include/frhal_msgs/frhal_msgs/msg/fr_state.h
[2.428s] -- Up-to-date: /home/st/ywfBot_ws/install/frhal_msgs/include/frhal_msgs/frhal_msgs/msg/detail
[2.429s] -- Up-to-date: /home/st/ywfBot_ws/install/frhal_msgs/include/frhal_msgs/frhal_msgs/msg/detail/fr_state__type_support.h
[2.430s] -- Up-to-date: /home/st/ywfBot_ws/install/frhal_msgs/include/frhal_msgs/frhal_msgs/msg/detail/fr_state__functions.c
[2.430s] -- Up-to-date: /home/st/ywfBot_ws/install/frhal_msgs/include/frhal_msgs/frhal_msgs/msg/detail/fr_state__functions.h
[2.431s] -- Up-to-date: /home/st/ywfBot_ws/install/frhal_msgs/include/frhal_msgs/frhal_msgs/msg/detail/fr_state__struct.h
[2.432s] -- Up-to-date: /home/st/ywfBot_ws/install/frhal_msgs/include/frhal_msgs/frhal_msgs/srv
[2.432s] -- Up-to-date: /home/st/ywfBot_ws/install/frhal_msgs/include/frhal_msgs/frhal_msgs/srv/trigger.h
[2.433s] -- Up-to-date: /home/st/ywfBot_ws/install/frhal_msgs/include/frhal_msgs/frhal_msgs/srv/robot_interface.h
[2.434s] -- Up-to-date: /home/st/ywfBot_ws/install/frhal_msgs/include/frhal_msgs/frhal_msgs/srv/calib_interface.h
[2.434s] -- Up-to-date: /home/st/ywfBot_ws/install/frhal_msgs/include/frhal_msgs/frhal_msgs/srv/ros_cmd_interface.h
[2.434s] -- Up-to-date: /home/st/ywfBot_ws/install/frhal_msgs/include/frhal_msgs/frhal_msgs/srv/detail
[2.435s] -- Up-to-date: /home/st/ywfBot_ws/install/frhal_msgs/include/frhal_msgs/frhal_msgs/srv/detail/ros_cmd_interface__type_support.h
[2.435s] -- Up-to-date: /home/st/ywfBot_ws/install/frhal_msgs/include/frhal_msgs/frhal_msgs/srv/detail/trigger__functions.h
[2.436s] -- Up-to-date: /home/st/ywfBot_ws/install/frhal_msgs/include/frhal_msgs/frhal_msgs/srv/detail/robot_interface__type_support.h
[2.437s] -- Up-to-date: /home/st/ywfBot_ws/install/frhal_msgs/include/frhal_msgs/frhal_msgs/srv/detail/ros_cmd_interface__struct.h
[2.437s] -- Up-to-date: /home/st/ywfBot_ws/install/frhal_msgs/include/frhal_msgs/frhal_msgs/srv/detail/trigger__functions.c
[2.437s] -- Up-to-date: /home/st/ywfBot_ws/install/frhal_msgs/include/frhal_msgs/frhal_msgs/srv/detail/trigger__struct.h
[2.437s] -- Up-to-date: /home/st/ywfBot_ws/install/frhal_msgs/include/frhal_msgs/frhal_msgs/srv/detail/calib_interface__type_support.h
[2.437s] -- Up-to-date: /home/st/ywfBot_ws/install/frhal_msgs/include/frhal_msgs/frhal_msgs/srv/detail/ros_cmd_interface__functions.h
[2.437s] -- Up-to-date: /home/st/ywfBot_ws/install/frhal_msgs/include/frhal_msgs/frhal_msgs/srv/detail/calib_interface__functions.c
[2.439s] -- Up-to-date: /home/st/ywfBot_ws/install/frhal_msgs/include/frhal_msgs/frhal_msgs/srv/detail/robot_interface__struct.h
[2.439s] -- Up-to-date: /home/st/ywfBot_ws/install/frhal_msgs/include/frhal_msgs/frhal_msgs/srv/detail/calib_interface__struct.h
[2.439s] -- Up-to-date: /home/st/ywfBot_ws/install/frhal_msgs/include/frhal_msgs/frhal_msgs/srv/detail/robot_interface__functions.h
[2.439s] -- Up-to-date: /home/st/ywfBot_ws/install/frhal_msgs/include/frhal_msgs/frhal_msgs/srv/detail/calib_interface__functions.h
[2.439s] -- Up-to-date: /home/st/ywfBot_ws/install/frhal_msgs/include/frhal_msgs/frhal_msgs/srv/detail/ros_cmd_interface__functions.c
[2.440s] -- Up-to-date: /home/st/ywfBot_ws/install/frhal_msgs/include/frhal_msgs/frhal_msgs/srv/detail/robot_interface__functions.c
[2.443s] -- Up-to-date: /home/st/ywfBot_ws/install/frhal_msgs/include/frhal_msgs/frhal_msgs/srv/detail/trigger__type_support.h
[2.444s] -- Up-to-date: /home/st/ywfBot_ws/install/frhal_msgs/share/frhal_msgs/environment/library_path.sh
[2.444s] -- Up-to-date: /home/st/ywfBot_ws/install/frhal_msgs/share/frhal_msgs/environment/library_path.dsv
[2.444s] -- Up-to-date: /home/st/ywfBot_ws/install/frhal_msgs/lib/libfrhal_msgs__rosidl_generator_c.so
[2.444s] -- Up-to-date: /home/st/ywfBot_ws/install/frhal_msgs/include/frhal_msgs/frhal_msgs
[2.445s] -- Up-to-date: /home/st/ywfBot_ws/install/frhal_msgs/include/frhal_msgs/frhal_msgs/msg
[2.445s] -- Up-to-date: /home/st/ywfBot_ws/install/frhal_msgs/include/frhal_msgs/frhal_msgs/msg/rosidl_typesupport_fastrtps_c__visibility_control.h
[2.446s] -- Up-to-date: /home/st/ywfBot_ws/install/frhal_msgs/include/frhal_msgs/frhal_msgs/msg/detail
[2.446s] -- Up-to-date: /home/st/ywfBot_ws/install/frhal_msgs/include/frhal_msgs/frhal_msgs/msg/detail/fr_state__rosidl_typesupport_fastrtps_c.h
[2.447s] -- Up-to-date: /home/st/ywfBot_ws/install/frhal_msgs/include/frhal_msgs/frhal_msgs/srv
[2.447s] -- Up-to-date: /home/st/ywfBot_ws/install/frhal_msgs/include/frhal_msgs/frhal_msgs/srv/detail
[2.447s] -- Up-to-date: /home/st/ywfBot_ws/install/frhal_msgs/include/frhal_msgs/frhal_msgs/srv/detail/robot_interface__rosidl_typesupport_fastrtps_c.h
[2.449s] -- Up-to-date: /home/st/ywfBot_ws/install/frhal_msgs/include/frhal_msgs/frhal_msgs/srv/detail/trigger__rosidl_typesupport_fastrtps_c.h
[2.449s] -- Up-to-date: /home/st/ywfBot_ws/install/frhal_msgs/include/frhal_msgs/frhal_msgs/srv/detail/calib_interface__rosidl_typesupport_fastrtps_c.h
[2.449s] -- Up-to-date: /home/st/ywfBot_ws/install/frhal_msgs/include/frhal_msgs/frhal_msgs/srv/detail/ros_cmd_interface__rosidl_typesupport_fastrtps_c.h
[2.449s] -- Up-to-date: /home/st/ywfBot_ws/install/frhal_msgs/lib/libfrhal_msgs__rosidl_typesupport_fastrtps_c.so
[2.449s] -- Up-to-date: /home/st/ywfBot_ws/install/frhal_msgs/include/frhal_msgs/frhal_msgs
[2.450s] -- Up-to-date: /home/st/ywfBot_ws/install/frhal_msgs/include/frhal_msgs/frhal_msgs/msg
[2.450s] -- Up-to-date: /home/st/ywfBot_ws/install/frhal_msgs/include/frhal_msgs/frhal_msgs/msg/rosidl_typesupport_introspection_c__visibility_control.h
[2.450s] -- Up-to-date: /home/st/ywfBot_ws/install/frhal_msgs/include/frhal_msgs/frhal_msgs/msg/detail
[2.450s] -- Up-to-date: /home/st/ywfBot_ws/install/frhal_msgs/include/frhal_msgs/frhal_msgs/msg/detail/fr_state__type_support.c
[2.450s] -- Up-to-date: /home/st/ywfBot_ws/install/frhal_msgs/include/frhal_msgs/frhal_msgs/msg/detail/fr_state__rosidl_typesupport_introspection_c.h
[2.450s] -- Up-to-date: /home/st/ywfBot_ws/install/frhal_msgs/include/frhal_msgs/frhal_msgs/srv
[2.450s] -- Up-to-date: /home/st/ywfBot_ws/install/frhal_msgs/include/frhal_msgs/frhal_msgs/srv/detail
[2.450s] -- Up-to-date: /home/st/ywfBot_ws/install/frhal_msgs/include/frhal_msgs/frhal_msgs/srv/detail/trigger__rosidl_typesupport_introspection_c.h
[2.451s] -- Up-to-date: /home/st/ywfBot_ws/install/frhal_msgs/include/frhal_msgs/frhal_msgs/srv/detail/trigger__type_support.c
[2.451s] -- Up-to-date: /home/st/ywfBot_ws/install/frhal_msgs/include/frhal_msgs/frhal_msgs/srv/detail/calib_interface__rosidl_typesupport_introspection_c.h
[2.451s] -- Up-to-date: /home/st/ywfBot_ws/install/frhal_msgs/include/frhal_msgs/frhal_msgs/srv/detail/ros_cmd_interface__rosidl_typesupport_introspection_c.h
[2.451s] -- Up-to-date: /home/st/ywfBot_ws/install/frhal_msgs/include/frhal_msgs/frhal_msgs/srv/detail/robot_interface__type_support.c
[2.451s] -- Up-to-date: /home/st/ywfBot_ws/install/frhal_msgs/include/frhal_msgs/frhal_msgs/srv/detail/ros_cmd_interface__type_support.c
[2.451s] -- Up-to-date: /home/st/ywfBot_ws/install/frhal_msgs/include/frhal_msgs/frhal_msgs/srv/detail/robot_interface__rosidl_typesupport_introspection_c.h
[2.451s] -- Up-to-date: /home/st/ywfBot_ws/install/frhal_msgs/include/frhal_msgs/frhal_msgs/srv/detail/calib_interface__type_support.c
[2.452s] -- Up-to-date: /home/st/ywfBot_ws/install/frhal_msgs/lib/libfrhal_msgs__rosidl_typesupport_introspection_c.so
[2.452s] -- Up-to-date: /home/st/ywfBot_ws/install/frhal_msgs/lib/libfrhal_msgs__rosidl_typesupport_c.so
[2.452s] -- Up-to-date: /home/st/ywfBot_ws/install/frhal_msgs/include/frhal_msgs/frhal_msgs
[2.452s] -- Up-to-date: /home/st/ywfBot_ws/install/frhal_msgs/include/frhal_msgs/frhal_msgs/msg
[2.453s] -- Up-to-date: /home/st/ywfBot_ws/install/frhal_msgs/include/frhal_msgs/frhal_msgs/msg/fr_state.hpp
[2.453s] -- Up-to-date: /home/st/ywfBot_ws/install/frhal_msgs/include/frhal_msgs/frhal_msgs/msg/rosidl_generator_cpp__visibility_control.hpp
[2.453s] -- Up-to-date: /home/st/ywfBot_ws/install/frhal_msgs/include/frhal_msgs/frhal_msgs/msg/detail
[2.453s] -- Up-to-date: /home/st/ywfBot_ws/install/frhal_msgs/include/frhal_msgs/frhal_msgs/msg/detail/fr_state__builder.hpp
[2.453s] -- Up-to-date: /home/st/ywfBot_ws/install/frhal_msgs/include/frhal_msgs/frhal_msgs/msg/detail/fr_state__traits.hpp
[2.453s] -- Up-to-date: /home/st/ywfBot_ws/install/frhal_msgs/include/frhal_msgs/frhal_msgs/msg/detail/fr_state__type_support.hpp
[2.453s] -- Up-to-date: /home/st/ywfBot_ws/install/frhal_msgs/include/frhal_msgs/frhal_msgs/msg/detail/fr_state__struct.hpp
[2.454s] -- Up-to-date: /home/st/ywfBot_ws/install/frhal_msgs/include/frhal_msgs/frhal_msgs/srv
[2.454s] -- Up-to-date: /home/st/ywfBot_ws/install/frhal_msgs/include/frhal_msgs/frhal_msgs/srv/robot_interface.hpp
[2.454s] -- Up-to-date: /home/st/ywfBot_ws/install/frhal_msgs/include/frhal_msgs/frhal_msgs/srv/trigger.hpp
[2.454s] -- Up-to-date: /home/st/ywfBot_ws/install/frhal_msgs/include/frhal_msgs/frhal_msgs/srv/calib_interface.hpp
[2.454s] -- Up-to-date: /home/st/ywfBot_ws/install/frhal_msgs/include/frhal_msgs/frhal_msgs/srv/ros_cmd_interface.hpp
[2.454s] -- Up-to-date: /home/st/ywfBot_ws/install/frhal_msgs/include/frhal_msgs/frhal_msgs/srv/detail
[2.455s] -- Up-to-date: /home/st/ywfBot_ws/install/frhal_msgs/include/frhal_msgs/frhal_msgs/srv/detail/robot_interface__struct.hpp
[2.455s] -- Up-to-date: /home/st/ywfBot_ws/install/frhal_msgs/include/frhal_msgs/frhal_msgs/srv/detail/robot_interface__builder.hpp
[2.455s] -- Up-to-date: /home/st/ywfBot_ws/install/frhal_msgs/include/frhal_msgs/frhal_msgs/srv/detail/calib_interface__type_support.hpp
[2.455s] -- Up-to-date: /home/st/ywfBot_ws/install/frhal_msgs/include/frhal_msgs/frhal_msgs/srv/detail/calib_interface__struct.hpp
[2.455s] -- Up-to-date: /home/st/ywfBot_ws/install/frhal_msgs/include/frhal_msgs/frhal_msgs/srv/detail/calib_interface__builder.hpp
[2.455s] -- Up-to-date: /home/st/ywfBot_ws/install/frhal_msgs/include/frhal_msgs/frhal_msgs/srv/detail/trigger__builder.hpp
[2.455s] -- Up-to-date: /home/st/ywfBot_ws/install/frhal_msgs/include/frhal_msgs/frhal_msgs/srv/detail/trigger__traits.hpp
[2.456s] -- Up-to-date: /home/st/ywfBot_ws/install/frhal_msgs/include/frhal_msgs/frhal_msgs/srv/detail/trigger__struct.hpp
[2.456s] -- Up-to-date: /home/st/ywfBot_ws/install/frhal_msgs/include/frhal_msgs/frhal_msgs/srv/detail/ros_cmd_interface__builder.hpp
[2.456s] -- Up-to-date: /home/st/ywfBot_ws/install/frhal_msgs/include/frhal_msgs/frhal_msgs/srv/detail/ros_cmd_interface__traits.hpp
[2.456s] -- Up-to-date: /home/st/ywfBot_ws/install/frhal_msgs/include/frhal_msgs/frhal_msgs/srv/detail/ros_cmd_interface__type_support.hpp
[2.456s] -- Up-to-date: /home/st/ywfBot_ws/install/frhal_msgs/include/frhal_msgs/frhal_msgs/srv/detail/trigger__type_support.hpp
[2.456s] -- Up-to-date: /home/st/ywfBot_ws/install/frhal_msgs/include/frhal_msgs/frhal_msgs/srv/detail/robot_interface__type_support.hpp
[2.456s] -- Up-to-date: /home/st/ywfBot_ws/install/frhal_msgs/include/frhal_msgs/frhal_msgs/srv/detail/ros_cmd_interface__struct.hpp
[2.456s] -- Up-to-date: /home/st/ywfBot_ws/install/frhal_msgs/include/frhal_msgs/frhal_msgs/srv/detail/robot_interface__traits.hpp
[2.457s] -- Up-to-date: /home/st/ywfBot_ws/install/frhal_msgs/include/frhal_msgs/frhal_msgs/srv/detail/calib_interface__traits.hpp
[2.457s] -- Up-to-date: /home/st/ywfBot_ws/install/frhal_msgs/include/frhal_msgs/frhal_msgs
[2.457s] -- Up-to-date: /home/st/ywfBot_ws/install/frhal_msgs/include/frhal_msgs/frhal_msgs/msg
[2.457s] -- Up-to-date: /home/st/ywfBot_ws/install/frhal_msgs/include/frhal_msgs/frhal_msgs/msg/rosidl_typesupport_fastrtps_cpp__visibility_control.h
[2.457s] -- Up-to-date: /home/st/ywfBot_ws/install/frhal_msgs/include/frhal_msgs/frhal_msgs/msg/detail
[2.457s] -- Up-to-date: /home/st/ywfBot_ws/install/frhal_msgs/include/frhal_msgs/frhal_msgs/msg/detail/dds_fastrtps
[2.457s] -- Up-to-date: /home/st/ywfBot_ws/install/frhal_msgs/include/frhal_msgs/frhal_msgs/msg/detail/fr_state__rosidl_typesupport_fastrtps_cpp.hpp
[2.458s] -- Up-to-date: /home/st/ywfBot_ws/install/frhal_msgs/include/frhal_msgs/frhal_msgs/srv
[2.458s] -- Up-to-date: /home/st/ywfBot_ws/install/frhal_msgs/include/frhal_msgs/frhal_msgs/srv/detail
[2.458s] -- Up-to-date: /home/st/ywfBot_ws/install/frhal_msgs/include/frhal_msgs/frhal_msgs/srv/detail/ros_cmd_interface__rosidl_typesupport_fastrtps_cpp.hpp
[2.459s] -- Up-to-date: /home/st/ywfBot_ws/install/frhal_msgs/include/frhal_msgs/frhal_msgs/srv/detail/trigger__rosidl_typesupport_fastrtps_cpp.hpp
[2.459s] -- Up-to-date: /home/st/ywfBot_ws/install/frhal_msgs/include/frhal_msgs/frhal_msgs/srv/detail/dds_fastrtps
[2.459s] -- Up-to-date: /home/st/ywfBot_ws/install/frhal_msgs/include/frhal_msgs/frhal_msgs/srv/detail/robot_interface__rosidl_typesupport_fastrtps_cpp.hpp
[2.459s] -- Up-to-date: /home/st/ywfBot_ws/install/frhal_msgs/include/frhal_msgs/frhal_msgs/srv/detail/calib_interface__rosidl_typesupport_fastrtps_cpp.hpp
[2.459s] -- Up-to-date: /home/st/ywfBot_ws/install/frhal_msgs/lib/libfrhal_msgs__rosidl_typesupport_fastrtps_cpp.so
[2.459s] -- Up-to-date: /home/st/ywfBot_ws/install/frhal_msgs/include/frhal_msgs/frhal_msgs
[2.459s] -- Up-to-date: /home/st/ywfBot_ws/install/frhal_msgs/include/frhal_msgs/frhal_msgs/msg
[2.460s] -- Up-to-date: /home/st/ywfBot_ws/install/frhal_msgs/include/frhal_msgs/frhal_msgs/msg/detail
[2.460s] -- Up-to-date: /home/st/ywfBot_ws/install/frhal_msgs/include/frhal_msgs/frhal_msgs/msg/detail/fr_state__rosidl_typesupport_introspection_cpp.hpp
[2.460s] -- Up-to-date: /home/st/ywfBot_ws/install/frhal_msgs/include/frhal_msgs/frhal_msgs/msg/detail/fr_state__type_support.cpp
[2.460s] -- Up-to-date: /home/st/ywfBot_ws/install/frhal_msgs/include/frhal_msgs/frhal_msgs/srv
[2.460s] -- Up-to-date: /home/st/ywfBot_ws/install/frhal_msgs/include/frhal_msgs/frhal_msgs/srv/detail
[2.460s] -- Up-to-date: /home/st/ywfBot_ws/install/frhal_msgs/include/frhal_msgs/frhal_msgs/srv/detail/ros_cmd_interface__type_support.cpp
[2.460s] -- Up-to-date: /home/st/ywfBot_ws/install/frhal_msgs/include/frhal_msgs/frhal_msgs/srv/detail/calib_interface__rosidl_typesupport_introspection_cpp.hpp
[2.461s] -- Up-to-date: /home/st/ywfBot_ws/install/frhal_msgs/include/frhal_msgs/frhal_msgs/srv/detail/trigger__type_support.cpp
[2.461s] -- Up-to-date: /home/st/ywfBot_ws/install/frhal_msgs/include/frhal_msgs/frhal_msgs/srv/detail/trigger__rosidl_typesupport_introspection_cpp.hpp
[2.461s] -- Up-to-date: /home/st/ywfBot_ws/install/frhal_msgs/include/frhal_msgs/frhal_msgs/srv/detail/robot_interface__rosidl_typesupport_introspection_cpp.hpp
[2.461s] -- Up-to-date: /home/st/ywfBot_ws/install/frhal_msgs/include/frhal_msgs/frhal_msgs/srv/detail/robot_interface__type_support.cpp
[2.461s] -- Up-to-date: /home/st/ywfBot_ws/install/frhal_msgs/include/frhal_msgs/frhal_msgs/srv/detail/calib_interface__type_support.cpp
[2.461s] -- Up-to-date: /home/st/ywfBot_ws/install/frhal_msgs/include/frhal_msgs/frhal_msgs/srv/detail/ros_cmd_interface__rosidl_typesupport_introspection_cpp.hpp
[2.461s] -- Up-to-date: /home/st/ywfBot_ws/install/frhal_msgs/lib/libfrhal_msgs__rosidl_typesupport_introspection_cpp.so
[2.461s] -- Up-to-date: /home/st/ywfBot_ws/install/frhal_msgs/lib/libfrhal_msgs__rosidl_typesupport_cpp.so
[2.462s] -- Up-to-date: /home/st/ywfBot_ws/install/frhal_msgs/share/frhal_msgs/environment/pythonpath.sh
[2.462s] -- Up-to-date: /home/st/ywfBot_ws/install/frhal_msgs/share/frhal_msgs/environment/pythonpath.dsv
[2.462s] -- Up-to-date: /home/st/ywfBot_ws/install/frhal_msgs/local/lib/python3.10/dist-packages/frhal_msgs-0.0.0-py3.10.egg-info
[2.462s] -- Installing: /home/st/ywfBot_ws/install/frhal_msgs/local/lib/python3.10/dist-packages/frhal_msgs-0.0.0-py3.10.egg-info/SOURCES.txt
[2.463s] -- Installing: /home/st/ywfBot_ws/install/frhal_msgs/local/lib/python3.10/dist-packages/frhal_msgs-0.0.0-py3.10.egg-info/top_level.txt
[2.463s] -- Installing: /home/st/ywfBot_ws/install/frhal_msgs/local/lib/python3.10/dist-packages/frhal_msgs-0.0.0-py3.10.egg-info/dependency_links.txt
[2.463s] -- Installing: /home/st/ywfBot_ws/install/frhal_msgs/local/lib/python3.10/dist-packages/frhal_msgs-0.0.0-py3.10.egg-info/PKG-INFO
[2.463s] -- Up-to-date: /home/st/ywfBot_ws/install/frhal_msgs/local/lib/python3.10/dist-packages/frhal_msgs
[2.463s] -- Up-to-date: /home/st/ywfBot_ws/install/frhal_msgs/local/lib/python3.10/dist-packages/frhal_msgs/__init__.py
[2.463s] -- Up-to-date: /home/st/ywfBot_ws/install/frhal_msgs/local/lib/python3.10/dist-packages/frhal_msgs/_frhal_msgs_s.ep.rosidl_typesupport_fastrtps_c.c
[2.463s] -- Up-to-date: /home/st/ywfBot_ws/install/frhal_msgs/local/lib/python3.10/dist-packages/frhal_msgs/frhal_msgs_s__rosidl_typesupport_introspection_c.cpython-310-x86_64-linux-gnu.so
[2.463s] -- Up-to-date: /home/st/ywfBot_ws/install/frhal_msgs/local/lib/python3.10/dist-packages/frhal_msgs/_frhal_msgs_s.ep.rosidl_typesupport_introspection_c.c
[2.464s] -- Up-to-date: /home/st/ywfBot_ws/install/frhal_msgs/local/lib/python3.10/dist-packages/frhal_msgs/libfrhal_msgs__rosidl_generator_py.so
[2.464s] -- Up-to-date: /home/st/ywfBot_ws/install/frhal_msgs/local/lib/python3.10/dist-packages/frhal_msgs/msg
[2.464s] -- Up-to-date: /home/st/ywfBot_ws/install/frhal_msgs/local/lib/python3.10/dist-packages/frhal_msgs/msg/__init__.py
[2.464s] -- Up-to-date: /home/st/ywfBot_ws/install/frhal_msgs/local/lib/python3.10/dist-packages/frhal_msgs/msg/_fr_state.py
[2.464s] -- Up-to-date: /home/st/ywfBot_ws/install/frhal_msgs/local/lib/python3.10/dist-packages/frhal_msgs/msg/_fr_state_s.c
[2.464s] -- Up-to-date: /home/st/ywfBot_ws/install/frhal_msgs/local/lib/python3.10/dist-packages/frhal_msgs/_frhal_msgs_s.ep.rosidl_typesupport_c.c
[2.464s] -- Up-to-date: /home/st/ywfBot_ws/install/frhal_msgs/local/lib/python3.10/dist-packages/frhal_msgs/frhal_msgs_s__rosidl_typesupport_c.cpython-310-x86_64-linux-gnu.so
[2.465s] -- Up-to-date: /home/st/ywfBot_ws/install/frhal_msgs/local/lib/python3.10/dist-packages/frhal_msgs/srv
[2.465s] -- Up-to-date: /home/st/ywfBot_ws/install/frhal_msgs/local/lib/python3.10/dist-packages/frhal_msgs/srv/__init__.py
[2.465s] -- Up-to-date: /home/st/ywfBot_ws/install/frhal_msgs/local/lib/python3.10/dist-packages/frhal_msgs/srv/_ros_cmd_interface_s.c
[2.465s] -- Up-to-date: /home/st/ywfBot_ws/install/frhal_msgs/local/lib/python3.10/dist-packages/frhal_msgs/srv/_robot_interface_s.c
[2.465s] -- Up-to-date: /home/st/ywfBot_ws/install/frhal_msgs/local/lib/python3.10/dist-packages/frhal_msgs/srv/_calib_interface_s.c
[2.465s] -- Up-to-date: /home/st/ywfBot_ws/install/frhal_msgs/local/lib/python3.10/dist-packages/frhal_msgs/srv/_robot_interface.py
[2.465s] -- Up-to-date: /home/st/ywfBot_ws/install/frhal_msgs/local/lib/python3.10/dist-packages/frhal_msgs/srv/_trigger_s.c
[2.466s] -- Up-to-date: /home/st/ywfBot_ws/install/frhal_msgs/local/lib/python3.10/dist-packages/frhal_msgs/srv/_calib_interface.py
[2.467s] -- Up-to-date: /home/st/ywfBot_ws/install/frhal_msgs/local/lib/python3.10/dist-packages/frhal_msgs/srv/_ros_cmd_interface.py
[2.467s] -- Up-to-date: /home/st/ywfBot_ws/install/frhal_msgs/local/lib/python3.10/dist-packages/frhal_msgs/srv/_trigger.py
[2.471s] -- Up-to-date: /home/st/ywfBot_ws/install/frhal_msgs/local/lib/python3.10/dist-packages/frhal_msgs/frhal_msgs_s__rosidl_typesupport_fastrtps_c.cpython-310-x86_64-linux-gnu.so
[2.533s] Listing '/home/st/ywfBot_ws/install/frhal_msgs/local/lib/python3.10/dist-packages/frhal_msgs'...
[2.534s] Listing '/home/st/ywfBot_ws/install/frhal_msgs/local/lib/python3.10/dist-packages/frhal_msgs/msg'...
[2.534s] Listing '/home/st/ywfBot_ws/install/frhal_msgs/local/lib/python3.10/dist-packages/frhal_msgs/srv'...
[2.546s] -- Up-to-date: /home/st/ywfBot_ws/install/frhal_msgs/local/lib/python3.10/dist-packages/frhal_msgs/frhal_msgs_s__rosidl_typesupport_fastrtps_c.cpython-310-x86_64-linux-gnu.so
[2.546s] -- Up-to-date: /home/st/ywfBot_ws/install/frhal_msgs/local/lib/python3.10/dist-packages/frhal_msgs/frhal_msgs_s__rosidl_typesupport_introspection_c.cpython-310-x86_64-linux-gnu.so
[2.547s] -- Up-to-date: /home/st/ywfBot_ws/install/frhal_msgs/local/lib/python3.10/dist-packages/frhal_msgs/frhal_msgs_s__rosidl_typesupport_c.cpython-310-x86_64-linux-gnu.so
[2.549s] -- Up-to-date: /home/st/ywfBot_ws/install/frhal_msgs/lib/libfrhal_msgs__rosidl_generator_py.so
[2.550s] -- Up-to-date: /home/st/ywfBot_ws/install/frhal_msgs/share/frhal_msgs/srv/ROSCmdInterface.idl
[2.567s] -- Up-to-date: /home/st/ywfBot_ws/install/frhal_msgs/share/frhal_msgs/msg/FRState.idl
[2.568s] -- Up-to-date: /home/st/ywfBot_ws/install/frhal_msgs/share/frhal_msgs/srv/Trigger.idl
[2.568s] -- Up-to-date: /home/st/ywfBot_ws/install/frhal_msgs/share/frhal_msgs/srv/RobotInterface.idl
[2.568s] -- Up-to-date: /home/st/ywfBot_ws/install/frhal_msgs/share/frhal_msgs/srv/CalibInterface.idl
[2.569s] -- Up-to-date: /home/st/ywfBot_ws/install/frhal_msgs/share/frhal_msgs/srv/ROSCmdInterface.srv
[2.569s] -- Up-to-date: /home/st/ywfBot_ws/install/frhal_msgs/share/frhal_msgs/srv/ROSCmdInterface_Request.msg
[2.569s] -- Up-to-date: /home/st/ywfBot_ws/install/frhal_msgs/share/frhal_msgs/srv/ROSCmdInterface_Response.msg
[2.570s] -- Up-to-date: /home/st/ywfBot_ws/install/frhal_msgs/share/frhal_msgs/msg/FRState.msg
[2.573s] -- Up-to-date: /home/st/ywfBot_ws/install/frhal_msgs/share/frhal_msgs/srv/Trigger.srv
[2.574s] -- Up-to-date: /home/st/ywfBot_ws/install/frhal_msgs/share/frhal_msgs/srv/Trigger_Request.msg
[2.574s] -- Up-to-date: /home/st/ywfBot_ws/install/frhal_msgs/share/frhal_msgs/srv/Trigger_Response.msg
[2.575s] -- Up-to-date: /home/st/ywfBot_ws/install/frhal_msgs/share/frhal_msgs/srv/RobotInterface.srv
[2.575s] -- Up-to-date: /home/st/ywfBot_ws/install/frhal_msgs/share/frhal_msgs/srv/RobotInterface_Request.msg
[2.575s] -- Up-to-date: /home/st/ywfBot_ws/install/frhal_msgs/share/frhal_msgs/srv/RobotInterface_Response.msg
[2.575s] -- Up-to-date: /home/st/ywfBot_ws/install/frhal_msgs/share/frhal_msgs/srv/CalibInterface.srv
[2.581s] -- Up-to-date: /home/st/ywfBot_ws/install/frhal_msgs/share/frhal_msgs/srv/CalibInterface_Request.msg
[2.587s] -- Up-to-date: /home/st/ywfBot_ws/install/frhal_msgs/share/frhal_msgs/srv/CalibInterface_Response.msg
[2.588s] -- Up-to-date: /home/st/ywfBot_ws/install/frhal_msgs/share/ament_index/resource_index/package_run_dependencies/frhal_msgs
[2.588s] -- Up-to-date: /home/st/ywfBot_ws/install/frhal_msgs/share/ament_index/resource_index/parent_prefix_path/frhal_msgs
[2.588s] -- Up-to-date: /home/st/ywfBot_ws/install/frhal_msgs/share/frhal_msgs/environment/ament_prefix_path.sh
[2.588s] -- Up-to-date: /home/st/ywfBot_ws/install/frhal_msgs/share/frhal_msgs/environment/ament_prefix_path.dsv
[2.588s] -- Up-to-date: /home/st/ywfBot_ws/install/frhal_msgs/share/frhal_msgs/environment/path.sh
[2.589s] -- Up-to-date: /home/st/ywfBot_ws/install/frhal_msgs/share/frhal_msgs/environment/path.dsv
[2.589s] -- Up-to-date: /home/st/ywfBot_ws/install/frhal_msgs/share/frhal_msgs/local_setup.bash
[2.589s] -- Up-to-date: /home/st/ywfBot_ws/install/frhal_msgs/share/frhal_msgs/local_setup.sh
[2.591s] -- Up-to-date: /home/st/ywfBot_ws/install/frhal_msgs/share/frhal_msgs/local_setup.zsh
[2.591s] -- Up-to-date: /home/st/ywfBot_ws/install/frhal_msgs/share/frhal_msgs/local_setup.dsv
[2.591s] -- Installing: /home/st/ywfBot_ws/install/frhal_msgs/share/frhal_msgs/package.dsv
[2.591s] -- Up-to-date: /home/st/ywfBot_ws/install/frhal_msgs/share/ament_index/resource_index/packages/frhal_msgs
[2.594s] -- Up-to-date: /home/st/ywfBot_ws/install/frhal_msgs/share/frhal_msgs/cmake/export_frhal_msgs__rosidl_generator_cExport.cmake
[2.594s] -- Up-to-date: /home/st/ywfBot_ws/install/frhal_msgs/share/frhal_msgs/cmake/export_frhal_msgs__rosidl_generator_cExport-noconfig.cmake
[2.595s] -- Up-to-date: /home/st/ywfBot_ws/install/frhal_msgs/share/frhal_msgs/cmake/export_frhal_msgs__rosidl_typesupport_fastrtps_cExport.cmake
[2.596s] -- Up-to-date: /home/st/ywfBot_ws/install/frhal_msgs/share/frhal_msgs/cmake/export_frhal_msgs__rosidl_typesupport_fastrtps_cExport-noconfig.cmake
[2.596s] -- Up-to-date: /home/st/ywfBot_ws/install/frhal_msgs/share/frhal_msgs/cmake/frhal_msgs__rosidl_typesupport_introspection_cExport.cmake
[2.596s] -- Up-to-date: /home/st/ywfBot_ws/install/frhal_msgs/share/frhal_msgs/cmake/frhal_msgs__rosidl_typesupport_introspection_cExport-noconfig.cmake
[2.596s] -- Up-to-date: /home/st/ywfBot_ws/install/frhal_msgs/share/frhal_msgs/cmake/frhal_msgs__rosidl_typesupport_cExport.cmake
[2.597s] -- Up-to-date: /home/st/ywfBot_ws/install/frhal_msgs/share/frhal_msgs/cmake/frhal_msgs__rosidl_typesupport_cExport-noconfig.cmake
[2.598s] -- Up-to-date: /home/st/ywfBot_ws/install/frhal_msgs/share/frhal_msgs/cmake/export_frhal_msgs__rosidl_generator_cppExport.cmake
[2.599s] -- Up-to-date: /home/st/ywfBot_ws/install/frhal_msgs/share/frhal_msgs/cmake/export_frhal_msgs__rosidl_typesupport_fastrtps_cppExport.cmake
[2.599s] -- Up-to-date: /home/st/ywfBot_ws/install/frhal_msgs/share/frhal_msgs/cmake/export_frhal_msgs__rosidl_typesupport_fastrtps_cppExport-noconfig.cmake
[2.600s] -- Up-to-date: /home/st/ywfBot_ws/install/frhal_msgs/share/frhal_msgs/cmake/frhal_msgs__rosidl_typesupport_introspection_cppExport.cmake
[2.600s] -- Up-to-date: /home/st/ywfBot_ws/install/frhal_msgs/share/frhal_msgs/cmake/frhal_msgs__rosidl_typesupport_introspection_cppExport-noconfig.cmake
[2.600s] -- Up-to-date: /home/st/ywfBot_ws/install/frhal_msgs/share/frhal_msgs/cmake/frhal_msgs__rosidl_typesupport_cppExport.cmake
[2.600s] -- Up-to-date: /home/st/ywfBot_ws/install/frhal_msgs/share/frhal_msgs/cmake/frhal_msgs__rosidl_typesupport_cppExport-noconfig.cmake
[2.600s] -- Up-to-date: /home/st/ywfBot_ws/install/frhal_msgs/share/frhal_msgs/cmake/export_frhal_msgs__rosidl_generator_pyExport.cmake
[2.601s] -- Up-to-date: /home/st/ywfBot_ws/install/frhal_msgs/share/frhal_msgs/cmake/export_frhal_msgs__rosidl_generator_pyExport-noconfig.cmake
[2.601s] -- Up-to-date: /home/st/ywfBot_ws/install/frhal_msgs/share/frhal_msgs/cmake/rosidl_cmake-extras.cmake
[2.601s] -- Up-to-date: /home/st/ywfBot_ws/install/frhal_msgs/share/frhal_msgs/cmake/ament_cmake_export_include_directories-extras.cmake
[2.601s] -- Up-to-date: /home/st/ywfBot_ws/install/frhal_msgs/share/frhal_msgs/cmake/ament_cmake_export_libraries-extras.cmake
[2.601s] -- Up-to-date: /home/st/ywfBot_ws/install/frhal_msgs/share/frhal_msgs/cmake/ament_cmake_export_targets-extras.cmake
[2.603s] -- Up-to-date: /home/st/ywfBot_ws/install/frhal_msgs/share/frhal_msgs/cmake/rosidl_cmake_export_typesupport_targets-extras.cmake
[2.604s] -- Up-to-date: /home/st/ywfBot_ws/install/frhal_msgs/share/frhal_msgs/cmake/ament_cmake_export_dependencies-extras.cmake
[2.605s] -- Up-to-date: /home/st/ywfBot_ws/install/frhal_msgs/share/frhal_msgs/cmake/rosidl_cmake_export_typesupport_libraries-extras.cmake
[2.605s] -- Up-to-date: /home/st/ywfBot_ws/install/frhal_msgs/share/frhal_msgs/cmake/frhal_msgsConfig.cmake
[2.606s] -- Up-to-date: /home/st/ywfBot_ws/install/frhal_msgs/share/frhal_msgs/cmake/frhal_msgsConfig-version.cmake
[2.607s] -- Up-to-date: /home/st/ywfBot_ws/install/frhal_msgs/share/frhal_msgs/package.xml
[2.625s] Invoked command in '/home/st/ywfBot_ws/build/frhal_msgs' returned '0': CMAKE_PREFIX_PATH=${CMAKE_PREFIX_PATH}:/home/st/ywfBot_ws/install/py_action_client:/home/st/ywfBot_ws/install/py_action:/home/st/moveit2_humble_ws/install/moveit_configs_utils:/home/st/moveit2_humble_ws/install/launch_param_builder:/opt/ros/humble /usr/bin/cmake --install /home/st/ywfBot_ws/build/frhal_msgs
