[0.095s] Invoking command in '/home/st/ywfBot_ws/build/frhal_msgs': CMAKE_PREFIX_PATH=/opt/ros/humble /usr/bin/cmake --build /home/st/ywfBot_ws/build/frhal_msgs -- -j16 -l16
[0.518s] [35m[1mConsolidate compiler generated dependencies of target frhal_msgs__rosidl_generator_c[0m
[0.533s] [  1%] Built target frhal_msgs__cpp
[0.617s] [ 12%] Built target frhal_msgs__rosidl_generator_c
[0.630s] [35m[1mConsolidate compiler generated dependencies of target frhal_msgs__rosidl_typesupport_cpp[0m
[0.646s] [35m[1mConsolidate compiler generated dependencies of target frhal_msgs__rosidl_typesupport_fastrtps_cpp[0m
[0.656s] [ 12%] Built target ament_cmake_python_copy_frhal_msgs
[0.670s] [35m[1mConsolidate compiler generated dependencies of target frhal_msgs__rosidl_typesupport_introspection_cpp[0m
[0.716s] [35m[1mConsolidate compiler generated dependencies of target frhal_msgs__rosidl_typesupport_introspection_c[0m
[0.720s] [35m[1mConsolidate compiler generated dependencies of target frhal_msgs__rosidl_typesupport_c[0m
[0.721s] [35m[1mConsolidate compiler generated dependencies of target frhal_msgs__rosidl_typesupport_fastrtps_c[0m
[0.723s] [ 23%] Built target frhal_msgs__rosidl_typesupport_cpp
[0.725s] [ 34%] Built target frhal_msgs__rosidl_typesupport_introspection_cpp
[0.727s] [ 46%] Built target frhal_msgs__rosidl_typesupport_fastrtps_cpp
[0.746s] [ 57%] Built target frhal_msgs__rosidl_typesupport_introspection_c
[0.753s] [ 68%] Built target frhal_msgs__rosidl_typesupport_c
[0.760s] [ 79%] Built target frhal_msgs__rosidl_typesupport_fastrtps_c
[0.820s] [ 79%] Built target frhal_msgs
[0.888s] [ 80%] Built target frhal_msgs__py
[0.970s] [35m[1mConsolidate compiler generated dependencies of target frhal_msgs__rosidl_generator_py[0m
[1.057s] [ 90%] Built target frhal_msgs__rosidl_generator_py
[1.118s] [35m[1mConsolidate compiler generated dependencies of target frhal_msgs__rosidl_typesupport_fastrtps_c__pyext[0m
[1.118s] [35m[1mConsolidate compiler generated dependencies of target frhal_msgs__rosidl_typesupport_c__pyext[0m
[1.134s] [35m[1mConsolidate compiler generated dependencies of target frhal_msgs__rosidl_typesupport_introspection_c__pyext[0m
[1.150s] [ 93%] Built target frhal_msgs__rosidl_typesupport_fastrtps_c__pyext
[1.150s] [ 96%] Built target frhal_msgs__rosidl_typesupport_c__pyext
[1.163s] [100%] Built target frhal_msgs__rosidl_typesupport_introspection_c__pyext
[1.258s] running egg_info
[1.260s] writing frhal_msgs.egg-info/PKG-INFO
[1.261s] writing dependency_links to frhal_msgs.egg-info/dependency_links.txt
[1.263s] writing top-level names to frhal_msgs.egg-info/top_level.txt
[1.272s] reading manifest file 'frhal_msgs.egg-info/SOURCES.txt'
[1.275s] writing manifest file 'frhal_msgs.egg-info/SOURCES.txt'
[1.349s] [100%] Built target ament_cmake_python_build_frhal_msgs_egg
[1.433s] Invoked command in '/home/st/ywfBot_ws/build/frhal_msgs' returned '0': CMAKE_PREFIX_PATH=/opt/ros/humble /usr/bin/cmake --build /home/st/ywfBot_ws/build/frhal_msgs -- -j16 -l16
[2.189s] Invoking command in '/home/st/ywfBot_ws/build/frhal_msgs': CMAKE_PREFIX_PATH=/opt/ros/humble /usr/bin/cmake --install /home/st/ywfBot_ws/build/frhal_msgs
[2.203s] -- Install configuration: ""
[2.205s] -- Installing: /home/st/ywfBot_ws/install/frhal_msgs/share/ament_index/resource_index/rosidl_interfaces/frhal_msgs
[2.207s] -- Installing: /home/st/ywfBot_ws/install/frhal_msgs/include/frhal_msgs/frhal_msgs
[2.207s] -- Installing: /home/st/ywfBot_ws/install/frhal_msgs/include/frhal_msgs/frhal_msgs/msg
[2.209s] -- Installing: /home/st/ywfBot_ws/install/frhal_msgs/include/frhal_msgs/frhal_msgs/msg/rosidl_generator_c__visibility_control.h
[2.210s] -- Installing: /home/st/ywfBot_ws/install/frhal_msgs/include/frhal_msgs/frhal_msgs/msg/fr_state.h
[2.212s] -- Installing: /home/st/ywfBot_ws/install/frhal_msgs/include/frhal_msgs/frhal_msgs/msg/detail
[2.212s] -- Installing: /home/st/ywfBot_ws/install/frhal_msgs/include/frhal_msgs/frhal_msgs/msg/detail/fr_state__type_support.h
[2.213s] -- Installing: /home/st/ywfBot_ws/install/frhal_msgs/include/frhal_msgs/frhal_msgs/msg/detail/fr_state__functions.c
[2.215s] -- Installing: /home/st/ywfBot_ws/install/frhal_msgs/include/frhal_msgs/frhal_msgs/msg/detail/fr_state__functions.h
[2.216s] -- Installing: /home/st/ywfBot_ws/install/frhal_msgs/include/frhal_msgs/frhal_msgs/msg/detail/fr_state__struct.h
[2.217s] -- Installing: /home/st/ywfBot_ws/install/frhal_msgs/include/frhal_msgs/frhal_msgs/srv
[2.217s] -- Installing: /home/st/ywfBot_ws/install/frhal_msgs/include/frhal_msgs/frhal_msgs/srv/trigger.h
[2.218s] -- Installing: /home/st/ywfBot_ws/install/frhal_msgs/include/frhal_msgs/frhal_msgs/srv/robot_interface.h
[2.219s] -- Installing: /home/st/ywfBot_ws/install/frhal_msgs/include/frhal_msgs/frhal_msgs/srv/calib_interface.h
[2.219s] -- Installing: /home/st/ywfBot_ws/install/frhal_msgs/include/frhal_msgs/frhal_msgs/srv/ros_cmd_interface.h
[2.221s] -- Installing: /home/st/ywfBot_ws/install/frhal_msgs/include/frhal_msgs/frhal_msgs/srv/detail
[2.221s] -- Installing: /home/st/ywfBot_ws/install/frhal_msgs/include/frhal_msgs/frhal_msgs/srv/detail/ros_cmd_interface__type_support.h
[2.222s] -- Installing: /home/st/ywfBot_ws/install/frhal_msgs/include/frhal_msgs/frhal_msgs/srv/detail/trigger__functions.h
[2.223s] -- Installing: /home/st/ywfBot_ws/install/frhal_msgs/include/frhal_msgs/frhal_msgs/srv/detail/robot_interface__type_support.h
[2.223s] -- Installing: /home/st/ywfBot_ws/install/frhal_msgs/include/frhal_msgs/frhal_msgs/srv/detail/ros_cmd_interface__struct.h
[2.224s] -- Installing: /home/st/ywfBot_ws/install/frhal_msgs/include/frhal_msgs/frhal_msgs/srv/detail/trigger__functions.c
[2.225s] -- Installing: /home/st/ywfBot_ws/install/frhal_msgs/include/frhal_msgs/frhal_msgs/srv/detail/trigger__struct.h
[2.225s] -- Installing: /home/st/ywfBot_ws/install/frhal_msgs/include/frhal_msgs/frhal_msgs/srv/detail/calib_interface__type_support.h
[2.226s] -- Installing: /home/st/ywfBot_ws/install/frhal_msgs/include/frhal_msgs/frhal_msgs/srv/detail/ros_cmd_interface__functions.h
[2.227s] -- Installing: /home/st/ywfBot_ws/install/frhal_msgs/include/frhal_msgs/frhal_msgs/srv/detail/calib_interface__functions.c
[2.228s] -- Installing: /home/st/ywfBot_ws/install/frhal_msgs/include/frhal_msgs/frhal_msgs/srv/detail/robot_interface__struct.h
[2.228s] -- Installing: /home/st/ywfBot_ws/install/frhal_msgs/include/frhal_msgs/frhal_msgs/srv/detail/calib_interface__struct.h
[2.229s] -- Installing: /home/st/ywfBot_ws/install/frhal_msgs/include/frhal_msgs/frhal_msgs/srv/detail/robot_interface__functions.h
[2.230s] -- Installing: /home/st/ywfBot_ws/install/frhal_msgs/include/frhal_msgs/frhal_msgs/srv/detail/calib_interface__functions.h
[2.231s] -- Installing: /home/st/ywfBot_ws/install/frhal_msgs/include/frhal_msgs/frhal_msgs/srv/detail/ros_cmd_interface__functions.c
[2.234s] -- Installing: /home/st/ywfBot_ws/install/frhal_msgs/include/frhal_msgs/frhal_msgs/srv/detail/robot_interface__functions.c
[2.246s] -- Installing: /home/st/ywfBot_ws/install/frhal_msgs/include/frhal_msgs/frhal_msgs/srv/detail/trigger__type_support.h
[2.246s] -- Installing: /home/st/ywfBot_ws/install/frhal_msgs/share/frhal_msgs/environment/library_path.sh
[2.248s] -- Installing: /home/st/ywfBot_ws/install/frhal_msgs/share/frhal_msgs/environment/library_path.dsv
[2.249s] -- Installing: /home/st/ywfBot_ws/install/frhal_msgs/lib/libfrhal_msgs__rosidl_generator_c.so
[2.255s] -- Set runtime path of "/home/st/ywfBot_ws/install/frhal_msgs/lib/libfrhal_msgs__rosidl_generator_c.so" to ""
[2.255s] -- Up-to-date: /home/st/ywfBot_ws/install/frhal_msgs/include/frhal_msgs/frhal_msgs
[2.256s] -- Up-to-date: /home/st/ywfBot_ws/install/frhal_msgs/include/frhal_msgs/frhal_msgs/msg
[2.256s] -- Installing: /home/st/ywfBot_ws/install/frhal_msgs/include/frhal_msgs/frhal_msgs/msg/rosidl_typesupport_fastrtps_c__visibility_control.h
[2.257s] -- Up-to-date: /home/st/ywfBot_ws/install/frhal_msgs/include/frhal_msgs/frhal_msgs/msg/detail
[2.258s] -- Installing: /home/st/ywfBot_ws/install/frhal_msgs/include/frhal_msgs/frhal_msgs/msg/detail/fr_state__rosidl_typesupport_fastrtps_c.h
[2.259s] -- Up-to-date: /home/st/ywfBot_ws/install/frhal_msgs/include/frhal_msgs/frhal_msgs/srv
[2.259s] -- Up-to-date: /home/st/ywfBot_ws/install/frhal_msgs/include/frhal_msgs/frhal_msgs/srv/detail
[2.260s] -- Installing: /home/st/ywfBot_ws/install/frhal_msgs/include/frhal_msgs/frhal_msgs/srv/detail/robot_interface__rosidl_typesupport_fastrtps_c.h
[2.261s] -- Installing: /home/st/ywfBot_ws/install/frhal_msgs/include/frhal_msgs/frhal_msgs/srv/detail/trigger__rosidl_typesupport_fastrtps_c.h
[2.263s] -- Installing: /home/st/ywfBot_ws/install/frhal_msgs/include/frhal_msgs/frhal_msgs/srv/detail/calib_interface__rosidl_typesupport_fastrtps_c.h
[2.264s] -- Installing: /home/st/ywfBot_ws/install/frhal_msgs/include/frhal_msgs/frhal_msgs/srv/detail/ros_cmd_interface__rosidl_typesupport_fastrtps_c.h
[2.265s] -- Installing: /home/st/ywfBot_ws/install/frhal_msgs/lib/libfrhal_msgs__rosidl_typesupport_fastrtps_c.so
[2.269s] -- Set runtime path of "/home/st/ywfBot_ws/install/frhal_msgs/lib/libfrhal_msgs__rosidl_typesupport_fastrtps_c.so" to ""
[2.269s] -- Up-to-date: /home/st/ywfBot_ws/install/frhal_msgs/include/frhal_msgs/frhal_msgs
[2.269s] -- Up-to-date: /home/st/ywfBot_ws/install/frhal_msgs/include/frhal_msgs/frhal_msgs/msg
[2.270s] -- Installing: /home/st/ywfBot_ws/install/frhal_msgs/include/frhal_msgs/frhal_msgs/msg/rosidl_typesupport_introspection_c__visibility_control.h
[2.271s] -- Up-to-date: /home/st/ywfBot_ws/install/frhal_msgs/include/frhal_msgs/frhal_msgs/msg/detail
[2.271s] -- Installing: /home/st/ywfBot_ws/install/frhal_msgs/include/frhal_msgs/frhal_msgs/msg/detail/fr_state__type_support.c
[2.274s] -- Installing: /home/st/ywfBot_ws/install/frhal_msgs/include/frhal_msgs/frhal_msgs/msg/detail/fr_state__rosidl_typesupport_introspection_c.h
[2.275s] -- Up-to-date: /home/st/ywfBot_ws/install/frhal_msgs/include/frhal_msgs/frhal_msgs/srv
[2.275s] -- Up-to-date: /home/st/ywfBot_ws/install/frhal_msgs/include/frhal_msgs/frhal_msgs/srv/detail
[2.276s] -- Installing: /home/st/ywfBot_ws/install/frhal_msgs/include/frhal_msgs/frhal_msgs/srv/detail/trigger__rosidl_typesupport_introspection_c.h
[2.278s] -- Installing: /home/st/ywfBot_ws/install/frhal_msgs/include/frhal_msgs/frhal_msgs/srv/detail/trigger__type_support.c
[2.280s] -- Installing: /home/st/ywfBot_ws/install/frhal_msgs/include/frhal_msgs/frhal_msgs/srv/detail/calib_interface__rosidl_typesupport_introspection_c.h
[2.289s] -- Installing: /home/st/ywfBot_ws/install/frhal_msgs/include/frhal_msgs/frhal_msgs/srv/detail/ros_cmd_interface__rosidl_typesupport_introspection_c.h
[2.289s] -- Installing: /home/st/ywfBot_ws/install/frhal_msgs/include/frhal_msgs/frhal_msgs/srv/detail/robot_interface__type_support.c
[2.291s] -- Installing: /home/st/ywfBot_ws/install/frhal_msgs/include/frhal_msgs/frhal_msgs/srv/detail/ros_cmd_interface__type_support.c
[2.292s] -- Installing: /home/st/ywfBot_ws/install/frhal_msgs/include/frhal_msgs/frhal_msgs/srv/detail/robot_interface__rosidl_typesupport_introspection_c.h
[2.293s] -- Installing: /home/st/ywfBot_ws/install/frhal_msgs/include/frhal_msgs/frhal_msgs/srv/detail/calib_interface__type_support.c
[2.296s] -- Installing: /home/st/ywfBot_ws/install/frhal_msgs/lib/libfrhal_msgs__rosidl_typesupport_introspection_c.so
[2.298s] -- Set runtime path of "/home/st/ywfBot_ws/install/frhal_msgs/lib/libfrhal_msgs__rosidl_typesupport_introspection_c.so" to ""
[2.298s] -- Installing: /home/st/ywfBot_ws/install/frhal_msgs/lib/libfrhal_msgs__rosidl_typesupport_c.so
[2.346s] -- Set runtime path of "/home/st/ywfBot_ws/install/frhal_msgs/lib/libfrhal_msgs__rosidl_typesupport_c.so" to ""
[2.346s] -- Up-to-date: /home/st/ywfBot_ws/install/frhal_msgs/include/frhal_msgs/frhal_msgs
[2.346s] -- Up-to-date: /home/st/ywfBot_ws/install/frhal_msgs/include/frhal_msgs/frhal_msgs/msg
[2.347s] -- Installing: /home/st/ywfBot_ws/install/frhal_msgs/include/frhal_msgs/frhal_msgs/msg/fr_state.hpp
[2.348s] -- Installing: /home/st/ywfBot_ws/install/frhal_msgs/include/frhal_msgs/frhal_msgs/msg/rosidl_generator_cpp__visibility_control.hpp
[2.349s] -- Up-to-date: /home/st/ywfBot_ws/install/frhal_msgs/include/frhal_msgs/frhal_msgs/msg/detail
[2.350s] -- Installing: /home/st/ywfBot_ws/install/frhal_msgs/include/frhal_msgs/frhal_msgs/msg/detail/fr_state__builder.hpp
[2.368s] -- Installing: /home/st/ywfBot_ws/install/frhal_msgs/include/frhal_msgs/frhal_msgs/msg/detail/fr_state__traits.hpp
[2.372s] -- Installing: /home/st/ywfBot_ws/install/frhal_msgs/include/frhal_msgs/frhal_msgs/msg/detail/fr_state__type_support.hpp
[2.373s] -- Installing: /home/st/ywfBot_ws/install/frhal_msgs/include/frhal_msgs/frhal_msgs/msg/detail/fr_state__struct.hpp
[2.376s] -- Up-to-date: /home/st/ywfBot_ws/install/frhal_msgs/include/frhal_msgs/frhal_msgs/srv
[2.376s] -- Installing: /home/st/ywfBot_ws/install/frhal_msgs/include/frhal_msgs/frhal_msgs/srv/robot_interface.hpp
[2.377s] -- Installing: /home/st/ywfBot_ws/install/frhal_msgs/include/frhal_msgs/frhal_msgs/srv/trigger.hpp
[2.378s] -- Installing: /home/st/ywfBot_ws/install/frhal_msgs/include/frhal_msgs/frhal_msgs/srv/calib_interface.hpp
[2.379s] -- Installing: /home/st/ywfBot_ws/install/frhal_msgs/include/frhal_msgs/frhal_msgs/srv/ros_cmd_interface.hpp
[2.380s] -- Up-to-date: /home/st/ywfBot_ws/install/frhal_msgs/include/frhal_msgs/frhal_msgs/srv/detail
[2.380s] -- Installing: /home/st/ywfBot_ws/install/frhal_msgs/include/frhal_msgs/frhal_msgs/srv/detail/robot_interface__struct.hpp
[2.381s] -- Installing: /home/st/ywfBot_ws/install/frhal_msgs/include/frhal_msgs/frhal_msgs/srv/detail/robot_interface__builder.hpp
[2.382s] -- Installing: /home/st/ywfBot_ws/install/frhal_msgs/include/frhal_msgs/frhal_msgs/srv/detail/calib_interface__type_support.hpp
[2.382s] -- Installing: /home/st/ywfBot_ws/install/frhal_msgs/include/frhal_msgs/frhal_msgs/srv/detail/calib_interface__struct.hpp
[2.384s] -- Installing: /home/st/ywfBot_ws/install/frhal_msgs/include/frhal_msgs/frhal_msgs/srv/detail/calib_interface__builder.hpp
[2.384s] -- Installing: /home/st/ywfBot_ws/install/frhal_msgs/include/frhal_msgs/frhal_msgs/srv/detail/trigger__builder.hpp
[2.401s] -- Installing: /home/st/ywfBot_ws/install/frhal_msgs/include/frhal_msgs/frhal_msgs/srv/detail/trigger__traits.hpp
[2.403s] -- Installing: /home/st/ywfBot_ws/install/frhal_msgs/include/frhal_msgs/frhal_msgs/srv/detail/trigger__struct.hpp
[2.445s] -- Installing: /home/st/ywfBot_ws/install/frhal_msgs/include/frhal_msgs/frhal_msgs/srv/detail/ros_cmd_interface__builder.hpp
[2.446s] -- Installing: /home/st/ywfBot_ws/install/frhal_msgs/include/frhal_msgs/frhal_msgs/srv/detail/ros_cmd_interface__traits.hpp
[2.446s] -- Installing: /home/st/ywfBot_ws/install/frhal_msgs/include/frhal_msgs/frhal_msgs/srv/detail/ros_cmd_interface__type_support.hpp
[2.447s] -- Installing: /home/st/ywfBot_ws/install/frhal_msgs/include/frhal_msgs/frhal_msgs/srv/detail/trigger__type_support.hpp
[2.448s] -- Installing: /home/st/ywfBot_ws/install/frhal_msgs/include/frhal_msgs/frhal_msgs/srv/detail/robot_interface__type_support.hpp
[2.449s] -- Installing: /home/st/ywfBot_ws/install/frhal_msgs/include/frhal_msgs/frhal_msgs/srv/detail/ros_cmd_interface__struct.hpp
[2.450s] -- Installing: /home/st/ywfBot_ws/install/frhal_msgs/include/frhal_msgs/frhal_msgs/srv/detail/robot_interface__traits.hpp
[2.451s] -- Installing: /home/st/ywfBot_ws/install/frhal_msgs/include/frhal_msgs/frhal_msgs/srv/detail/calib_interface__traits.hpp
[2.452s] -- Up-to-date: /home/st/ywfBot_ws/install/frhal_msgs/include/frhal_msgs/frhal_msgs
[2.452s] -- Up-to-date: /home/st/ywfBot_ws/install/frhal_msgs/include/frhal_msgs/frhal_msgs/msg
[2.452s] -- Installing: /home/st/ywfBot_ws/install/frhal_msgs/include/frhal_msgs/frhal_msgs/msg/rosidl_typesupport_fastrtps_cpp__visibility_control.h
[2.453s] -- Up-to-date: /home/st/ywfBot_ws/install/frhal_msgs/include/frhal_msgs/frhal_msgs/msg/detail
[2.453s] -- Installing: /home/st/ywfBot_ws/install/frhal_msgs/include/frhal_msgs/frhal_msgs/msg/detail/dds_fastrtps
[2.453s] -- Installing: /home/st/ywfBot_ws/install/frhal_msgs/include/frhal_msgs/frhal_msgs/msg/detail/fr_state__rosidl_typesupport_fastrtps_cpp.hpp
[2.455s] -- Up-to-date: /home/st/ywfBot_ws/install/frhal_msgs/include/frhal_msgs/frhal_msgs/srv
[2.455s] -- Up-to-date: /home/st/ywfBot_ws/install/frhal_msgs/include/frhal_msgs/frhal_msgs/srv/detail
[2.456s] -- Installing: /home/st/ywfBot_ws/install/frhal_msgs/include/frhal_msgs/frhal_msgs/srv/detail/ros_cmd_interface__rosidl_typesupport_fastrtps_cpp.hpp
[2.456s] -- Installing: /home/st/ywfBot_ws/install/frhal_msgs/include/frhal_msgs/frhal_msgs/srv/detail/trigger__rosidl_typesupport_fastrtps_cpp.hpp
[2.457s] -- Installing: /home/st/ywfBot_ws/install/frhal_msgs/include/frhal_msgs/frhal_msgs/srv/detail/dds_fastrtps
[2.457s] -- Installing: /home/st/ywfBot_ws/install/frhal_msgs/include/frhal_msgs/frhal_msgs/srv/detail/robot_interface__rosidl_typesupport_fastrtps_cpp.hpp
[2.459s] -- Installing: /home/st/ywfBot_ws/install/frhal_msgs/include/frhal_msgs/frhal_msgs/srv/detail/calib_interface__rosidl_typesupport_fastrtps_cpp.hpp
[2.461s] -- Installing: /home/st/ywfBot_ws/install/frhal_msgs/lib/libfrhal_msgs__rosidl_typesupport_fastrtps_cpp.so
[2.476s] -- Set runtime path of "/home/st/ywfBot_ws/install/frhal_msgs/lib/libfrhal_msgs__rosidl_typesupport_fastrtps_cpp.so" to ""
[2.476s] -- Up-to-date: /home/st/ywfBot_ws/install/frhal_msgs/include/frhal_msgs/frhal_msgs
[2.477s] -- Up-to-date: /home/st/ywfBot_ws/install/frhal_msgs/include/frhal_msgs/frhal_msgs/msg
[2.477s] -- Up-to-date: /home/st/ywfBot_ws/install/frhal_msgs/include/frhal_msgs/frhal_msgs/msg/detail
[2.477s] -- Installing: /home/st/ywfBot_ws/install/frhal_msgs/include/frhal_msgs/frhal_msgs/msg/detail/fr_state__rosidl_typesupport_introspection_cpp.hpp
[2.478s] -- Installing: /home/st/ywfBot_ws/install/frhal_msgs/include/frhal_msgs/frhal_msgs/msg/detail/fr_state__type_support.cpp
[2.484s] -- Up-to-date: /home/st/ywfBot_ws/install/frhal_msgs/include/frhal_msgs/frhal_msgs/srv
[2.484s] -- Up-to-date: /home/st/ywfBot_ws/install/frhal_msgs/include/frhal_msgs/frhal_msgs/srv/detail
[2.484s] -- Installing: /home/st/ywfBot_ws/install/frhal_msgs/include/frhal_msgs/frhal_msgs/srv/detail/ros_cmd_interface__type_support.cpp
[2.484s] -- Installing: /home/st/ywfBot_ws/install/frhal_msgs/include/frhal_msgs/frhal_msgs/srv/detail/calib_interface__rosidl_typesupport_introspection_cpp.hpp
[2.484s] -- Installing: /home/st/ywfBot_ws/install/frhal_msgs/include/frhal_msgs/frhal_msgs/srv/detail/trigger__type_support.cpp
[2.485s] -- Installing: /home/st/ywfBot_ws/install/frhal_msgs/include/frhal_msgs/frhal_msgs/srv/detail/trigger__rosidl_typesupport_introspection_cpp.hpp
[2.485s] -- Installing: /home/st/ywfBot_ws/install/frhal_msgs/include/frhal_msgs/frhal_msgs/srv/detail/robot_interface__rosidl_typesupport_introspection_cpp.hpp
[2.486s] -- Installing: /home/st/ywfBot_ws/install/frhal_msgs/include/frhal_msgs/frhal_msgs/srv/detail/robot_interface__type_support.cpp
[2.488s] -- Installing: /home/st/ywfBot_ws/install/frhal_msgs/include/frhal_msgs/frhal_msgs/srv/detail/calib_interface__type_support.cpp
[2.490s] -- Installing: /home/st/ywfBot_ws/install/frhal_msgs/include/frhal_msgs/frhal_msgs/srv/detail/ros_cmd_interface__rosidl_typesupport_introspection_cpp.hpp
[2.492s] -- Installing: /home/st/ywfBot_ws/install/frhal_msgs/lib/libfrhal_msgs__rosidl_typesupport_introspection_cpp.so
[2.494s] -- Set runtime path of "/home/st/ywfBot_ws/install/frhal_msgs/lib/libfrhal_msgs__rosidl_typesupport_introspection_cpp.so" to ""
[2.494s] -- Installing: /home/st/ywfBot_ws/install/frhal_msgs/lib/libfrhal_msgs__rosidl_typesupport_cpp.so
[2.496s] -- Set runtime path of "/home/st/ywfBot_ws/install/frhal_msgs/lib/libfrhal_msgs__rosidl_typesupport_cpp.so" to ""
[2.496s] -- Installing: /home/st/ywfBot_ws/install/frhal_msgs/share/frhal_msgs/environment/pythonpath.sh
[2.498s] -- Installing: /home/st/ywfBot_ws/install/frhal_msgs/share/frhal_msgs/environment/pythonpath.dsv
[2.499s] -- Installing: /home/st/ywfBot_ws/install/frhal_msgs/local/lib/python3.10/dist-packages/frhal_msgs-0.0.0-py3.10.egg-info
[2.499s] -- Installing: /home/st/ywfBot_ws/install/frhal_msgs/local/lib/python3.10/dist-packages/frhal_msgs-0.0.0-py3.10.egg-info/SOURCES.txt
[2.499s] -- Installing: /home/st/ywfBot_ws/install/frhal_msgs/local/lib/python3.10/dist-packages/frhal_msgs-0.0.0-py3.10.egg-info/top_level.txt
[2.500s] -- Installing: /home/st/ywfBot_ws/install/frhal_msgs/local/lib/python3.10/dist-packages/frhal_msgs-0.0.0-py3.10.egg-info/dependency_links.txt
[2.500s] -- Installing: /home/st/ywfBot_ws/install/frhal_msgs/local/lib/python3.10/dist-packages/frhal_msgs-0.0.0-py3.10.egg-info/PKG-INFO
[2.500s] -- Installing: /home/st/ywfBot_ws/install/frhal_msgs/local/lib/python3.10/dist-packages/frhal_msgs
[2.503s] -- Installing: /home/st/ywfBot_ws/install/frhal_msgs/local/lib/python3.10/dist-packages/frhal_msgs/__init__.py
[2.504s] -- Installing: /home/st/ywfBot_ws/install/frhal_msgs/local/lib/python3.10/dist-packages/frhal_msgs/_frhal_msgs_s.ep.rosidl_typesupport_fastrtps_c.c
[2.504s] -- Installing: /home/st/ywfBot_ws/install/frhal_msgs/local/lib/python3.10/dist-packages/frhal_msgs/frhal_msgs_s__rosidl_typesupport_introspection_c.cpython-310-x86_64-linux-gnu.so
[2.504s] -- Installing: /home/st/ywfBot_ws/install/frhal_msgs/local/lib/python3.10/dist-packages/frhal_msgs/_frhal_msgs_s.ep.rosidl_typesupport_introspection_c.c
[2.504s] -- Installing: /home/st/ywfBot_ws/install/frhal_msgs/local/lib/python3.10/dist-packages/frhal_msgs/libfrhal_msgs__rosidl_generator_py.so
[2.504s] -- Installing: /home/st/ywfBot_ws/install/frhal_msgs/local/lib/python3.10/dist-packages/frhal_msgs/msg
[2.505s] -- Installing: /home/st/ywfBot_ws/install/frhal_msgs/local/lib/python3.10/dist-packages/frhal_msgs/msg/__init__.py
[2.505s] -- Installing: /home/st/ywfBot_ws/install/frhal_msgs/local/lib/python3.10/dist-packages/frhal_msgs/msg/_fr_state.py
[2.505s] -- Installing: /home/st/ywfBot_ws/install/frhal_msgs/local/lib/python3.10/dist-packages/frhal_msgs/msg/_fr_state_s.c
[2.505s] -- Installing: /home/st/ywfBot_ws/install/frhal_msgs/local/lib/python3.10/dist-packages/frhal_msgs/_frhal_msgs_s.ep.rosidl_typesupport_c.c
[2.506s] -- Installing: /home/st/ywfBot_ws/install/frhal_msgs/local/lib/python3.10/dist-packages/frhal_msgs/frhal_msgs_s__rosidl_typesupport_c.cpython-310-x86_64-linux-gnu.so
[2.506s] -- Installing: /home/st/ywfBot_ws/install/frhal_msgs/local/lib/python3.10/dist-packages/frhal_msgs/srv
[2.506s] -- Installing: /home/st/ywfBot_ws/install/frhal_msgs/local/lib/python3.10/dist-packages/frhal_msgs/srv/__init__.py
[2.506s] -- Installing: /home/st/ywfBot_ws/install/frhal_msgs/local/lib/python3.10/dist-packages/frhal_msgs/srv/_ros_cmd_interface_s.c
[2.506s] -- Installing: /home/st/ywfBot_ws/install/frhal_msgs/local/lib/python3.10/dist-packages/frhal_msgs/srv/_robot_interface_s.c
[2.506s] -- Installing: /home/st/ywfBot_ws/install/frhal_msgs/local/lib/python3.10/dist-packages/frhal_msgs/srv/_calib_interface_s.c
[2.506s] -- Installing: /home/st/ywfBot_ws/install/frhal_msgs/local/lib/python3.10/dist-packages/frhal_msgs/srv/_robot_interface.py
[2.506s] -- Installing: /home/st/ywfBot_ws/install/frhal_msgs/local/lib/python3.10/dist-packages/frhal_msgs/srv/_trigger_s.c
[2.507s] -- Installing: /home/st/ywfBot_ws/install/frhal_msgs/local/lib/python3.10/dist-packages/frhal_msgs/srv/_calib_interface.py
[2.507s] -- Installing: /home/st/ywfBot_ws/install/frhal_msgs/local/lib/python3.10/dist-packages/frhal_msgs/srv/_ros_cmd_interface.py
[2.507s] -- Installing: /home/st/ywfBot_ws/install/frhal_msgs/local/lib/python3.10/dist-packages/frhal_msgs/srv/_trigger.py
[2.507s] -- Installing: /home/st/ywfBot_ws/install/frhal_msgs/local/lib/python3.10/dist-packages/frhal_msgs/frhal_msgs_s__rosidl_typesupport_fastrtps_c.cpython-310-x86_64-linux-gnu.so
[2.617s] Listing '/home/st/ywfBot_ws/install/frhal_msgs/local/lib/python3.10/dist-packages/frhal_msgs'...
[2.618s] Compiling '/home/st/ywfBot_ws/install/frhal_msgs/local/lib/python3.10/dist-packages/frhal_msgs/__init__.py'...
[2.618s] Listing '/home/st/ywfBot_ws/install/frhal_msgs/local/lib/python3.10/dist-packages/frhal_msgs/msg'...
[2.618s] Compiling '/home/st/ywfBot_ws/install/frhal_msgs/local/lib/python3.10/dist-packages/frhal_msgs/msg/__init__.py'...
[2.618s] Compiling '/home/st/ywfBot_ws/install/frhal_msgs/local/lib/python3.10/dist-packages/frhal_msgs/msg/_fr_state.py'...
[2.618s] Listing '/home/st/ywfBot_ws/install/frhal_msgs/local/lib/python3.10/dist-packages/frhal_msgs/srv'...
[2.618s] Compiling '/home/st/ywfBot_ws/install/frhal_msgs/local/lib/python3.10/dist-packages/frhal_msgs/srv/__init__.py'...
[2.618s] Compiling '/home/st/ywfBot_ws/install/frhal_msgs/local/lib/python3.10/dist-packages/frhal_msgs/srv/_calib_interface.py'...
[2.619s] Compiling '/home/st/ywfBot_ws/install/frhal_msgs/local/lib/python3.10/dist-packages/frhal_msgs/srv/_robot_interface.py'...
[2.619s] Compiling '/home/st/ywfBot_ws/install/frhal_msgs/local/lib/python3.10/dist-packages/frhal_msgs/srv/_ros_cmd_interface.py'...
[2.619s] Compiling '/home/st/ywfBot_ws/install/frhal_msgs/local/lib/python3.10/dist-packages/frhal_msgs/srv/_trigger.py'...
[2.628s] -- Installing: /home/st/ywfBot_ws/install/frhal_msgs/local/lib/python3.10/dist-packages/frhal_msgs/frhal_msgs_s__rosidl_typesupport_fastrtps_c.cpython-310-x86_64-linux-gnu.so
[2.630s] -- Set runtime path of "/home/st/ywfBot_ws/install/frhal_msgs/local/lib/python3.10/dist-packages/frhal_msgs/frhal_msgs_s__rosidl_typesupport_fastrtps_c.cpython-310-x86_64-linux-gnu.so" to ""
[2.630s] -- Installing: /home/st/ywfBot_ws/install/frhal_msgs/local/lib/python3.10/dist-packages/frhal_msgs/frhal_msgs_s__rosidl_typesupport_introspection_c.cpython-310-x86_64-linux-gnu.so
[2.631s] -- Set runtime path of "/home/st/ywfBot_ws/install/frhal_msgs/local/lib/python3.10/dist-packages/frhal_msgs/frhal_msgs_s__rosidl_typesupport_introspection_c.cpython-310-x86_64-linux-gnu.so" to ""
[2.631s] -- Installing: /home/st/ywfBot_ws/install/frhal_msgs/local/lib/python3.10/dist-packages/frhal_msgs/frhal_msgs_s__rosidl_typesupport_c.cpython-310-x86_64-linux-gnu.so
[2.633s] -- Set runtime path of "/home/st/ywfBot_ws/install/frhal_msgs/local/lib/python3.10/dist-packages/frhal_msgs/frhal_msgs_s__rosidl_typesupport_c.cpython-310-x86_64-linux-gnu.so" to ""
[2.633s] -- Installing: /home/st/ywfBot_ws/install/frhal_msgs/lib/libfrhal_msgs__rosidl_generator_py.so
[2.634s] -- Set runtime path of "/home/st/ywfBot_ws/install/frhal_msgs/lib/libfrhal_msgs__rosidl_generator_py.so" to ""
[2.634s] -- Installing: /home/st/ywfBot_ws/install/frhal_msgs/share/frhal_msgs/srv/ROSCmdInterface.idl
[2.634s] -- Installing: /home/st/ywfBot_ws/install/frhal_msgs/share/frhal_msgs/msg/FRState.idl
[2.635s] -- Installing: /home/st/ywfBot_ws/install/frhal_msgs/share/frhal_msgs/srv/Trigger.idl
[2.637s] -- Installing: /home/st/ywfBot_ws/install/frhal_msgs/share/frhal_msgs/srv/RobotInterface.idl
[2.637s] -- Installing: /home/st/ywfBot_ws/install/frhal_msgs/share/frhal_msgs/srv/CalibInterface.idl
[2.639s] -- Installing: /home/st/ywfBot_ws/install/frhal_msgs/share/frhal_msgs/srv/ROSCmdInterface.srv
[2.640s] -- Installing: /home/st/ywfBot_ws/install/frhal_msgs/share/frhal_msgs/srv/ROSCmdInterface_Request.msg
[2.641s] -- Installing: /home/st/ywfBot_ws/install/frhal_msgs/share/frhal_msgs/srv/ROSCmdInterface_Response.msg
[2.642s] -- Installing: /home/st/ywfBot_ws/install/frhal_msgs/share/frhal_msgs/msg/FRState.msg
[2.643s] -- Installing: /home/st/ywfBot_ws/install/frhal_msgs/share/frhal_msgs/srv/Trigger.srv
[2.645s] -- Installing: /home/st/ywfBot_ws/install/frhal_msgs/share/frhal_msgs/srv/Trigger_Request.msg
[2.647s] -- Installing: /home/st/ywfBot_ws/install/frhal_msgs/share/frhal_msgs/srv/Trigger_Response.msg
[2.648s] -- Installing: /home/st/ywfBot_ws/install/frhal_msgs/share/frhal_msgs/srv/RobotInterface.srv
[2.649s] -- Installing: /home/st/ywfBot_ws/install/frhal_msgs/share/frhal_msgs/srv/RobotInterface_Request.msg
[2.650s] -- Installing: /home/st/ywfBot_ws/install/frhal_msgs/share/frhal_msgs/srv/RobotInterface_Response.msg
[2.651s] -- Installing: /home/st/ywfBot_ws/install/frhal_msgs/share/frhal_msgs/srv/CalibInterface.srv
[2.652s] -- Installing: /home/st/ywfBot_ws/install/frhal_msgs/share/frhal_msgs/srv/CalibInterface_Request.msg
[2.653s] -- Installing: /home/st/ywfBot_ws/install/frhal_msgs/share/frhal_msgs/srv/CalibInterface_Response.msg
[2.655s] -- Installing: /home/st/ywfBot_ws/install/frhal_msgs/share/ament_index/resource_index/package_run_dependencies/frhal_msgs
[2.656s] -- Installing: /home/st/ywfBot_ws/install/frhal_msgs/share/ament_index/resource_index/parent_prefix_path/frhal_msgs
[2.657s] -- Installing: /home/st/ywfBot_ws/install/frhal_msgs/share/frhal_msgs/environment/ament_prefix_path.sh
[2.658s] -- Installing: /home/st/ywfBot_ws/install/frhal_msgs/share/frhal_msgs/environment/ament_prefix_path.dsv
[2.659s] -- Installing: /home/st/ywfBot_ws/install/frhal_msgs/share/frhal_msgs/environment/path.sh
[2.660s] -- Installing: /home/st/ywfBot_ws/install/frhal_msgs/share/frhal_msgs/environment/path.dsv
[2.662s] -- Installing: /home/st/ywfBot_ws/install/frhal_msgs/share/frhal_msgs/local_setup.bash
[2.663s] -- Installing: /home/st/ywfBot_ws/install/frhal_msgs/share/frhal_msgs/local_setup.sh
[2.664s] -- Installing: /home/st/ywfBot_ws/install/frhal_msgs/share/frhal_msgs/local_setup.zsh
[2.665s] -- Installing: /home/st/ywfBot_ws/install/frhal_msgs/share/frhal_msgs/local_setup.dsv
[2.666s] -- Installing: /home/st/ywfBot_ws/install/frhal_msgs/share/frhal_msgs/package.dsv
[2.667s] -- Installing: /home/st/ywfBot_ws/install/frhal_msgs/share/ament_index/resource_index/packages/frhal_msgs
[2.670s] -- Installing: /home/st/ywfBot_ws/install/frhal_msgs/share/frhal_msgs/cmake/export_frhal_msgs__rosidl_generator_cExport.cmake
[2.671s] -- Installing: /home/st/ywfBot_ws/install/frhal_msgs/share/frhal_msgs/cmake/export_frhal_msgs__rosidl_generator_cExport-noconfig.cmake
[2.672s] -- Installing: /home/st/ywfBot_ws/install/frhal_msgs/share/frhal_msgs/cmake/export_frhal_msgs__rosidl_typesupport_fastrtps_cExport.cmake
[2.673s] -- Installing: /home/st/ywfBot_ws/install/frhal_msgs/share/frhal_msgs/cmake/export_frhal_msgs__rosidl_typesupport_fastrtps_cExport-noconfig.cmake
[2.675s] -- Installing: /home/st/ywfBot_ws/install/frhal_msgs/share/frhal_msgs/cmake/frhal_msgs__rosidl_typesupport_introspection_cExport.cmake
[2.676s] -- Installing: /home/st/ywfBot_ws/install/frhal_msgs/share/frhal_msgs/cmake/frhal_msgs__rosidl_typesupport_introspection_cExport-noconfig.cmake
[2.677s] -- Installing: /home/st/ywfBot_ws/install/frhal_msgs/share/frhal_msgs/cmake/frhal_msgs__rosidl_typesupport_cExport.cmake
[2.678s] -- Installing: /home/st/ywfBot_ws/install/frhal_msgs/share/frhal_msgs/cmake/frhal_msgs__rosidl_typesupport_cExport-noconfig.cmake
[2.680s] -- Installing: /home/st/ywfBot_ws/install/frhal_msgs/share/frhal_msgs/cmake/export_frhal_msgs__rosidl_generator_cppExport.cmake
[2.681s] -- Installing: /home/st/ywfBot_ws/install/frhal_msgs/share/frhal_msgs/cmake/export_frhal_msgs__rosidl_typesupport_fastrtps_cppExport.cmake
[2.684s] -- Installing: /home/st/ywfBot_ws/install/frhal_msgs/share/frhal_msgs/cmake/export_frhal_msgs__rosidl_typesupport_fastrtps_cppExport-noconfig.cmake
[2.686s] -- Installing: /home/st/ywfBot_ws/install/frhal_msgs/share/frhal_msgs/cmake/frhal_msgs__rosidl_typesupport_introspection_cppExport.cmake
[2.688s] -- Installing: /home/st/ywfBot_ws/install/frhal_msgs/share/frhal_msgs/cmake/frhal_msgs__rosidl_typesupport_introspection_cppExport-noconfig.cmake
[2.689s] -- Installing: /home/st/ywfBot_ws/install/frhal_msgs/share/frhal_msgs/cmake/frhal_msgs__rosidl_typesupport_cppExport.cmake
[2.690s] -- Installing: /home/st/ywfBot_ws/install/frhal_msgs/share/frhal_msgs/cmake/frhal_msgs__rosidl_typesupport_cppExport-noconfig.cmake
[2.691s] -- Installing: /home/st/ywfBot_ws/install/frhal_msgs/share/frhal_msgs/cmake/export_frhal_msgs__rosidl_generator_pyExport.cmake
[2.692s] -- Installing: /home/st/ywfBot_ws/install/frhal_msgs/share/frhal_msgs/cmake/export_frhal_msgs__rosidl_generator_pyExport-noconfig.cmake
[2.694s] -- Installing: /home/st/ywfBot_ws/install/frhal_msgs/share/frhal_msgs/cmake/rosidl_cmake-extras.cmake
[2.695s] -- Installing: /home/st/ywfBot_ws/install/frhal_msgs/share/frhal_msgs/cmake/ament_cmake_export_include_directories-extras.cmake
[2.696s] -- Installing: /home/st/ywfBot_ws/install/frhal_msgs/share/frhal_msgs/cmake/ament_cmake_export_libraries-extras.cmake
[2.698s] -- Installing: /home/st/ywfBot_ws/install/frhal_msgs/share/frhal_msgs/cmake/ament_cmake_export_targets-extras.cmake
[2.699s] -- Installing: /home/st/ywfBot_ws/install/frhal_msgs/share/frhal_msgs/cmake/rosidl_cmake_export_typesupport_targets-extras.cmake
[2.699s] -- Installing: /home/st/ywfBot_ws/install/frhal_msgs/share/frhal_msgs/cmake/ament_cmake_export_dependencies-extras.cmake
[2.700s] -- Installing: /home/st/ywfBot_ws/install/frhal_msgs/share/frhal_msgs/cmake/rosidl_cmake_export_typesupport_libraries-extras.cmake
[2.701s] -- Installing: /home/st/ywfBot_ws/install/frhal_msgs/share/frhal_msgs/cmake/frhal_msgsConfig.cmake
[2.702s] -- Installing: /home/st/ywfBot_ws/install/frhal_msgs/share/frhal_msgs/cmake/frhal_msgsConfig-version.cmake
[2.703s] -- Installing: /home/st/ywfBot_ws/install/frhal_msgs/share/frhal_msgs/package.xml
[2.710s] Invoked command in '/home/st/ywfBot_ws/build/frhal_msgs' returned '0': CMAKE_PREFIX_PATH=/opt/ros/humble /usr/bin/cmake --install /home/st/ywfBot_ws/build/frhal_msgs
