[0.037s] Invoking command in '/home/st/ywfBot_ws/build/moveit_ywf_msg': CMAKE_PREFIX_PATH=/opt/ros/humble /usr/bin/cmake --build /home/st/ywfBot_ws/build/moveit_ywf_msg -- -j16 -l16
[0.192s] [35m[1mConsolidate compiler generated dependencies of target moveit_ywf_msg__rosidl_generator_c[0m
[0.226s] [  3%] Built target moveit_ywf_msg__cpp
[0.229s] [ 12%] Built target moveit_ywf_msg__rosidl_generator_c
[0.268s] [ 12%] Built target ament_cmake_python_copy_moveit_ywf_msg
[0.271s] [35m[1mConsolidate compiler generated dependencies of target moveit_ywf_msg__rosidl_typesupport_cpp[0m
[0.272s] [35m[1mConsolidate compiler generated dependencies of target moveit_ywf_msg__rosidl_typesupport_introspection_cpp[0m
[0.274s] [35m[1mConsolidate compiler generated dependencies of target moveit_ywf_msg__rosidl_typesupport_fastrtps_cpp[0m
[0.275s] [35m[1mConsolidate compiler generated dependencies of target moveit_ywf_msg__rosidl_typesupport_introspection_c[0m
[0.276s] [35m[1mConsolidate compiler generated dependencies of target moveit_ywf_msg__rosidl_typesupport_fastrtps_c[0m
[0.280s] [35m[1mConsolidate compiler generated dependencies of target moveit_ywf_msg__rosidl_typesupport_c[0m
[0.312s] [ 38%] Built target moveit_ywf_msg__rosidl_typesupport_introspection_cpp
[0.313s] [ 38%] Built target moveit_ywf_msg__rosidl_typesupport_fastrtps_cpp
[0.313s] [ 41%] Built target moveit_ywf_msg__rosidl_typesupport_cpp
[0.313s] [ 51%] Built target moveit_ywf_msg__rosidl_typesupport_introspection_c
[0.315s] [ 61%] Built target moveit_ywf_msg__rosidl_typesupport_fastrtps_c
[0.316s] [ 70%] Built target moveit_ywf_msg__rosidl_typesupport_c
[0.376s] [ 70%] Built target moveit_ywf_msg
[0.436s] [ 74%] Built target moveit_ywf_msg__py
[0.477s] [35m[1mConsolidate compiler generated dependencies of target moveit_ywf_msg__rosidl_generator_py[0m
[0.519s] [ 80%] Built target moveit_ywf_msg__rosidl_generator_py
[0.572s] [35m[1mConsolidate compiler generated dependencies of target moveit_ywf_msg__rosidl_typesupport_c__pyext[0m
[0.577s] [35m[1mConsolidate compiler generated dependencies of target moveit_ywf_msg__rosidl_typesupport_fastrtps_c__pyext[0m
[0.577s] [35m[1mConsolidate compiler generated dependencies of target moveit_ywf_msg__rosidl_typesupport_introspection_c__pyext[0m
[0.603s] [ 87%] Built target moveit_ywf_msg__rosidl_typesupport_c__pyext
[0.604s] [ 93%] Built target moveit_ywf_msg__rosidl_typesupport_fastrtps_c__pyext
[0.604s] [100%] Built target moveit_ywf_msg__rosidl_typesupport_introspection_c__pyext
[0.923s] running egg_info
[0.926s] writing moveit_ywf_msg.egg-info/PKG-INFO
[0.932s] writing dependency_links to moveit_ywf_msg.egg-info/dependency_links.txt
[0.933s] writing top-level names to moveit_ywf_msg.egg-info/top_level.txt
[0.937s] reading manifest file 'moveit_ywf_msg.egg-info/SOURCES.txt'
[0.940s] writing manifest file 'moveit_ywf_msg.egg-info/SOURCES.txt'
[1.002s] [100%] Built target ament_cmake_python_build_moveit_ywf_msg_egg
[1.049s] Invoked command in '/home/st/ywfBot_ws/build/moveit_ywf_msg' returned '0': CMAKE_PREFIX_PATH=/opt/ros/humble /usr/bin/cmake --build /home/st/ywfBot_ws/build/moveit_ywf_msg -- -j16 -l16
[1.407s] Invoking command in '/home/st/ywfBot_ws/build/moveit_ywf_msg': CMAKE_PREFIX_PATH=/opt/ros/humble /usr/bin/cmake --install /home/st/ywfBot_ws/build/moveit_ywf_msg
[1.424s] -- Install configuration: ""
[1.428s] -- Up-to-date: /home/st/ywfBot_ws/install/moveit_ywf_msg/share/ament_index/resource_index/rosidl_interfaces/moveit_ywf_msg
[1.432s] -- Up-to-date: /home/st/ywfBot_ws/install/moveit_ywf_msg/include/moveit_ywf_msg/moveit_ywf_msg
[1.434s] -- Up-to-date: /home/st/ywfBot_ws/install/moveit_ywf_msg/include/moveit_ywf_msg/moveit_ywf_msg/msg
[1.434s] -- Up-to-date: /home/st/ywfBot_ws/install/moveit_ywf_msg/include/moveit_ywf_msg/moveit_ywf_msg/msg/rosidl_generator_c__visibility_control.h
[1.434s] -- Up-to-date: /home/st/ywfBot_ws/install/moveit_ywf_msg/include/moveit_ywf_msg/moveit_ywf_msg/action
[1.435s] -- Up-to-date: /home/st/ywfBot_ws/install/moveit_ywf_msg/include/moveit_ywf_msg/moveit_ywf_msg/action/detail
[1.436s] -- Up-to-date: /home/st/ywfBot_ws/install/moveit_ywf_msg/include/moveit_ywf_msg/moveit_ywf_msg/action/detail/moveit_ywf_intf__functions.h
[1.437s] -- Up-to-date: /home/st/ywfBot_ws/install/moveit_ywf_msg/include/moveit_ywf_msg/moveit_ywf_msg/action/detail/moveit_ywf_intf__struct.h
[1.437s] -- Up-to-date: /home/st/ywfBot_ws/install/moveit_ywf_msg/include/moveit_ywf_msg/moveit_ywf_msg/action/detail/moveit_ywf_intf__functions.c
[1.437s] -- Up-to-date: /home/st/ywfBot_ws/install/moveit_ywf_msg/include/moveit_ywf_msg/moveit_ywf_msg/action/detail/moveit_ywf_intf__type_support.h
[1.437s] -- Up-to-date: /home/st/ywfBot_ws/install/moveit_ywf_msg/include/moveit_ywf_msg/moveit_ywf_msg/action/moveit_ywf_intf.h
[1.439s] -- Up-to-date: /home/st/ywfBot_ws/install/moveit_ywf_msg/share/moveit_ywf_msg/environment/library_path.sh
[1.439s] -- Up-to-date: /home/st/ywfBot_ws/install/moveit_ywf_msg/share/moveit_ywf_msg/environment/library_path.dsv
[1.443s] -- Up-to-date: /home/st/ywfBot_ws/install/moveit_ywf_msg/lib/libmoveit_ywf_msg__rosidl_generator_c.so
[1.443s] -- Up-to-date: /home/st/ywfBot_ws/install/moveit_ywf_msg/include/moveit_ywf_msg/moveit_ywf_msg
[1.443s] -- Up-to-date: /home/st/ywfBot_ws/install/moveit_ywf_msg/include/moveit_ywf_msg/moveit_ywf_msg/msg
[1.444s] -- Up-to-date: /home/st/ywfBot_ws/install/moveit_ywf_msg/include/moveit_ywf_msg/moveit_ywf_msg/msg/rosidl_typesupport_fastrtps_c__visibility_control.h
[1.444s] -- Up-to-date: /home/st/ywfBot_ws/install/moveit_ywf_msg/include/moveit_ywf_msg/moveit_ywf_msg/action
[1.444s] -- Up-to-date: /home/st/ywfBot_ws/install/moveit_ywf_msg/include/moveit_ywf_msg/moveit_ywf_msg/action/detail
[1.444s] -- Up-to-date: /home/st/ywfBot_ws/install/moveit_ywf_msg/include/moveit_ywf_msg/moveit_ywf_msg/action/detail/moveit_ywf_intf__rosidl_typesupport_fastrtps_c.h
[1.447s] -- Up-to-date: /home/st/ywfBot_ws/install/moveit_ywf_msg/lib/libmoveit_ywf_msg__rosidl_typesupport_fastrtps_c.so
[1.447s] -- Up-to-date: /home/st/ywfBot_ws/install/moveit_ywf_msg/include/moveit_ywf_msg/moveit_ywf_msg
[1.447s] -- Up-to-date: /home/st/ywfBot_ws/install/moveit_ywf_msg/include/moveit_ywf_msg/moveit_ywf_msg/msg
[1.447s] -- Up-to-date: /home/st/ywfBot_ws/install/moveit_ywf_msg/include/moveit_ywf_msg/moveit_ywf_msg/msg/rosidl_typesupport_introspection_c__visibility_control.h
[1.447s] -- Up-to-date: /home/st/ywfBot_ws/install/moveit_ywf_msg/include/moveit_ywf_msg/moveit_ywf_msg/action
[1.448s] -- Up-to-date: /home/st/ywfBot_ws/install/moveit_ywf_msg/include/moveit_ywf_msg/moveit_ywf_msg/action/detail
[1.448s] -- Up-to-date: /home/st/ywfBot_ws/install/moveit_ywf_msg/include/moveit_ywf_msg/moveit_ywf_msg/action/detail/moveit_ywf_intf__type_support.c
[1.448s] -- Up-to-date: /home/st/ywfBot_ws/install/moveit_ywf_msg/include/moveit_ywf_msg/moveit_ywf_msg/action/detail/moveit_ywf_intf__rosidl_typesupport_introspection_c.h
[1.451s] -- Up-to-date: /home/st/ywfBot_ws/install/moveit_ywf_msg/lib/libmoveit_ywf_msg__rosidl_typesupport_introspection_c.so
[1.455s] -- Up-to-date: /home/st/ywfBot_ws/install/moveit_ywf_msg/lib/libmoveit_ywf_msg__rosidl_typesupport_c.so
[1.455s] -- Up-to-date: /home/st/ywfBot_ws/install/moveit_ywf_msg/include/moveit_ywf_msg/moveit_ywf_msg
[1.455s] -- Up-to-date: /home/st/ywfBot_ws/install/moveit_ywf_msg/include/moveit_ywf_msg/moveit_ywf_msg/msg
[1.455s] -- Up-to-date: /home/st/ywfBot_ws/install/moveit_ywf_msg/include/moveit_ywf_msg/moveit_ywf_msg/msg/rosidl_generator_cpp__visibility_control.hpp
[1.455s] -- Up-to-date: /home/st/ywfBot_ws/install/moveit_ywf_msg/include/moveit_ywf_msg/moveit_ywf_msg/action
[1.455s] -- Up-to-date: /home/st/ywfBot_ws/install/moveit_ywf_msg/include/moveit_ywf_msg/moveit_ywf_msg/action/moveit_ywf_intf.hpp
[1.455s] -- Up-to-date: /home/st/ywfBot_ws/install/moveit_ywf_msg/include/moveit_ywf_msg/moveit_ywf_msg/action/detail
[1.456s] -- Up-to-date: /home/st/ywfBot_ws/install/moveit_ywf_msg/include/moveit_ywf_msg/moveit_ywf_msg/action/detail/moveit_ywf_intf__type_support.hpp
[1.456s] -- Up-to-date: /home/st/ywfBot_ws/install/moveit_ywf_msg/include/moveit_ywf_msg/moveit_ywf_msg/action/detail/moveit_ywf_intf__traits.hpp
[1.456s] -- Up-to-date: /home/st/ywfBot_ws/install/moveit_ywf_msg/include/moveit_ywf_msg/moveit_ywf_msg/action/detail/moveit_ywf_intf__builder.hpp
[1.456s] -- Up-to-date: /home/st/ywfBot_ws/install/moveit_ywf_msg/include/moveit_ywf_msg/moveit_ywf_msg/action/detail/moveit_ywf_intf__struct.hpp
[1.456s] -- Up-to-date: /home/st/ywfBot_ws/install/moveit_ywf_msg/include/moveit_ywf_msg/moveit_ywf_msg
[1.456s] -- Up-to-date: /home/st/ywfBot_ws/install/moveit_ywf_msg/include/moveit_ywf_msg/moveit_ywf_msg/msg
[1.456s] -- Up-to-date: /home/st/ywfBot_ws/install/moveit_ywf_msg/include/moveit_ywf_msg/moveit_ywf_msg/msg/rosidl_typesupport_fastrtps_cpp__visibility_control.h
[1.456s] -- Up-to-date: /home/st/ywfBot_ws/install/moveit_ywf_msg/include/moveit_ywf_msg/moveit_ywf_msg/action
[1.457s] -- Up-to-date: /home/st/ywfBot_ws/install/moveit_ywf_msg/include/moveit_ywf_msg/moveit_ywf_msg/action/detail
[1.457s] -- Up-to-date: /home/st/ywfBot_ws/install/moveit_ywf_msg/include/moveit_ywf_msg/moveit_ywf_msg/action/detail/dds_fastrtps
[1.457s] -- Up-to-date: /home/st/ywfBot_ws/install/moveit_ywf_msg/include/moveit_ywf_msg/moveit_ywf_msg/action/detail/moveit_ywf_intf__rosidl_typesupport_fastrtps_cpp.hpp
[1.463s] -- Up-to-date: /home/st/ywfBot_ws/install/moveit_ywf_msg/lib/libmoveit_ywf_msg__rosidl_typesupport_fastrtps_cpp.so
[1.463s] -- Up-to-date: /home/st/ywfBot_ws/install/moveit_ywf_msg/include/moveit_ywf_msg/moveit_ywf_msg
[1.464s] -- Up-to-date: /home/st/ywfBot_ws/install/moveit_ywf_msg/include/moveit_ywf_msg/moveit_ywf_msg/action
[1.464s] -- Up-to-date: /home/st/ywfBot_ws/install/moveit_ywf_msg/include/moveit_ywf_msg/moveit_ywf_msg/action/detail
[1.464s] -- Up-to-date: /home/st/ywfBot_ws/install/moveit_ywf_msg/include/moveit_ywf_msg/moveit_ywf_msg/action/detail/moveit_ywf_intf__type_support.cpp
[1.464s] -- Up-to-date: /home/st/ywfBot_ws/install/moveit_ywf_msg/include/moveit_ywf_msg/moveit_ywf_msg/action/detail/moveit_ywf_intf__rosidl_typesupport_introspection_cpp.hpp
[1.468s] -- Up-to-date: /home/st/ywfBot_ws/install/moveit_ywf_msg/lib/libmoveit_ywf_msg__rosidl_typesupport_introspection_cpp.so
[1.470s] -- Up-to-date: /home/st/ywfBot_ws/install/moveit_ywf_msg/lib/libmoveit_ywf_msg__rosidl_typesupport_cpp.so
[1.470s] -- Up-to-date: /home/st/ywfBot_ws/install/moveit_ywf_msg/share/moveit_ywf_msg/environment/pythonpath.sh
[1.471s] -- Up-to-date: /home/st/ywfBot_ws/install/moveit_ywf_msg/share/moveit_ywf_msg/environment/pythonpath.dsv
[1.473s] -- Up-to-date: /home/st/ywfBot_ws/install/moveit_ywf_msg/local/lib/python3.10/dist-packages/moveit_ywf_msg-0.0.0-py3.10.egg-info
[1.474s] -- Installing: /home/st/ywfBot_ws/install/moveit_ywf_msg/local/lib/python3.10/dist-packages/moveit_ywf_msg-0.0.0-py3.10.egg-info/SOURCES.txt
[1.476s] -- Installing: /home/st/ywfBot_ws/install/moveit_ywf_msg/local/lib/python3.10/dist-packages/moveit_ywf_msg-0.0.0-py3.10.egg-info/top_level.txt
[1.477s] -- Installing: /home/st/ywfBot_ws/install/moveit_ywf_msg/local/lib/python3.10/dist-packages/moveit_ywf_msg-0.0.0-py3.10.egg-info/dependency_links.txt
[1.477s] -- Installing: /home/st/ywfBot_ws/install/moveit_ywf_msg/local/lib/python3.10/dist-packages/moveit_ywf_msg-0.0.0-py3.10.egg-info/PKG-INFO
[1.506s] -- Up-to-date: /home/st/ywfBot_ws/install/moveit_ywf_msg/local/lib/python3.10/dist-packages/moveit_ywf_msg
[1.507s] -- Up-to-date: /home/st/ywfBot_ws/install/moveit_ywf_msg/local/lib/python3.10/dist-packages/moveit_ywf_msg/_moveit_ywf_msg_s.ep.rosidl_typesupport_introspection_c.c
[1.507s] -- Up-to-date: /home/st/ywfBot_ws/install/moveit_ywf_msg/local/lib/python3.10/dist-packages/moveit_ywf_msg/__init__.py
[1.507s] -- Up-to-date: /home/st/ywfBot_ws/install/moveit_ywf_msg/local/lib/python3.10/dist-packages/moveit_ywf_msg/moveit_ywf_msg_s__rosidl_typesupport_introspection_c.cpython-310-x86_64-linux-gnu.so
[1.507s] -- Up-to-date: /home/st/ywfBot_ws/install/moveit_ywf_msg/local/lib/python3.10/dist-packages/moveit_ywf_msg/_moveit_ywf_msg_s.ep.rosidl_typesupport_c.c
[1.507s] -- Up-to-date: /home/st/ywfBot_ws/install/moveit_ywf_msg/local/lib/python3.10/dist-packages/moveit_ywf_msg/_moveit_ywf_msg_s.ep.rosidl_typesupport_fastrtps_c.c
[1.508s] -- Up-to-date: /home/st/ywfBot_ws/install/moveit_ywf_msg/local/lib/python3.10/dist-packages/moveit_ywf_msg/action
[1.508s] -- Up-to-date: /home/st/ywfBot_ws/install/moveit_ywf_msg/local/lib/python3.10/dist-packages/moveit_ywf_msg/action/__init__.py
[1.508s] -- Up-to-date: /home/st/ywfBot_ws/install/moveit_ywf_msg/local/lib/python3.10/dist-packages/moveit_ywf_msg/action/_moveit_ywf_intf_s.c
[1.508s] -- Up-to-date: /home/st/ywfBot_ws/install/moveit_ywf_msg/local/lib/python3.10/dist-packages/moveit_ywf_msg/action/_moveit_ywf_intf.py
[1.508s] -- Up-to-date: /home/st/ywfBot_ws/install/moveit_ywf_msg/local/lib/python3.10/dist-packages/moveit_ywf_msg/moveit_ywf_msg_s__rosidl_typesupport_fastrtps_c.cpython-310-x86_64-linux-gnu.so
[1.508s] -- Up-to-date: /home/st/ywfBot_ws/install/moveit_ywf_msg/local/lib/python3.10/dist-packages/moveit_ywf_msg/libmoveit_ywf_msg__rosidl_generator_py.so
[1.508s] -- Up-to-date: /home/st/ywfBot_ws/install/moveit_ywf_msg/local/lib/python3.10/dist-packages/moveit_ywf_msg/moveit_ywf_msg_s__rosidl_typesupport_c.cpython-310-x86_64-linux-gnu.so
[1.600s] Listing '/home/st/ywfBot_ws/install/moveit_ywf_msg/local/lib/python3.10/dist-packages/moveit_ywf_msg'...
[1.601s] Listing '/home/st/ywfBot_ws/install/moveit_ywf_msg/local/lib/python3.10/dist-packages/moveit_ywf_msg/action'...
[1.622s] -- Up-to-date: /home/st/ywfBot_ws/install/moveit_ywf_msg/local/lib/python3.10/dist-packages/moveit_ywf_msg/moveit_ywf_msg_s__rosidl_typesupport_fastrtps_c.cpython-310-x86_64-linux-gnu.so
[1.626s] -- Up-to-date: /home/st/ywfBot_ws/install/moveit_ywf_msg/local/lib/python3.10/dist-packages/moveit_ywf_msg/moveit_ywf_msg_s__rosidl_typesupport_introspection_c.cpython-310-x86_64-linux-gnu.so
[1.629s] -- Up-to-date: /home/st/ywfBot_ws/install/moveit_ywf_msg/local/lib/python3.10/dist-packages/moveit_ywf_msg/moveit_ywf_msg_s__rosidl_typesupport_c.cpython-310-x86_64-linux-gnu.so
[1.631s] -- Up-to-date: /home/st/ywfBot_ws/install/moveit_ywf_msg/lib/libmoveit_ywf_msg__rosidl_generator_py.so
[1.633s] -- Up-to-date: /home/st/ywfBot_ws/install/moveit_ywf_msg/share/moveit_ywf_msg/action/MoveitYwfIntf.idl
[1.633s] -- Up-to-date: /home/st/ywfBot_ws/install/moveit_ywf_msg/share/moveit_ywf_msg/action/MoveitYwfIntf.action
[1.633s] -- Up-to-date: /home/st/ywfBot_ws/install/moveit_ywf_msg/share/ament_index/resource_index/package_run_dependencies/moveit_ywf_msg
[1.634s] -- Up-to-date: /home/st/ywfBot_ws/install/moveit_ywf_msg/share/ament_index/resource_index/parent_prefix_path/moveit_ywf_msg
[1.636s] -- Up-to-date: /home/st/ywfBot_ws/install/moveit_ywf_msg/share/moveit_ywf_msg/environment/ament_prefix_path.sh
[1.636s] -- Up-to-date: /home/st/ywfBot_ws/install/moveit_ywf_msg/share/moveit_ywf_msg/environment/ament_prefix_path.dsv
[1.636s] -- Up-to-date: /home/st/ywfBot_ws/install/moveit_ywf_msg/share/moveit_ywf_msg/environment/path.sh
[1.637s] -- Up-to-date: /home/st/ywfBot_ws/install/moveit_ywf_msg/share/moveit_ywf_msg/environment/path.dsv
[1.637s] -- Up-to-date: /home/st/ywfBot_ws/install/moveit_ywf_msg/share/moveit_ywf_msg/local_setup.bash
[1.637s] -- Up-to-date: /home/st/ywfBot_ws/install/moveit_ywf_msg/share/moveit_ywf_msg/local_setup.sh
[1.637s] -- Up-to-date: /home/st/ywfBot_ws/install/moveit_ywf_msg/share/moveit_ywf_msg/local_setup.zsh
[1.637s] -- Up-to-date: /home/st/ywfBot_ws/install/moveit_ywf_msg/share/moveit_ywf_msg/local_setup.dsv
[1.638s] -- Installing: /home/st/ywfBot_ws/install/moveit_ywf_msg/share/moveit_ywf_msg/package.dsv
[1.639s] -- Up-to-date: /home/st/ywfBot_ws/install/moveit_ywf_msg/share/ament_index/resource_index/packages/moveit_ywf_msg
[1.656s] -- Up-to-date: /home/st/ywfBot_ws/install/moveit_ywf_msg/share/moveit_ywf_msg/cmake/export_moveit_ywf_msg__rosidl_generator_cExport.cmake
[1.656s] -- Up-to-date: /home/st/ywfBot_ws/install/moveit_ywf_msg/share/moveit_ywf_msg/cmake/export_moveit_ywf_msg__rosidl_generator_cExport-noconfig.cmake
[1.658s] -- Up-to-date: /home/st/ywfBot_ws/install/moveit_ywf_msg/share/moveit_ywf_msg/cmake/export_moveit_ywf_msg__rosidl_typesupport_fastrtps_cExport.cmake
[1.658s] -- Up-to-date: /home/st/ywfBot_ws/install/moveit_ywf_msg/share/moveit_ywf_msg/cmake/export_moveit_ywf_msg__rosidl_typesupport_fastrtps_cExport-noconfig.cmake
[1.660s] -- Up-to-date: /home/st/ywfBot_ws/install/moveit_ywf_msg/share/moveit_ywf_msg/cmake/moveit_ywf_msg__rosidl_typesupport_introspection_cExport.cmake
[1.660s] -- Up-to-date: /home/st/ywfBot_ws/install/moveit_ywf_msg/share/moveit_ywf_msg/cmake/moveit_ywf_msg__rosidl_typesupport_introspection_cExport-noconfig.cmake
[1.663s] -- Up-to-date: /home/st/ywfBot_ws/install/moveit_ywf_msg/share/moveit_ywf_msg/cmake/moveit_ywf_msg__rosidl_typesupport_cExport.cmake
[1.663s] -- Up-to-date: /home/st/ywfBot_ws/install/moveit_ywf_msg/share/moveit_ywf_msg/cmake/moveit_ywf_msg__rosidl_typesupport_cExport-noconfig.cmake
[1.665s] -- Up-to-date: /home/st/ywfBot_ws/install/moveit_ywf_msg/share/moveit_ywf_msg/cmake/export_moveit_ywf_msg__rosidl_generator_cppExport.cmake
[1.666s] -- Up-to-date: /home/st/ywfBot_ws/install/moveit_ywf_msg/share/moveit_ywf_msg/cmake/export_moveit_ywf_msg__rosidl_typesupport_fastrtps_cppExport.cmake
[1.667s] -- Up-to-date: /home/st/ywfBot_ws/install/moveit_ywf_msg/share/moveit_ywf_msg/cmake/export_moveit_ywf_msg__rosidl_typesupport_fastrtps_cppExport-noconfig.cmake
[1.668s] -- Up-to-date: /home/st/ywfBot_ws/install/moveit_ywf_msg/share/moveit_ywf_msg/cmake/moveit_ywf_msg__rosidl_typesupport_introspection_cppExport.cmake
[1.677s] -- Up-to-date: /home/st/ywfBot_ws/install/moveit_ywf_msg/share/moveit_ywf_msg/cmake/moveit_ywf_msg__rosidl_typesupport_introspection_cppExport-noconfig.cmake
[1.677s] -- Up-to-date: /home/st/ywfBot_ws/install/moveit_ywf_msg/share/moveit_ywf_msg/cmake/moveit_ywf_msg__rosidl_typesupport_cppExport.cmake
[1.678s] -- Up-to-date: /home/st/ywfBot_ws/install/moveit_ywf_msg/share/moveit_ywf_msg/cmake/moveit_ywf_msg__rosidl_typesupport_cppExport-noconfig.cmake
[1.680s] -- Up-to-date: /home/st/ywfBot_ws/install/moveit_ywf_msg/share/moveit_ywf_msg/cmake/export_moveit_ywf_msg__rosidl_generator_pyExport.cmake
[1.680s] -- Up-to-date: /home/st/ywfBot_ws/install/moveit_ywf_msg/share/moveit_ywf_msg/cmake/export_moveit_ywf_msg__rosidl_generator_pyExport-noconfig.cmake
[1.681s] -- Up-to-date: /home/st/ywfBot_ws/install/moveit_ywf_msg/share/moveit_ywf_msg/cmake/rosidl_cmake-extras.cmake
[1.681s] -- Up-to-date: /home/st/ywfBot_ws/install/moveit_ywf_msg/share/moveit_ywf_msg/cmake/ament_cmake_export_dependencies-extras.cmake
[1.681s] -- Up-to-date: /home/st/ywfBot_ws/install/moveit_ywf_msg/share/moveit_ywf_msg/cmake/ament_cmake_export_include_directories-extras.cmake
[1.681s] -- Up-to-date: /home/st/ywfBot_ws/install/moveit_ywf_msg/share/moveit_ywf_msg/cmake/ament_cmake_export_libraries-extras.cmake
[1.681s] -- Up-to-date: /home/st/ywfBot_ws/install/moveit_ywf_msg/share/moveit_ywf_msg/cmake/ament_cmake_export_targets-extras.cmake
[1.681s] -- Up-to-date: /home/st/ywfBot_ws/install/moveit_ywf_msg/share/moveit_ywf_msg/cmake/rosidl_cmake_export_typesupport_targets-extras.cmake
[1.681s] -- Up-to-date: /home/st/ywfBot_ws/install/moveit_ywf_msg/share/moveit_ywf_msg/cmake/rosidl_cmake_export_typesupport_libraries-extras.cmake
[1.681s] -- Up-to-date: /home/st/ywfBot_ws/install/moveit_ywf_msg/share/moveit_ywf_msg/cmake/moveit_ywf_msgConfig.cmake
[1.681s] -- Up-to-date: /home/st/ywfBot_ws/install/moveit_ywf_msg/share/moveit_ywf_msg/cmake/moveit_ywf_msgConfig-version.cmake
[1.681s] -- Up-to-date: /home/st/ywfBot_ws/install/moveit_ywf_msg/share/moveit_ywf_msg/package.xml
[1.685s] Invoked command in '/home/st/ywfBot_ws/build/moveit_ywf_msg' returned '0': CMAKE_PREFIX_PATH=/opt/ros/humble /usr/bin/cmake --install /home/st/ywfBot_ws/build/moveit_ywf_msg
