[1.942s] Invoking command in '/home/st/ywfBot_ws/src/py_action': PYTHONPATH=/home/st/ywfBot_ws/build/py_action/prefix_override:/usr/lib/python3/dist-packages/colcon_core/task/python/colcon_distutils_commands:/home/st/ywfBot_ws/install/py_action/lib/python3.10/site-packages:${PYTHONPATH} /usr/bin/python3 -W ignore:setup.py install is deprecated -W ignore:easy_install command is deprecated setup.py egg_info --egg-base ../../build/py_action build --build-base /home/st/ywfBot_ws/build/py_action/build install --record /home/st/ywfBot_ws/build/py_action/install.log --single-version-externally-managed install_data
[2.619s] running egg_info
[2.619s] writing ../../build/py_action/py_action.egg-info/PKG-INFO
[2.619s] writing dependency_links to ../../build/py_action/py_action.egg-info/dependency_links.txt
[2.624s] writing entry points to ../../build/py_action/py_action.egg-info/entry_points.txt
[2.624s] writing requirements to ../../build/py_action/py_action.egg-info/requires.txt
[2.624s] writing top-level names to ../../build/py_action/py_action.egg-info/top_level.txt
[2.627s] reading manifest file '../../build/py_action/py_action.egg-info/SOURCES.txt'
[2.629s] adding license file 'LICENSE'
[2.631s] writing manifest file '../../build/py_action/py_action.egg-info/SOURCES.txt'
[2.633s] running build
[2.633s] running build_py
[2.637s] running install
[2.637s] running install_lib
[2.642s] running install_data
[2.643s] running install_egg_info
[2.647s] removing '/home/st/ywfBot_ws/install/py_action/lib/python3.10/site-packages/py_action-0.0.0-py3.10.egg-info' (and everything under it)
[2.648s] Copying ../../build/py_action/py_action.egg-info to /home/st/ywfBot_ws/install/py_action/lib/python3.10/site-packages/py_action-0.0.0-py3.10.egg-info
[2.662s] running install_scripts
[2.699s] Installing py_action_serv script to /home/st/ywfBot_ws/install/py_action/lib/py_action
[2.702s] writing list of installed files to '/home/st/ywfBot_ws/build/py_action/install.log'
[2.751s] Invoked command in '/home/st/ywfBot_ws/src/py_action' returned '0': PYTHONPATH=/home/st/ywfBot_ws/build/py_action/prefix_override:/usr/lib/python3/dist-packages/colcon_core/task/python/colcon_distutils_commands:/home/st/ywfBot_ws/install/py_action/lib/python3.10/site-packages:${PYTHONPATH} /usr/bin/python3 -W ignore:setup.py install is deprecated -W ignore:easy_install command is deprecated setup.py egg_info --egg-base ../../build/py_action build --build-base /home/st/ywfBot_ws/build/py_action/build install --record /home/st/ywfBot_ws/build/py_action/install.log --single-version-externally-managed install_data
