[0.211s] Invoking command in '/home/st/ywfBot_ws_v1.3.1/build/fairino_msgs': CMAKE_PREFIX_PATH=${CMAKE_PREFIX_PATH}:/home/st/ywfBot_ws_v1.3/install/py_action_client:/home/st/ywfBot_ws_v1.3/install/py_action:/home/st/ros2_control_ws/install/rqt_joint_trajectory_controller:/home/st/ros2_control_ws/install/rqt_controller_manager:/home/st/ros2_control_ws/install/ros2controlcli:/home/st/ros2_control_ws/install/ros2_controllers_test_nodes:/home/st/ros2_control_ws/install/ros2_control_demo_testing:/home/st/ywfBot_ws_v1.1/install/py_action_client:/home/st/ywfBot_ws_v1.1/install/py_action:/home/st/ywfBot_ws_v1.1/install/moveit2_ywf_interface:/home/st/ywfBot_ws_v1.1/install/moveit_ywf_msg:/home/st/ywfBot_ws_v1.1/install/fairino_hardware:/home/st/ywfBot_ws_v1.1/install/fairino_msgs:/home/st/ywfBot_ws/install/py_action_client:/home/st/ywfBot_ws/install/py_action:/home/st/ywfBot_ws/install/moveit2_ywf_interface:/home/st/ywfBot_ws/install/moveit_ywf_msg:/home/st/ywfBot_ws/install/frhal_msgs:/home/st/ywfBot_ws/install/fr_ros2:/home/st/moveit2_humble_ws/install/moveit_configs_utils:/home/st/moveit2_humble_ws/install/launch_param_builder:/opt/ros/humble /usr/bin/cmake --build /home/st/ywfBot_ws_v1.3.1/build/fairino_msgs -- -j16 -l16
[1.101s] [  2%] Built target fairino_msgs__cpp
[1.101s] [ 12%] Built target fairino_msgs__rosidl_generator_c
[1.101s] [ 12%] Built target ament_cmake_python_copy_fairino_msgs
[1.102s] [ 23%] Built target fairino_msgs__rosidl_typesupport_cpp
[1.102s] [ 34%] Built target fairino_msgs__rosidl_typesupport_fastrtps_cpp
[1.102s] [ 53%] Built target fairino_msgs__rosidl_typesupport_c
[1.102s] [ 55%] Built target fairino_msgs__rosidl_typesupport_introspection_cpp
[1.102s] [ 65%] Built target fairino_msgs__rosidl_typesupport_fastrtps_c
[1.102s] [ 76%] Built target fairino_msgs__rosidl_typesupport_introspection_c
[1.102s] [ 76%] Built target fairino_msgs
[1.103s] [ 78%] Built target fairino_msgs__py
[1.103s] [ 87%] Built target fairino_msgs__rosidl_generator_py
[1.105s] [0mCMake Error: The current CMakeCache.txt directory /home/st/ywfBot_ws_v1.3.1/build/fairino_msgs/CMakeCache.txt is different than the directory /home/st/ywfBot_ws_v1.3/build/fairino_msgs where CMakeCache.txt was created. This may result in binaries being created in the wrong place. If you are not sure, reedit the CMakeCache.txt[0m
[1.136s] [ 91%] Built target fairino_msgs__rosidl_typesupport_fastrtps_c__pyext
[1.141s] [ 95%] Built target fairino_msgs__rosidl_typesupport_introspection_c__pyext
[1.149s] [100%] Built target fairino_msgs__rosidl_typesupport_c__pyext
[1.379s] running egg_info
[1.381s] writing fairino_msgs.egg-info/PKG-INFO
[1.382s] writing dependency_links to fairino_msgs.egg-info/dependency_links.txt
[1.382s] writing top-level names to fairino_msgs.egg-info/top_level.txt
[1.389s] reading manifest file 'fairino_msgs.egg-info/SOURCES.txt'
[1.391s] writing manifest file 'fairino_msgs.egg-info/SOURCES.txt'
[1.482s] [100%] Built target ament_cmake_python_build_fairino_msgs_egg
[2.045s] Invoked command in '/home/st/ywfBot_ws_v1.3.1/build/fairino_msgs' returned '0': CMAKE_PREFIX_PATH=${CMAKE_PREFIX_PATH}:/home/st/ywfBot_ws_v1.3/install/py_action_client:/home/st/ywfBot_ws_v1.3/install/py_action:/home/st/ros2_control_ws/install/rqt_joint_trajectory_controller:/home/st/ros2_control_ws/install/rqt_controller_manager:/home/st/ros2_control_ws/install/ros2controlcli:/home/st/ros2_control_ws/install/ros2_controllers_test_nodes:/home/st/ros2_control_ws/install/ros2_control_demo_testing:/home/st/ywfBot_ws_v1.1/install/py_action_client:/home/st/ywfBot_ws_v1.1/install/py_action:/home/st/ywfBot_ws_v1.1/install/moveit2_ywf_interface:/home/st/ywfBot_ws_v1.1/install/moveit_ywf_msg:/home/st/ywfBot_ws_v1.1/install/fairino_hardware:/home/st/ywfBot_ws_v1.1/install/fairino_msgs:/home/st/ywfBot_ws/install/py_action_client:/home/st/ywfBot_ws/install/py_action:/home/st/ywfBot_ws/install/moveit2_ywf_interface:/home/st/ywfBot_ws/install/moveit_ywf_msg:/home/st/ywfBot_ws/install/frhal_msgs:/home/st/ywfBot_ws/install/fr_ros2:/home/st/moveit2_humble_ws/install/moveit_configs_utils:/home/st/moveit2_humble_ws/install/launch_param_builder:/opt/ros/humble /usr/bin/cmake --build /home/st/ywfBot_ws_v1.3.1/build/fairino_msgs -- -j16 -l16
[2.046s] Invoking command in '/home/st/ywfBot_ws_v1.3.1/build/fairino_msgs': CMAKE_PREFIX_PATH=${CMAKE_PREFIX_PATH}:/home/st/ywfBot_ws_v1.3/install/py_action_client:/home/st/ywfBot_ws_v1.3/install/py_action:/home/st/ros2_control_ws/install/rqt_joint_trajectory_controller:/home/st/ros2_control_ws/install/rqt_controller_manager:/home/st/ros2_control_ws/install/ros2controlcli:/home/st/ros2_control_ws/install/ros2_controllers_test_nodes:/home/st/ros2_control_ws/install/ros2_control_demo_testing:/home/st/ywfBot_ws_v1.1/install/py_action_client:/home/st/ywfBot_ws_v1.1/install/py_action:/home/st/ywfBot_ws_v1.1/install/moveit2_ywf_interface:/home/st/ywfBot_ws_v1.1/install/moveit_ywf_msg:/home/st/ywfBot_ws_v1.1/install/fairino_hardware:/home/st/ywfBot_ws_v1.1/install/fairino_msgs:/home/st/ywfBot_ws/install/py_action_client:/home/st/ywfBot_ws/install/py_action:/home/st/ywfBot_ws/install/moveit2_ywf_interface:/home/st/ywfBot_ws/install/moveit_ywf_msg:/home/st/ywfBot_ws/install/frhal_msgs:/home/st/ywfBot_ws/install/fr_ros2:/home/st/moveit2_humble_ws/install/moveit_configs_utils:/home/st/moveit2_humble_ws/install/launch_param_builder:/opt/ros/humble /usr/bin/cmake --install /home/st/ywfBot_ws_v1.3.1/build/fairino_msgs
[2.121s] -- Install configuration: ""
[2.121s] -- Up-to-date: /home/st/ywfBot_ws_v1.3/install/fairino_msgs/share/ament_index/resource_index/rosidl_interfaces/fairino_msgs
[2.121s] -- Up-to-date: /home/st/ywfBot_ws_v1.3/install/fairino_msgs/include/fairino_msgs/fairino_msgs
[2.121s] -- Up-to-date: /home/st/ywfBot_ws_v1.3/install/fairino_msgs/include/fairino_msgs/fairino_msgs/msg
[2.121s] -- Up-to-date: /home/st/ywfBot_ws_v1.3/install/fairino_msgs/include/fairino_msgs/fairino_msgs/msg/rosidl_generator_c__visibility_control.h
[2.122s] -- Up-to-date: /home/st/ywfBot_ws_v1.3/install/fairino_msgs/include/fairino_msgs/fairino_msgs/msg/robot_nonrt_state.h
[2.122s] -- Up-to-date: /home/st/ywfBot_ws_v1.3/install/fairino_msgs/include/fairino_msgs/fairino_msgs/msg/detail
[2.122s] -- Up-to-date: /home/st/ywfBot_ws_v1.3/install/fairino_msgs/include/fairino_msgs/fairino_msgs/msg/detail/robot_nonrt_state__struct.h
[2.122s] -- Up-to-date: /home/st/ywfBot_ws_v1.3/install/fairino_msgs/include/fairino_msgs/fairino_msgs/msg/detail/robot_nonrt_state__functions.h
[2.122s] -- Up-to-date: /home/st/ywfBot_ws_v1.3/install/fairino_msgs/include/fairino_msgs/fairino_msgs/msg/detail/robot_nonrt_state__type_support.h
[2.122s] -- Up-to-date: /home/st/ywfBot_ws_v1.3/install/fairino_msgs/include/fairino_msgs/fairino_msgs/msg/detail/robot_nonrt_state__functions.c
[2.123s] -- Up-to-date: /home/st/ywfBot_ws_v1.3/install/fairino_msgs/include/fairino_msgs/fairino_msgs/srv
[2.123s] -- Up-to-date: /home/st/ywfBot_ws_v1.3/install/fairino_msgs/include/fairino_msgs/fairino_msgs/srv/remote_cmd_interface.h
[2.123s] -- Up-to-date: /home/st/ywfBot_ws_v1.3/install/fairino_msgs/include/fairino_msgs/fairino_msgs/srv/remote_script_content.h
[2.123s] -- Up-to-date: /home/st/ywfBot_ws_v1.3/install/fairino_msgs/include/fairino_msgs/fairino_msgs/srv/detail
[2.123s] -- Up-to-date: /home/st/ywfBot_ws_v1.3/install/fairino_msgs/include/fairino_msgs/fairino_msgs/srv/detail/remote_cmd_interface__functions.c
[2.125s] -- Up-to-date: /home/st/ywfBot_ws_v1.3/install/fairino_msgs/include/fairino_msgs/fairino_msgs/srv/detail/remote_cmd_interface__struct.h
[2.125s] -- Up-to-date: /home/st/ywfBot_ws_v1.3/install/fairino_msgs/include/fairino_msgs/fairino_msgs/srv/detail/remote_script_content__struct.h
[2.127s] -- Up-to-date: /home/st/ywfBot_ws_v1.3/install/fairino_msgs/include/fairino_msgs/fairino_msgs/srv/detail/remote_script_content__type_support.h
[2.127s] -- Up-to-date: /home/st/ywfBot_ws_v1.3/install/fairino_msgs/include/fairino_msgs/fairino_msgs/srv/detail/remote_script_content__functions.c
[2.128s] -- Up-to-date: /home/st/ywfBot_ws_v1.3/install/fairino_msgs/include/fairino_msgs/fairino_msgs/srv/detail/remote_cmd_interface__functions.h
[2.128s] -- Up-to-date: /home/st/ywfBot_ws_v1.3/install/fairino_msgs/include/fairino_msgs/fairino_msgs/srv/detail/remote_script_content__functions.h
[2.128s] -- Up-to-date: /home/st/ywfBot_ws_v1.3/install/fairino_msgs/include/fairino_msgs/fairino_msgs/srv/detail/remote_cmd_interface__type_support.h
[2.128s] -- Up-to-date: /home/st/ywfBot_ws_v1.3/install/fairino_msgs/share/fairino_msgs/environment/library_path.sh
[2.128s] -- Up-to-date: /home/st/ywfBot_ws_v1.3/install/fairino_msgs/share/fairino_msgs/environment/library_path.dsv
[2.128s] -- Up-to-date: /home/st/ywfBot_ws_v1.3/install/fairino_msgs/lib/libfairino_msgs__rosidl_generator_c.so
[2.129s] -- Up-to-date: /home/st/ywfBot_ws_v1.3/install/fairino_msgs/include/fairino_msgs/fairino_msgs
[2.129s] -- Up-to-date: /home/st/ywfBot_ws_v1.3/install/fairino_msgs/include/fairino_msgs/fairino_msgs/msg
[2.129s] -- Up-to-date: /home/st/ywfBot_ws_v1.3/install/fairino_msgs/include/fairino_msgs/fairino_msgs/msg/rosidl_typesupport_fastrtps_c__visibility_control.h
[2.129s] -- Up-to-date: /home/st/ywfBot_ws_v1.3/install/fairino_msgs/include/fairino_msgs/fairino_msgs/msg/detail
[2.129s] -- Up-to-date: /home/st/ywfBot_ws_v1.3/install/fairino_msgs/include/fairino_msgs/fairino_msgs/msg/detail/robot_nonrt_state__rosidl_typesupport_fastrtps_c.h
[2.132s] -- Up-to-date: /home/st/ywfBot_ws_v1.3/install/fairino_msgs/include/fairino_msgs/fairino_msgs/srv
[2.132s] -- Up-to-date: /home/st/ywfBot_ws_v1.3/install/fairino_msgs/include/fairino_msgs/fairino_msgs/srv/detail
[2.132s] -- Up-to-date: /home/st/ywfBot_ws_v1.3/install/fairino_msgs/include/fairino_msgs/fairino_msgs/srv/detail/remote_cmd_interface__rosidl_typesupport_fastrtps_c.h
[2.132s] -- Up-to-date: /home/st/ywfBot_ws_v1.3/install/fairino_msgs/include/fairino_msgs/fairino_msgs/srv/detail/remote_script_content__rosidl_typesupport_fastrtps_c.h
[2.132s] -- Up-to-date: /home/st/ywfBot_ws_v1.3/install/fairino_msgs/lib/libfairino_msgs__rosidl_typesupport_fastrtps_c.so
[2.133s] -- Up-to-date: /home/st/ywfBot_ws_v1.3/install/fairino_msgs/include/fairino_msgs/fairino_msgs
[2.133s] -- Up-to-date: /home/st/ywfBot_ws_v1.3/install/fairino_msgs/include/fairino_msgs/fairino_msgs/msg
[2.133s] -- Up-to-date: /home/st/ywfBot_ws_v1.3/install/fairino_msgs/include/fairino_msgs/fairino_msgs/msg/rosidl_typesupport_introspection_c__visibility_control.h
[2.133s] -- Up-to-date: /home/st/ywfBot_ws_v1.3/install/fairino_msgs/include/fairino_msgs/fairino_msgs/msg/detail
[2.133s] -- Up-to-date: /home/st/ywfBot_ws_v1.3/install/fairino_msgs/include/fairino_msgs/fairino_msgs/msg/detail/robot_nonrt_state__type_support.c
[2.133s] -- Up-to-date: /home/st/ywfBot_ws_v1.3/install/fairino_msgs/include/fairino_msgs/fairino_msgs/msg/detail/robot_nonrt_state__rosidl_typesupport_introspection_c.h
[2.134s] -- Up-to-date: /home/st/ywfBot_ws_v1.3/install/fairino_msgs/include/fairino_msgs/fairino_msgs/srv
[2.134s] -- Up-to-date: /home/st/ywfBot_ws_v1.3/install/fairino_msgs/include/fairino_msgs/fairino_msgs/srv/detail
[2.134s] -- Up-to-date: /home/st/ywfBot_ws_v1.3/install/fairino_msgs/include/fairino_msgs/fairino_msgs/srv/detail/remote_cmd_interface__rosidl_typesupport_introspection_c.h
[2.134s] -- Up-to-date: /home/st/ywfBot_ws_v1.3/install/fairino_msgs/include/fairino_msgs/fairino_msgs/srv/detail/remote_script_content__rosidl_typesupport_introspection_c.h
[2.134s] -- Up-to-date: /home/st/ywfBot_ws_v1.3/install/fairino_msgs/include/fairino_msgs/fairino_msgs/srv/detail/remote_script_content__type_support.c
[2.136s] -- Up-to-date: /home/st/ywfBot_ws_v1.3/install/fairino_msgs/include/fairino_msgs/fairino_msgs/srv/detail/remote_cmd_interface__type_support.c
[2.136s] -- Up-to-date: /home/st/ywfBot_ws_v1.3/install/fairino_msgs/lib/libfairino_msgs__rosidl_typesupport_introspection_c.so
[2.136s] -- Up-to-date: /home/st/ywfBot_ws_v1.3/install/fairino_msgs/lib/libfairino_msgs__rosidl_typesupport_c.so
[2.137s] -- Up-to-date: /home/st/ywfBot_ws_v1.3/install/fairino_msgs/include/fairino_msgs/fairino_msgs
[2.137s] -- Up-to-date: /home/st/ywfBot_ws_v1.3/install/fairino_msgs/include/fairino_msgs/fairino_msgs/msg
[2.138s] -- Up-to-date: /home/st/ywfBot_ws_v1.3/install/fairino_msgs/include/fairino_msgs/fairino_msgs/msg/robot_nonrt_state.hpp
[2.138s] -- Up-to-date: /home/st/ywfBot_ws_v1.3/install/fairino_msgs/include/fairino_msgs/fairino_msgs/msg/rosidl_generator_cpp__visibility_control.hpp
[2.138s] -- Up-to-date: /home/st/ywfBot_ws_v1.3/install/fairino_msgs/include/fairino_msgs/fairino_msgs/msg/detail
[2.139s] -- Up-to-date: /home/st/ywfBot_ws_v1.3/install/fairino_msgs/include/fairino_msgs/fairino_msgs/msg/detail/robot_nonrt_state__struct.hpp
[2.139s] -- Up-to-date: /home/st/ywfBot_ws_v1.3/install/fairino_msgs/include/fairino_msgs/fairino_msgs/msg/detail/robot_nonrt_state__builder.hpp
[2.140s] -- Up-to-date: /home/st/ywfBot_ws_v1.3/install/fairino_msgs/include/fairino_msgs/fairino_msgs/msg/detail/robot_nonrt_state__type_support.hpp
[2.140s] -- Up-to-date: /home/st/ywfBot_ws_v1.3/install/fairino_msgs/include/fairino_msgs/fairino_msgs/msg/detail/robot_nonrt_state__traits.hpp
[2.140s] -- Up-to-date: /home/st/ywfBot_ws_v1.3/install/fairino_msgs/include/fairino_msgs/fairino_msgs/srv
[2.141s] -- Up-to-date: /home/st/ywfBot_ws_v1.3/install/fairino_msgs/include/fairino_msgs/fairino_msgs/srv/remote_script_content.hpp
[2.141s] -- Up-to-date: /home/st/ywfBot_ws_v1.3/install/fairino_msgs/include/fairino_msgs/fairino_msgs/srv/remote_cmd_interface.hpp
[2.141s] -- Up-to-date: /home/st/ywfBot_ws_v1.3/install/fairino_msgs/include/fairino_msgs/fairino_msgs/srv/detail
[2.141s] -- Up-to-date: /home/st/ywfBot_ws_v1.3/install/fairino_msgs/include/fairino_msgs/fairino_msgs/srv/detail/remote_script_content__traits.hpp
[2.142s] -- Up-to-date: /home/st/ywfBot_ws_v1.3/install/fairino_msgs/include/fairino_msgs/fairino_msgs/srv/detail/remote_cmd_interface__struct.hpp
[2.142s] -- Up-to-date: /home/st/ywfBot_ws_v1.3/install/fairino_msgs/include/fairino_msgs/fairino_msgs/srv/detail/remote_cmd_interface__type_support.hpp
[2.142s] -- Up-to-date: /home/st/ywfBot_ws_v1.3/install/fairino_msgs/include/fairino_msgs/fairino_msgs/srv/detail/remote_script_content__struct.hpp
[2.145s] -- Up-to-date: /home/st/ywfBot_ws_v1.3/install/fairino_msgs/include/fairino_msgs/fairino_msgs/srv/detail/remote_cmd_interface__builder.hpp
[2.146s] -- Up-to-date: /home/st/ywfBot_ws_v1.3/install/fairino_msgs/include/fairino_msgs/fairino_msgs/srv/detail/remote_script_content__type_support.hpp
[2.146s] -- Up-to-date: /home/st/ywfBot_ws_v1.3/install/fairino_msgs/include/fairino_msgs/fairino_msgs/srv/detail/remote_script_content__builder.hpp
[2.147s] -- Up-to-date: /home/st/ywfBot_ws_v1.3/install/fairino_msgs/include/fairino_msgs/fairino_msgs/srv/detail/remote_cmd_interface__traits.hpp
[2.148s] -- Up-to-date: /home/st/ywfBot_ws_v1.3/install/fairino_msgs/include/fairino_msgs/fairino_msgs
[2.148s] -- Up-to-date: /home/st/ywfBot_ws_v1.3/install/fairino_msgs/include/fairino_msgs/fairino_msgs/msg
[2.148s] -- Up-to-date: /home/st/ywfBot_ws_v1.3/install/fairino_msgs/include/fairino_msgs/fairino_msgs/msg/rosidl_typesupport_fastrtps_cpp__visibility_control.h
[2.148s] -- Up-to-date: /home/st/ywfBot_ws_v1.3/install/fairino_msgs/include/fairino_msgs/fairino_msgs/msg/detail
[2.148s] -- Up-to-date: /home/st/ywfBot_ws_v1.3/install/fairino_msgs/include/fairino_msgs/fairino_msgs/msg/detail/dds_fastrtps
[2.150s] -- Up-to-date: /home/st/ywfBot_ws_v1.3/install/fairino_msgs/include/fairino_msgs/fairino_msgs/msg/detail/robot_nonrt_state__rosidl_typesupport_fastrtps_cpp.hpp
[2.151s] -- Up-to-date: /home/st/ywfBot_ws_v1.3/install/fairino_msgs/include/fairino_msgs/fairino_msgs/srv
[2.151s] -- Up-to-date: /home/st/ywfBot_ws_v1.3/install/fairino_msgs/include/fairino_msgs/fairino_msgs/srv/detail
[2.151s] -- Up-to-date: /home/st/ywfBot_ws_v1.3/install/fairino_msgs/include/fairino_msgs/fairino_msgs/srv/detail/dds_fastrtps
[2.152s] -- Up-to-date: /home/st/ywfBot_ws_v1.3/install/fairino_msgs/include/fairino_msgs/fairino_msgs/srv/detail/remote_cmd_interface__rosidl_typesupport_fastrtps_cpp.hpp
[2.152s] -- Up-to-date: /home/st/ywfBot_ws_v1.3/install/fairino_msgs/include/fairino_msgs/fairino_msgs/srv/detail/remote_script_content__rosidl_typesupport_fastrtps_cpp.hpp
[2.153s] -- Up-to-date: /home/st/ywfBot_ws_v1.3/install/fairino_msgs/lib/libfairino_msgs__rosidl_typesupport_fastrtps_cpp.so
[2.153s] -- Up-to-date: /home/st/ywfBot_ws_v1.3/install/fairino_msgs/include/fairino_msgs/fairino_msgs
[2.153s] -- Up-to-date: /home/st/ywfBot_ws_v1.3/install/fairino_msgs/include/fairino_msgs/fairino_msgs/msg
[2.153s] -- Up-to-date: /home/st/ywfBot_ws_v1.3/install/fairino_msgs/include/fairino_msgs/fairino_msgs/msg/detail
[2.154s] -- Up-to-date: /home/st/ywfBot_ws_v1.3/install/fairino_msgs/include/fairino_msgs/fairino_msgs/msg/detail/robot_nonrt_state__rosidl_typesupport_introspection_cpp.hpp
[2.154s] -- Up-to-date: /home/st/ywfBot_ws_v1.3/install/fairino_msgs/include/fairino_msgs/fairino_msgs/msg/detail/robot_nonrt_state__type_support.cpp
[2.154s] -- Up-to-date: /home/st/ywfBot_ws_v1.3/install/fairino_msgs/include/fairino_msgs/fairino_msgs/srv
[2.154s] -- Up-to-date: /home/st/ywfBot_ws_v1.3/install/fairino_msgs/include/fairino_msgs/fairino_msgs/srv/detail
[2.154s] -- Up-to-date: /home/st/ywfBot_ws_v1.3/install/fairino_msgs/include/fairino_msgs/fairino_msgs/srv/detail/remote_script_content__rosidl_typesupport_introspection_cpp.hpp
[2.155s] -- Up-to-date: /home/st/ywfBot_ws_v1.3/install/fairino_msgs/include/fairino_msgs/fairino_msgs/srv/detail/remote_cmd_interface__type_support.cpp
[2.155s] -- Up-to-date: /home/st/ywfBot_ws_v1.3/install/fairino_msgs/include/fairino_msgs/fairino_msgs/srv/detail/remote_cmd_interface__rosidl_typesupport_introspection_cpp.hpp
[2.155s] -- Up-to-date: /home/st/ywfBot_ws_v1.3/install/fairino_msgs/include/fairino_msgs/fairino_msgs/srv/detail/remote_script_content__type_support.cpp
[2.155s] -- Up-to-date: /home/st/ywfBot_ws_v1.3/install/fairino_msgs/lib/libfairino_msgs__rosidl_typesupport_introspection_cpp.so
[2.155s] -- Up-to-date: /home/st/ywfBot_ws_v1.3/install/fairino_msgs/lib/libfairino_msgs__rosidl_typesupport_cpp.so
[2.156s] -- Up-to-date: /home/st/ywfBot_ws_v1.3/install/fairino_msgs/share/fairino_msgs/environment/pythonpath.sh
[2.156s] -- Up-to-date: /home/st/ywfBot_ws_v1.3/install/fairino_msgs/share/fairino_msgs/environment/pythonpath.dsv
[2.157s] -- Up-to-date: /home/st/ywfBot_ws_v1.3/install/fairino_msgs/local/lib/python3.10/dist-packages/fairino_msgs-0.0.0-py3.10.egg-info
[2.157s] -- Installing: /home/st/ywfBot_ws_v1.3/install/fairino_msgs/local/lib/python3.10/dist-packages/fairino_msgs-0.0.0-py3.10.egg-info/SOURCES.txt
[2.157s] -- Installing: /home/st/ywfBot_ws_v1.3/install/fairino_msgs/local/lib/python3.10/dist-packages/fairino_msgs-0.0.0-py3.10.egg-info/top_level.txt
[2.157s] -- Installing: /home/st/ywfBot_ws_v1.3/install/fairino_msgs/local/lib/python3.10/dist-packages/fairino_msgs-0.0.0-py3.10.egg-info/dependency_links.txt
[2.157s] -- Installing: /home/st/ywfBot_ws_v1.3/install/fairino_msgs/local/lib/python3.10/dist-packages/fairino_msgs-0.0.0-py3.10.egg-info/PKG-INFO
[2.157s] -- Up-to-date: /home/st/ywfBot_ws_v1.3/install/fairino_msgs/local/lib/python3.10/dist-packages/fairino_msgs
[2.157s] -- Up-to-date: /home/st/ywfBot_ws_v1.3/install/fairino_msgs/local/lib/python3.10/dist-packages/fairino_msgs/__init__.py
[2.158s] -- Up-to-date: /home/st/ywfBot_ws_v1.3/install/fairino_msgs/local/lib/python3.10/dist-packages/fairino_msgs/fairino_msgs_s__rosidl_typesupport_fastrtps_c.cpython-310-x86_64-linux-gnu.so
[2.158s] -- Up-to-date: /home/st/ywfBot_ws_v1.3/install/fairino_msgs/local/lib/python3.10/dist-packages/fairino_msgs/_fairino_msgs_s.ep.rosidl_typesupport_introspection_c.c
[2.158s] -- Up-to-date: /home/st/ywfBot_ws_v1.3/install/fairino_msgs/local/lib/python3.10/dist-packages/fairino_msgs/fairino_msgs_s__rosidl_typesupport_introspection_c.cpython-310-x86_64-linux-gnu.so
[2.158s] -- Up-to-date: /home/st/ywfBot_ws_v1.3/install/fairino_msgs/local/lib/python3.10/dist-packages/fairino_msgs/msg
[2.159s] -- Up-to-date: /home/st/ywfBot_ws_v1.3/install/fairino_msgs/local/lib/python3.10/dist-packages/fairino_msgs/msg/__init__.py
[2.159s] -- Up-to-date: /home/st/ywfBot_ws_v1.3/install/fairino_msgs/local/lib/python3.10/dist-packages/fairino_msgs/msg/_robot_nonrt_state.py
[2.159s] -- Up-to-date: /home/st/ywfBot_ws_v1.3/install/fairino_msgs/local/lib/python3.10/dist-packages/fairino_msgs/msg/_robot_nonrt_state_s.c
[2.161s] -- Up-to-date: /home/st/ywfBot_ws_v1.3/install/fairino_msgs/local/lib/python3.10/dist-packages/fairino_msgs/_fairino_msgs_s.ep.rosidl_typesupport_fastrtps_c.c
[2.161s] -- Up-to-date: /home/st/ywfBot_ws_v1.3/install/fairino_msgs/local/lib/python3.10/dist-packages/fairino_msgs/libfairino_msgs__rosidl_generator_py.so
[2.161s] -- Up-to-date: /home/st/ywfBot_ws_v1.3/install/fairino_msgs/local/lib/python3.10/dist-packages/fairino_msgs/srv
[2.162s] -- Up-to-date: /home/st/ywfBot_ws_v1.3/install/fairino_msgs/local/lib/python3.10/dist-packages/fairino_msgs/srv/__init__.py
[2.162s] -- Up-to-date: /home/st/ywfBot_ws_v1.3/install/fairino_msgs/local/lib/python3.10/dist-packages/fairino_msgs/srv/_remote_cmd_interface.py
[2.162s] -- Up-to-date: /home/st/ywfBot_ws_v1.3/install/fairino_msgs/local/lib/python3.10/dist-packages/fairino_msgs/srv/_remote_script_content.py
[2.162s] -- Up-to-date: /home/st/ywfBot_ws_v1.3/install/fairino_msgs/local/lib/python3.10/dist-packages/fairino_msgs/srv/_remote_script_content_s.c
[2.162s] -- Up-to-date: /home/st/ywfBot_ws_v1.3/install/fairino_msgs/local/lib/python3.10/dist-packages/fairino_msgs/srv/_remote_cmd_interface_s.c
[2.162s] -- Up-to-date: /home/st/ywfBot_ws_v1.3/install/fairino_msgs/local/lib/python3.10/dist-packages/fairino_msgs/_fairino_msgs_s.ep.rosidl_typesupport_c.c
[2.162s] -- Up-to-date: /home/st/ywfBot_ws_v1.3/install/fairino_msgs/local/lib/python3.10/dist-packages/fairino_msgs/fairino_msgs_s__rosidl_typesupport_c.cpython-310-x86_64-linux-gnu.so
[2.210s] Listing '/home/st/ywfBot_ws_v1.3/install/fairino_msgs/local/lib/python3.10/dist-packages/fairino_msgs'...
[2.210s] Listing '/home/st/ywfBot_ws_v1.3/install/fairino_msgs/local/lib/python3.10/dist-packages/fairino_msgs/msg'...
[2.210s] Listing '/home/st/ywfBot_ws_v1.3/install/fairino_msgs/local/lib/python3.10/dist-packages/fairino_msgs/srv'...
[2.231s] -- Up-to-date: /home/st/ywfBot_ws_v1.3/install/fairino_msgs/local/lib/python3.10/dist-packages/fairino_msgs/fairino_msgs_s__rosidl_typesupport_fastrtps_c.cpython-310-x86_64-linux-gnu.so
[2.231s] -- Up-to-date: /home/st/ywfBot_ws_v1.3/install/fairino_msgs/local/lib/python3.10/dist-packages/fairino_msgs/fairino_msgs_s__rosidl_typesupport_introspection_c.cpython-310-x86_64-linux-gnu.so
[2.231s] -- Up-to-date: /home/st/ywfBot_ws_v1.3/install/fairino_msgs/local/lib/python3.10/dist-packages/fairino_msgs/fairino_msgs_s__rosidl_typesupport_c.cpython-310-x86_64-linux-gnu.so
[2.231s] -- Up-to-date: /home/st/ywfBot_ws_v1.3/install/fairino_msgs/lib/libfairino_msgs__rosidl_generator_py.so
[2.231s] -- Up-to-date: /home/st/ywfBot_ws_v1.3/install/fairino_msgs/share/fairino_msgs/srv/RemoteCmdInterface.idl
[2.232s] -- Up-to-date: /home/st/ywfBot_ws_v1.3/install/fairino_msgs/share/fairino_msgs/srv/RemoteScriptContent.idl
[2.232s] -- Up-to-date: /home/st/ywfBot_ws_v1.3/install/fairino_msgs/share/fairino_msgs/msg/RobotNonrtState.idl
[2.232s] -- Up-to-date: /home/st/ywfBot_ws_v1.3/install/fairino_msgs/share/fairino_msgs/srv/RemoteCmdInterface.srv
[2.232s] -- Up-to-date: /home/st/ywfBot_ws_v1.3/install/fairino_msgs/share/fairino_msgs/srv/RemoteCmdInterface_Request.msg
[2.232s] -- Up-to-date: /home/st/ywfBot_ws_v1.3/install/fairino_msgs/share/fairino_msgs/srv/RemoteCmdInterface_Response.msg
[2.232s] -- Up-to-date: /home/st/ywfBot_ws_v1.3/install/fairino_msgs/share/fairino_msgs/srv/RemoteScriptContent.srv
[2.233s] -- Up-to-date: /home/st/ywfBot_ws_v1.3/install/fairino_msgs/share/fairino_msgs/srv/RemoteScriptContent_Request.msg
[2.233s] -- Up-to-date: /home/st/ywfBot_ws_v1.3/install/fairino_msgs/share/fairino_msgs/srv/RemoteScriptContent_Response.msg
[2.233s] -- Up-to-date: /home/st/ywfBot_ws_v1.3/install/fairino_msgs/share/fairino_msgs/msg/RobotNonrtState.msg
[2.233s] -- Up-to-date: /home/st/ywfBot_ws_v1.3/install/fairino_msgs/share/ament_index/resource_index/package_run_dependencies/fairino_msgs
[2.233s] -- Up-to-date: /home/st/ywfBot_ws_v1.3/install/fairino_msgs/share/ament_index/resource_index/parent_prefix_path/fairino_msgs
[2.233s] -- Up-to-date: /home/st/ywfBot_ws_v1.3/install/fairino_msgs/share/fairino_msgs/environment/ament_prefix_path.sh
[2.233s] -- Up-to-date: /home/st/ywfBot_ws_v1.3/install/fairino_msgs/share/fairino_msgs/environment/ament_prefix_path.dsv
[2.233s] -- Up-to-date: /home/st/ywfBot_ws_v1.3/install/fairino_msgs/share/fairino_msgs/environment/path.sh
[2.234s] -- Up-to-date: /home/st/ywfBot_ws_v1.3/install/fairino_msgs/share/fairino_msgs/environment/path.dsv
[2.234s] -- Up-to-date: /home/st/ywfBot_ws_v1.3/install/fairino_msgs/share/fairino_msgs/local_setup.bash
[2.234s] -- Up-to-date: /home/st/ywfBot_ws_v1.3/install/fairino_msgs/share/fairino_msgs/local_setup.sh
[2.234s] -- Up-to-date: /home/st/ywfBot_ws_v1.3/install/fairino_msgs/share/fairino_msgs/local_setup.zsh
[2.235s] -- Up-to-date: /home/st/ywfBot_ws_v1.3/install/fairino_msgs/share/fairino_msgs/local_setup.dsv
[2.235s] -- Installing: /home/st/ywfBot_ws_v1.3/install/fairino_msgs/share/fairino_msgs/package.dsv
[2.235s] -- Up-to-date: /home/st/ywfBot_ws_v1.3/install/fairino_msgs/share/ament_index/resource_index/packages/fairino_msgs
[2.235s] -- Up-to-date: /home/st/ywfBot_ws_v1.3/install/fairino_msgs/share/fairino_msgs/cmake/export_fairino_msgs__rosidl_generator_cExport.cmake
[2.235s] -- Up-to-date: /home/st/ywfBot_ws_v1.3/install/fairino_msgs/share/fairino_msgs/cmake/export_fairino_msgs__rosidl_generator_cExport-noconfig.cmake
[2.241s] -- Up-to-date: /home/st/ywfBot_ws_v1.3/install/fairino_msgs/share/fairino_msgs/cmake/export_fairino_msgs__rosidl_typesupport_fastrtps_cExport.cmake
[2.241s] -- Up-to-date: /home/st/ywfBot_ws_v1.3/install/fairino_msgs/share/fairino_msgs/cmake/export_fairino_msgs__rosidl_typesupport_fastrtps_cExport-noconfig.cmake
[2.241s] -- Up-to-date: /home/st/ywfBot_ws_v1.3/install/fairino_msgs/share/fairino_msgs/cmake/fairino_msgs__rosidl_typesupport_introspection_cExport.cmake
[2.242s] -- Up-to-date: /home/st/ywfBot_ws_v1.3/install/fairino_msgs/share/fairino_msgs/cmake/fairino_msgs__rosidl_typesupport_introspection_cExport-noconfig.cmake
[2.242s] -- Up-to-date: /home/st/ywfBot_ws_v1.3/install/fairino_msgs/share/fairino_msgs/cmake/fairino_msgs__rosidl_typesupport_cExport.cmake
[2.242s] -- Up-to-date: /home/st/ywfBot_ws_v1.3/install/fairino_msgs/share/fairino_msgs/cmake/fairino_msgs__rosidl_typesupport_cExport-noconfig.cmake
[2.242s] -- Up-to-date: /home/st/ywfBot_ws_v1.3/install/fairino_msgs/share/fairino_msgs/cmake/export_fairino_msgs__rosidl_generator_cppExport.cmake
[2.242s] -- Up-to-date: /home/st/ywfBot_ws_v1.3/install/fairino_msgs/share/fairino_msgs/cmake/export_fairino_msgs__rosidl_typesupport_fastrtps_cppExport.cmake
[2.242s] -- Up-to-date: /home/st/ywfBot_ws_v1.3/install/fairino_msgs/share/fairino_msgs/cmake/export_fairino_msgs__rosidl_typesupport_fastrtps_cppExport-noconfig.cmake
[2.247s] -- Up-to-date: /home/st/ywfBot_ws_v1.3/install/fairino_msgs/share/fairino_msgs/cmake/fairino_msgs__rosidl_typesupport_introspection_cppExport.cmake
[2.248s] -- Up-to-date: /home/st/ywfBot_ws_v1.3/install/fairino_msgs/share/fairino_msgs/cmake/fairino_msgs__rosidl_typesupport_introspection_cppExport-noconfig.cmake
[2.249s] -- Up-to-date: /home/st/ywfBot_ws_v1.3/install/fairino_msgs/share/fairino_msgs/cmake/fairino_msgs__rosidl_typesupport_cppExport.cmake
[2.249s] -- Up-to-date: /home/st/ywfBot_ws_v1.3/install/fairino_msgs/share/fairino_msgs/cmake/fairino_msgs__rosidl_typesupport_cppExport-noconfig.cmake
[2.249s] -- Up-to-date: /home/st/ywfBot_ws_v1.3/install/fairino_msgs/share/fairino_msgs/cmake/export_fairino_msgs__rosidl_generator_pyExport.cmake
[2.249s] -- Up-to-date: /home/st/ywfBot_ws_v1.3/install/fairino_msgs/share/fairino_msgs/cmake/export_fairino_msgs__rosidl_generator_pyExport-noconfig.cmake
[2.249s] -- Up-to-date: /home/st/ywfBot_ws_v1.3/install/fairino_msgs/share/fairino_msgs/cmake/rosidl_cmake-extras.cmake
[2.249s] -- Up-to-date: /home/st/ywfBot_ws_v1.3/install/fairino_msgs/share/fairino_msgs/cmake/ament_cmake_export_include_directories-extras.cmake
[2.249s] -- Up-to-date: /home/st/ywfBot_ws_v1.3/install/fairino_msgs/share/fairino_msgs/cmake/ament_cmake_export_libraries-extras.cmake
[2.250s] -- Up-to-date: /home/st/ywfBot_ws_v1.3/install/fairino_msgs/share/fairino_msgs/cmake/ament_cmake_export_targets-extras.cmake
[2.250s] -- Up-to-date: /home/st/ywfBot_ws_v1.3/install/fairino_msgs/share/fairino_msgs/cmake/rosidl_cmake_export_typesupport_targets-extras.cmake
[2.250s] -- Up-to-date: /home/st/ywfBot_ws_v1.3/install/fairino_msgs/share/fairino_msgs/cmake/ament_cmake_export_dependencies-extras.cmake
[2.250s] -- Up-to-date: /home/st/ywfBot_ws_v1.3/install/fairino_msgs/share/fairino_msgs/cmake/rosidl_cmake_export_typesupport_libraries-extras.cmake
[2.252s] -- Up-to-date: /home/st/ywfBot_ws_v1.3/install/fairino_msgs/share/fairino_msgs/cmake/fairino_msgsConfig.cmake
[2.253s] -- Up-to-date: /home/st/ywfBot_ws_v1.3/install/fairino_msgs/share/fairino_msgs/cmake/fairino_msgsConfig-version.cmake
[2.255s] -- Up-to-date: /home/st/ywfBot_ws_v1.3/install/fairino_msgs/share/fairino_msgs/package.xml
[2.581s] Invoked command in '/home/st/ywfBot_ws_v1.3.1/build/fairino_msgs' returned '0': CMAKE_PREFIX_PATH=${CMAKE_PREFIX_PATH}:/home/st/ywfBot_ws_v1.3/install/py_action_client:/home/st/ywfBot_ws_v1.3/install/py_action:/home/st/ros2_control_ws/install/rqt_joint_trajectory_controller:/home/st/ros2_control_ws/install/rqt_controller_manager:/home/st/ros2_control_ws/install/ros2controlcli:/home/st/ros2_control_ws/install/ros2_controllers_test_nodes:/home/st/ros2_control_ws/install/ros2_control_demo_testing:/home/st/ywfBot_ws_v1.1/install/py_action_client:/home/st/ywfBot_ws_v1.1/install/py_action:/home/st/ywfBot_ws_v1.1/install/moveit2_ywf_interface:/home/st/ywfBot_ws_v1.1/install/moveit_ywf_msg:/home/st/ywfBot_ws_v1.1/install/fairino_hardware:/home/st/ywfBot_ws_v1.1/install/fairino_msgs:/home/st/ywfBot_ws/install/py_action_client:/home/st/ywfBot_ws/install/py_action:/home/st/ywfBot_ws/install/moveit2_ywf_interface:/home/st/ywfBot_ws/install/moveit_ywf_msg:/home/st/ywfBot_ws/install/frhal_msgs:/home/st/ywfBot_ws/install/fr_ros2:/home/st/moveit2_humble_ws/install/moveit_configs_utils:/home/st/moveit2_humble_ws/install/launch_param_builder:/opt/ros/humble /usr/bin/cmake --install /home/st/ywfBot_ws_v1.3.1/build/fairino_msgs
