[0.092s] Invoking command in '/home/st/ywfBot_ws/build/frhal_msgs': CMAKE_PREFIX_PATH=/opt/ros/humble /usr/bin/cmake --build /home/st/ywfBot_ws/build/frhal_msgs -- -j16 -l16
[1.519s] [  1%] Built target frhal_msgs__cpp
[1.519s] [ 12%] Built target frhal_msgs__rosidl_generator_c
[1.523s] [ 12%] Built target ament_cmake_python_copy_frhal_msgs
[1.524s] [ 23%] Built target frhal_msgs__rosidl_typesupport_cpp
[1.524s] [ 34%] Built target frhal_msgs__rosidl_typesupport_fastrtps_c
[1.524s] [ 46%] Built target frhal_msgs__rosidl_typesupport_fastrtps_cpp
[1.526s] [ 57%] Built target frhal_msgs__rosidl_typesupport_introspection_c
[1.526s] [ 68%] Built target frhal_msgs__rosidl_typesupport_c
[1.526s] [ 79%] Built target frhal_msgs__rosidl_typesupport_introspection_cpp
[1.526s] [ 79%] Built target frhal_msgs
[1.526s] [ 80%] Built target frhal_msgs__py
[1.526s] [ 90%] Built target frhal_msgs__rosidl_generator_py
[1.526s] [ 93%] Built target frhal_msgs__rosidl_typesupport_fastrtps_c__pyext
[1.526s] [ 96%] Built target frhal_msgs__rosidl_typesupport_introspection_c__pyext
[1.527s] [100%] Built target frhal_msgs__rosidl_typesupport_c__pyext
[1.529s] running egg_info
[1.529s] writing frhal_msgs.egg-info/PKG-INFO
[1.529s] writing dependency_links to frhal_msgs.egg-info/dependency_links.txt
[1.529s] writing top-level names to frhal_msgs.egg-info/top_level.txt
[1.529s] reading manifest file 'frhal_msgs.egg-info/SOURCES.txt'
[1.529s] writing manifest file 'frhal_msgs.egg-info/SOURCES.txt'
[1.530s] [100%] Built target ament_cmake_python_build_frhal_msgs_egg
[1.536s] Invoked command in '/home/st/ywfBot_ws/build/frhal_msgs' returned '0': CMAKE_PREFIX_PATH=/opt/ros/humble /usr/bin/cmake --build /home/st/ywfBot_ws/build/frhal_msgs -- -j16 -l16
[2.137s] Invoking command in '/home/st/ywfBot_ws/build/frhal_msgs': CMAKE_PREFIX_PATH=/opt/ros/humble /usr/bin/cmake --install /home/st/ywfBot_ws/build/frhal_msgs
[2.151s] -- Install configuration: ""
[2.159s] -- Up-to-date: /home/st/ywfBot_ws/install/frhal_msgs/share/ament_index/resource_index/rosidl_interfaces/frhal_msgs
[2.159s] -- Up-to-date: /home/st/ywfBot_ws/install/frhal_msgs/include/frhal_msgs/frhal_msgs
[2.159s] -- Up-to-date: /home/st/ywfBot_ws/install/frhal_msgs/include/frhal_msgs/frhal_msgs/msg
[2.159s] -- Up-to-date: /home/st/ywfBot_ws/install/frhal_msgs/include/frhal_msgs/frhal_msgs/msg/rosidl_generator_c__visibility_control.h
[2.159s] -- Up-to-date: /home/st/ywfBot_ws/install/frhal_msgs/include/frhal_msgs/frhal_msgs/msg/fr_state.h
[2.160s] -- Up-to-date: /home/st/ywfBot_ws/install/frhal_msgs/include/frhal_msgs/frhal_msgs/msg/detail
[2.160s] -- Up-to-date: /home/st/ywfBot_ws/install/frhal_msgs/include/frhal_msgs/frhal_msgs/msg/detail/fr_state__type_support.h
[2.160s] -- Up-to-date: /home/st/ywfBot_ws/install/frhal_msgs/include/frhal_msgs/frhal_msgs/msg/detail/fr_state__functions.c
[2.160s] -- Up-to-date: /home/st/ywfBot_ws/install/frhal_msgs/include/frhal_msgs/frhal_msgs/msg/detail/fr_state__functions.h
[2.160s] -- Up-to-date: /home/st/ywfBot_ws/install/frhal_msgs/include/frhal_msgs/frhal_msgs/msg/detail/fr_state__struct.h
[2.160s] -- Up-to-date: /home/st/ywfBot_ws/install/frhal_msgs/include/frhal_msgs/frhal_msgs/srv
[2.160s] -- Up-to-date: /home/st/ywfBot_ws/install/frhal_msgs/include/frhal_msgs/frhal_msgs/srv/trigger.h
[2.161s] -- Up-to-date: /home/st/ywfBot_ws/install/frhal_msgs/include/frhal_msgs/frhal_msgs/srv/robot_interface.h
[2.161s] -- Up-to-date: /home/st/ywfBot_ws/install/frhal_msgs/include/frhal_msgs/frhal_msgs/srv/calib_interface.h
[2.161s] -- Up-to-date: /home/st/ywfBot_ws/install/frhal_msgs/include/frhal_msgs/frhal_msgs/srv/ros_cmd_interface.h
[2.161s] -- Up-to-date: /home/st/ywfBot_ws/install/frhal_msgs/include/frhal_msgs/frhal_msgs/srv/detail
[2.161s] -- Up-to-date: /home/st/ywfBot_ws/install/frhal_msgs/include/frhal_msgs/frhal_msgs/srv/detail/ros_cmd_interface__type_support.h
[2.161s] -- Up-to-date: /home/st/ywfBot_ws/install/frhal_msgs/include/frhal_msgs/frhal_msgs/srv/detail/trigger__functions.h
[2.161s] -- Up-to-date: /home/st/ywfBot_ws/install/frhal_msgs/include/frhal_msgs/frhal_msgs/srv/detail/robot_interface__type_support.h
[2.161s] -- Up-to-date: /home/st/ywfBot_ws/install/frhal_msgs/include/frhal_msgs/frhal_msgs/srv/detail/ros_cmd_interface__struct.h
[2.162s] -- Up-to-date: /home/st/ywfBot_ws/install/frhal_msgs/include/frhal_msgs/frhal_msgs/srv/detail/trigger__functions.c
[2.162s] -- Up-to-date: /home/st/ywfBot_ws/install/frhal_msgs/include/frhal_msgs/frhal_msgs/srv/detail/trigger__struct.h
[2.162s] -- Up-to-date: /home/st/ywfBot_ws/install/frhal_msgs/include/frhal_msgs/frhal_msgs/srv/detail/calib_interface__type_support.h
[2.162s] -- Up-to-date: /home/st/ywfBot_ws/install/frhal_msgs/include/frhal_msgs/frhal_msgs/srv/detail/ros_cmd_interface__functions.h
[2.162s] -- Up-to-date: /home/st/ywfBot_ws/install/frhal_msgs/include/frhal_msgs/frhal_msgs/srv/detail/calib_interface__functions.c
[2.162s] -- Up-to-date: /home/st/ywfBot_ws/install/frhal_msgs/include/frhal_msgs/frhal_msgs/srv/detail/robot_interface__struct.h
[2.162s] -- Up-to-date: /home/st/ywfBot_ws/install/frhal_msgs/include/frhal_msgs/frhal_msgs/srv/detail/calib_interface__struct.h
[2.162s] -- Up-to-date: /home/st/ywfBot_ws/install/frhal_msgs/include/frhal_msgs/frhal_msgs/srv/detail/robot_interface__functions.h
[2.163s] -- Up-to-date: /home/st/ywfBot_ws/install/frhal_msgs/include/frhal_msgs/frhal_msgs/srv/detail/calib_interface__functions.h
[2.163s] -- Up-to-date: /home/st/ywfBot_ws/install/frhal_msgs/include/frhal_msgs/frhal_msgs/srv/detail/ros_cmd_interface__functions.c
[2.163s] -- Up-to-date: /home/st/ywfBot_ws/install/frhal_msgs/include/frhal_msgs/frhal_msgs/srv/detail/robot_interface__functions.c
[2.178s] -- Up-to-date: /home/st/ywfBot_ws/install/frhal_msgs/include/frhal_msgs/frhal_msgs/srv/detail/trigger__type_support.h
[2.178s] -- Up-to-date: /home/st/ywfBot_ws/install/frhal_msgs/share/frhal_msgs/environment/library_path.sh
[2.178s] -- Up-to-date: /home/st/ywfBot_ws/install/frhal_msgs/share/frhal_msgs/environment/library_path.dsv
[2.179s] -- Up-to-date: /home/st/ywfBot_ws/install/frhal_msgs/lib/libfrhal_msgs__rosidl_generator_c.so
[2.179s] -- Up-to-date: /home/st/ywfBot_ws/install/frhal_msgs/include/frhal_msgs/frhal_msgs
[2.179s] -- Up-to-date: /home/st/ywfBot_ws/install/frhal_msgs/include/frhal_msgs/frhal_msgs/msg
[2.179s] -- Up-to-date: /home/st/ywfBot_ws/install/frhal_msgs/include/frhal_msgs/frhal_msgs/msg/rosidl_typesupport_fastrtps_c__visibility_control.h
[2.179s] -- Up-to-date: /home/st/ywfBot_ws/install/frhal_msgs/include/frhal_msgs/frhal_msgs/msg/detail
[2.179s] -- Up-to-date: /home/st/ywfBot_ws/install/frhal_msgs/include/frhal_msgs/frhal_msgs/msg/detail/fr_state__rosidl_typesupport_fastrtps_c.h
[2.179s] -- Up-to-date: /home/st/ywfBot_ws/install/frhal_msgs/include/frhal_msgs/frhal_msgs/srv
[2.180s] -- Up-to-date: /home/st/ywfBot_ws/install/frhal_msgs/include/frhal_msgs/frhal_msgs/srv/detail
[2.180s] -- Up-to-date: /home/st/ywfBot_ws/install/frhal_msgs/include/frhal_msgs/frhal_msgs/srv/detail/robot_interface__rosidl_typesupport_fastrtps_c.h
[2.180s] -- Up-to-date: /home/st/ywfBot_ws/install/frhal_msgs/include/frhal_msgs/frhal_msgs/srv/detail/trigger__rosidl_typesupport_fastrtps_c.h
[2.180s] -- Up-to-date: /home/st/ywfBot_ws/install/frhal_msgs/include/frhal_msgs/frhal_msgs/srv/detail/calib_interface__rosidl_typesupport_fastrtps_c.h
[2.180s] -- Up-to-date: /home/st/ywfBot_ws/install/frhal_msgs/include/frhal_msgs/frhal_msgs/srv/detail/ros_cmd_interface__rosidl_typesupport_fastrtps_c.h
[2.180s] -- Up-to-date: /home/st/ywfBot_ws/install/frhal_msgs/lib/libfrhal_msgs__rosidl_typesupport_fastrtps_c.so
[2.180s] -- Up-to-date: /home/st/ywfBot_ws/install/frhal_msgs/include/frhal_msgs/frhal_msgs
[2.181s] -- Up-to-date: /home/st/ywfBot_ws/install/frhal_msgs/include/frhal_msgs/frhal_msgs/msg
[2.181s] -- Up-to-date: /home/st/ywfBot_ws/install/frhal_msgs/include/frhal_msgs/frhal_msgs/msg/rosidl_typesupport_introspection_c__visibility_control.h
[2.181s] -- Up-to-date: /home/st/ywfBot_ws/install/frhal_msgs/include/frhal_msgs/frhal_msgs/msg/detail
[2.181s] -- Up-to-date: /home/st/ywfBot_ws/install/frhal_msgs/include/frhal_msgs/frhal_msgs/msg/detail/fr_state__type_support.c
[2.181s] -- Up-to-date: /home/st/ywfBot_ws/install/frhal_msgs/include/frhal_msgs/frhal_msgs/msg/detail/fr_state__rosidl_typesupport_introspection_c.h
[2.181s] -- Up-to-date: /home/st/ywfBot_ws/install/frhal_msgs/include/frhal_msgs/frhal_msgs/srv
[2.181s] -- Up-to-date: /home/st/ywfBot_ws/install/frhal_msgs/include/frhal_msgs/frhal_msgs/srv/detail
[2.181s] -- Up-to-date: /home/st/ywfBot_ws/install/frhal_msgs/include/frhal_msgs/frhal_msgs/srv/detail/trigger__rosidl_typesupport_introspection_c.h
[2.182s] -- Up-to-date: /home/st/ywfBot_ws/install/frhal_msgs/include/frhal_msgs/frhal_msgs/srv/detail/trigger__type_support.c
[2.182s] -- Up-to-date: /home/st/ywfBot_ws/install/frhal_msgs/include/frhal_msgs/frhal_msgs/srv/detail/calib_interface__rosidl_typesupport_introspection_c.h
[2.182s] -- Up-to-date: /home/st/ywfBot_ws/install/frhal_msgs/include/frhal_msgs/frhal_msgs/srv/detail/ros_cmd_interface__rosidl_typesupport_introspection_c.h
[2.182s] -- Up-to-date: /home/st/ywfBot_ws/install/frhal_msgs/include/frhal_msgs/frhal_msgs/srv/detail/robot_interface__type_support.c
[2.182s] -- Up-to-date: /home/st/ywfBot_ws/install/frhal_msgs/include/frhal_msgs/frhal_msgs/srv/detail/ros_cmd_interface__type_support.c
[2.182s] -- Up-to-date: /home/st/ywfBot_ws/install/frhal_msgs/include/frhal_msgs/frhal_msgs/srv/detail/robot_interface__rosidl_typesupport_introspection_c.h
[2.183s] -- Up-to-date: /home/st/ywfBot_ws/install/frhal_msgs/include/frhal_msgs/frhal_msgs/srv/detail/calib_interface__type_support.c
[2.183s] -- Up-to-date: /home/st/ywfBot_ws/install/frhal_msgs/lib/libfrhal_msgs__rosidl_typesupport_introspection_c.so
[2.183s] -- Up-to-date: /home/st/ywfBot_ws/install/frhal_msgs/lib/libfrhal_msgs__rosidl_typesupport_c.so
[2.183s] -- Up-to-date: /home/st/ywfBot_ws/install/frhal_msgs/include/frhal_msgs/frhal_msgs
[2.183s] -- Up-to-date: /home/st/ywfBot_ws/install/frhal_msgs/include/frhal_msgs/frhal_msgs/msg
[2.183s] -- Up-to-date: /home/st/ywfBot_ws/install/frhal_msgs/include/frhal_msgs/frhal_msgs/msg/fr_state.hpp
[2.183s] -- Up-to-date: /home/st/ywfBot_ws/install/frhal_msgs/include/frhal_msgs/frhal_msgs/msg/rosidl_generator_cpp__visibility_control.hpp
[2.183s] -- Up-to-date: /home/st/ywfBot_ws/install/frhal_msgs/include/frhal_msgs/frhal_msgs/msg/detail
[2.184s] -- Up-to-date: /home/st/ywfBot_ws/install/frhal_msgs/include/frhal_msgs/frhal_msgs/msg/detail/fr_state__builder.hpp
[2.184s] -- Up-to-date: /home/st/ywfBot_ws/install/frhal_msgs/include/frhal_msgs/frhal_msgs/msg/detail/fr_state__traits.hpp
[2.184s] -- Up-to-date: /home/st/ywfBot_ws/install/frhal_msgs/include/frhal_msgs/frhal_msgs/msg/detail/fr_state__type_support.hpp
[2.184s] -- Up-to-date: /home/st/ywfBot_ws/install/frhal_msgs/include/frhal_msgs/frhal_msgs/msg/detail/fr_state__struct.hpp
[2.184s] -- Up-to-date: /home/st/ywfBot_ws/install/frhal_msgs/include/frhal_msgs/frhal_msgs/srv
[2.184s] -- Up-to-date: /home/st/ywfBot_ws/install/frhal_msgs/include/frhal_msgs/frhal_msgs/srv/robot_interface.hpp
[2.184s] -- Up-to-date: /home/st/ywfBot_ws/install/frhal_msgs/include/frhal_msgs/frhal_msgs/srv/trigger.hpp
[2.184s] -- Up-to-date: /home/st/ywfBot_ws/install/frhal_msgs/include/frhal_msgs/frhal_msgs/srv/calib_interface.hpp
[2.185s] -- Up-to-date: /home/st/ywfBot_ws/install/frhal_msgs/include/frhal_msgs/frhal_msgs/srv/ros_cmd_interface.hpp
[2.185s] -- Up-to-date: /home/st/ywfBot_ws/install/frhal_msgs/include/frhal_msgs/frhal_msgs/srv/detail
[2.185s] -- Up-to-date: /home/st/ywfBot_ws/install/frhal_msgs/include/frhal_msgs/frhal_msgs/srv/detail/robot_interface__struct.hpp
[2.185s] -- Up-to-date: /home/st/ywfBot_ws/install/frhal_msgs/include/frhal_msgs/frhal_msgs/srv/detail/robot_interface__builder.hpp
[2.185s] -- Up-to-date: /home/st/ywfBot_ws/install/frhal_msgs/include/frhal_msgs/frhal_msgs/srv/detail/calib_interface__type_support.hpp
[2.185s] -- Up-to-date: /home/st/ywfBot_ws/install/frhal_msgs/include/frhal_msgs/frhal_msgs/srv/detail/calib_interface__struct.hpp
[2.185s] -- Up-to-date: /home/st/ywfBot_ws/install/frhal_msgs/include/frhal_msgs/frhal_msgs/srv/detail/calib_interface__builder.hpp
[2.186s] -- Up-to-date: /home/st/ywfBot_ws/install/frhal_msgs/include/frhal_msgs/frhal_msgs/srv/detail/trigger__builder.hpp
[2.186s] -- Up-to-date: /home/st/ywfBot_ws/install/frhal_msgs/include/frhal_msgs/frhal_msgs/srv/detail/trigger__traits.hpp
[2.186s] -- Up-to-date: /home/st/ywfBot_ws/install/frhal_msgs/include/frhal_msgs/frhal_msgs/srv/detail/trigger__struct.hpp
[2.186s] -- Up-to-date: /home/st/ywfBot_ws/install/frhal_msgs/include/frhal_msgs/frhal_msgs/srv/detail/ros_cmd_interface__builder.hpp
[2.186s] -- Up-to-date: /home/st/ywfBot_ws/install/frhal_msgs/include/frhal_msgs/frhal_msgs/srv/detail/ros_cmd_interface__traits.hpp
[2.186s] -- Up-to-date: /home/st/ywfBot_ws/install/frhal_msgs/include/frhal_msgs/frhal_msgs/srv/detail/ros_cmd_interface__type_support.hpp
[2.186s] -- Up-to-date: /home/st/ywfBot_ws/install/frhal_msgs/include/frhal_msgs/frhal_msgs/srv/detail/trigger__type_support.hpp
[2.186s] -- Up-to-date: /home/st/ywfBot_ws/install/frhal_msgs/include/frhal_msgs/frhal_msgs/srv/detail/robot_interface__type_support.hpp
[2.187s] -- Up-to-date: /home/st/ywfBot_ws/install/frhal_msgs/include/frhal_msgs/frhal_msgs/srv/detail/ros_cmd_interface__struct.hpp
[2.187s] -- Up-to-date: /home/st/ywfBot_ws/install/frhal_msgs/include/frhal_msgs/frhal_msgs/srv/detail/robot_interface__traits.hpp
[2.187s] -- Up-to-date: /home/st/ywfBot_ws/install/frhal_msgs/include/frhal_msgs/frhal_msgs/srv/detail/calib_interface__traits.hpp
[2.187s] -- Up-to-date: /home/st/ywfBot_ws/install/frhal_msgs/include/frhal_msgs/frhal_msgs
[2.187s] -- Up-to-date: /home/st/ywfBot_ws/install/frhal_msgs/include/frhal_msgs/frhal_msgs/msg
[2.187s] -- Up-to-date: /home/st/ywfBot_ws/install/frhal_msgs/include/frhal_msgs/frhal_msgs/msg/rosidl_typesupport_fastrtps_cpp__visibility_control.h
[2.187s] -- Up-to-date: /home/st/ywfBot_ws/install/frhal_msgs/include/frhal_msgs/frhal_msgs/msg/detail
[2.188s] -- Up-to-date: /home/st/ywfBot_ws/install/frhal_msgs/include/frhal_msgs/frhal_msgs/msg/detail/dds_fastrtps
[2.188s] -- Up-to-date: /home/st/ywfBot_ws/install/frhal_msgs/include/frhal_msgs/frhal_msgs/msg/detail/fr_state__rosidl_typesupport_fastrtps_cpp.hpp
[2.188s] -- Up-to-date: /home/st/ywfBot_ws/install/frhal_msgs/include/frhal_msgs/frhal_msgs/srv
[2.188s] -- Up-to-date: /home/st/ywfBot_ws/install/frhal_msgs/include/frhal_msgs/frhal_msgs/srv/detail
[2.188s] -- Up-to-date: /home/st/ywfBot_ws/install/frhal_msgs/include/frhal_msgs/frhal_msgs/srv/detail/ros_cmd_interface__rosidl_typesupport_fastrtps_cpp.hpp
[2.188s] -- Up-to-date: /home/st/ywfBot_ws/install/frhal_msgs/include/frhal_msgs/frhal_msgs/srv/detail/trigger__rosidl_typesupport_fastrtps_cpp.hpp
[2.189s] -- Up-to-date: /home/st/ywfBot_ws/install/frhal_msgs/include/frhal_msgs/frhal_msgs/srv/detail/dds_fastrtps
[2.189s] -- Up-to-date: /home/st/ywfBot_ws/install/frhal_msgs/include/frhal_msgs/frhal_msgs/srv/detail/robot_interface__rosidl_typesupport_fastrtps_cpp.hpp
[2.189s] -- Up-to-date: /home/st/ywfBot_ws/install/frhal_msgs/include/frhal_msgs/frhal_msgs/srv/detail/calib_interface__rosidl_typesupport_fastrtps_cpp.hpp
[2.189s] -- Up-to-date: /home/st/ywfBot_ws/install/frhal_msgs/lib/libfrhal_msgs__rosidl_typesupport_fastrtps_cpp.so
[2.189s] -- Up-to-date: /home/st/ywfBot_ws/install/frhal_msgs/include/frhal_msgs/frhal_msgs
[2.189s] -- Up-to-date: /home/st/ywfBot_ws/install/frhal_msgs/include/frhal_msgs/frhal_msgs/msg
[2.189s] -- Up-to-date: /home/st/ywfBot_ws/install/frhal_msgs/include/frhal_msgs/frhal_msgs/msg/detail
[2.189s] -- Up-to-date: /home/st/ywfBot_ws/install/frhal_msgs/include/frhal_msgs/frhal_msgs/msg/detail/fr_state__rosidl_typesupport_introspection_cpp.hpp
[2.190s] -- Up-to-date: /home/st/ywfBot_ws/install/frhal_msgs/include/frhal_msgs/frhal_msgs/msg/detail/fr_state__type_support.cpp
[2.190s] -- Up-to-date: /home/st/ywfBot_ws/install/frhal_msgs/include/frhal_msgs/frhal_msgs/srv
[2.190s] -- Up-to-date: /home/st/ywfBot_ws/install/frhal_msgs/include/frhal_msgs/frhal_msgs/srv/detail
[2.190s] -- Up-to-date: /home/st/ywfBot_ws/install/frhal_msgs/include/frhal_msgs/frhal_msgs/srv/detail/ros_cmd_interface__type_support.cpp
[2.190s] -- Up-to-date: /home/st/ywfBot_ws/install/frhal_msgs/include/frhal_msgs/frhal_msgs/srv/detail/calib_interface__rosidl_typesupport_introspection_cpp.hpp
[2.190s] -- Up-to-date: /home/st/ywfBot_ws/install/frhal_msgs/include/frhal_msgs/frhal_msgs/srv/detail/trigger__type_support.cpp
[2.190s] -- Up-to-date: /home/st/ywfBot_ws/install/frhal_msgs/include/frhal_msgs/frhal_msgs/srv/detail/trigger__rosidl_typesupport_introspection_cpp.hpp
[2.190s] -- Up-to-date: /home/st/ywfBot_ws/install/frhal_msgs/include/frhal_msgs/frhal_msgs/srv/detail/robot_interface__rosidl_typesupport_introspection_cpp.hpp
[2.191s] -- Up-to-date: /home/st/ywfBot_ws/install/frhal_msgs/include/frhal_msgs/frhal_msgs/srv/detail/robot_interface__type_support.cpp
[2.191s] -- Up-to-date: /home/st/ywfBot_ws/install/frhal_msgs/include/frhal_msgs/frhal_msgs/srv/detail/calib_interface__type_support.cpp
[2.191s] -- Up-to-date: /home/st/ywfBot_ws/install/frhal_msgs/include/frhal_msgs/frhal_msgs/srv/detail/ros_cmd_interface__rosidl_typesupport_introspection_cpp.hpp
[2.191s] -- Up-to-date: /home/st/ywfBot_ws/install/frhal_msgs/lib/libfrhal_msgs__rosidl_typesupport_introspection_cpp.so
[2.191s] -- Up-to-date: /home/st/ywfBot_ws/install/frhal_msgs/lib/libfrhal_msgs__rosidl_typesupport_cpp.so
[2.191s] -- Up-to-date: /home/st/ywfBot_ws/install/frhal_msgs/share/frhal_msgs/environment/pythonpath.sh
[2.191s] -- Up-to-date: /home/st/ywfBot_ws/install/frhal_msgs/share/frhal_msgs/environment/pythonpath.dsv
[2.191s] -- Up-to-date: /home/st/ywfBot_ws/install/frhal_msgs/local/lib/python3.10/dist-packages/frhal_msgs-0.0.0-py3.10.egg-info
[2.192s] -- Installing: /home/st/ywfBot_ws/install/frhal_msgs/local/lib/python3.10/dist-packages/frhal_msgs-0.0.0-py3.10.egg-info/SOURCES.txt
[2.192s] -- Installing: /home/st/ywfBot_ws/install/frhal_msgs/local/lib/python3.10/dist-packages/frhal_msgs-0.0.0-py3.10.egg-info/top_level.txt
[2.192s] -- Installing: /home/st/ywfBot_ws/install/frhal_msgs/local/lib/python3.10/dist-packages/frhal_msgs-0.0.0-py3.10.egg-info/dependency_links.txt
[2.192s] -- Installing: /home/st/ywfBot_ws/install/frhal_msgs/local/lib/python3.10/dist-packages/frhal_msgs-0.0.0-py3.10.egg-info/PKG-INFO
[2.192s] -- Up-to-date: /home/st/ywfBot_ws/install/frhal_msgs/local/lib/python3.10/dist-packages/frhal_msgs
[2.192s] -- Up-to-date: /home/st/ywfBot_ws/install/frhal_msgs/local/lib/python3.10/dist-packages/frhal_msgs/__init__.py
[2.192s] -- Up-to-date: /home/st/ywfBot_ws/install/frhal_msgs/local/lib/python3.10/dist-packages/frhal_msgs/_frhal_msgs_s.ep.rosidl_typesupport_fastrtps_c.c
[2.192s] -- Up-to-date: /home/st/ywfBot_ws/install/frhal_msgs/local/lib/python3.10/dist-packages/frhal_msgs/frhal_msgs_s__rosidl_typesupport_introspection_c.cpython-310-x86_64-linux-gnu.so
[2.193s] -- Up-to-date: /home/st/ywfBot_ws/install/frhal_msgs/local/lib/python3.10/dist-packages/frhal_msgs/_frhal_msgs_s.ep.rosidl_typesupport_introspection_c.c
[2.193s] -- Up-to-date: /home/st/ywfBot_ws/install/frhal_msgs/local/lib/python3.10/dist-packages/frhal_msgs/libfrhal_msgs__rosidl_generator_py.so
[2.193s] -- Up-to-date: /home/st/ywfBot_ws/install/frhal_msgs/local/lib/python3.10/dist-packages/frhal_msgs/msg
[2.193s] -- Up-to-date: /home/st/ywfBot_ws/install/frhal_msgs/local/lib/python3.10/dist-packages/frhal_msgs/msg/__init__.py
[2.193s] -- Up-to-date: /home/st/ywfBot_ws/install/frhal_msgs/local/lib/python3.10/dist-packages/frhal_msgs/msg/_fr_state.py
[2.193s] -- Up-to-date: /home/st/ywfBot_ws/install/frhal_msgs/local/lib/python3.10/dist-packages/frhal_msgs/msg/_fr_state_s.c
[2.193s] -- Up-to-date: /home/st/ywfBot_ws/install/frhal_msgs/local/lib/python3.10/dist-packages/frhal_msgs/_frhal_msgs_s.ep.rosidl_typesupport_c.c
[2.193s] -- Up-to-date: /home/st/ywfBot_ws/install/frhal_msgs/local/lib/python3.10/dist-packages/frhal_msgs/frhal_msgs_s__rosidl_typesupport_c.cpython-310-x86_64-linux-gnu.so
[2.193s] -- Up-to-date: /home/st/ywfBot_ws/install/frhal_msgs/local/lib/python3.10/dist-packages/frhal_msgs/srv
[2.194s] -- Up-to-date: /home/st/ywfBot_ws/install/frhal_msgs/local/lib/python3.10/dist-packages/frhal_msgs/srv/__init__.py
[2.195s] -- Up-to-date: /home/st/ywfBot_ws/install/frhal_msgs/local/lib/python3.10/dist-packages/frhal_msgs/srv/_ros_cmd_interface_s.c
[2.195s] -- Up-to-date: /home/st/ywfBot_ws/install/frhal_msgs/local/lib/python3.10/dist-packages/frhal_msgs/srv/_robot_interface_s.c
[2.195s] -- Up-to-date: /home/st/ywfBot_ws/install/frhal_msgs/local/lib/python3.10/dist-packages/frhal_msgs/srv/_calib_interface_s.c
[2.195s] -- Up-to-date: /home/st/ywfBot_ws/install/frhal_msgs/local/lib/python3.10/dist-packages/frhal_msgs/srv/_robot_interface.py
[2.195s] -- Up-to-date: /home/st/ywfBot_ws/install/frhal_msgs/local/lib/python3.10/dist-packages/frhal_msgs/srv/_trigger_s.c
[2.195s] -- Up-to-date: /home/st/ywfBot_ws/install/frhal_msgs/local/lib/python3.10/dist-packages/frhal_msgs/srv/_calib_interface.py
[2.195s] -- Up-to-date: /home/st/ywfBot_ws/install/frhal_msgs/local/lib/python3.10/dist-packages/frhal_msgs/srv/_ros_cmd_interface.py
[2.195s] -- Up-to-date: /home/st/ywfBot_ws/install/frhal_msgs/local/lib/python3.10/dist-packages/frhal_msgs/srv/_trigger.py
[2.196s] -- Up-to-date: /home/st/ywfBot_ws/install/frhal_msgs/local/lib/python3.10/dist-packages/frhal_msgs/frhal_msgs_s__rosidl_typesupport_fastrtps_c.cpython-310-x86_64-linux-gnu.so
[2.261s] Listing '/home/st/ywfBot_ws/install/frhal_msgs/local/lib/python3.10/dist-packages/frhal_msgs'...
[2.261s] Listing '/home/st/ywfBot_ws/install/frhal_msgs/local/lib/python3.10/dist-packages/frhal_msgs/msg'...
[2.261s] Listing '/home/st/ywfBot_ws/install/frhal_msgs/local/lib/python3.10/dist-packages/frhal_msgs/srv'...
[2.275s] -- Up-to-date: /home/st/ywfBot_ws/install/frhal_msgs/local/lib/python3.10/dist-packages/frhal_msgs/frhal_msgs_s__rosidl_typesupport_fastrtps_c.cpython-310-x86_64-linux-gnu.so
[2.275s] -- Up-to-date: /home/st/ywfBot_ws/install/frhal_msgs/local/lib/python3.10/dist-packages/frhal_msgs/frhal_msgs_s__rosidl_typesupport_introspection_c.cpython-310-x86_64-linux-gnu.so
[2.276s] -- Up-to-date: /home/st/ywfBot_ws/install/frhal_msgs/local/lib/python3.10/dist-packages/frhal_msgs/frhal_msgs_s__rosidl_typesupport_c.cpython-310-x86_64-linux-gnu.so
[2.276s] -- Up-to-date: /home/st/ywfBot_ws/install/frhal_msgs/lib/libfrhal_msgs__rosidl_generator_py.so
[2.277s] -- Up-to-date: /home/st/ywfBot_ws/install/frhal_msgs/share/frhal_msgs/srv/ROSCmdInterface.idl
[2.277s] -- Up-to-date: /home/st/ywfBot_ws/install/frhal_msgs/share/frhal_msgs/msg/FRState.idl
[2.277s] -- Up-to-date: /home/st/ywfBot_ws/install/frhal_msgs/share/frhal_msgs/srv/Trigger.idl
[2.278s] -- Up-to-date: /home/st/ywfBot_ws/install/frhal_msgs/share/frhal_msgs/srv/RobotInterface.idl
[2.278s] -- Up-to-date: /home/st/ywfBot_ws/install/frhal_msgs/share/frhal_msgs/srv/CalibInterface.idl
[2.278s] -- Up-to-date: /home/st/ywfBot_ws/install/frhal_msgs/share/frhal_msgs/srv/ROSCmdInterface.srv
[2.279s] -- Up-to-date: /home/st/ywfBot_ws/install/frhal_msgs/share/frhal_msgs/srv/ROSCmdInterface_Request.msg
[2.279s] -- Up-to-date: /home/st/ywfBot_ws/install/frhal_msgs/share/frhal_msgs/srv/ROSCmdInterface_Response.msg
[2.279s] -- Up-to-date: /home/st/ywfBot_ws/install/frhal_msgs/share/frhal_msgs/msg/FRState.msg
[2.279s] -- Up-to-date: /home/st/ywfBot_ws/install/frhal_msgs/share/frhal_msgs/srv/Trigger.srv
[2.279s] -- Up-to-date: /home/st/ywfBot_ws/install/frhal_msgs/share/frhal_msgs/srv/Trigger_Request.msg
[2.280s] -- Up-to-date: /home/st/ywfBot_ws/install/frhal_msgs/share/frhal_msgs/srv/Trigger_Response.msg
[2.280s] -- Up-to-date: /home/st/ywfBot_ws/install/frhal_msgs/share/frhal_msgs/srv/RobotInterface.srv
[2.280s] -- Up-to-date: /home/st/ywfBot_ws/install/frhal_msgs/share/frhal_msgs/srv/RobotInterface_Request.msg
[2.280s] -- Up-to-date: /home/st/ywfBot_ws/install/frhal_msgs/share/frhal_msgs/srv/RobotInterface_Response.msg
[2.280s] -- Up-to-date: /home/st/ywfBot_ws/install/frhal_msgs/share/frhal_msgs/srv/CalibInterface.srv
[2.280s] -- Up-to-date: /home/st/ywfBot_ws/install/frhal_msgs/share/frhal_msgs/srv/CalibInterface_Request.msg
[2.280s] -- Up-to-date: /home/st/ywfBot_ws/install/frhal_msgs/share/frhal_msgs/srv/CalibInterface_Response.msg
[2.280s] -- Up-to-date: /home/st/ywfBot_ws/install/frhal_msgs/share/ament_index/resource_index/package_run_dependencies/frhal_msgs
[2.281s] -- Up-to-date: /home/st/ywfBot_ws/install/frhal_msgs/share/ament_index/resource_index/parent_prefix_path/frhal_msgs
[2.281s] -- Up-to-date: /home/st/ywfBot_ws/install/frhal_msgs/share/frhal_msgs/environment/ament_prefix_path.sh
[2.281s] -- Up-to-date: /home/st/ywfBot_ws/install/frhal_msgs/share/frhal_msgs/environment/ament_prefix_path.dsv
[2.281s] -- Up-to-date: /home/st/ywfBot_ws/install/frhal_msgs/share/frhal_msgs/environment/path.sh
[2.281s] -- Up-to-date: /home/st/ywfBot_ws/install/frhal_msgs/share/frhal_msgs/environment/path.dsv
[2.281s] -- Up-to-date: /home/st/ywfBot_ws/install/frhal_msgs/share/frhal_msgs/local_setup.bash
[2.281s] -- Up-to-date: /home/st/ywfBot_ws/install/frhal_msgs/share/frhal_msgs/local_setup.sh
[2.282s] -- Up-to-date: /home/st/ywfBot_ws/install/frhal_msgs/share/frhal_msgs/local_setup.zsh
[2.282s] -- Up-to-date: /home/st/ywfBot_ws/install/frhal_msgs/share/frhal_msgs/local_setup.dsv
[2.283s] -- Installing: /home/st/ywfBot_ws/install/frhal_msgs/share/frhal_msgs/package.dsv
[2.283s] -- Up-to-date: /home/st/ywfBot_ws/install/frhal_msgs/share/ament_index/resource_index/packages/frhal_msgs
[2.284s] -- Up-to-date: /home/st/ywfBot_ws/install/frhal_msgs/share/frhal_msgs/cmake/export_frhal_msgs__rosidl_generator_cExport.cmake
[2.284s] -- Up-to-date: /home/st/ywfBot_ws/install/frhal_msgs/share/frhal_msgs/cmake/export_frhal_msgs__rosidl_generator_cExport-noconfig.cmake
[2.284s] -- Up-to-date: /home/st/ywfBot_ws/install/frhal_msgs/share/frhal_msgs/cmake/export_frhal_msgs__rosidl_typesupport_fastrtps_cExport.cmake
[2.284s] -- Up-to-date: /home/st/ywfBot_ws/install/frhal_msgs/share/frhal_msgs/cmake/export_frhal_msgs__rosidl_typesupport_fastrtps_cExport-noconfig.cmake
[2.285s] -- Up-to-date: /home/st/ywfBot_ws/install/frhal_msgs/share/frhal_msgs/cmake/frhal_msgs__rosidl_typesupport_introspection_cExport.cmake
[2.285s] -- Up-to-date: /home/st/ywfBot_ws/install/frhal_msgs/share/frhal_msgs/cmake/frhal_msgs__rosidl_typesupport_introspection_cExport-noconfig.cmake
[2.286s] -- Up-to-date: /home/st/ywfBot_ws/install/frhal_msgs/share/frhal_msgs/cmake/frhal_msgs__rosidl_typesupport_cExport.cmake
[2.286s] -- Up-to-date: /home/st/ywfBot_ws/install/frhal_msgs/share/frhal_msgs/cmake/frhal_msgs__rosidl_typesupport_cExport-noconfig.cmake
[2.287s] -- Up-to-date: /home/st/ywfBot_ws/install/frhal_msgs/share/frhal_msgs/cmake/export_frhal_msgs__rosidl_generator_cppExport.cmake
[2.287s] -- Up-to-date: /home/st/ywfBot_ws/install/frhal_msgs/share/frhal_msgs/cmake/export_frhal_msgs__rosidl_typesupport_fastrtps_cppExport.cmake
[2.287s] -- Up-to-date: /home/st/ywfBot_ws/install/frhal_msgs/share/frhal_msgs/cmake/export_frhal_msgs__rosidl_typesupport_fastrtps_cppExport-noconfig.cmake
[2.287s] -- Up-to-date: /home/st/ywfBot_ws/install/frhal_msgs/share/frhal_msgs/cmake/frhal_msgs__rosidl_typesupport_introspection_cppExport.cmake
[2.287s] -- Up-to-date: /home/st/ywfBot_ws/install/frhal_msgs/share/frhal_msgs/cmake/frhal_msgs__rosidl_typesupport_introspection_cppExport-noconfig.cmake
[2.287s] -- Up-to-date: /home/st/ywfBot_ws/install/frhal_msgs/share/frhal_msgs/cmake/frhal_msgs__rosidl_typesupport_cppExport.cmake
[2.287s] -- Up-to-date: /home/st/ywfBot_ws/install/frhal_msgs/share/frhal_msgs/cmake/frhal_msgs__rosidl_typesupport_cppExport-noconfig.cmake
[2.287s] -- Up-to-date: /home/st/ywfBot_ws/install/frhal_msgs/share/frhal_msgs/cmake/export_frhal_msgs__rosidl_generator_pyExport.cmake
[2.288s] -- Up-to-date: /home/st/ywfBot_ws/install/frhal_msgs/share/frhal_msgs/cmake/export_frhal_msgs__rosidl_generator_pyExport-noconfig.cmake
[2.288s] -- Up-to-date: /home/st/ywfBot_ws/install/frhal_msgs/share/frhal_msgs/cmake/rosidl_cmake-extras.cmake
[2.288s] -- Up-to-date: /home/st/ywfBot_ws/install/frhal_msgs/share/frhal_msgs/cmake/ament_cmake_export_include_directories-extras.cmake
[2.288s] -- Up-to-date: /home/st/ywfBot_ws/install/frhal_msgs/share/frhal_msgs/cmake/ament_cmake_export_libraries-extras.cmake
[2.288s] -- Up-to-date: /home/st/ywfBot_ws/install/frhal_msgs/share/frhal_msgs/cmake/ament_cmake_export_targets-extras.cmake
[2.289s] -- Up-to-date: /home/st/ywfBot_ws/install/frhal_msgs/share/frhal_msgs/cmake/rosidl_cmake_export_typesupport_targets-extras.cmake
[2.289s] -- Up-to-date: /home/st/ywfBot_ws/install/frhal_msgs/share/frhal_msgs/cmake/ament_cmake_export_dependencies-extras.cmake
[2.289s] -- Up-to-date: /home/st/ywfBot_ws/install/frhal_msgs/share/frhal_msgs/cmake/rosidl_cmake_export_typesupport_libraries-extras.cmake
[2.289s] -- Up-to-date: /home/st/ywfBot_ws/install/frhal_msgs/share/frhal_msgs/cmake/frhal_msgsConfig.cmake
[2.291s] -- Up-to-date: /home/st/ywfBot_ws/install/frhal_msgs/share/frhal_msgs/cmake/frhal_msgsConfig-version.cmake
[2.291s] -- Up-to-date: /home/st/ywfBot_ws/install/frhal_msgs/share/frhal_msgs/package.xml
[2.332s] Invoked command in '/home/st/ywfBot_ws/build/frhal_msgs' returned '0': CMAKE_PREFIX_PATH=/opt/ros/humble /usr/bin/cmake --install /home/st/ywfBot_ws/build/frhal_msgs
