-- Found ament_cmake: 1.3.11 (/opt/ros/humble/share/ament_cmake/cmake)
-- Found rclcpp: 16.0.11 (/opt/ros/humble/share/rclcpp/cmake)
-- Found rosidl_generator_c: 3.1.6 (/opt/ros/humble/share/rosidl_generator_c/cmake)
-- Found rosidl_adapter: 3.1.6 (/opt/ros/humble/share/rosidl_adapter/cmake)
-- Found rosidl_generator_cpp: 3.1.6 (/opt/ros/humble/share/rosidl_generator_cpp/cmake)
-- Using all available rosidl_typesupport_c: rosidl_typesupport_fastrtps_c;rosidl_typesupport_introspection_c
-- Using all available rosidl_typesupport_cpp: rosidl_typesupport_fastrtps_cpp;rosidl_typesupport_introspection_cpp
-- Found rmw_implementation_cmake: 6.1.2 (/opt/ros/humble/share/rmw_implementation_cmake/cmake)
-- Found rmw_fastrtps_cpp: 6.2.7 (/opt/ros/humble/share/rmw_fastrtps_cpp/cmake)
-- Using RMW implementation 'rmw_fastrtps_cpp' as default
-- Found hardware_interface: 2.48.0 (/home/st/ros2_control_ws/install/hardware_interface/share/hardware_interface/cmake)
-- Found fairino_msgs: 0.0.0 (/home/st/ywfBot_ws_v1.3/install/fairino_msgs/share/fairino_msgs/cmake)
-- Found ament_lint_auto: 0.12.11 (/opt/ros/humble/share/ament_lint_auto/cmake)
-- Found ament_cmake_gmock: 1.3.11 (/opt/ros/humble/share/ament_cmake_gmock/cmake)
-- Added test 'cppcheck' to perform static code analysis on C / C++ code
-- Configured cppcheck include dirs: /home/st/ywfBot_ws_v1.3/src/frcobot_ros2-V3.0.0_robot3.7.6/fairino_hardware/include/;/home/st/ywfBot_ws_v1.3/src/frcobot_ros2-V3.0.0_robot3.7.6/fairino_hardware/;/home/st/ywfBot_ws_v1.3/src/frcobot_ros2-V3.0.0_robot3.7.6/fairino_hardware/examples/include;$<BUILD_INTERFACE:/home/st/ywfBot_ws_v1.3/src/frcobot_ros2-V3.0.0_robot3.7.6/fairino_hardware/include>;$<BUILD_INTERFACE:/home/st/ywfBot_ws_v1.3/src/frcobot_ros2-V3.0.0_robot3.7.6/fairino_hardware/>
-- Configured cppcheck exclude dirs and/or files: 
-- Added test 'lint_cmake' to check CMake code style
-- Added test 'uncrustify' to check C / C++ code style
-- Configured uncrustify additional arguments: 
-- Added test 'xmllint' to check XML markup files
-- Configuring done
-- Generating done
-- Build files have been written to: /home/st/ywfBot_ws_v1.3/build/fairino_hardware
[35m[1mConsolidate compiler generated dependencies of target ros2_cmd_server[0m
[35m[1mConsolidate compiler generated dependencies of target fairino_hardware[0m
[35m[1mConsolidate compiler generated dependencies of target srv_test_client[0m
[ 12%] [32mBuilding CXX object CMakeFiles/ros2_cmd_server.dir/src/command_server_node.cpp.o[0m
[ 25%] [32mBuilding CXX object CMakeFiles/ros2_cmd_server.dir/src/command_server.cpp.o[0m
[ 37%] [32mBuilding CXX object CMakeFiles/fairino_hardware.dir/src/fairino_hardware_interface.cpp.o[0m
[ 50%] [32mBuilding CXX object CMakeFiles/srv_test_client.dir/examples/src/main.cpp.o[0m
[ 62%] [32mBuilding CXX object CMakeFiles/srv_test_client.dir/examples/src/srv_test_client.cpp.o[0m
[ 75%] [32m[1mLinking CXX shared library libfairino_hardware.so[0m
[ 75%] Built target fairino_hardware
[ 87%] [32m[1mLinking CXX executable srv_test_client[0m
[ 87%] Built target srv_test_client
[100%] [32m[1mLinking CXX executable ros2_cmd_server[0m
[100%] Built target ros2_cmd_server
-- Install configuration: "debug"
-- Up-to-date: /home/st/ywfBot_ws_v1.3/install/fairino_hardware/share/fairino_hardware/fairino_hardware.xml
-- Installing: /home/st/ywfBot_ws_v1.3/install/fairino_hardware/lib/fairino_hardware/ros2_cmd_server
-- Set runtime path of "/home/st/ywfBot_ws_v1.3/install/fairino_hardware/lib/fairino_hardware/ros2_cmd_server" to ""
-- Installing: /home/st/ywfBot_ws_v1.3/install/fairino_hardware/lib/fairino_hardware/srv_test_client
-- Set runtime path of "/home/st/ywfBot_ws_v1.3/install/fairino_hardware/lib/fairino_hardware/srv_test_client" to ""
-- Installing: /home/st/ywfBot_ws_v1.3/install/fairino_hardware/lib/fairino_hardware/libfairino_hardware.so
-- Set runtime path of "/home/st/ywfBot_ws_v1.3/install/fairino_hardware/lib/fairino_hardware/libfairino_hardware.so" to ""
-- Up-to-date: /home/st/ywfBot_ws_v1.3/install/fairino_hardware/share/fairino_hardware/environment/library_path.sh
-- Installing: /home/st/ywfBot_ws_v1.3/install/fairino_hardware/share/fairino_hardware/environment/library_path.dsv
-- Up-to-date: /home/st/ywfBot_ws_v1.3/install/fairino_hardware/share/ament_index/resource_index/package_run_dependencies/fairino_hardware
-- Installing: /home/st/ywfBot_ws_v1.3/install/fairino_hardware/share/ament_index/resource_index/parent_prefix_path/fairino_hardware
-- Up-to-date: /home/st/ywfBot_ws_v1.3/install/fairino_hardware/share/fairino_hardware/environment/ament_prefix_path.sh
-- Installing: /home/st/ywfBot_ws_v1.3/install/fairino_hardware/share/fairino_hardware/environment/ament_prefix_path.dsv
-- Up-to-date: /home/st/ywfBot_ws_v1.3/install/fairino_hardware/share/fairino_hardware/environment/path.sh
-- Installing: /home/st/ywfBot_ws_v1.3/install/fairino_hardware/share/fairino_hardware/environment/path.dsv
-- Up-to-date: /home/st/ywfBot_ws_v1.3/install/fairino_hardware/share/fairino_hardware/local_setup.bash
-- Up-to-date: /home/st/ywfBot_ws_v1.3/install/fairino_hardware/share/fairino_hardware/local_setup.sh
-- Up-to-date: /home/st/ywfBot_ws_v1.3/install/fairino_hardware/share/fairino_hardware/local_setup.zsh
-- Installing: /home/st/ywfBot_ws_v1.3/install/fairino_hardware/share/fairino_hardware/local_setup.dsv
-- Installing: /home/st/ywfBot_ws_v1.3/install/fairino_hardware/share/fairino_hardware/package.dsv
-- Up-to-date: /home/st/ywfBot_ws_v1.3/install/fairino_hardware/share/ament_index/resource_index/packages/fairino_hardware
-- Up-to-date: /home/st/ywfBot_ws_v1.3/install/fairino_hardware/share/ament_index/resource_index/hardware_interface__pluginlib__plugin/fairino_hardware
-- Up-to-date: /home/st/ywfBot_ws_v1.3/install/fairino_hardware/share/fairino_hardware/cmake/fairino_hardwareExport.cmake
-- Installing: /home/st/ywfBot_ws_v1.3/install/fairino_hardware/share/fairino_hardware/cmake/fairino_hardwareExport-debug.cmake
-- Up-to-date: /home/st/ywfBot_ws_v1.3/install/fairino_hardware/share/fairino_hardware/cmake/ament_cmake_export_targets-extras.cmake
-- Up-to-date: /home/st/ywfBot_ws_v1.3/install/fairino_hardware/share/fairino_hardware/cmake/ament_cmake_export_dependencies-extras.cmake
-- Up-to-date: /home/st/ywfBot_ws_v1.3/install/fairino_hardware/share/fairino_hardware/cmake/fairino_hardwareConfig.cmake
-- Up-to-date: /home/st/ywfBot_ws_v1.3/install/fairino_hardware/share/fairino_hardware/cmake/fairino_hardwareConfig-version.cmake
-- Up-to-date: /home/st/ywfBot_ws_v1.3/install/fairino_hardware/share/fairino_hardware/package.xml
