[3.197s] Invoking command in '/home/st/ywfBot_ws_v1.3.1/src/py_action': PYTHONPATH=/home/st/ywfBot_ws_v1.3.1/build/py_action/prefix_override:/usr/lib/python3/dist-packages/colcon_core/task/python/colcon_distutils_commands:/home/st/ywfBot_ws_v1.3.1/install/py_action/lib/python3.10/site-packages:${PYTHONPATH} /usr/bin/python3 -W ignore:setup.py install is deprecated -W ignore:easy_install command is deprecated setup.py egg_info --egg-base ../../build/py_action build --build-base /home/st/ywfBot_ws_v1.3.1/build/py_action/build install --record /home/st/ywfBot_ws_v1.3.1/build/py_action/install.log --single-version-externally-managed install_data
[3.931s] running egg_info
[3.933s] writing ../../build/py_action/py_action.egg-info/PKG-INFO
[3.933s] writing dependency_links to ../../build/py_action/py_action.egg-info/dependency_links.txt
[3.933s] writing entry points to ../../build/py_action/py_action.egg-info/entry_points.txt
[3.934s] writing requirements to ../../build/py_action/py_action.egg-info/requires.txt
[3.934s] writing top-level names to ../../build/py_action/py_action.egg-info/top_level.txt
[3.938s] reading manifest file '../../build/py_action/py_action.egg-info/SOURCES.txt'
[3.939s] adding license file 'LICENSE'
[3.941s] writing manifest file '../../build/py_action/py_action.egg-info/SOURCES.txt'
[3.941s] running build
[3.941s] running build_py
[3.943s] running install
[3.943s] running install_lib
[3.947s] running install_data
[3.947s] running install_egg_info
[3.952s] removing '/home/st/ywfBot_ws_v1.3.1/install/py_action/lib/python3.10/site-packages/py_action-0.0.0-py3.10.egg-info' (and everything under it)
[3.952s] Copying ../../build/py_action/py_action.egg-info to /home/st/ywfBot_ws_v1.3.1/install/py_action/lib/python3.10/site-packages/py_action-0.0.0-py3.10.egg-info
[3.954s] running install_scripts
[4.019s] Installing py_action_serv script to /home/st/ywfBot_ws_v1.3.1/install/py_action/lib/py_action
[4.041s] writing list of installed files to '/home/st/ywfBot_ws_v1.3.1/build/py_action/install.log'
[4.081s] Invoked command in '/home/st/ywfBot_ws_v1.3.1/src/py_action' returned '0': PYTHONPATH=/home/st/ywfBot_ws_v1.3.1/build/py_action/prefix_override:/usr/lib/python3/dist-packages/colcon_core/task/python/colcon_distutils_commands:/home/st/ywfBot_ws_v1.3.1/install/py_action/lib/python3.10/site-packages:${PYTHONPATH} /usr/bin/python3 -W ignore:setup.py install is deprecated -W ignore:easy_install command is deprecated setup.py egg_info --egg-base ../../build/py_action build --build-base /home/st/ywfBot_ws_v1.3.1/build/py_action/build install --record /home/st/ywfBot_ws_v1.3.1/build/py_action/install.log --single-version-externally-managed install_data
