[0.668s] DEBUG:colcon:Command line arguments: ['/usr/bin/colcon', 'build', '--parallel-workers', '1']
[0.669s] DEBUG:colcon:Parsed command line arguments: Namespace(log_base=None, log_level=None, verb_name='build', build_base='build', install_base='install', merge_install=False, symlink_install=False, test_result_base=None, continue_on_error=False, executor='parallel', parallel_workers=1, event_handlers=None, ignore_user_meta=False, metas=['./colcon.meta'], base_paths=['.'], packages_ignore=None, packages_ignore_regex=None, paths=None, packages_up_to=None, packages_up_to_regex=None, packages_above=None, packages_above_and_dependencies=None, packages_above_depth=None, packages_select_by_dep=None, packages_skip_by_dep=None, packages_skip_up_to=None, packages_select_build_failed=False, packages_skip_build_finished=False, packages_select_test_failures=False, packages_skip_test_passed=False, packages_select=None, packages_skip=None, packages_select_regex=None, packages_skip_regex=None, packages_start=None, packages_end=None, allow_overriding=[], cmake_args=None, cmake_target=None, cmake_target_skip_unavailable=False, cmake_clean_cache=False, cmake_clean_first=False, cmake_force_configure=False, ament_cmake_args=None, catkin_cmake_args=None, catkin_skip_building_tests=False, mixin_files=None, mixin=None, verb_parser=<colcon_mixin.mixin.mixin_argument.MixinArgumentDecorator object at 0x758f80d625f0>, verb_extension=<colcon_core.verb.build.BuildVerb object at 0x758f80e5f580>, main=<bound method BuildVerb.main of <colcon_core.verb.build.BuildVerb object at 0x758f80e5f580>>, mixin_verb=('build',))
[1.491s] Level 1:colcon.colcon_core.package_discovery:discover_packages(colcon_meta) check parameters
[1.491s] Level 1:colcon.colcon_core.package_discovery:discover_packages(recursive) check parameters
[1.491s] Level 1:colcon.colcon_core.package_discovery:discover_packages(ignore) check parameters
[1.492s] Level 1:colcon.colcon_core.package_discovery:discover_packages(path) check parameters
[1.492s] Level 1:colcon.colcon_core.package_discovery:discover_packages(colcon_meta) discover
[1.492s] Level 1:colcon.colcon_core.package_discovery:discover_packages(recursive) discover
[1.492s] INFO:colcon.colcon_core.package_discovery:Crawling recursively for packages in '/home/st/ywfBot_ws'
[1.492s] Level 1:colcon.colcon_core.package_identification:_identify(.) by extensions ['ignore', 'ignore_ament_install']
[1.492s] Level 1:colcon.colcon_core.package_identification:_identify(.) by extension 'ignore'
[1.492s] Level 1:colcon.colcon_core.package_identification:_identify(.) by extension 'ignore_ament_install'
[1.492s] Level 1:colcon.colcon_core.package_identification:_identify(.) by extensions ['colcon_pkg']
[1.492s] Level 1:colcon.colcon_core.package_identification:_identify(.) by extension 'colcon_pkg'
[1.492s] Level 1:colcon.colcon_core.package_identification:_identify(.) by extensions ['colcon_meta']
[1.493s] Level 1:colcon.colcon_core.package_identification:_identify(.) by extension 'colcon_meta'
[1.493s] Level 1:colcon.colcon_core.package_identification:_identify(.) by extensions ['ros']
[1.493s] Level 1:colcon.colcon_core.package_identification:_identify(.) by extension 'ros'
[1.525s] Level 1:colcon.colcon_core.package_identification:_identify(.) by extensions ['cmake', 'python']
[1.526s] Level 1:colcon.colcon_core.package_identification:_identify(.) by extension 'cmake'
[1.526s] Level 1:colcon.colcon_core.package_identification:_identify(.) by extension 'python'
[1.526s] Level 1:colcon.colcon_core.package_identification:_identify(.) by extensions ['python_setup_py']
[1.526s] Level 1:colcon.colcon_core.package_identification:_identify(.) by extension 'python_setup_py'
[1.526s] Level 1:colcon.colcon_core.package_identification:_identify(build) by extensions ['ignore', 'ignore_ament_install']
[1.526s] Level 1:colcon.colcon_core.package_identification:_identify(build) by extension 'ignore'
[1.527s] Level 1:colcon.colcon_core.package_identification:_identify(build) ignored
[1.527s] Level 1:colcon.colcon_core.package_identification:_identify(install) by extensions ['ignore', 'ignore_ament_install']
[1.527s] Level 1:colcon.colcon_core.package_identification:_identify(install) by extension 'ignore'
[1.527s] Level 1:colcon.colcon_core.package_identification:_identify(install) ignored
[1.527s] Level 1:colcon.colcon_core.package_identification:_identify(log) by extensions ['ignore', 'ignore_ament_install']
[1.528s] Level 1:colcon.colcon_core.package_identification:_identify(log) by extension 'ignore'
[1.528s] Level 1:colcon.colcon_core.package_identification:_identify(log) ignored
[1.528s] Level 1:colcon.colcon_core.package_identification:_identify(src) by extensions ['ignore', 'ignore_ament_install']
[1.528s] Level 1:colcon.colcon_core.package_identification:_identify(src) by extension 'ignore'
[1.528s] Level 1:colcon.colcon_core.package_identification:_identify(src) by extension 'ignore_ament_install'
[1.528s] Level 1:colcon.colcon_core.package_identification:_identify(src) by extensions ['colcon_pkg']
[1.528s] Level 1:colcon.colcon_core.package_identification:_identify(src) by extension 'colcon_pkg'
[1.528s] Level 1:colcon.colcon_core.package_identification:_identify(src) by extensions ['colcon_meta']
[1.528s] Level 1:colcon.colcon_core.package_identification:_identify(src) by extension 'colcon_meta'
[1.529s] Level 1:colcon.colcon_core.package_identification:_identify(src) by extensions ['ros']
[1.529s] Level 1:colcon.colcon_core.package_identification:_identify(src) by extension 'ros'
[1.529s] Level 1:colcon.colcon_core.package_identification:_identify(src) by extensions ['cmake', 'python']
[1.529s] Level 1:colcon.colcon_core.package_identification:_identify(src) by extension 'cmake'
[1.529s] Level 1:colcon.colcon_core.package_identification:_identify(src) by extension 'python'
[1.529s] Level 1:colcon.colcon_core.package_identification:_identify(src) by extensions ['python_setup_py']
[1.529s] Level 1:colcon.colcon_core.package_identification:_identify(src) by extension 'python_setup_py'
[1.531s] Level 1:colcon.colcon_core.package_identification:_identify(src/fr_ros2) by extensions ['ignore', 'ignore_ament_install']
[1.531s] Level 1:colcon.colcon_core.package_identification:_identify(src/fr_ros2) by extension 'ignore'
[1.531s] Level 1:colcon.colcon_core.package_identification:_identify(src/fr_ros2) by extension 'ignore_ament_install'
[1.531s] Level 1:colcon.colcon_core.package_identification:_identify(src/fr_ros2) by extensions ['colcon_pkg']
[1.531s] Level 1:colcon.colcon_core.package_identification:_identify(src/fr_ros2) by extension 'colcon_pkg'
[1.532s] Level 1:colcon.colcon_core.package_identification:_identify(src/fr_ros2) by extensions ['colcon_meta']
[1.532s] Level 1:colcon.colcon_core.package_identification:_identify(src/fr_ros2) by extension 'colcon_meta'
[1.532s] Level 1:colcon.colcon_core.package_identification:_identify(src/fr_ros2) by extensions ['ros']
[1.532s] Level 1:colcon.colcon_core.package_identification:_identify(src/fr_ros2) by extension 'ros'
[1.541s] DEBUG:colcon.colcon_core.package_identification:Package 'src/fr_ros2' with type 'ros.ament_cmake' and name 'fr_ros2'
[1.542s] Level 1:colcon.colcon_core.package_identification:_identify(src/frhal_msgs) by extensions ['ignore', 'ignore_ament_install']
[1.543s] Level 1:colcon.colcon_core.package_identification:_identify(src/frhal_msgs) by extension 'ignore'
[1.543s] Level 1:colcon.colcon_core.package_identification:_identify(src/frhal_msgs) by extension 'ignore_ament_install'
[1.543s] Level 1:colcon.colcon_core.package_identification:_identify(src/frhal_msgs) by extensions ['colcon_pkg']
[1.543s] Level 1:colcon.colcon_core.package_identification:_identify(src/frhal_msgs) by extension 'colcon_pkg'
[1.543s] Level 1:colcon.colcon_core.package_identification:_identify(src/frhal_msgs) by extensions ['colcon_meta']
[1.543s] Level 1:colcon.colcon_core.package_identification:_identify(src/frhal_msgs) by extension 'colcon_meta'
[1.544s] Level 1:colcon.colcon_core.package_identification:_identify(src/frhal_msgs) by extensions ['ros']
[1.544s] Level 1:colcon.colcon_core.package_identification:_identify(src/frhal_msgs) by extension 'ros'
[1.546s] DEBUG:colcon.colcon_core.package_identification:Package 'src/frhal_msgs' with type 'ros.ament_cmake' and name 'frhal_msgs'
[1.552s] Level 1:colcon.colcon_core.package_identification:_identify(src/moveit2_ywf_interface) by extensions ['ignore', 'ignore_ament_install']
[1.552s] Level 1:colcon.colcon_core.package_identification:_identify(src/moveit2_ywf_interface) by extension 'ignore'
[1.552s] Level 1:colcon.colcon_core.package_identification:_identify(src/moveit2_ywf_interface) by extension 'ignore_ament_install'
[1.552s] Level 1:colcon.colcon_core.package_identification:_identify(src/moveit2_ywf_interface) by extensions ['colcon_pkg']
[1.552s] Level 1:colcon.colcon_core.package_identification:_identify(src/moveit2_ywf_interface) by extension 'colcon_pkg'
[1.553s] Level 1:colcon.colcon_core.package_identification:_identify(src/moveit2_ywf_interface) by extensions ['colcon_meta']
[1.553s] Level 1:colcon.colcon_core.package_identification:_identify(src/moveit2_ywf_interface) by extension 'colcon_meta'
[1.553s] Level 1:colcon.colcon_core.package_identification:_identify(src/moveit2_ywf_interface) by extensions ['ros']
[1.553s] Level 1:colcon.colcon_core.package_identification:_identify(src/moveit2_ywf_interface) by extension 'ros'
[1.556s] DEBUG:colcon.colcon_core.package_identification:Package 'src/moveit2_ywf_interface' with type 'ros.ament_cmake' and name 'moveit2_ywf_interface'
[1.557s] Level 1:colcon.colcon_core.package_identification:_identify(src/moveit_ywf_msg) by extensions ['ignore', 'ignore_ament_install']
[1.558s] Level 1:colcon.colcon_core.package_identification:_identify(src/moveit_ywf_msg) by extension 'ignore'
[1.558s] Level 1:colcon.colcon_core.package_identification:_identify(src/moveit_ywf_msg) by extension 'ignore_ament_install'
[1.558s] Level 1:colcon.colcon_core.package_identification:_identify(src/moveit_ywf_msg) by extensions ['colcon_pkg']
[1.558s] Level 1:colcon.colcon_core.package_identification:_identify(src/moveit_ywf_msg) by extension 'colcon_pkg'
[1.558s] Level 1:colcon.colcon_core.package_identification:_identify(src/moveit_ywf_msg) by extensions ['colcon_meta']
[1.558s] Level 1:colcon.colcon_core.package_identification:_identify(src/moveit_ywf_msg) by extension 'colcon_meta'
[1.558s] Level 1:colcon.colcon_core.package_identification:_identify(src/moveit_ywf_msg) by extensions ['ros']
[1.558s] Level 1:colcon.colcon_core.package_identification:_identify(src/moveit_ywf_msg) by extension 'ros'
[1.560s] DEBUG:colcon.colcon_core.package_identification:Package 'src/moveit_ywf_msg' with type 'ros.ament_cmake' and name 'moveit_ywf_msg'
[1.562s] Level 1:colcon.colcon_core.package_identification:_identify(src/py_action) by extensions ['ignore', 'ignore_ament_install']
[1.562s] Level 1:colcon.colcon_core.package_identification:_identify(src/py_action) by extension 'ignore'
[1.562s] Level 1:colcon.colcon_core.package_identification:_identify(src/py_action) by extension 'ignore_ament_install'
[1.562s] Level 1:colcon.colcon_core.package_identification:_identify(src/py_action) by extensions ['colcon_pkg']
[1.562s] Level 1:colcon.colcon_core.package_identification:_identify(src/py_action) by extension 'colcon_pkg'
[1.562s] Level 1:colcon.colcon_core.package_identification:_identify(src/py_action) by extensions ['colcon_meta']
[1.562s] Level 1:colcon.colcon_core.package_identification:_identify(src/py_action) by extension 'colcon_meta'
[1.562s] Level 1:colcon.colcon_core.package_identification:_identify(src/py_action) by extensions ['ros']
[1.562s] Level 1:colcon.colcon_core.package_identification:_identify(src/py_action) by extension 'ros'
[1.564s] DEBUG:colcon.colcon_core.package_identification:Package 'src/py_action' with type 'ros.ament_python' and name 'py_action'
[1.565s] Level 1:colcon.colcon_core.package_identification:_identify(src/py_action_client) by extensions ['ignore', 'ignore_ament_install']
[1.565s] Level 1:colcon.colcon_core.package_identification:_identify(src/py_action_client) by extension 'ignore'
[1.565s] Level 1:colcon.colcon_core.package_identification:_identify(src/py_action_client) by extension 'ignore_ament_install'
[1.565s] Level 1:colcon.colcon_core.package_identification:_identify(src/py_action_client) by extensions ['colcon_pkg']
[1.566s] Level 1:colcon.colcon_core.package_identification:_identify(src/py_action_client) by extension 'colcon_pkg'
[1.566s] Level 1:colcon.colcon_core.package_identification:_identify(src/py_action_client) by extensions ['colcon_meta']
[1.566s] Level 1:colcon.colcon_core.package_identification:_identify(src/py_action_client) by extension 'colcon_meta'
[1.566s] Level 1:colcon.colcon_core.package_identification:_identify(src/py_action_client) by extensions ['ros']
[1.566s] Level 1:colcon.colcon_core.package_identification:_identify(src/py_action_client) by extension 'ros'
[1.569s] DEBUG:colcon.colcon_core.package_identification:Package 'src/py_action_client' with type 'ros.ament_python' and name 'py_action_client'
[1.569s] Level 1:colcon.colcon_core.package_discovery:discover_packages(recursive) using defaults
[1.569s] Level 1:colcon.colcon_core.package_discovery:discover_packages(ignore) discover
[1.569s] Level 1:colcon.colcon_core.package_discovery:discover_packages(ignore) using defaults
[1.569s] Level 1:colcon.colcon_core.package_discovery:discover_packages(path) discover
[1.569s] Level 1:colcon.colcon_core.package_discovery:discover_packages(path) using defaults
[1.649s] Level 1:colcon.colcon_core.package_discovery:discover_packages(prefix_path) check parameters
[1.649s] Level 1:colcon.colcon_core.package_discovery:discover_packages(prefix_path) discover
[1.659s] DEBUG:colcon.colcon_installed_package_information.package_discovery:Found 313 installed packages in /opt/ros/humble
[1.664s] Level 1:colcon.colcon_core.package_discovery:discover_packages(prefix_path) using defaults
[1.770s] Level 5:colcon.colcon_core.verb:set package 'frhal_msgs' build argument 'cmake_args' from command line to 'None'
[1.770s] Level 5:colcon.colcon_core.verb:set package 'frhal_msgs' build argument 'cmake_target' from command line to 'None'
[1.770s] Level 5:colcon.colcon_core.verb:set package 'frhal_msgs' build argument 'cmake_target_skip_unavailable' from command line to 'False'
[1.770s] Level 5:colcon.colcon_core.verb:set package 'frhal_msgs' build argument 'cmake_clean_cache' from command line to 'False'
[1.771s] Level 5:colcon.colcon_core.verb:set package 'frhal_msgs' build argument 'cmake_clean_first' from command line to 'False'
[1.771s] Level 5:colcon.colcon_core.verb:set package 'frhal_msgs' build argument 'cmake_force_configure' from command line to 'False'
[1.771s] Level 5:colcon.colcon_core.verb:set package 'frhal_msgs' build argument 'ament_cmake_args' from command line to 'None'
[1.771s] Level 5:colcon.colcon_core.verb:set package 'frhal_msgs' build argument 'catkin_cmake_args' from command line to 'None'
[1.771s] Level 5:colcon.colcon_core.verb:set package 'frhal_msgs' build argument 'catkin_skip_building_tests' from command line to 'False'
[1.771s] DEBUG:colcon.colcon_core.verb:Building package 'frhal_msgs' with the following arguments: {'ament_cmake_args': None, 'build_base': '/home/st/ywfBot_ws/build/frhal_msgs', 'catkin_cmake_args': None, 'catkin_skip_building_tests': False, 'cmake_args': None, 'cmake_clean_cache': False, 'cmake_clean_first': False, 'cmake_force_configure': False, 'cmake_target': None, 'cmake_target_skip_unavailable': False, 'install_base': '/home/st/ywfBot_ws/install/frhal_msgs', 'merge_install': False, 'path': '/home/st/ywfBot_ws/src/frhal_msgs', 'symlink_install': False, 'test_result_base': None}
[1.772s] Level 5:colcon.colcon_core.verb:set package 'moveit_ywf_msg' build argument 'cmake_args' from command line to 'None'
[1.772s] Level 5:colcon.colcon_core.verb:set package 'moveit_ywf_msg' build argument 'cmake_target' from command line to 'None'
[1.772s] Level 5:colcon.colcon_core.verb:set package 'moveit_ywf_msg' build argument 'cmake_target_skip_unavailable' from command line to 'False'
[1.772s] Level 5:colcon.colcon_core.verb:set package 'moveit_ywf_msg' build argument 'cmake_clean_cache' from command line to 'False'
[1.772s] Level 5:colcon.colcon_core.verb:set package 'moveit_ywf_msg' build argument 'cmake_clean_first' from command line to 'False'
[1.772s] Level 5:colcon.colcon_core.verb:set package 'moveit_ywf_msg' build argument 'cmake_force_configure' from command line to 'False'
[1.772s] Level 5:colcon.colcon_core.verb:set package 'moveit_ywf_msg' build argument 'ament_cmake_args' from command line to 'None'
[1.772s] Level 5:colcon.colcon_core.verb:set package 'moveit_ywf_msg' build argument 'catkin_cmake_args' from command line to 'None'
[1.772s] Level 5:colcon.colcon_core.verb:set package 'moveit_ywf_msg' build argument 'catkin_skip_building_tests' from command line to 'False'
[1.772s] DEBUG:colcon.colcon_core.verb:Building package 'moveit_ywf_msg' with the following arguments: {'ament_cmake_args': None, 'build_base': '/home/st/ywfBot_ws/build/moveit_ywf_msg', 'catkin_cmake_args': None, 'catkin_skip_building_tests': False, 'cmake_args': None, 'cmake_clean_cache': False, 'cmake_clean_first': False, 'cmake_force_configure': False, 'cmake_target': None, 'cmake_target_skip_unavailable': False, 'install_base': '/home/st/ywfBot_ws/install/moveit_ywf_msg', 'merge_install': False, 'path': '/home/st/ywfBot_ws/src/moveit_ywf_msg', 'symlink_install': False, 'test_result_base': None}
[1.773s] Level 5:colcon.colcon_core.verb:set package 'py_action' build argument 'cmake_args' from command line to 'None'
[1.773s] Level 5:colcon.colcon_core.verb:set package 'py_action' build argument 'cmake_target' from command line to 'None'
[1.773s] Level 5:colcon.colcon_core.verb:set package 'py_action' build argument 'cmake_target_skip_unavailable' from command line to 'False'
[1.773s] Level 5:colcon.colcon_core.verb:set package 'py_action' build argument 'cmake_clean_cache' from command line to 'False'
[1.773s] Level 5:colcon.colcon_core.verb:set package 'py_action' build argument 'cmake_clean_first' from command line to 'False'
[1.773s] Level 5:colcon.colcon_core.verb:set package 'py_action' build argument 'cmake_force_configure' from command line to 'False'
[1.773s] Level 5:colcon.colcon_core.verb:set package 'py_action' build argument 'ament_cmake_args' from command line to 'None'
[1.773s] Level 5:colcon.colcon_core.verb:set package 'py_action' build argument 'catkin_cmake_args' from command line to 'None'
[1.773s] Level 5:colcon.colcon_core.verb:set package 'py_action' build argument 'catkin_skip_building_tests' from command line to 'False'
[1.774s] DEBUG:colcon.colcon_core.verb:Building package 'py_action' with the following arguments: {'ament_cmake_args': None, 'build_base': '/home/st/ywfBot_ws/build/py_action', 'catkin_cmake_args': None, 'catkin_skip_building_tests': False, 'cmake_args': None, 'cmake_clean_cache': False, 'cmake_clean_first': False, 'cmake_force_configure': False, 'cmake_target': None, 'cmake_target_skip_unavailable': False, 'install_base': '/home/st/ywfBot_ws/install/py_action', 'merge_install': False, 'path': '/home/st/ywfBot_ws/src/py_action', 'symlink_install': False, 'test_result_base': None}
[1.774s] Level 5:colcon.colcon_core.verb:set package 'py_action_client' build argument 'cmake_args' from command line to 'None'
[1.774s] Level 5:colcon.colcon_core.verb:set package 'py_action_client' build argument 'cmake_target' from command line to 'None'
[1.774s] Level 5:colcon.colcon_core.verb:set package 'py_action_client' build argument 'cmake_target_skip_unavailable' from command line to 'False'
[1.774s] Level 5:colcon.colcon_core.verb:set package 'py_action_client' build argument 'cmake_clean_cache' from command line to 'False'
[1.775s] Level 5:colcon.colcon_core.verb:set package 'py_action_client' build argument 'cmake_clean_first' from command line to 'False'
[1.775s] Level 5:colcon.colcon_core.verb:set package 'py_action_client' build argument 'cmake_force_configure' from command line to 'False'
[1.775s] Level 5:colcon.colcon_core.verb:set package 'py_action_client' build argument 'ament_cmake_args' from command line to 'None'
[1.775s] Level 5:colcon.colcon_core.verb:set package 'py_action_client' build argument 'catkin_cmake_args' from command line to 'None'
[1.775s] Level 5:colcon.colcon_core.verb:set package 'py_action_client' build argument 'catkin_skip_building_tests' from command line to 'False'
[1.775s] DEBUG:colcon.colcon_core.verb:Building package 'py_action_client' with the following arguments: {'ament_cmake_args': None, 'build_base': '/home/st/ywfBot_ws/build/py_action_client', 'catkin_cmake_args': None, 'catkin_skip_building_tests': False, 'cmake_args': None, 'cmake_clean_cache': False, 'cmake_clean_first': False, 'cmake_force_configure': False, 'cmake_target': None, 'cmake_target_skip_unavailable': False, 'install_base': '/home/st/ywfBot_ws/install/py_action_client', 'merge_install': False, 'path': '/home/st/ywfBot_ws/src/py_action_client', 'symlink_install': False, 'test_result_base': None}
[1.776s] Level 5:colcon.colcon_core.verb:set package 'fr_ros2' build argument 'cmake_args' from command line to 'None'
[1.776s] Level 5:colcon.colcon_core.verb:set package 'fr_ros2' build argument 'cmake_target' from command line to 'None'
[1.776s] Level 5:colcon.colcon_core.verb:set package 'fr_ros2' build argument 'cmake_target_skip_unavailable' from command line to 'False'
[1.776s] Level 5:colcon.colcon_core.verb:set package 'fr_ros2' build argument 'cmake_clean_cache' from command line to 'False'
[1.776s] Level 5:colcon.colcon_core.verb:set package 'fr_ros2' build argument 'cmake_clean_first' from command line to 'False'
[1.776s] Level 5:colcon.colcon_core.verb:set package 'fr_ros2' build argument 'cmake_force_configure' from command line to 'False'
[1.776s] Level 5:colcon.colcon_core.verb:set package 'fr_ros2' build argument 'ament_cmake_args' from command line to 'None'
[1.776s] Level 5:colcon.colcon_core.verb:set package 'fr_ros2' build argument 'catkin_cmake_args' from command line to 'None'
[1.776s] Level 5:colcon.colcon_core.verb:set package 'fr_ros2' build argument 'catkin_skip_building_tests' from command line to 'False'
[1.776s] DEBUG:colcon.colcon_core.verb:Building package 'fr_ros2' with the following arguments: {'ament_cmake_args': None, 'build_base': '/home/st/ywfBot_ws/build/fr_ros2', 'catkin_cmake_args': None, 'catkin_skip_building_tests': False, 'cmake_args': None, 'cmake_clean_cache': False, 'cmake_clean_first': False, 'cmake_force_configure': False, 'cmake_target': None, 'cmake_target_skip_unavailable': False, 'install_base': '/home/st/ywfBot_ws/install/fr_ros2', 'merge_install': False, 'path': '/home/st/ywfBot_ws/src/fr_ros2', 'symlink_install': False, 'test_result_base': None}
[1.777s] Level 5:colcon.colcon_core.verb:set package 'moveit2_ywf_interface' build argument 'cmake_args' from command line to 'None'
[1.777s] Level 5:colcon.colcon_core.verb:set package 'moveit2_ywf_interface' build argument 'cmake_target' from command line to 'None'
[1.777s] Level 5:colcon.colcon_core.verb:set package 'moveit2_ywf_interface' build argument 'cmake_target_skip_unavailable' from command line to 'False'
[1.777s] Level 5:colcon.colcon_core.verb:set package 'moveit2_ywf_interface' build argument 'cmake_clean_cache' from command line to 'False'
[1.777s] Level 5:colcon.colcon_core.verb:set package 'moveit2_ywf_interface' build argument 'cmake_clean_first' from command line to 'False'
[1.777s] Level 5:colcon.colcon_core.verb:set package 'moveit2_ywf_interface' build argument 'cmake_force_configure' from command line to 'False'
[1.777s] Level 5:colcon.colcon_core.verb:set package 'moveit2_ywf_interface' build argument 'ament_cmake_args' from command line to 'None'
[1.777s] Level 5:colcon.colcon_core.verb:set package 'moveit2_ywf_interface' build argument 'catkin_cmake_args' from command line to 'None'
[1.777s] Level 5:colcon.colcon_core.verb:set package 'moveit2_ywf_interface' build argument 'catkin_skip_building_tests' from command line to 'False'
[1.777s] DEBUG:colcon.colcon_core.verb:Building package 'moveit2_ywf_interface' with the following arguments: {'ament_cmake_args': None, 'build_base': '/home/st/ywfBot_ws/build/moveit2_ywf_interface', 'catkin_cmake_args': None, 'catkin_skip_building_tests': False, 'cmake_args': None, 'cmake_clean_cache': False, 'cmake_clean_first': False, 'cmake_force_configure': False, 'cmake_target': None, 'cmake_target_skip_unavailable': False, 'install_base': '/home/st/ywfBot_ws/install/moveit2_ywf_interface', 'merge_install': False, 'path': '/home/st/ywfBot_ws/src/moveit2_ywf_interface', 'symlink_install': False, 'test_result_base': None}
[1.778s] INFO:colcon.colcon_core.executor:Executing jobs using 'parallel' executor
[1.781s] DEBUG:colcon.colcon_parallel_executor.executor.parallel:run_until_complete
[1.782s] INFO:colcon.colcon_ros.task.ament_cmake.build:Building ROS package in '/home/st/ywfBot_ws/src/frhal_msgs' with build type 'ament_cmake'
[1.782s] INFO:colcon.colcon_cmake.task.cmake.build:Building CMake package in '/home/st/ywfBot_ws/src/frhal_msgs'
[1.801s] INFO:colcon.colcon_core.plugin_system:Skipping extension 'colcon_core.shell.bat': Not used on non-Windows systems
[1.801s] INFO:colcon.colcon_core.shell:Skip shell extension 'powershell' for command environment: Not usable outside of PowerShell
[1.801s] DEBUG:colcon.colcon_core.shell:Skip shell extension 'dsv' for command environment
[1.878s] DEBUG:colcon.colcon_core.event_handler.log_command:Invoking command in '/home/st/ywfBot_ws/build/frhal_msgs': CMAKE_PREFIX_PATH=/opt/ros/humble /usr/bin/cmake --build /home/st/ywfBot_ws/build/frhal_msgs -- -j16 -l16
[3.217s] DEBUG:colcon.colcon_core.event_handler.log_command:Invoked command in '/home/st/ywfBot_ws/build/frhal_msgs' returned '0': CMAKE_PREFIX_PATH=/opt/ros/humble /usr/bin/cmake --build /home/st/ywfBot_ws/build/frhal_msgs -- -j16 -l16
[3.973s] DEBUG:colcon.colcon_core.event_handler.log_command:Invoking command in '/home/st/ywfBot_ws/build/frhal_msgs': CMAKE_PREFIX_PATH=/opt/ros/humble /usr/bin/cmake --install /home/st/ywfBot_ws/build/frhal_msgs
[4.493s] Level 1:colcon.colcon_core.environment:create_environment_scripts_only(frhal_msgs)
[4.494s] DEBUG:colcon.colcon_core.event_handler.log_command:Invoked command in '/home/st/ywfBot_ws/build/frhal_msgs' returned '0': CMAKE_PREFIX_PATH=/opt/ros/humble /usr/bin/cmake --install /home/st/ywfBot_ws/build/frhal_msgs
[4.509s] Level 1:colcon.colcon_core.environment:checking '/home/st/ywfBot_ws/install/frhal_msgs' for CMake module files
[4.510s] Level 1:colcon.colcon_core.environment:checking '/home/st/ywfBot_ws/install/frhal_msgs' for CMake config files
[4.513s] Level 1:colcon.colcon_core.shell:create_environment_hook('frhal_msgs', 'cmake_prefix_path')
[4.513s] INFO:colcon.colcon_core.shell:Creating environment hook '/home/st/ywfBot_ws/install/frhal_msgs/share/frhal_msgs/hook/cmake_prefix_path.ps1'
[4.516s] INFO:colcon.colcon_core.shell:Creating environment descriptor '/home/st/ywfBot_ws/install/frhal_msgs/share/frhal_msgs/hook/cmake_prefix_path.dsv'
[4.518s] INFO:colcon.colcon_core.shell:Creating environment hook '/home/st/ywfBot_ws/install/frhal_msgs/share/frhal_msgs/hook/cmake_prefix_path.sh'
[4.521s] Level 1:colcon.colcon_core.environment:checking '/home/st/ywfBot_ws/install/frhal_msgs/lib'
[4.521s] Level 1:colcon.colcon_core.shell:create_environment_hook('frhal_msgs', 'ld_library_path_lib')
[4.522s] INFO:colcon.colcon_core.shell:Creating environment hook '/home/st/ywfBot_ws/install/frhal_msgs/share/frhal_msgs/hook/ld_library_path_lib.ps1'
[4.522s] INFO:colcon.colcon_core.shell:Creating environment descriptor '/home/st/ywfBot_ws/install/frhal_msgs/share/frhal_msgs/hook/ld_library_path_lib.dsv'
[4.523s] INFO:colcon.colcon_core.shell:Creating environment hook '/home/st/ywfBot_ws/install/frhal_msgs/share/frhal_msgs/hook/ld_library_path_lib.sh'
[4.524s] Level 1:colcon.colcon_core.environment:checking '/home/st/ywfBot_ws/install/frhal_msgs/bin'
[4.524s] Level 1:colcon.colcon_core.environment:checking '/home/st/ywfBot_ws/install/frhal_msgs/lib/pkgconfig/frhal_msgs.pc'
[4.524s] Level 1:colcon.colcon_core.environment:checking '/home/st/ywfBot_ws/install/frhal_msgs/lib/python3.10/site-packages'
[4.525s] Level 1:colcon.colcon_core.environment:checking '/home/st/ywfBot_ws/install/frhal_msgs/bin'
[4.526s] INFO:colcon.colcon_core.shell:Creating package script '/home/st/ywfBot_ws/install/frhal_msgs/share/frhal_msgs/package.ps1'
[4.529s] INFO:colcon.colcon_core.shell:Creating package descriptor '/home/st/ywfBot_ws/install/frhal_msgs/share/frhal_msgs/package.dsv'
[4.531s] INFO:colcon.colcon_core.shell:Creating package script '/home/st/ywfBot_ws/install/frhal_msgs/share/frhal_msgs/package.sh'
[4.534s] INFO:colcon.colcon_core.shell:Creating package script '/home/st/ywfBot_ws/install/frhal_msgs/share/frhal_msgs/package.bash'
[4.537s] INFO:colcon.colcon_core.shell:Creating package script '/home/st/ywfBot_ws/install/frhal_msgs/share/frhal_msgs/package.zsh'
[4.540s] Level 1:colcon.colcon_core.environment:create_file_with_runtime_dependencies(/home/st/ywfBot_ws/install/frhal_msgs/share/colcon-core/packages/frhal_msgs)
[5.106s] Level 1:colcon.colcon_core.environment:create_environment_scripts_only(frhal_msgs)
[5.106s] Level 1:colcon.colcon_core.environment:checking '/home/st/ywfBot_ws/install/frhal_msgs' for CMake module files
[5.108s] Level 1:colcon.colcon_core.environment:checking '/home/st/ywfBot_ws/install/frhal_msgs' for CMake config files
[5.110s] Level 1:colcon.colcon_core.shell:create_environment_hook('frhal_msgs', 'cmake_prefix_path')
[5.110s] INFO:colcon.colcon_core.shell:Creating environment hook '/home/st/ywfBot_ws/install/frhal_msgs/share/frhal_msgs/hook/cmake_prefix_path.ps1'
[5.111s] INFO:colcon.colcon_core.shell:Creating environment descriptor '/home/st/ywfBot_ws/install/frhal_msgs/share/frhal_msgs/hook/cmake_prefix_path.dsv'
[5.113s] INFO:colcon.colcon_core.shell:Creating environment hook '/home/st/ywfBot_ws/install/frhal_msgs/share/frhal_msgs/hook/cmake_prefix_path.sh'
[5.114s] Level 1:colcon.colcon_core.environment:checking '/home/st/ywfBot_ws/install/frhal_msgs/lib'
[5.114s] Level 1:colcon.colcon_core.shell:create_environment_hook('frhal_msgs', 'ld_library_path_lib')
[5.115s] INFO:colcon.colcon_core.shell:Creating environment hook '/home/st/ywfBot_ws/install/frhal_msgs/share/frhal_msgs/hook/ld_library_path_lib.ps1'
[5.116s] INFO:colcon.colcon_core.shell:Creating environment descriptor '/home/st/ywfBot_ws/install/frhal_msgs/share/frhal_msgs/hook/ld_library_path_lib.dsv'
[5.117s] INFO:colcon.colcon_core.shell:Creating environment hook '/home/st/ywfBot_ws/install/frhal_msgs/share/frhal_msgs/hook/ld_library_path_lib.sh'
[5.117s] Level 1:colcon.colcon_core.environment:checking '/home/st/ywfBot_ws/install/frhal_msgs/bin'
[5.118s] Level 1:colcon.colcon_core.environment:checking '/home/st/ywfBot_ws/install/frhal_msgs/lib/pkgconfig/frhal_msgs.pc'
[5.118s] Level 1:colcon.colcon_core.environment:checking '/home/st/ywfBot_ws/install/frhal_msgs/lib/python3.10/site-packages'
[5.119s] Level 1:colcon.colcon_core.environment:checking '/home/st/ywfBot_ws/install/frhal_msgs/bin'
[5.119s] INFO:colcon.colcon_core.shell:Creating package script '/home/st/ywfBot_ws/install/frhal_msgs/share/frhal_msgs/package.ps1'
[5.121s] INFO:colcon.colcon_core.shell:Creating package descriptor '/home/st/ywfBot_ws/install/frhal_msgs/share/frhal_msgs/package.dsv'
[5.123s] INFO:colcon.colcon_core.shell:Creating package script '/home/st/ywfBot_ws/install/frhal_msgs/share/frhal_msgs/package.sh'
[5.124s] INFO:colcon.colcon_core.shell:Creating package script '/home/st/ywfBot_ws/install/frhal_msgs/share/frhal_msgs/package.bash'
[5.125s] INFO:colcon.colcon_core.shell:Creating package script '/home/st/ywfBot_ws/install/frhal_msgs/share/frhal_msgs/package.zsh'
[5.126s] Level 1:colcon.colcon_core.environment:create_file_with_runtime_dependencies(/home/st/ywfBot_ws/install/frhal_msgs/share/colcon-core/packages/frhal_msgs)
[5.127s] INFO:colcon.colcon_ros.task.ament_cmake.build:Building ROS package in '/home/st/ywfBot_ws/src/moveit_ywf_msg' with build type 'ament_cmake'
[5.127s] INFO:colcon.colcon_cmake.task.cmake.build:Building CMake package in '/home/st/ywfBot_ws/src/moveit_ywf_msg'
[5.128s] INFO:colcon.colcon_core.shell:Skip shell extension 'powershell' for command environment: Not usable outside of PowerShell
[5.128s] DEBUG:colcon.colcon_core.shell:Skip shell extension 'dsv' for command environment
[5.172s] DEBUG:colcon.colcon_core.event_handler.log_command:Invoking command in '/home/st/ywfBot_ws/build/moveit_ywf_msg': CMAKE_PREFIX_PATH=/opt/ros/humble /usr/bin/cmake --build /home/st/ywfBot_ws/build/moveit_ywf_msg -- -j16 -l16
[6.185s] DEBUG:colcon.colcon_core.event_handler.log_command:Invoked command in '/home/st/ywfBot_ws/build/moveit_ywf_msg' returned '0': CMAKE_PREFIX_PATH=/opt/ros/humble /usr/bin/cmake --build /home/st/ywfBot_ws/build/moveit_ywf_msg -- -j16 -l16
[6.542s] DEBUG:colcon.colcon_core.event_handler.log_command:Invoking command in '/home/st/ywfBot_ws/build/moveit_ywf_msg': CMAKE_PREFIX_PATH=/opt/ros/humble /usr/bin/cmake --install /home/st/ywfBot_ws/build/moveit_ywf_msg
[6.819s] Level 1:colcon.colcon_core.environment:create_environment_scripts_only(moveit_ywf_msg)
[6.819s] Level 1:colcon.colcon_core.environment:checking '/home/st/ywfBot_ws/install/moveit_ywf_msg' for CMake module files
[6.820s] DEBUG:colcon.colcon_core.event_handler.log_command:Invoked command in '/home/st/ywfBot_ws/build/moveit_ywf_msg' returned '0': CMAKE_PREFIX_PATH=/opt/ros/humble /usr/bin/cmake --install /home/st/ywfBot_ws/build/moveit_ywf_msg
[6.821s] Level 1:colcon.colcon_core.environment:checking '/home/st/ywfBot_ws/install/moveit_ywf_msg' for CMake config files
[6.824s] Level 1:colcon.colcon_core.shell:create_environment_hook('moveit_ywf_msg', 'cmake_prefix_path')
[6.825s] INFO:colcon.colcon_core.shell:Creating environment hook '/home/st/ywfBot_ws/install/moveit_ywf_msg/share/moveit_ywf_msg/hook/cmake_prefix_path.ps1'
[6.826s] INFO:colcon.colcon_core.shell:Creating environment descriptor '/home/st/ywfBot_ws/install/moveit_ywf_msg/share/moveit_ywf_msg/hook/cmake_prefix_path.dsv'
[6.827s] INFO:colcon.colcon_core.shell:Creating environment hook '/home/st/ywfBot_ws/install/moveit_ywf_msg/share/moveit_ywf_msg/hook/cmake_prefix_path.sh'
[6.828s] Level 1:colcon.colcon_core.environment:checking '/home/st/ywfBot_ws/install/moveit_ywf_msg/lib'
[6.828s] Level 1:colcon.colcon_core.shell:create_environment_hook('moveit_ywf_msg', 'ld_library_path_lib')
[6.829s] INFO:colcon.colcon_core.shell:Creating environment hook '/home/st/ywfBot_ws/install/moveit_ywf_msg/share/moveit_ywf_msg/hook/ld_library_path_lib.ps1'
[6.830s] INFO:colcon.colcon_core.shell:Creating environment descriptor '/home/st/ywfBot_ws/install/moveit_ywf_msg/share/moveit_ywf_msg/hook/ld_library_path_lib.dsv'
[6.830s] INFO:colcon.colcon_core.shell:Creating environment hook '/home/st/ywfBot_ws/install/moveit_ywf_msg/share/moveit_ywf_msg/hook/ld_library_path_lib.sh'
[6.831s] Level 1:colcon.colcon_core.environment:checking '/home/st/ywfBot_ws/install/moveit_ywf_msg/bin'
[6.831s] Level 1:colcon.colcon_core.environment:checking '/home/st/ywfBot_ws/install/moveit_ywf_msg/lib/pkgconfig/moveit_ywf_msg.pc'
[6.832s] Level 1:colcon.colcon_core.environment:checking '/home/st/ywfBot_ws/install/moveit_ywf_msg/lib/python3.10/site-packages'
[6.832s] Level 1:colcon.colcon_core.environment:checking '/home/st/ywfBot_ws/install/moveit_ywf_msg/bin'
[6.833s] INFO:colcon.colcon_core.shell:Creating package script '/home/st/ywfBot_ws/install/moveit_ywf_msg/share/moveit_ywf_msg/package.ps1'
[6.834s] INFO:colcon.colcon_core.shell:Creating package descriptor '/home/st/ywfBot_ws/install/moveit_ywf_msg/share/moveit_ywf_msg/package.dsv'
[6.835s] INFO:colcon.colcon_core.shell:Creating package script '/home/st/ywfBot_ws/install/moveit_ywf_msg/share/moveit_ywf_msg/package.sh'
[6.836s] INFO:colcon.colcon_core.shell:Creating package script '/home/st/ywfBot_ws/install/moveit_ywf_msg/share/moveit_ywf_msg/package.bash'
[6.837s] INFO:colcon.colcon_core.shell:Creating package script '/home/st/ywfBot_ws/install/moveit_ywf_msg/share/moveit_ywf_msg/package.zsh'
[6.838s] Level 1:colcon.colcon_core.environment:create_file_with_runtime_dependencies(/home/st/ywfBot_ws/install/moveit_ywf_msg/share/colcon-core/packages/moveit_ywf_msg)
[7.242s] Level 1:colcon.colcon_core.environment:create_environment_scripts_only(moveit_ywf_msg)
[7.243s] Level 1:colcon.colcon_core.environment:checking '/home/st/ywfBot_ws/install/moveit_ywf_msg' for CMake module files
[7.244s] Level 1:colcon.colcon_core.environment:checking '/home/st/ywfBot_ws/install/moveit_ywf_msg' for CMake config files
[7.245s] Level 1:colcon.colcon_core.shell:create_environment_hook('moveit_ywf_msg', 'cmake_prefix_path')
[7.245s] INFO:colcon.colcon_core.shell:Creating environment hook '/home/st/ywfBot_ws/install/moveit_ywf_msg/share/moveit_ywf_msg/hook/cmake_prefix_path.ps1'
[7.246s] INFO:colcon.colcon_core.shell:Creating environment descriptor '/home/st/ywfBot_ws/install/moveit_ywf_msg/share/moveit_ywf_msg/hook/cmake_prefix_path.dsv'
[7.247s] INFO:colcon.colcon_core.shell:Creating environment hook '/home/st/ywfBot_ws/install/moveit_ywf_msg/share/moveit_ywf_msg/hook/cmake_prefix_path.sh'
[7.249s] Level 1:colcon.colcon_core.environment:checking '/home/st/ywfBot_ws/install/moveit_ywf_msg/lib'
[7.249s] Level 1:colcon.colcon_core.shell:create_environment_hook('moveit_ywf_msg', 'ld_library_path_lib')
[7.249s] INFO:colcon.colcon_core.shell:Creating environment hook '/home/st/ywfBot_ws/install/moveit_ywf_msg/share/moveit_ywf_msg/hook/ld_library_path_lib.ps1'
[7.250s] INFO:colcon.colcon_core.shell:Creating environment descriptor '/home/st/ywfBot_ws/install/moveit_ywf_msg/share/moveit_ywf_msg/hook/ld_library_path_lib.dsv'
[7.251s] INFO:colcon.colcon_core.shell:Creating environment hook '/home/st/ywfBot_ws/install/moveit_ywf_msg/share/moveit_ywf_msg/hook/ld_library_path_lib.sh'
[7.253s] Level 1:colcon.colcon_core.environment:checking '/home/st/ywfBot_ws/install/moveit_ywf_msg/bin'
[7.253s] Level 1:colcon.colcon_core.environment:checking '/home/st/ywfBot_ws/install/moveit_ywf_msg/lib/pkgconfig/moveit_ywf_msg.pc'
[7.253s] Level 1:colcon.colcon_core.environment:checking '/home/st/ywfBot_ws/install/moveit_ywf_msg/lib/python3.10/site-packages'
[7.254s] Level 1:colcon.colcon_core.environment:checking '/home/st/ywfBot_ws/install/moveit_ywf_msg/bin'
[7.254s] INFO:colcon.colcon_core.shell:Creating package script '/home/st/ywfBot_ws/install/moveit_ywf_msg/share/moveit_ywf_msg/package.ps1'
[7.255s] INFO:colcon.colcon_core.shell:Creating package descriptor '/home/st/ywfBot_ws/install/moveit_ywf_msg/share/moveit_ywf_msg/package.dsv'
[7.267s] INFO:colcon.colcon_core.shell:Creating package script '/home/st/ywfBot_ws/install/moveit_ywf_msg/share/moveit_ywf_msg/package.sh'
[7.268s] INFO:colcon.colcon_core.shell:Creating package script '/home/st/ywfBot_ws/install/moveit_ywf_msg/share/moveit_ywf_msg/package.bash'
[7.271s] INFO:colcon.colcon_core.shell:Creating package script '/home/st/ywfBot_ws/install/moveit_ywf_msg/share/moveit_ywf_msg/package.zsh'
[7.272s] Level 1:colcon.colcon_core.environment:create_file_with_runtime_dependencies(/home/st/ywfBot_ws/install/moveit_ywf_msg/share/colcon-core/packages/moveit_ywf_msg)
[7.273s] INFO:colcon.colcon_ros.task.ament_python.build:Building ROS package in '/home/st/ywfBot_ws/src/py_action' with build type 'ament_python'
[7.274s] Level 1:colcon.colcon_core.shell:create_environment_hook('py_action', 'ament_prefix_path')
[7.274s] INFO:colcon.colcon_core.shell:Creating environment hook '/home/st/ywfBot_ws/install/py_action/share/py_action/hook/ament_prefix_path.ps1'
[7.286s] INFO:colcon.colcon_core.shell:Creating environment descriptor '/home/st/ywfBot_ws/install/py_action/share/py_action/hook/ament_prefix_path.dsv'
[7.287s] INFO:colcon.colcon_core.shell:Creating environment hook '/home/st/ywfBot_ws/install/py_action/share/py_action/hook/ament_prefix_path.sh'
[7.289s] INFO:colcon.colcon_core.shell:Skip shell extension 'powershell' for command environment: Not usable outside of PowerShell
[7.289s] DEBUG:colcon.colcon_core.shell:Skip shell extension 'dsv' for command environment
[7.968s] INFO:colcon.colcon_core.task.python.build:Building Python package in '/home/st/ywfBot_ws/src/py_action'
[7.969s] INFO:colcon.colcon_core.shell:Skip shell extension 'powershell' for command environment: Not usable outside of PowerShell
[7.969s] DEBUG:colcon.colcon_core.shell:Skip shell extension 'dsv' for command environment
[9.219s] DEBUG:colcon.colcon_core.event_handler.log_command:Invoking command in '/home/st/ywfBot_ws/src/py_action': PYTHONPATH=/home/st/ywfBot_ws/build/py_action/prefix_override:/usr/lib/python3/dist-packages/colcon_core/task/python/colcon_distutils_commands:/home/st/ywfBot_ws/install/py_action/lib/python3.10/site-packages:${PYTHONPATH} /usr/bin/python3 -W ignore:setup.py install is deprecated -W ignore:easy_install command is deprecated setup.py egg_info --egg-base ../../build/py_action build --build-base /home/st/ywfBot_ws/build/py_action/build install --record /home/st/ywfBot_ws/build/py_action/install.log --single-version-externally-managed install_data
[10.027s] Level 1:colcon.colcon_core.environment:checking '/home/st/ywfBot_ws/install/py_action' for CMake module files
[10.028s] DEBUG:colcon.colcon_core.event_handler.log_command:Invoked command in '/home/st/ywfBot_ws/src/py_action' returned '0': PYTHONPATH=/home/st/ywfBot_ws/build/py_action/prefix_override:/usr/lib/python3/dist-packages/colcon_core/task/python/colcon_distutils_commands:/home/st/ywfBot_ws/install/py_action/lib/python3.10/site-packages:${PYTHONPATH} /usr/bin/python3 -W ignore:setup.py install is deprecated -W ignore:easy_install command is deprecated setup.py egg_info --egg-base ../../build/py_action build --build-base /home/st/ywfBot_ws/build/py_action/build install --record /home/st/ywfBot_ws/build/py_action/install.log --single-version-externally-managed install_data
[10.029s] Level 1:colcon.colcon_core.environment:checking '/home/st/ywfBot_ws/install/py_action' for CMake config files
[10.047s] Level 1:colcon.colcon_core.environment:checking '/home/st/ywfBot_ws/install/py_action/lib'
[10.047s] Level 1:colcon.colcon_core.environment:checking '/home/st/ywfBot_ws/install/py_action/bin'
[10.047s] Level 1:colcon.colcon_core.environment:checking '/home/st/ywfBot_ws/install/py_action/lib/pkgconfig/py_action.pc'
[10.047s] Level 1:colcon.colcon_core.environment:checking '/home/st/ywfBot_ws/install/py_action/lib/python3.10/site-packages'
[10.048s] Level 1:colcon.colcon_core.shell:create_environment_hook('py_action', 'pythonpath')
[10.048s] INFO:colcon.colcon_core.shell:Creating environment hook '/home/st/ywfBot_ws/install/py_action/share/py_action/hook/pythonpath.ps1'
[10.049s] INFO:colcon.colcon_core.shell:Creating environment descriptor '/home/st/ywfBot_ws/install/py_action/share/py_action/hook/pythonpath.dsv'
[10.050s] INFO:colcon.colcon_core.shell:Creating environment hook '/home/st/ywfBot_ws/install/py_action/share/py_action/hook/pythonpath.sh'
[10.052s] Level 1:colcon.colcon_core.environment:checking '/home/st/ywfBot_ws/install/py_action/bin'
[10.052s] Level 1:colcon.colcon_core.environment:create_environment_scripts_only(py_action)
[10.052s] INFO:colcon.colcon_core.shell:Creating package script '/home/st/ywfBot_ws/install/py_action/share/py_action/package.ps1'
[10.054s] INFO:colcon.colcon_core.shell:Creating package descriptor '/home/st/ywfBot_ws/install/py_action/share/py_action/package.dsv'
[10.055s] INFO:colcon.colcon_core.shell:Creating package script '/home/st/ywfBot_ws/install/py_action/share/py_action/package.sh'
[10.056s] INFO:colcon.colcon_core.shell:Creating package script '/home/st/ywfBot_ws/install/py_action/share/py_action/package.bash'
[10.057s] INFO:colcon.colcon_core.shell:Creating package script '/home/st/ywfBot_ws/install/py_action/share/py_action/package.zsh'
[10.058s] Level 1:colcon.colcon_core.environment:create_file_with_runtime_dependencies(/home/st/ywfBot_ws/install/py_action/share/colcon-core/packages/py_action)
[10.060s] INFO:colcon.colcon_ros.task.ament_python.build:Building ROS package in '/home/st/ywfBot_ws/src/py_action_client' with build type 'ament_python'
[10.060s] Level 1:colcon.colcon_core.shell:create_environment_hook('py_action_client', 'ament_prefix_path')
[10.061s] INFO:colcon.colcon_core.shell:Creating environment hook '/home/st/ywfBot_ws/install/py_action_client/share/py_action_client/hook/ament_prefix_path.ps1'
[10.077s] INFO:colcon.colcon_core.shell:Creating environment descriptor '/home/st/ywfBot_ws/install/py_action_client/share/py_action_client/hook/ament_prefix_path.dsv'
[10.079s] INFO:colcon.colcon_core.shell:Creating environment hook '/home/st/ywfBot_ws/install/py_action_client/share/py_action_client/hook/ament_prefix_path.sh'
[10.081s] INFO:colcon.colcon_core.shell:Skip shell extension 'powershell' for command environment: Not usable outside of PowerShell
[10.081s] DEBUG:colcon.colcon_core.shell:Skip shell extension 'dsv' for command environment
[10.827s] INFO:colcon.colcon_core.task.python.build:Building Python package in '/home/st/ywfBot_ws/src/py_action_client'
[10.828s] INFO:colcon.colcon_core.shell:Skip shell extension 'powershell' for command environment: Not usable outside of PowerShell
[10.828s] DEBUG:colcon.colcon_core.shell:Skip shell extension 'dsv' for command environment
[11.792s] DEBUG:colcon.colcon_core.event_handler.log_command:Invoking command in '/home/st/ywfBot_ws/src/py_action_client': PYTHONPATH=/home/st/ywfBot_ws/build/py_action_client/prefix_override:/usr/lib/python3/dist-packages/colcon_core/task/python/colcon_distutils_commands:/home/st/ywfBot_ws/install/py_action_client/lib/python3.10/site-packages:${PYTHONPATH} /usr/bin/python3 -W ignore:setup.py install is deprecated -W ignore:easy_install command is deprecated setup.py egg_info --egg-base ../../build/py_action_client build --build-base /home/st/ywfBot_ws/build/py_action_client/build install --record /home/st/ywfBot_ws/build/py_action_client/install.log --single-version-externally-managed install_data
[12.605s] Level 1:colcon.colcon_core.environment:checking '/home/st/ywfBot_ws/install/py_action_client' for CMake module files
[12.606s] Level 1:colcon.colcon_core.environment:checking '/home/st/ywfBot_ws/install/py_action_client' for CMake config files
[12.608s] DEBUG:colcon.colcon_core.event_handler.log_command:Invoked command in '/home/st/ywfBot_ws/src/py_action_client' returned '0': PYTHONPATH=/home/st/ywfBot_ws/build/py_action_client/prefix_override:/usr/lib/python3/dist-packages/colcon_core/task/python/colcon_distutils_commands:/home/st/ywfBot_ws/install/py_action_client/lib/python3.10/site-packages:${PYTHONPATH} /usr/bin/python3 -W ignore:setup.py install is deprecated -W ignore:easy_install command is deprecated setup.py egg_info --egg-base ../../build/py_action_client build --build-base /home/st/ywfBot_ws/build/py_action_client/build install --record /home/st/ywfBot_ws/build/py_action_client/install.log --single-version-externally-managed install_data
[12.611s] Level 1:colcon.colcon_core.environment:checking '/home/st/ywfBot_ws/install/py_action_client/lib'
[12.611s] Level 1:colcon.colcon_core.environment:checking '/home/st/ywfBot_ws/install/py_action_client/bin'
[12.611s] Level 1:colcon.colcon_core.environment:checking '/home/st/ywfBot_ws/install/py_action_client/lib/pkgconfig/py_action_client.pc'
[12.612s] Level 1:colcon.colcon_core.environment:checking '/home/st/ywfBot_ws/install/py_action_client/lib/python3.10/site-packages'
[12.612s] Level 1:colcon.colcon_core.shell:create_environment_hook('py_action_client', 'pythonpath')
[12.613s] INFO:colcon.colcon_core.shell:Creating environment hook '/home/st/ywfBot_ws/install/py_action_client/share/py_action_client/hook/pythonpath.ps1'
[12.615s] INFO:colcon.colcon_core.shell:Creating environment descriptor '/home/st/ywfBot_ws/install/py_action_client/share/py_action_client/hook/pythonpath.dsv'
[12.617s] INFO:colcon.colcon_core.shell:Creating environment hook '/home/st/ywfBot_ws/install/py_action_client/share/py_action_client/hook/pythonpath.sh'
[12.618s] Level 1:colcon.colcon_core.environment:checking '/home/st/ywfBot_ws/install/py_action_client/bin'
[12.618s] Level 1:colcon.colcon_core.environment:create_environment_scripts_only(py_action_client)
[12.619s] INFO:colcon.colcon_core.shell:Creating package script '/home/st/ywfBot_ws/install/py_action_client/share/py_action_client/package.ps1'
[12.620s] INFO:colcon.colcon_core.shell:Creating package descriptor '/home/st/ywfBot_ws/install/py_action_client/share/py_action_client/package.dsv'
[12.621s] INFO:colcon.colcon_core.shell:Creating package script '/home/st/ywfBot_ws/install/py_action_client/share/py_action_client/package.sh'
[12.622s] INFO:colcon.colcon_core.shell:Creating package script '/home/st/ywfBot_ws/install/py_action_client/share/py_action_client/package.bash'
[12.625s] INFO:colcon.colcon_core.shell:Creating package script '/home/st/ywfBot_ws/install/py_action_client/share/py_action_client/package.zsh'
[12.627s] Level 1:colcon.colcon_core.environment:create_file_with_runtime_dependencies(/home/st/ywfBot_ws/install/py_action_client/share/colcon-core/packages/py_action_client)
[12.628s] INFO:colcon.colcon_ros.task.ament_cmake.build:Building ROS package in '/home/st/ywfBot_ws/src/fr_ros2' with build type 'ament_cmake'
[12.628s] INFO:colcon.colcon_cmake.task.cmake.build:Building CMake package in '/home/st/ywfBot_ws/src/fr_ros2'
[12.629s] INFO:colcon.colcon_core.shell:Skip shell extension 'powershell' for command environment: Not usable outside of PowerShell
[12.629s] DEBUG:colcon.colcon_core.shell:Skip shell extension 'dsv' for command environment
[12.655s] DEBUG:colcon.colcon_core.event_handler.log_command:Invoking command in '/home/st/ywfBot_ws/build/fr_ros2': AMENT_PREFIX_PATH=/home/st/ywfBot_ws/install/frhal_msgs:${AMENT_PREFIX_PATH} CMAKE_PREFIX_PATH=/home/st/ywfBot_ws/install/frhal_msgs:/opt/ros/humble LD_LIBRARY_PATH=/home/st/ywfBot_ws/install/frhal_msgs/lib:/opt/ros/humble/opt/rviz_ogre_vendor/lib:/opt/ros/humble/lib/x86_64-linux-gnu:/opt/ros/humble/lib:/opt/MVS/lib/64:/opt/MVS/lib/32:/opt/MVS/lib/64:/opt/MVS/lib/32:/opt/MVS/lib/64:/opt/MVS/lib/32 PYTHONPATH=/home/st/ywfBot_ws/install/frhal_msgs/local/lib/python3.10/dist-packages:${PYTHONPATH} /usr/bin/cmake /home/st/ywfBot_ws/src/fr_ros2 -DCMAKE_INSTALL_PREFIX=/home/st/ywfBot_ws/install/fr_ros2
[17.227s] DEBUG:colcon.colcon_core.event_handler.log_command:Invoked command in '/home/st/ywfBot_ws/build/fr_ros2' returned '0': AMENT_PREFIX_PATH=/home/st/ywfBot_ws/install/frhal_msgs:${AMENT_PREFIX_PATH} CMAKE_PREFIX_PATH=/home/st/ywfBot_ws/install/frhal_msgs:/opt/ros/humble LD_LIBRARY_PATH=/home/st/ywfBot_ws/install/frhal_msgs/lib:/opt/ros/humble/opt/rviz_ogre_vendor/lib:/opt/ros/humble/lib/x86_64-linux-gnu:/opt/ros/humble/lib:/opt/MVS/lib/64:/opt/MVS/lib/32:/opt/MVS/lib/64:/opt/MVS/lib/32:/opt/MVS/lib/64:/opt/MVS/lib/32 PYTHONPATH=/home/st/ywfBot_ws/install/frhal_msgs/local/lib/python3.10/dist-packages:${PYTHONPATH} /usr/bin/cmake /home/st/ywfBot_ws/src/fr_ros2 -DCMAKE_INSTALL_PREFIX=/home/st/ywfBot_ws/install/fr_ros2
[17.230s] DEBUG:colcon.colcon_core.event_handler.log_command:Invoking command in '/home/st/ywfBot_ws/build/fr_ros2': AMENT_PREFIX_PATH=/home/st/ywfBot_ws/install/frhal_msgs:${AMENT_PREFIX_PATH} CMAKE_PREFIX_PATH=/home/st/ywfBot_ws/install/frhal_msgs:/opt/ros/humble LD_LIBRARY_PATH=/home/st/ywfBot_ws/install/frhal_msgs/lib:/opt/ros/humble/opt/rviz_ogre_vendor/lib:/opt/ros/humble/lib/x86_64-linux-gnu:/opt/ros/humble/lib:/opt/MVS/lib/64:/opt/MVS/lib/32:/opt/MVS/lib/64:/opt/MVS/lib/32:/opt/MVS/lib/64:/opt/MVS/lib/32 PYTHONPATH=/home/st/ywfBot_ws/install/frhal_msgs/local/lib/python3.10/dist-packages:${PYTHONPATH} /usr/bin/cmake --build /home/st/ywfBot_ws/build/fr_ros2 -- -j16 -l16
[39.019s] DEBUG:colcon.colcon_core.event_handler.log_command:Invoked command in '/home/st/ywfBot_ws/build/fr_ros2' returned '0': AMENT_PREFIX_PATH=/home/st/ywfBot_ws/install/frhal_msgs:${AMENT_PREFIX_PATH} CMAKE_PREFIX_PATH=/home/st/ywfBot_ws/install/frhal_msgs:/opt/ros/humble LD_LIBRARY_PATH=/home/st/ywfBot_ws/install/frhal_msgs/lib:/opt/ros/humble/opt/rviz_ogre_vendor/lib:/opt/ros/humble/lib/x86_64-linux-gnu:/opt/ros/humble/lib:/opt/MVS/lib/64:/opt/MVS/lib/32:/opt/MVS/lib/64:/opt/MVS/lib/32:/opt/MVS/lib/64:/opt/MVS/lib/32 PYTHONPATH=/home/st/ywfBot_ws/install/frhal_msgs/local/lib/python3.10/dist-packages:${PYTHONPATH} /usr/bin/cmake --build /home/st/ywfBot_ws/build/fr_ros2 -- -j16 -l16
[39.022s] DEBUG:colcon.colcon_core.event_handler.log_command:Invoking command in '/home/st/ywfBot_ws/build/fr_ros2': AMENT_PREFIX_PATH=/home/st/ywfBot_ws/install/frhal_msgs:${AMENT_PREFIX_PATH} CMAKE_PREFIX_PATH=/home/st/ywfBot_ws/install/frhal_msgs:/opt/ros/humble LD_LIBRARY_PATH=/home/st/ywfBot_ws/install/frhal_msgs/lib:/opt/ros/humble/opt/rviz_ogre_vendor/lib:/opt/ros/humble/lib/x86_64-linux-gnu:/opt/ros/humble/lib:/opt/MVS/lib/64:/opt/MVS/lib/32:/opt/MVS/lib/64:/opt/MVS/lib/32:/opt/MVS/lib/64:/opt/MVS/lib/32 PYTHONPATH=/home/st/ywfBot_ws/install/frhal_msgs/local/lib/python3.10/dist-packages:${PYTHONPATH} /usr/bin/cmake --install /home/st/ywfBot_ws/build/fr_ros2
[39.080s] Level 1:colcon.colcon_core.environment:create_environment_scripts_only(fr_ros2)
[39.081s] Level 1:colcon.colcon_core.environment:checking '/home/st/ywfBot_ws/install/fr_ros2' for CMake module files
[39.082s] Level 1:colcon.colcon_core.environment:checking '/home/st/ywfBot_ws/install/fr_ros2' for CMake config files
[39.082s] Level 1:colcon.colcon_core.shell:create_environment_hook('fr_ros2', 'cmake_prefix_path')
[39.083s] INFO:colcon.colcon_core.shell:Creating environment hook '/home/st/ywfBot_ws/install/fr_ros2/share/fr_ros2/hook/cmake_prefix_path.ps1'
[39.084s] INFO:colcon.colcon_core.shell:Creating environment descriptor '/home/st/ywfBot_ws/install/fr_ros2/share/fr_ros2/hook/cmake_prefix_path.dsv'
[39.084s] INFO:colcon.colcon_core.shell:Creating environment hook '/home/st/ywfBot_ws/install/fr_ros2/share/fr_ros2/hook/cmake_prefix_path.sh'
[39.085s] Level 1:colcon.colcon_core.environment:checking '/home/st/ywfBot_ws/install/fr_ros2/lib'
[39.086s] Level 1:colcon.colcon_core.environment:checking '/home/st/ywfBot_ws/install/fr_ros2/bin'
[39.086s] Level 1:colcon.colcon_core.environment:checking '/home/st/ywfBot_ws/install/fr_ros2/lib/pkgconfig/fr_ros2.pc'
[39.086s] Level 1:colcon.colcon_core.environment:checking '/home/st/ywfBot_ws/install/fr_ros2/lib/python3.10/site-packages'
[39.087s] Level 1:colcon.colcon_core.environment:checking '/home/st/ywfBot_ws/install/fr_ros2/bin'
[39.087s] INFO:colcon.colcon_core.shell:Creating package script '/home/st/ywfBot_ws/install/fr_ros2/share/fr_ros2/package.ps1'
[39.088s] INFO:colcon.colcon_core.shell:Creating package descriptor '/home/st/ywfBot_ws/install/fr_ros2/share/fr_ros2/package.dsv'
[39.089s] INFO:colcon.colcon_core.shell:Creating package script '/home/st/ywfBot_ws/install/fr_ros2/share/fr_ros2/package.sh'
[39.090s] INFO:colcon.colcon_core.shell:Creating package script '/home/st/ywfBot_ws/install/fr_ros2/share/fr_ros2/package.bash'
[39.091s] INFO:colcon.colcon_core.shell:Creating package script '/home/st/ywfBot_ws/install/fr_ros2/share/fr_ros2/package.zsh'
[39.095s] Level 1:colcon.colcon_core.environment:create_file_with_runtime_dependencies(/home/st/ywfBot_ws/install/fr_ros2/share/colcon-core/packages/fr_ros2)
[39.096s] Level 1:colcon.colcon_core.environment:create_environment_scripts_only(fr_ros2)
[39.097s] Level 1:colcon.colcon_core.environment:checking '/home/st/ywfBot_ws/install/fr_ros2' for CMake module files
[39.092s] DEBUG:colcon.colcon_core.event_handler.log_command:Invoked command in '/home/st/ywfBot_ws/build/fr_ros2' returned '0': AMENT_PREFIX_PATH=/home/st/ywfBot_ws/install/frhal_msgs:${AMENT_PREFIX_PATH} CMAKE_PREFIX_PATH=/home/st/ywfBot_ws/install/frhal_msgs:/opt/ros/humble LD_LIBRARY_PATH=/home/st/ywfBot_ws/install/frhal_msgs/lib:/opt/ros/humble/opt/rviz_ogre_vendor/lib:/opt/ros/humble/lib/x86_64-linux-gnu:/opt/ros/humble/lib:/opt/MVS/lib/64:/opt/MVS/lib/32:/opt/MVS/lib/64:/opt/MVS/lib/32:/opt/MVS/lib/64:/opt/MVS/lib/32 PYTHONPATH=/home/st/ywfBot_ws/install/frhal_msgs/local/lib/python3.10/dist-packages:${PYTHONPATH} /usr/bin/cmake --install /home/st/ywfBot_ws/build/fr_ros2
[39.098s] Level 1:colcon.colcon_core.environment:checking '/home/st/ywfBot_ws/install/fr_ros2' for CMake config files
[39.099s] Level 1:colcon.colcon_core.shell:create_environment_hook('fr_ros2', 'cmake_prefix_path')
[39.099s] INFO:colcon.colcon_core.shell:Creating environment hook '/home/st/ywfBot_ws/install/fr_ros2/share/fr_ros2/hook/cmake_prefix_path.ps1'
[39.099s] INFO:colcon.colcon_core.shell:Creating environment descriptor '/home/st/ywfBot_ws/install/fr_ros2/share/fr_ros2/hook/cmake_prefix_path.dsv'
[39.099s] INFO:colcon.colcon_core.shell:Creating environment hook '/home/st/ywfBot_ws/install/fr_ros2/share/fr_ros2/hook/cmake_prefix_path.sh'
[39.100s] Level 1:colcon.colcon_core.environment:checking '/home/st/ywfBot_ws/install/fr_ros2/lib'
[39.100s] Level 1:colcon.colcon_core.environment:checking '/home/st/ywfBot_ws/install/fr_ros2/bin'
[39.100s] Level 1:colcon.colcon_core.environment:checking '/home/st/ywfBot_ws/install/fr_ros2/lib/pkgconfig/fr_ros2.pc'
[39.100s] Level 1:colcon.colcon_core.environment:checking '/home/st/ywfBot_ws/install/fr_ros2/lib/python3.10/site-packages'
[39.100s] Level 1:colcon.colcon_core.environment:checking '/home/st/ywfBot_ws/install/fr_ros2/bin'
[39.100s] INFO:colcon.colcon_core.shell:Creating package script '/home/st/ywfBot_ws/install/fr_ros2/share/fr_ros2/package.ps1'
[39.101s] INFO:colcon.colcon_core.shell:Creating package descriptor '/home/st/ywfBot_ws/install/fr_ros2/share/fr_ros2/package.dsv'
[39.101s] INFO:colcon.colcon_core.shell:Creating package script '/home/st/ywfBot_ws/install/fr_ros2/share/fr_ros2/package.sh'
[39.101s] INFO:colcon.colcon_core.shell:Creating package script '/home/st/ywfBot_ws/install/fr_ros2/share/fr_ros2/package.bash'
[39.102s] INFO:colcon.colcon_core.shell:Creating package script '/home/st/ywfBot_ws/install/fr_ros2/share/fr_ros2/package.zsh'
[39.103s] Level 1:colcon.colcon_core.environment:create_file_with_runtime_dependencies(/home/st/ywfBot_ws/install/fr_ros2/share/colcon-core/packages/fr_ros2)
[39.103s] INFO:colcon.colcon_ros.task.ament_cmake.build:Building ROS package in '/home/st/ywfBot_ws/src/moveit2_ywf_interface' with build type 'ament_cmake'
[39.103s] INFO:colcon.colcon_cmake.task.cmake.build:Building CMake package in '/home/st/ywfBot_ws/src/moveit2_ywf_interface'
[39.104s] INFO:colcon.colcon_core.shell:Skip shell extension 'powershell' for command environment: Not usable outside of PowerShell
[39.104s] DEBUG:colcon.colcon_core.shell:Skip shell extension 'dsv' for command environment
[39.157s] DEBUG:colcon.colcon_core.event_handler.log_command:Invoking command in '/home/st/ywfBot_ws/build/moveit2_ywf_interface': AMENT_PREFIX_PATH=/home/st/ywfBot_ws/install/moveit_ywf_msg:${AMENT_PREFIX_PATH} CMAKE_PREFIX_PATH=/home/st/ywfBot_ws/install/moveit_ywf_msg:/opt/ros/humble LD_LIBRARY_PATH=/home/st/ywfBot_ws/install/moveit_ywf_msg/lib:/opt/ros/humble/opt/rviz_ogre_vendor/lib:/opt/ros/humble/lib/x86_64-linux-gnu:/opt/ros/humble/lib:/opt/MVS/lib/64:/opt/MVS/lib/32:/opt/MVS/lib/64:/opt/MVS/lib/32:/opt/MVS/lib/64:/opt/MVS/lib/32 PYTHONPATH=/home/st/ywfBot_ws/install/moveit_ywf_msg/local/lib/python3.10/dist-packages:${PYTHONPATH} /usr/bin/cmake /home/st/ywfBot_ws/src/moveit2_ywf_interface -DCMAKE_INSTALL_PREFIX=/home/st/ywfBot_ws/install/moveit2_ywf_interface
[39.576s] DEBUG:colcon.colcon_core.event_handler.log_command:Invoked command in '/home/st/ywfBot_ws/build/moveit2_ywf_interface' returned '1': AMENT_PREFIX_PATH=/home/st/ywfBot_ws/install/moveit_ywf_msg:${AMENT_PREFIX_PATH} CMAKE_PREFIX_PATH=/home/st/ywfBot_ws/install/moveit_ywf_msg:/opt/ros/humble LD_LIBRARY_PATH=/home/st/ywfBot_ws/install/moveit_ywf_msg/lib:/opt/ros/humble/opt/rviz_ogre_vendor/lib:/opt/ros/humble/lib/x86_64-linux-gnu:/opt/ros/humble/lib:/opt/MVS/lib/64:/opt/MVS/lib/32:/opt/MVS/lib/64:/opt/MVS/lib/32:/opt/MVS/lib/64:/opt/MVS/lib/32 PYTHONPATH=/home/st/ywfBot_ws/install/moveit_ywf_msg/local/lib/python3.10/dist-packages:${PYTHONPATH} /usr/bin/cmake /home/st/ywfBot_ws/src/moveit2_ywf_interface -DCMAKE_INSTALL_PREFIX=/home/st/ywfBot_ws/install/moveit2_ywf_interface
[39.622s] Level 1:colcon.colcon_core.environment:create_environment_scripts_only(moveit2_ywf_interface)
[39.622s] Level 1:colcon.colcon_core.environment:checking '/home/st/ywfBot_ws/install/moveit2_ywf_interface' for CMake module files
[39.639s] Level 1:colcon.colcon_core.environment:checking '/home/st/ywfBot_ws/install/moveit2_ywf_interface' for CMake config files
[39.640s] Level 1:colcon.colcon_core.environment:checking '/home/st/ywfBot_ws/install/moveit2_ywf_interface/bin'
[39.640s] Level 1:colcon.colcon_core.environment:checking '/home/st/ywfBot_ws/install/moveit2_ywf_interface/lib/pkgconfig/moveit2_ywf_interface.pc'
[39.641s] Level 1:colcon.colcon_core.environment:checking '/home/st/ywfBot_ws/install/moveit2_ywf_interface/lib/python3.10/site-packages'
[39.641s] Level 1:colcon.colcon_core.environment:checking '/home/st/ywfBot_ws/install/moveit2_ywf_interface/bin'
[39.642s] INFO:colcon.colcon_core.shell:Creating package script '/home/st/ywfBot_ws/install/moveit2_ywf_interface/share/moveit2_ywf_interface/package.ps1'
[39.643s] INFO:colcon.colcon_core.shell:Creating package descriptor '/home/st/ywfBot_ws/install/moveit2_ywf_interface/share/moveit2_ywf_interface/package.dsv'
[39.644s] INFO:colcon.colcon_core.shell:Creating package script '/home/st/ywfBot_ws/install/moveit2_ywf_interface/share/moveit2_ywf_interface/package.sh'
[39.645s] INFO:colcon.colcon_core.shell:Creating package script '/home/st/ywfBot_ws/install/moveit2_ywf_interface/share/moveit2_ywf_interface/package.bash'
[39.646s] INFO:colcon.colcon_core.shell:Creating package script '/home/st/ywfBot_ws/install/moveit2_ywf_interface/share/moveit2_ywf_interface/package.zsh'
[39.646s] Level 1:colcon.colcon_core.environment:create_file_with_runtime_dependencies(/home/st/ywfBot_ws/install/moveit2_ywf_interface/share/colcon-core/packages/moveit2_ywf_interface)
[39.666s] DEBUG:colcon.colcon_parallel_executor.executor.parallel:closing loop
[39.666s] DEBUG:colcon.colcon_parallel_executor.executor.parallel:loop closed
[39.666s] DEBUG:colcon.colcon_parallel_executor.executor.parallel:run_until_complete finished with '1'
[39.666s] DEBUG:colcon.colcon_core.event_reactor:joining thread
[39.735s] INFO:colcon.colcon_core.plugin_system:Skipping extension 'colcon_notification.desktop_notification.terminal_notifier': Not used on non-Darwin systems
[39.735s] INFO:colcon.colcon_core.plugin_system:Skipping extension 'colcon_notification.desktop_notification.win32': Not used on non-Windows systems
[39.735s] INFO:colcon.colcon_notification.desktop_notification:Sending desktop notification using 'notify2'
[39.800s] DEBUG:colcon.colcon_core.event_reactor:joined thread
[39.801s] INFO:colcon.colcon_core.shell:Creating prefix script '/home/st/ywfBot_ws/install/local_setup.ps1'
[39.808s] INFO:colcon.colcon_core.shell:Creating prefix util module '/home/st/ywfBot_ws/install/_local_setup_util_ps1.py'
[39.812s] INFO:colcon.colcon_core.shell:Creating prefix chain script '/home/st/ywfBot_ws/install/setup.ps1'
[39.816s] INFO:colcon.colcon_core.shell:Creating prefix script '/home/st/ywfBot_ws/install/local_setup.sh'
[39.818s] INFO:colcon.colcon_core.shell:Creating prefix util module '/home/st/ywfBot_ws/install/_local_setup_util_sh.py'
[39.819s] INFO:colcon.colcon_core.shell:Creating prefix chain script '/home/st/ywfBot_ws/install/setup.sh'
[39.824s] INFO:colcon.colcon_core.shell:Creating prefix script '/home/st/ywfBot_ws/install/local_setup.bash'
[39.827s] INFO:colcon.colcon_core.shell:Creating prefix chain script '/home/st/ywfBot_ws/install/setup.bash'
[39.830s] INFO:colcon.colcon_core.shell:Creating prefix script '/home/st/ywfBot_ws/install/local_setup.zsh'
[39.834s] INFO:colcon.colcon_core.shell:Creating prefix chain script '/home/st/ywfBot_ws/install/setup.zsh'
