[0.026s] Invoking command in '/home/st/ywfBot_ws/build/moveit2_ywf_interface': AMENT_PREFIX_PATH=/home/st/ywfBot_ws/install/moveit_ywf_msg:${AMENT_PREFIX_PATH} CMAKE_PREFIX_PATH=/home/st/ywfBot_ws/install/moveit_ywf_msg:/opt/ros/humble LD_LIBRARY_PATH=/home/st/ywfBot_ws/install/moveit_ywf_msg/lib:/opt/ros/humble/opt/rviz_ogre_vendor/lib:/opt/ros/humble/lib/x86_64-linux-gnu:/opt/ros/humble/lib:/opt/MVS/lib/64:/opt/MVS/lib/32:/opt/MVS/lib/64:/opt/MVS/lib/32:/opt/MVS/lib/64:/opt/MVS/lib/32 PYTHONPATH=/home/st/ywfBot_ws/install/moveit_ywf_msg/local/lib/python3.10/dist-packages:${PYTHONPATH} /usr/bin/cmake /home/st/ywfBot_ws/src/moveit2_ywf_interface -DCMAKE_INSTALL_PREFIX=/home/st/ywfBot_ws/install/moveit2_ywf_interface
[0.218s] -- The C compiler identification is GNU 11.4.0
[0.375s] -- The CXX compiler identification is GNU 11.4.0
[0.395s] -- Detecting C compiler ABI info
[0.698s] -- Detecting C compiler ABI info - done
[0.715s] -- Check for working C compiler: /usr/bin/cc - skipped
[0.716s] -- Detecting C compile features
[0.717s] -- Detecting C compile features - done
[0.722s] -- Detecting CXX compiler ABI info
[0.939s] -- Detecting CXX compiler ABI info - done
[0.959s] -- Check for working CXX compiler: /usr/bin/c++ - skipped
[0.959s] -- Detecting CXX compile features
[0.960s] -- Detecting CXX compile features - done
[0.964s] -- Found ament_cmake: 1.3.11 (/opt/ros/humble/share/ament_cmake/cmake)
[1.368s] -- Found Python3: /usr/bin/python3 (found version "3.10.12") found components: Interpreter 
[1.584s] [31mCMake Error at CMakeLists.txt:12 (find_package):
[1.585s]   By not providing "Findmoveit_ros_planning_interface.cmake" in
[1.585s]   CMAKE_MODULE_PATH this project has asked CMake to find a package
[1.585s]   configuration file provided by "moveit_ros_planning_interface", but CMake
[1.585s]   did not find one.
[1.585s] 
[1.586s]   Could not find a package configuration file provided by
[1.586s]   "moveit_ros_planning_interface" with any of the following names:
[1.586s] 
[1.587s]     moveit_ros_planning_interfaceConfig.cmake
[1.587s]     moveit_ros_planning_interface-config.cmake
[1.587s] 
[1.587s]   Add the installation prefix of "moveit_ros_planning_interface" to
[1.587s]   CMAKE_PREFIX_PATH or set "moveit_ros_planning_interface_DIR" to a directory
[1.587s]   containing one of the above files.  If "moveit_ros_planning_interface"
[1.587s]   provides a separate development package or SDK, be sure it has been
[1.588s]   installed.
[1.588s] 
[1.588s] [0m
[1.588s] -- Configuring incomplete, errors occurred!
[1.588s] See also "/home/st/ywfBot_ws/build/moveit2_ywf_interface/CMakeFiles/CMakeOutput.log".
[1.595s] Invoked command in '/home/st/ywfBot_ws/build/moveit2_ywf_interface' returned '1': AMENT_PREFIX_PATH=/home/st/ywfBot_ws/install/moveit_ywf_msg:${AMENT_PREFIX_PATH} CMAKE_PREFIX_PATH=/home/st/ywfBot_ws/install/moveit_ywf_msg:/opt/ros/humble LD_LIBRARY_PATH=/home/st/ywfBot_ws/install/moveit_ywf_msg/lib:/opt/ros/humble/opt/rviz_ogre_vendor/lib:/opt/ros/humble/lib/x86_64-linux-gnu:/opt/ros/humble/lib:/opt/MVS/lib/64:/opt/MVS/lib/32:/opt/MVS/lib/64:/opt/MVS/lib/32:/opt/MVS/lib/64:/opt/MVS/lib/32 PYTHONPATH=/home/st/ywfBot_ws/install/moveit_ywf_msg/local/lib/python3.10/dist-packages:${PYTHONPATH} /usr/bin/cmake /home/st/ywfBot_ws/src/moveit2_ywf_interface -DCMAKE_INSTALL_PREFIX=/home/st/ywfBot_ws/install/moveit2_ywf_interface
