[0.127s] Invoking command in '/home/st/ywfBot_ws/build/frhal_msgs': CMAKE_PREFIX_PATH=${CMAKE_PREFIX_PATH}:/home/st/ywfBot_ws/install/py_action_client:/home/st/ywfBot_ws/install/py_action:/home/st/moveit2_humble_ws/install/moveit_configs_utils:/home/st/moveit2_humble_ws/install/launch_param_builder:/opt/ros/humble /usr/bin/cmake --build /home/st/ywfBot_ws/build/frhal_msgs -- -j16 -l16
[0.963s] [  1%] Built target frhal_msgs__cpp
[0.963s] [ 12%] Built target frhal_msgs__rosidl_generator_c
[0.963s] [ 12%] Built target ament_cmake_python_copy_frhal_msgs
[0.963s] [ 23%] Built target frhal_msgs__rosidl_typesupport_fastrtps_cpp
[0.964s] [ 34%] Built target frhal_msgs__rosidl_typesupport_introspection_cpp
[0.964s] [ 46%] Built target frhal_msgs__rosidl_typesupport_cpp
[0.964s] [ 57%] Built target frhal_msgs__rosidl_typesupport_introspection_c
[0.964s] [ 77%] Built target frhal_msgs__rosidl_typesupport_c
[0.965s] [ 79%] Built target frhal_msgs__rosidl_typesupport_fastrtps_c
[0.965s] [ 79%] Built target frhal_msgs
[0.965s] [ 80%] Built target frhal_msgs__py
[0.965s] [ 90%] Built target frhal_msgs__rosidl_generator_py
[0.966s] [ 93%] Built target frhal_msgs__rosidl_typesupport_fastrtps_c__pyext
[0.984s] [ 96%] Built target frhal_msgs__rosidl_typesupport_c__pyext
[0.985s] [100%] Built target frhal_msgs__rosidl_typesupport_introspection_c__pyext
[1.208s] running egg_info
[1.216s] writing frhal_msgs.egg-info/PKG-INFO
[1.216s] writing dependency_links to frhal_msgs.egg-info/dependency_links.txt
[1.216s] writing top-level names to frhal_msgs.egg-info/top_level.txt
[1.220s] reading manifest file 'frhal_msgs.egg-info/SOURCES.txt'
[1.226s] writing manifest file 'frhal_msgs.egg-info/SOURCES.txt'
[1.314s] [100%] Built target ament_cmake_python_build_frhal_msgs_egg
[1.792s] Invoked command in '/home/st/ywfBot_ws/build/frhal_msgs' returned '0': CMAKE_PREFIX_PATH=${CMAKE_PREFIX_PATH}:/home/st/ywfBot_ws/install/py_action_client:/home/st/ywfBot_ws/install/py_action:/home/st/moveit2_humble_ws/install/moveit_configs_utils:/home/st/moveit2_humble_ws/install/launch_param_builder:/opt/ros/humble /usr/bin/cmake --build /home/st/ywfBot_ws/build/frhal_msgs -- -j16 -l16
[2.564s] Invoking command in '/home/st/ywfBot_ws/build/frhal_msgs': CMAKE_PREFIX_PATH=${CMAKE_PREFIX_PATH}:/home/st/ywfBot_ws/install/py_action_client:/home/st/ywfBot_ws/install/py_action:/home/st/moveit2_humble_ws/install/moveit_configs_utils:/home/st/moveit2_humble_ws/install/launch_param_builder:/opt/ros/humble /usr/bin/cmake --install /home/st/ywfBot_ws/build/frhal_msgs
[2.594s] -- Install configuration: ""
[2.594s] -- Up-to-date: /home/st/ywfBot_ws/install/frhal_msgs/share/ament_index/resource_index/rosidl_interfaces/frhal_msgs
[2.594s] -- Up-to-date: /home/st/ywfBot_ws/install/frhal_msgs/include/frhal_msgs/frhal_msgs
[2.595s] -- Up-to-date: /home/st/ywfBot_ws/install/frhal_msgs/include/frhal_msgs/frhal_msgs/msg
[2.595s] -- Up-to-date: /home/st/ywfBot_ws/install/frhal_msgs/include/frhal_msgs/frhal_msgs/msg/rosidl_generator_c__visibility_control.h
[2.596s] -- Up-to-date: /home/st/ywfBot_ws/install/frhal_msgs/include/frhal_msgs/frhal_msgs/msg/fr_state.h
[2.596s] -- Up-to-date: /home/st/ywfBot_ws/install/frhal_msgs/include/frhal_msgs/frhal_msgs/msg/detail
[2.599s] -- Up-to-date: /home/st/ywfBot_ws/install/frhal_msgs/include/frhal_msgs/frhal_msgs/msg/detail/fr_state__type_support.h
[2.601s] -- Up-to-date: /home/st/ywfBot_ws/install/frhal_msgs/include/frhal_msgs/frhal_msgs/msg/detail/fr_state__functions.c
[2.601s] -- Up-to-date: /home/st/ywfBot_ws/install/frhal_msgs/include/frhal_msgs/frhal_msgs/msg/detail/fr_state__functions.h
[2.602s] -- Up-to-date: /home/st/ywfBot_ws/install/frhal_msgs/include/frhal_msgs/frhal_msgs/msg/detail/fr_state__struct.h
[2.602s] -- Up-to-date: /home/st/ywfBot_ws/install/frhal_msgs/include/frhal_msgs/frhal_msgs/srv
[2.602s] -- Up-to-date: /home/st/ywfBot_ws/install/frhal_msgs/include/frhal_msgs/frhal_msgs/srv/trigger.h
[2.603s] -- Up-to-date: /home/st/ywfBot_ws/install/frhal_msgs/include/frhal_msgs/frhal_msgs/srv/robot_interface.h
[2.604s] -- Up-to-date: /home/st/ywfBot_ws/install/frhal_msgs/include/frhal_msgs/frhal_msgs/srv/calib_interface.h
[2.604s] -- Up-to-date: /home/st/ywfBot_ws/install/frhal_msgs/include/frhal_msgs/frhal_msgs/srv/ros_cmd_interface.h
[2.604s] -- Up-to-date: /home/st/ywfBot_ws/install/frhal_msgs/include/frhal_msgs/frhal_msgs/srv/detail
[2.604s] -- Up-to-date: /home/st/ywfBot_ws/install/frhal_msgs/include/frhal_msgs/frhal_msgs/srv/detail/ros_cmd_interface__type_support.h
[2.604s] -- Up-to-date: /home/st/ywfBot_ws/install/frhal_msgs/include/frhal_msgs/frhal_msgs/srv/detail/trigger__functions.h
[2.604s] -- Up-to-date: /home/st/ywfBot_ws/install/frhal_msgs/include/frhal_msgs/frhal_msgs/srv/detail/robot_interface__type_support.h
[2.605s] -- Up-to-date: /home/st/ywfBot_ws/install/frhal_msgs/include/frhal_msgs/frhal_msgs/srv/detail/ros_cmd_interface__struct.h
[2.605s] -- Up-to-date: /home/st/ywfBot_ws/install/frhal_msgs/include/frhal_msgs/frhal_msgs/srv/detail/trigger__functions.c
[2.605s] -- Up-to-date: /home/st/ywfBot_ws/install/frhal_msgs/include/frhal_msgs/frhal_msgs/srv/detail/trigger__struct.h
[2.605s] -- Up-to-date: /home/st/ywfBot_ws/install/frhal_msgs/include/frhal_msgs/frhal_msgs/srv/detail/calib_interface__type_support.h
[2.605s] -- Up-to-date: /home/st/ywfBot_ws/install/frhal_msgs/include/frhal_msgs/frhal_msgs/srv/detail/ros_cmd_interface__functions.h
[2.605s] -- Up-to-date: /home/st/ywfBot_ws/install/frhal_msgs/include/frhal_msgs/frhal_msgs/srv/detail/calib_interface__functions.c
[2.606s] -- Up-to-date: /home/st/ywfBot_ws/install/frhal_msgs/include/frhal_msgs/frhal_msgs/srv/detail/robot_interface__struct.h
[2.606s] -- Up-to-date: /home/st/ywfBot_ws/install/frhal_msgs/include/frhal_msgs/frhal_msgs/srv/detail/calib_interface__struct.h
[2.607s] -- Up-to-date: /home/st/ywfBot_ws/install/frhal_msgs/include/frhal_msgs/frhal_msgs/srv/detail/robot_interface__functions.h
[2.607s] -- Up-to-date: /home/st/ywfBot_ws/install/frhal_msgs/include/frhal_msgs/frhal_msgs/srv/detail/calib_interface__functions.h
[2.609s] -- Up-to-date: /home/st/ywfBot_ws/install/frhal_msgs/include/frhal_msgs/frhal_msgs/srv/detail/ros_cmd_interface__functions.c
[2.610s] -- Up-to-date: /home/st/ywfBot_ws/install/frhal_msgs/include/frhal_msgs/frhal_msgs/srv/detail/robot_interface__functions.c
[2.610s] -- Up-to-date: /home/st/ywfBot_ws/install/frhal_msgs/include/frhal_msgs/frhal_msgs/srv/detail/trigger__type_support.h
[2.610s] -- Up-to-date: /home/st/ywfBot_ws/install/frhal_msgs/share/frhal_msgs/environment/library_path.sh
[2.610s] -- Up-to-date: /home/st/ywfBot_ws/install/frhal_msgs/share/frhal_msgs/environment/library_path.dsv
[2.610s] -- Up-to-date: /home/st/ywfBot_ws/install/frhal_msgs/lib/libfrhal_msgs__rosidl_generator_c.so
[2.610s] -- Up-to-date: /home/st/ywfBot_ws/install/frhal_msgs/include/frhal_msgs/frhal_msgs
[2.610s] -- Up-to-date: /home/st/ywfBot_ws/install/frhal_msgs/include/frhal_msgs/frhal_msgs/msg
[2.611s] -- Up-to-date: /home/st/ywfBot_ws/install/frhal_msgs/include/frhal_msgs/frhal_msgs/msg/rosidl_typesupport_fastrtps_c__visibility_control.h
[2.611s] -- Up-to-date: /home/st/ywfBot_ws/install/frhal_msgs/include/frhal_msgs/frhal_msgs/msg/detail
[2.611s] -- Up-to-date: /home/st/ywfBot_ws/install/frhal_msgs/include/frhal_msgs/frhal_msgs/msg/detail/fr_state__rosidl_typesupport_fastrtps_c.h
[2.611s] -- Up-to-date: /home/st/ywfBot_ws/install/frhal_msgs/include/frhal_msgs/frhal_msgs/srv
[2.611s] -- Up-to-date: /home/st/ywfBot_ws/install/frhal_msgs/include/frhal_msgs/frhal_msgs/srv/detail
[2.611s] -- Up-to-date: /home/st/ywfBot_ws/install/frhal_msgs/include/frhal_msgs/frhal_msgs/srv/detail/robot_interface__rosidl_typesupport_fastrtps_c.h
[2.611s] -- Up-to-date: /home/st/ywfBot_ws/install/frhal_msgs/include/frhal_msgs/frhal_msgs/srv/detail/trigger__rosidl_typesupport_fastrtps_c.h
[2.611s] -- Up-to-date: /home/st/ywfBot_ws/install/frhal_msgs/include/frhal_msgs/frhal_msgs/srv/detail/calib_interface__rosidl_typesupport_fastrtps_c.h
[2.611s] -- Up-to-date: /home/st/ywfBot_ws/install/frhal_msgs/include/frhal_msgs/frhal_msgs/srv/detail/ros_cmd_interface__rosidl_typesupport_fastrtps_c.h
[2.612s] -- Up-to-date: /home/st/ywfBot_ws/install/frhal_msgs/lib/libfrhal_msgs__rosidl_typesupport_fastrtps_c.so
[2.612s] -- Up-to-date: /home/st/ywfBot_ws/install/frhal_msgs/include/frhal_msgs/frhal_msgs
[2.612s] -- Up-to-date: /home/st/ywfBot_ws/install/frhal_msgs/include/frhal_msgs/frhal_msgs/msg
[2.612s] -- Up-to-date: /home/st/ywfBot_ws/install/frhal_msgs/include/frhal_msgs/frhal_msgs/msg/rosidl_typesupport_introspection_c__visibility_control.h
[2.612s] -- Up-to-date: /home/st/ywfBot_ws/install/frhal_msgs/include/frhal_msgs/frhal_msgs/msg/detail
[2.612s] -- Up-to-date: /home/st/ywfBot_ws/install/frhal_msgs/include/frhal_msgs/frhal_msgs/msg/detail/fr_state__type_support.c
[2.612s] -- Up-to-date: /home/st/ywfBot_ws/install/frhal_msgs/include/frhal_msgs/frhal_msgs/msg/detail/fr_state__rosidl_typesupport_introspection_c.h
[2.612s] -- Up-to-date: /home/st/ywfBot_ws/install/frhal_msgs/include/frhal_msgs/frhal_msgs/srv
[2.612s] -- Up-to-date: /home/st/ywfBot_ws/install/frhal_msgs/include/frhal_msgs/frhal_msgs/srv/detail
[2.612s] -- Up-to-date: /home/st/ywfBot_ws/install/frhal_msgs/include/frhal_msgs/frhal_msgs/srv/detail/trigger__rosidl_typesupport_introspection_c.h
[2.612s] -- Up-to-date: /home/st/ywfBot_ws/install/frhal_msgs/include/frhal_msgs/frhal_msgs/srv/detail/trigger__type_support.c
[2.612s] -- Up-to-date: /home/st/ywfBot_ws/install/frhal_msgs/include/frhal_msgs/frhal_msgs/srv/detail/calib_interface__rosidl_typesupport_introspection_c.h
[2.612s] -- Up-to-date: /home/st/ywfBot_ws/install/frhal_msgs/include/frhal_msgs/frhal_msgs/srv/detail/ros_cmd_interface__rosidl_typesupport_introspection_c.h
[2.612s] -- Up-to-date: /home/st/ywfBot_ws/install/frhal_msgs/include/frhal_msgs/frhal_msgs/srv/detail/robot_interface__type_support.c
[2.613s] -- Up-to-date: /home/st/ywfBot_ws/install/frhal_msgs/include/frhal_msgs/frhal_msgs/srv/detail/ros_cmd_interface__type_support.c
[2.613s] -- Up-to-date: /home/st/ywfBot_ws/install/frhal_msgs/include/frhal_msgs/frhal_msgs/srv/detail/robot_interface__rosidl_typesupport_introspection_c.h
[2.613s] -- Up-to-date: /home/st/ywfBot_ws/install/frhal_msgs/include/frhal_msgs/frhal_msgs/srv/detail/calib_interface__type_support.c
[2.613s] -- Up-to-date: /home/st/ywfBot_ws/install/frhal_msgs/lib/libfrhal_msgs__rosidl_typesupport_introspection_c.so
[2.613s] -- Up-to-date: /home/st/ywfBot_ws/install/frhal_msgs/lib/libfrhal_msgs__rosidl_typesupport_c.so
[2.613s] -- Up-to-date: /home/st/ywfBot_ws/install/frhal_msgs/include/frhal_msgs/frhal_msgs
[2.613s] -- Up-to-date: /home/st/ywfBot_ws/install/frhal_msgs/include/frhal_msgs/frhal_msgs/msg
[2.613s] -- Up-to-date: /home/st/ywfBot_ws/install/frhal_msgs/include/frhal_msgs/frhal_msgs/msg/fr_state.hpp
[2.613s] -- Up-to-date: /home/st/ywfBot_ws/install/frhal_msgs/include/frhal_msgs/frhal_msgs/msg/rosidl_generator_cpp__visibility_control.hpp
[2.613s] -- Up-to-date: /home/st/ywfBot_ws/install/frhal_msgs/include/frhal_msgs/frhal_msgs/msg/detail
[2.613s] -- Up-to-date: /home/st/ywfBot_ws/install/frhal_msgs/include/frhal_msgs/frhal_msgs/msg/detail/fr_state__builder.hpp
[2.613s] -- Up-to-date: /home/st/ywfBot_ws/install/frhal_msgs/include/frhal_msgs/frhal_msgs/msg/detail/fr_state__traits.hpp
[2.613s] -- Up-to-date: /home/st/ywfBot_ws/install/frhal_msgs/include/frhal_msgs/frhal_msgs/msg/detail/fr_state__type_support.hpp
[2.613s] -- Up-to-date: /home/st/ywfBot_ws/install/frhal_msgs/include/frhal_msgs/frhal_msgs/msg/detail/fr_state__struct.hpp
[2.613s] -- Up-to-date: /home/st/ywfBot_ws/install/frhal_msgs/include/frhal_msgs/frhal_msgs/srv
[2.614s] -- Up-to-date: /home/st/ywfBot_ws/install/frhal_msgs/include/frhal_msgs/frhal_msgs/srv/robot_interface.hpp
[2.614s] -- Up-to-date: /home/st/ywfBot_ws/install/frhal_msgs/include/frhal_msgs/frhal_msgs/srv/trigger.hpp
[2.614s] -- Up-to-date: /home/st/ywfBot_ws/install/frhal_msgs/include/frhal_msgs/frhal_msgs/srv/calib_interface.hpp
[2.614s] -- Up-to-date: /home/st/ywfBot_ws/install/frhal_msgs/include/frhal_msgs/frhal_msgs/srv/ros_cmd_interface.hpp
[2.614s] -- Up-to-date: /home/st/ywfBot_ws/install/frhal_msgs/include/frhal_msgs/frhal_msgs/srv/detail
[2.614s] -- Up-to-date: /home/st/ywfBot_ws/install/frhal_msgs/include/frhal_msgs/frhal_msgs/srv/detail/robot_interface__struct.hpp
[2.614s] -- Up-to-date: /home/st/ywfBot_ws/install/frhal_msgs/include/frhal_msgs/frhal_msgs/srv/detail/robot_interface__builder.hpp
[2.614s] -- Up-to-date: /home/st/ywfBot_ws/install/frhal_msgs/include/frhal_msgs/frhal_msgs/srv/detail/calib_interface__type_support.hpp
[2.614s] -- Up-to-date: /home/st/ywfBot_ws/install/frhal_msgs/include/frhal_msgs/frhal_msgs/srv/detail/calib_interface__struct.hpp
[2.614s] -- Up-to-date: /home/st/ywfBot_ws/install/frhal_msgs/include/frhal_msgs/frhal_msgs/srv/detail/calib_interface__builder.hpp
[2.614s] -- Up-to-date: /home/st/ywfBot_ws/install/frhal_msgs/include/frhal_msgs/frhal_msgs/srv/detail/trigger__builder.hpp
[2.614s] -- Up-to-date: /home/st/ywfBot_ws/install/frhal_msgs/include/frhal_msgs/frhal_msgs/srv/detail/trigger__traits.hpp
[2.615s] -- Up-to-date: /home/st/ywfBot_ws/install/frhal_msgs/include/frhal_msgs/frhal_msgs/srv/detail/trigger__struct.hpp
[2.615s] -- Up-to-date: /home/st/ywfBot_ws/install/frhal_msgs/include/frhal_msgs/frhal_msgs/srv/detail/ros_cmd_interface__builder.hpp
[2.615s] -- Up-to-date: /home/st/ywfBot_ws/install/frhal_msgs/include/frhal_msgs/frhal_msgs/srv/detail/ros_cmd_interface__traits.hpp
[2.615s] -- Up-to-date: /home/st/ywfBot_ws/install/frhal_msgs/include/frhal_msgs/frhal_msgs/srv/detail/ros_cmd_interface__type_support.hpp
[2.616s] -- Up-to-date: /home/st/ywfBot_ws/install/frhal_msgs/include/frhal_msgs/frhal_msgs/srv/detail/trigger__type_support.hpp
[2.616s] -- Up-to-date: /home/st/ywfBot_ws/install/frhal_msgs/include/frhal_msgs/frhal_msgs/srv/detail/robot_interface__type_support.hpp
[2.616s] -- Up-to-date: /home/st/ywfBot_ws/install/frhal_msgs/include/frhal_msgs/frhal_msgs/srv/detail/ros_cmd_interface__struct.hpp
[2.616s] -- Up-to-date: /home/st/ywfBot_ws/install/frhal_msgs/include/frhal_msgs/frhal_msgs/srv/detail/robot_interface__traits.hpp
[2.616s] -- Up-to-date: /home/st/ywfBot_ws/install/frhal_msgs/include/frhal_msgs/frhal_msgs/srv/detail/calib_interface__traits.hpp
[2.616s] -- Up-to-date: /home/st/ywfBot_ws/install/frhal_msgs/include/frhal_msgs/frhal_msgs
[2.617s] -- Up-to-date: /home/st/ywfBot_ws/install/frhal_msgs/include/frhal_msgs/frhal_msgs/msg
[2.617s] -- Up-to-date: /home/st/ywfBot_ws/install/frhal_msgs/include/frhal_msgs/frhal_msgs/msg/rosidl_typesupport_fastrtps_cpp__visibility_control.h
[2.617s] -- Up-to-date: /home/st/ywfBot_ws/install/frhal_msgs/include/frhal_msgs/frhal_msgs/msg/detail
[2.617s] -- Up-to-date: /home/st/ywfBot_ws/install/frhal_msgs/include/frhal_msgs/frhal_msgs/msg/detail/dds_fastrtps
[2.617s] -- Up-to-date: /home/st/ywfBot_ws/install/frhal_msgs/include/frhal_msgs/frhal_msgs/msg/detail/fr_state__rosidl_typesupport_fastrtps_cpp.hpp
[2.617s] -- Up-to-date: /home/st/ywfBot_ws/install/frhal_msgs/include/frhal_msgs/frhal_msgs/srv
[2.617s] -- Up-to-date: /home/st/ywfBot_ws/install/frhal_msgs/include/frhal_msgs/frhal_msgs/srv/detail
[2.617s] -- Up-to-date: /home/st/ywfBot_ws/install/frhal_msgs/include/frhal_msgs/frhal_msgs/srv/detail/ros_cmd_interface__rosidl_typesupport_fastrtps_cpp.hpp
[2.617s] -- Up-to-date: /home/st/ywfBot_ws/install/frhal_msgs/include/frhal_msgs/frhal_msgs/srv/detail/trigger__rosidl_typesupport_fastrtps_cpp.hpp
[2.617s] -- Up-to-date: /home/st/ywfBot_ws/install/frhal_msgs/include/frhal_msgs/frhal_msgs/srv/detail/dds_fastrtps
[2.617s] -- Up-to-date: /home/st/ywfBot_ws/install/frhal_msgs/include/frhal_msgs/frhal_msgs/srv/detail/robot_interface__rosidl_typesupport_fastrtps_cpp.hpp
[2.617s] -- Up-to-date: /home/st/ywfBot_ws/install/frhal_msgs/include/frhal_msgs/frhal_msgs/srv/detail/calib_interface__rosidl_typesupport_fastrtps_cpp.hpp
[2.617s] -- Up-to-date: /home/st/ywfBot_ws/install/frhal_msgs/lib/libfrhal_msgs__rosidl_typesupport_fastrtps_cpp.so
[2.618s] -- Up-to-date: /home/st/ywfBot_ws/install/frhal_msgs/include/frhal_msgs/frhal_msgs
[2.618s] -- Up-to-date: /home/st/ywfBot_ws/install/frhal_msgs/include/frhal_msgs/frhal_msgs/msg
[2.618s] -- Up-to-date: /home/st/ywfBot_ws/install/frhal_msgs/include/frhal_msgs/frhal_msgs/msg/detail
[2.618s] -- Up-to-date: /home/st/ywfBot_ws/install/frhal_msgs/include/frhal_msgs/frhal_msgs/msg/detail/fr_state__rosidl_typesupport_introspection_cpp.hpp
[2.618s] -- Up-to-date: /home/st/ywfBot_ws/install/frhal_msgs/include/frhal_msgs/frhal_msgs/msg/detail/fr_state__type_support.cpp
[2.618s] -- Up-to-date: /home/st/ywfBot_ws/install/frhal_msgs/include/frhal_msgs/frhal_msgs/srv
[2.618s] -- Up-to-date: /home/st/ywfBot_ws/install/frhal_msgs/include/frhal_msgs/frhal_msgs/srv/detail
[2.618s] -- Up-to-date: /home/st/ywfBot_ws/install/frhal_msgs/include/frhal_msgs/frhal_msgs/srv/detail/ros_cmd_interface__type_support.cpp
[2.618s] -- Up-to-date: /home/st/ywfBot_ws/install/frhal_msgs/include/frhal_msgs/frhal_msgs/srv/detail/calib_interface__rosidl_typesupport_introspection_cpp.hpp
[2.618s] -- Up-to-date: /home/st/ywfBot_ws/install/frhal_msgs/include/frhal_msgs/frhal_msgs/srv/detail/trigger__type_support.cpp
[2.619s] -- Up-to-date: /home/st/ywfBot_ws/install/frhal_msgs/include/frhal_msgs/frhal_msgs/srv/detail/trigger__rosidl_typesupport_introspection_cpp.hpp
[2.619s] -- Up-to-date: /home/st/ywfBot_ws/install/frhal_msgs/include/frhal_msgs/frhal_msgs/srv/detail/robot_interface__rosidl_typesupport_introspection_cpp.hpp
[2.619s] -- Up-to-date: /home/st/ywfBot_ws/install/frhal_msgs/include/frhal_msgs/frhal_msgs/srv/detail/robot_interface__type_support.cpp
[2.619s] -- Up-to-date: /home/st/ywfBot_ws/install/frhal_msgs/include/frhal_msgs/frhal_msgs/srv/detail/calib_interface__type_support.cpp
[2.619s] -- Up-to-date: /home/st/ywfBot_ws/install/frhal_msgs/include/frhal_msgs/frhal_msgs/srv/detail/ros_cmd_interface__rosidl_typesupport_introspection_cpp.hpp
[2.619s] -- Up-to-date: /home/st/ywfBot_ws/install/frhal_msgs/lib/libfrhal_msgs__rosidl_typesupport_introspection_cpp.so
[2.619s] -- Up-to-date: /home/st/ywfBot_ws/install/frhal_msgs/lib/libfrhal_msgs__rosidl_typesupport_cpp.so
[2.619s] -- Up-to-date: /home/st/ywfBot_ws/install/frhal_msgs/share/frhal_msgs/environment/pythonpath.sh
[2.619s] -- Up-to-date: /home/st/ywfBot_ws/install/frhal_msgs/share/frhal_msgs/environment/pythonpath.dsv
[2.619s] -- Up-to-date: /home/st/ywfBot_ws/install/frhal_msgs/local/lib/python3.10/dist-packages/frhal_msgs-0.0.0-py3.10.egg-info
[2.619s] -- Installing: /home/st/ywfBot_ws/install/frhal_msgs/local/lib/python3.10/dist-packages/frhal_msgs-0.0.0-py3.10.egg-info/SOURCES.txt
[2.619s] -- Installing: /home/st/ywfBot_ws/install/frhal_msgs/local/lib/python3.10/dist-packages/frhal_msgs-0.0.0-py3.10.egg-info/top_level.txt
[2.620s] -- Installing: /home/st/ywfBot_ws/install/frhal_msgs/local/lib/python3.10/dist-packages/frhal_msgs-0.0.0-py3.10.egg-info/dependency_links.txt
[2.620s] -- Installing: /home/st/ywfBot_ws/install/frhal_msgs/local/lib/python3.10/dist-packages/frhal_msgs-0.0.0-py3.10.egg-info/PKG-INFO
[2.620s] -- Up-to-date: /home/st/ywfBot_ws/install/frhal_msgs/local/lib/python3.10/dist-packages/frhal_msgs
[2.620s] -- Up-to-date: /home/st/ywfBot_ws/install/frhal_msgs/local/lib/python3.10/dist-packages/frhal_msgs/__init__.py
[2.620s] -- Up-to-date: /home/st/ywfBot_ws/install/frhal_msgs/local/lib/python3.10/dist-packages/frhal_msgs/_frhal_msgs_s.ep.rosidl_typesupport_fastrtps_c.c
[2.620s] -- Up-to-date: /home/st/ywfBot_ws/install/frhal_msgs/local/lib/python3.10/dist-packages/frhal_msgs/frhal_msgs_s__rosidl_typesupport_introspection_c.cpython-310-x86_64-linux-gnu.so
[2.620s] -- Up-to-date: /home/st/ywfBot_ws/install/frhal_msgs/local/lib/python3.10/dist-packages/frhal_msgs/_frhal_msgs_s.ep.rosidl_typesupport_introspection_c.c
[2.620s] -- Up-to-date: /home/st/ywfBot_ws/install/frhal_msgs/local/lib/python3.10/dist-packages/frhal_msgs/libfrhal_msgs__rosidl_generator_py.so
[2.620s] -- Up-to-date: /home/st/ywfBot_ws/install/frhal_msgs/local/lib/python3.10/dist-packages/frhal_msgs/msg
[2.620s] -- Up-to-date: /home/st/ywfBot_ws/install/frhal_msgs/local/lib/python3.10/dist-packages/frhal_msgs/msg/__init__.py
[2.621s] -- Up-to-date: /home/st/ywfBot_ws/install/frhal_msgs/local/lib/python3.10/dist-packages/frhal_msgs/msg/_fr_state.py
[2.621s] -- Up-to-date: /home/st/ywfBot_ws/install/frhal_msgs/local/lib/python3.10/dist-packages/frhal_msgs/msg/_fr_state_s.c
[2.621s] -- Up-to-date: /home/st/ywfBot_ws/install/frhal_msgs/local/lib/python3.10/dist-packages/frhal_msgs/_frhal_msgs_s.ep.rosidl_typesupport_c.c
[2.621s] -- Up-to-date: /home/st/ywfBot_ws/install/frhal_msgs/local/lib/python3.10/dist-packages/frhal_msgs/frhal_msgs_s__rosidl_typesupport_c.cpython-310-x86_64-linux-gnu.so
[2.621s] -- Up-to-date: /home/st/ywfBot_ws/install/frhal_msgs/local/lib/python3.10/dist-packages/frhal_msgs/srv
[2.621s] -- Up-to-date: /home/st/ywfBot_ws/install/frhal_msgs/local/lib/python3.10/dist-packages/frhal_msgs/srv/__init__.py
[2.621s] -- Up-to-date: /home/st/ywfBot_ws/install/frhal_msgs/local/lib/python3.10/dist-packages/frhal_msgs/srv/_ros_cmd_interface_s.c
[2.621s] -- Up-to-date: /home/st/ywfBot_ws/install/frhal_msgs/local/lib/python3.10/dist-packages/frhal_msgs/srv/_robot_interface_s.c
[2.621s] -- Up-to-date: /home/st/ywfBot_ws/install/frhal_msgs/local/lib/python3.10/dist-packages/frhal_msgs/srv/_calib_interface_s.c
[2.621s] -- Up-to-date: /home/st/ywfBot_ws/install/frhal_msgs/local/lib/python3.10/dist-packages/frhal_msgs/srv/_robot_interface.py
[2.621s] -- Up-to-date: /home/st/ywfBot_ws/install/frhal_msgs/local/lib/python3.10/dist-packages/frhal_msgs/srv/_trigger_s.c
[2.621s] -- Up-to-date: /home/st/ywfBot_ws/install/frhal_msgs/local/lib/python3.10/dist-packages/frhal_msgs/srv/_calib_interface.py
[2.621s] -- Up-to-date: /home/st/ywfBot_ws/install/frhal_msgs/local/lib/python3.10/dist-packages/frhal_msgs/srv/_ros_cmd_interface.py
[2.622s] -- Up-to-date: /home/st/ywfBot_ws/install/frhal_msgs/local/lib/python3.10/dist-packages/frhal_msgs/srv/_trigger.py
[2.622s] -- Up-to-date: /home/st/ywfBot_ws/install/frhal_msgs/local/lib/python3.10/dist-packages/frhal_msgs/frhal_msgs_s__rosidl_typesupport_fastrtps_c.cpython-310-x86_64-linux-gnu.so
[2.726s] Listing '/home/st/ywfBot_ws/install/frhal_msgs/local/lib/python3.10/dist-packages/frhal_msgs'...
[2.727s] Listing '/home/st/ywfBot_ws/install/frhal_msgs/local/lib/python3.10/dist-packages/frhal_msgs/msg'...
[2.727s] Listing '/home/st/ywfBot_ws/install/frhal_msgs/local/lib/python3.10/dist-packages/frhal_msgs/srv'...
[2.756s] -- Up-to-date: /home/st/ywfBot_ws/install/frhal_msgs/local/lib/python3.10/dist-packages/frhal_msgs/frhal_msgs_s__rosidl_typesupport_fastrtps_c.cpython-310-x86_64-linux-gnu.so
[2.756s] -- Up-to-date: /home/st/ywfBot_ws/install/frhal_msgs/local/lib/python3.10/dist-packages/frhal_msgs/frhal_msgs_s__rosidl_typesupport_introspection_c.cpython-310-x86_64-linux-gnu.so
[2.757s] -- Up-to-date: /home/st/ywfBot_ws/install/frhal_msgs/local/lib/python3.10/dist-packages/frhal_msgs/frhal_msgs_s__rosidl_typesupport_c.cpython-310-x86_64-linux-gnu.so
[2.757s] -- Up-to-date: /home/st/ywfBot_ws/install/frhal_msgs/lib/libfrhal_msgs__rosidl_generator_py.so
[2.761s] -- Up-to-date: /home/st/ywfBot_ws/install/frhal_msgs/share/frhal_msgs/srv/ROSCmdInterface.idl
[2.761s] -- Up-to-date: /home/st/ywfBot_ws/install/frhal_msgs/share/frhal_msgs/msg/FRState.idl
[2.761s] -- Up-to-date: /home/st/ywfBot_ws/install/frhal_msgs/share/frhal_msgs/srv/Trigger.idl
[2.761s] -- Up-to-date: /home/st/ywfBot_ws/install/frhal_msgs/share/frhal_msgs/srv/RobotInterface.idl
[2.762s] -- Up-to-date: /home/st/ywfBot_ws/install/frhal_msgs/share/frhal_msgs/srv/CalibInterface.idl
[2.762s] -- Up-to-date: /home/st/ywfBot_ws/install/frhal_msgs/share/frhal_msgs/srv/ROSCmdInterface.srv
[2.762s] -- Up-to-date: /home/st/ywfBot_ws/install/frhal_msgs/share/frhal_msgs/srv/ROSCmdInterface_Request.msg
[2.762s] -- Up-to-date: /home/st/ywfBot_ws/install/frhal_msgs/share/frhal_msgs/srv/ROSCmdInterface_Response.msg
[2.762s] -- Up-to-date: /home/st/ywfBot_ws/install/frhal_msgs/share/frhal_msgs/msg/FRState.msg
[2.762s] -- Up-to-date: /home/st/ywfBot_ws/install/frhal_msgs/share/frhal_msgs/srv/Trigger.srv
[2.762s] -- Up-to-date: /home/st/ywfBot_ws/install/frhal_msgs/share/frhal_msgs/srv/Trigger_Request.msg
[2.763s] -- Up-to-date: /home/st/ywfBot_ws/install/frhal_msgs/share/frhal_msgs/srv/Trigger_Response.msg
[2.763s] -- Up-to-date: /home/st/ywfBot_ws/install/frhal_msgs/share/frhal_msgs/srv/RobotInterface.srv
[2.763s] -- Up-to-date: /home/st/ywfBot_ws/install/frhal_msgs/share/frhal_msgs/srv/RobotInterface_Request.msg
[2.764s] -- Up-to-date: /home/st/ywfBot_ws/install/frhal_msgs/share/frhal_msgs/srv/RobotInterface_Response.msg
[2.764s] -- Up-to-date: /home/st/ywfBot_ws/install/frhal_msgs/share/frhal_msgs/srv/CalibInterface.srv
[2.765s] -- Up-to-date: /home/st/ywfBot_ws/install/frhal_msgs/share/frhal_msgs/srv/CalibInterface_Request.msg
[2.766s] -- Up-to-date: /home/st/ywfBot_ws/install/frhal_msgs/share/frhal_msgs/srv/CalibInterface_Response.msg
[2.767s] -- Up-to-date: /home/st/ywfBot_ws/install/frhal_msgs/share/ament_index/resource_index/package_run_dependencies/frhal_msgs
[2.767s] -- Up-to-date: /home/st/ywfBot_ws/install/frhal_msgs/share/ament_index/resource_index/parent_prefix_path/frhal_msgs
[2.767s] -- Up-to-date: /home/st/ywfBot_ws/install/frhal_msgs/share/frhal_msgs/environment/ament_prefix_path.sh
[2.769s] -- Up-to-date: /home/st/ywfBot_ws/install/frhal_msgs/share/frhal_msgs/environment/ament_prefix_path.dsv
[2.769s] -- Up-to-date: /home/st/ywfBot_ws/install/frhal_msgs/share/frhal_msgs/environment/path.sh
[2.769s] -- Up-to-date: /home/st/ywfBot_ws/install/frhal_msgs/share/frhal_msgs/environment/path.dsv
[2.769s] -- Up-to-date: /home/st/ywfBot_ws/install/frhal_msgs/share/frhal_msgs/local_setup.bash
[2.770s] -- Up-to-date: /home/st/ywfBot_ws/install/frhal_msgs/share/frhal_msgs/local_setup.sh
[2.770s] -- Up-to-date: /home/st/ywfBot_ws/install/frhal_msgs/share/frhal_msgs/local_setup.zsh
[2.771s] -- Up-to-date: /home/st/ywfBot_ws/install/frhal_msgs/share/frhal_msgs/local_setup.dsv
[2.771s] -- Installing: /home/st/ywfBot_ws/install/frhal_msgs/share/frhal_msgs/package.dsv
[2.776s] -- Up-to-date: /home/st/ywfBot_ws/install/frhal_msgs/share/ament_index/resource_index/packages/frhal_msgs
[2.776s] -- Up-to-date: /home/st/ywfBot_ws/install/frhal_msgs/share/frhal_msgs/cmake/export_frhal_msgs__rosidl_generator_cExport.cmake
[2.778s] -- Up-to-date: /home/st/ywfBot_ws/install/frhal_msgs/share/frhal_msgs/cmake/export_frhal_msgs__rosidl_generator_cExport-noconfig.cmake
[2.778s] -- Up-to-date: /home/st/ywfBot_ws/install/frhal_msgs/share/frhal_msgs/cmake/export_frhal_msgs__rosidl_typesupport_fastrtps_cExport.cmake
[2.779s] -- Up-to-date: /home/st/ywfBot_ws/install/frhal_msgs/share/frhal_msgs/cmake/export_frhal_msgs__rosidl_typesupport_fastrtps_cExport-noconfig.cmake
[2.779s] -- Up-to-date: /home/st/ywfBot_ws/install/frhal_msgs/share/frhal_msgs/cmake/frhal_msgs__rosidl_typesupport_introspection_cExport.cmake
[2.779s] -- Up-to-date: /home/st/ywfBot_ws/install/frhal_msgs/share/frhal_msgs/cmake/frhal_msgs__rosidl_typesupport_introspection_cExport-noconfig.cmake
[2.779s] -- Up-to-date: /home/st/ywfBot_ws/install/frhal_msgs/share/frhal_msgs/cmake/frhal_msgs__rosidl_typesupport_cExport.cmake
[2.780s] -- Up-to-date: /home/st/ywfBot_ws/install/frhal_msgs/share/frhal_msgs/cmake/frhal_msgs__rosidl_typesupport_cExport-noconfig.cmake
[2.781s] -- Up-to-date: /home/st/ywfBot_ws/install/frhal_msgs/share/frhal_msgs/cmake/export_frhal_msgs__rosidl_generator_cppExport.cmake
[2.782s] -- Up-to-date: /home/st/ywfBot_ws/install/frhal_msgs/share/frhal_msgs/cmake/export_frhal_msgs__rosidl_typesupport_fastrtps_cppExport.cmake
[2.782s] -- Up-to-date: /home/st/ywfBot_ws/install/frhal_msgs/share/frhal_msgs/cmake/export_frhal_msgs__rosidl_typesupport_fastrtps_cppExport-noconfig.cmake
[2.783s] -- Up-to-date: /home/st/ywfBot_ws/install/frhal_msgs/share/frhal_msgs/cmake/frhal_msgs__rosidl_typesupport_introspection_cppExport.cmake
[2.783s] -- Up-to-date: /home/st/ywfBot_ws/install/frhal_msgs/share/frhal_msgs/cmake/frhal_msgs__rosidl_typesupport_introspection_cppExport-noconfig.cmake
[2.784s] -- Up-to-date: /home/st/ywfBot_ws/install/frhal_msgs/share/frhal_msgs/cmake/frhal_msgs__rosidl_typesupport_cppExport.cmake
[2.784s] -- Up-to-date: /home/st/ywfBot_ws/install/frhal_msgs/share/frhal_msgs/cmake/frhal_msgs__rosidl_typesupport_cppExport-noconfig.cmake
[2.790s] -- Up-to-date: /home/st/ywfBot_ws/install/frhal_msgs/share/frhal_msgs/cmake/export_frhal_msgs__rosidl_generator_pyExport.cmake
[2.798s] -- Up-to-date: /home/st/ywfBot_ws/install/frhal_msgs/share/frhal_msgs/cmake/export_frhal_msgs__rosidl_generator_pyExport-noconfig.cmake
[2.798s] -- Up-to-date: /home/st/ywfBot_ws/install/frhal_msgs/share/frhal_msgs/cmake/rosidl_cmake-extras.cmake
[2.798s] -- Up-to-date: /home/st/ywfBot_ws/install/frhal_msgs/share/frhal_msgs/cmake/ament_cmake_export_include_directories-extras.cmake
[2.799s] -- Up-to-date: /home/st/ywfBot_ws/install/frhal_msgs/share/frhal_msgs/cmake/ament_cmake_export_libraries-extras.cmake
[2.799s] -- Up-to-date: /home/st/ywfBot_ws/install/frhal_msgs/share/frhal_msgs/cmake/ament_cmake_export_targets-extras.cmake
[2.799s] -- Up-to-date: /home/st/ywfBot_ws/install/frhal_msgs/share/frhal_msgs/cmake/rosidl_cmake_export_typesupport_targets-extras.cmake
[2.799s] -- Up-to-date: /home/st/ywfBot_ws/install/frhal_msgs/share/frhal_msgs/cmake/ament_cmake_export_dependencies-extras.cmake
[2.799s] -- Up-to-date: /home/st/ywfBot_ws/install/frhal_msgs/share/frhal_msgs/cmake/rosidl_cmake_export_typesupport_libraries-extras.cmake
[2.799s] -- Up-to-date: /home/st/ywfBot_ws/install/frhal_msgs/share/frhal_msgs/cmake/frhal_msgsConfig.cmake
[2.799s] -- Up-to-date: /home/st/ywfBot_ws/install/frhal_msgs/share/frhal_msgs/cmake/frhal_msgsConfig-version.cmake
[2.800s] -- Up-to-date: /home/st/ywfBot_ws/install/frhal_msgs/share/frhal_msgs/package.xml
[2.838s] Invoked command in '/home/st/ywfBot_ws/build/frhal_msgs' returned '0': CMAKE_PREFIX_PATH=${CMAKE_PREFIX_PATH}:/home/st/ywfBot_ws/install/py_action_client:/home/st/ywfBot_ws/install/py_action:/home/st/moveit2_humble_ws/install/moveit_configs_utils:/home/st/moveit2_humble_ws/install/launch_param_builder:/opt/ros/humble /usr/bin/cmake --install /home/st/ywfBot_ws/build/frhal_msgs
