-- The C compiler identification is GNU 11.4.0
-- The CXX compiler identification is GNU 11.4.0
-- Detecting C compiler ABI info
-- Detecting C compiler ABI info - done
-- Check for working C compiler: /usr/bin/cc - skipped
-- Detecting C compile features
-- Detecting C compile features - done
-- Detecting CXX compiler ABI info
-- Detecting CXX compiler ABI info - done
-- Check for working CXX compiler: /usr/bin/c++ - skipped
-- Detecting CXX compile features
-- Detecting CXX compile features - done
-- Found ament_cmake: 1.3.11 (/opt/ros/humble/share/ament_cmake/cmake)
-- Found Python3: /usr/bin/python3 (found version "3.10.12") found components: Interpreter 
-- Found rosidl_default_generators: 1.2.0 (/opt/ros/humble/share/rosidl_default_generators/cmake)
-- Using all available rosidl_typesupport_c: rosidl_typesupport_fastrtps_c;rosidl_typesupport_introspection_c
-- Found rosidl_adapter: 3.1.6 (/opt/ros/humble/share/rosidl_adapter/cmake)
-- Using all available rosidl_typesupport_cpp: rosidl_typesupport_fastrtps_cpp;rosidl_typesupport_introspection_cpp
-- Found ament_cmake_ros: 0.10.0 (/opt/ros/humble/share/ament_cmake_ros/cmake)
-- Using all available rosidl_typesupport_c: rosidl_typesupport_fastrtps_c;rosidl_typesupport_introspection_c
-- Using all available rosidl_typesupport_cpp: rosidl_typesupport_fastrtps_cpp;rosidl_typesupport_introspection_cpp
-- Found PythonInterp: /usr/bin/python3 (found suitable version "3.10.12", minimum required is "3.6") 
-- Found python_cmake_module: 0.10.0 (/opt/ros/humble/share/python_cmake_module/cmake)
-- Found PythonLibs: /usr/lib/x86_64-linux-gnu/libpython3.10.so (found suitable version "3.10.12", minimum required is "3.5") 
-- Using PYTHON_EXECUTABLE: /usr/bin/python3
-- Using PYTHON_INCLUDE_DIRS: /usr/include/python3.10
-- Using PYTHON_LIBRARIES: /usr/lib/x86_64-linux-gnu/libpython3.10.so
-- Found PythonExtra: .so  
-- Found ament_lint_auto: 0.12.11 (/opt/ros/humble/share/ament_lint_auto/cmake)
-- Added test 'lint_cmake' to check CMake code style
-- Added test 'xmllint' to check XML markup files
-- Configuring done
-- Generating done
-- Build files have been written to: /home/st/ywfBot_ws_v1.3/build/fairino_msgs
[  2%] [34m[1mGenerating C code for ROS interfaces[0m
[  4%] [34m[1mGenerating C++ code for ROS interfaces[0m
[  4%] Built target ament_cmake_python_copy_fairino_msgs
running egg_info
creating fairino_msgs.egg-info
writing fairino_msgs.egg-info/PKG-INFO
writing dependency_links to fairino_msgs.egg-info/dependency_links.txt
writing top-level names to fairino_msgs.egg-info/top_level.txt
writing manifest file 'fairino_msgs.egg-info/SOURCES.txt'
reading manifest file 'fairino_msgs.egg-info/SOURCES.txt'
writing manifest file 'fairino_msgs.egg-info/SOURCES.txt'
[  4%] Built target ament_cmake_python_build_fairino_msgs_egg
[  6%] [32mBuilding C object CMakeFiles/fairino_msgs__rosidl_generator_c.dir/rosidl_generator_c/fairino_msgs/srv/detail/remote_cmd_interface__functions.c.o[0m
[  8%] [32mBuilding C object CMakeFiles/fairino_msgs__rosidl_generator_c.dir/rosidl_generator_c/fairino_msgs/msg/detail/robot_nonrt_state__functions.c.o[0m
[ 10%] [32mBuilding C object CMakeFiles/fairino_msgs__rosidl_generator_c.dir/rosidl_generator_c/fairino_msgs/srv/detail/remote_script_content__functions.c.o[0m
[ 10%] Built target fairino_msgs__cpp
[ 12%] [34m[1mGenerating C++ type support dispatch for ROS interfaces[0m
[ 14%] [34m[1mGenerating C++ type support for eProsima Fast-RTPS[0m
[ 17%] [34m[1mGenerating C++ introspection for ROS interfaces[0m
[ 19%] [32m[1mLinking C shared library libfairino_msgs__rosidl_generator_c.so[0m
[ 19%] Built target fairino_msgs__rosidl_generator_c
[ 21%] [34m[1mGenerating C type support dispatch for ROS interfaces[0m
[ 23%] [34m[1mGenerating C introspection for ROS interfaces[0m
[ 25%] [34m[1mGenerating C type support for eProsima Fast-RTPS[0m
[ 27%] [32mBuilding CXX object CMakeFiles/fairino_msgs__rosidl_typesupport_cpp.dir/rosidl_typesupport_cpp/fairino_msgs/srv/remote_script_content__type_support.cpp.o[0m
[ 29%] [32mBuilding CXX object CMakeFiles/fairino_msgs__rosidl_typesupport_cpp.dir/rosidl_typesupport_cpp/fairino_msgs/srv/remote_cmd_interface__type_support.cpp.o[0m
[ 31%] [32mBuilding CXX object CMakeFiles/fairino_msgs__rosidl_typesupport_cpp.dir/rosidl_typesupport_cpp/fairino_msgs/msg/robot_nonrt_state__type_support.cpp.o[0m
[ 34%] [32mBuilding CXX object CMakeFiles/fairino_msgs__rosidl_typesupport_introspection_cpp.dir/rosidl_typesupport_introspection_cpp/fairino_msgs/srv/detail/remote_script_content__type_support.cpp.o[0m
[ 36%] [32mBuilding CXX object CMakeFiles/fairino_msgs__rosidl_typesupport_fastrtps_cpp.dir/rosidl_typesupport_fastrtps_cpp/fairino_msgs/srv/detail/dds_fastrtps/remote_cmd_interface__type_support.cpp.o[0m
[ 38%] [32mBuilding CXX object CMakeFiles/fairino_msgs__rosidl_typesupport_introspection_cpp.dir/rosidl_typesupport_introspection_cpp/fairino_msgs/srv/detail/remote_cmd_interface__type_support.cpp.o[0m
[ 40%] [32mBuilding CXX object CMakeFiles/fairino_msgs__rosidl_typesupport_fastrtps_cpp.dir/rosidl_typesupport_fastrtps_cpp/fairino_msgs/srv/detail/dds_fastrtps/remote_script_content__type_support.cpp.o[0m
[ 42%] [32mBuilding CXX object CMakeFiles/fairino_msgs__rosidl_typesupport_introspection_cpp.dir/rosidl_typesupport_introspection_cpp/fairino_msgs/msg/detail/robot_nonrt_state__type_support.cpp.o[0m
[ 44%] [32mBuilding CXX object CMakeFiles/fairino_msgs__rosidl_typesupport_fastrtps_cpp.dir/rosidl_typesupport_fastrtps_cpp/fairino_msgs/msg/detail/dds_fastrtps/robot_nonrt_state__type_support.cpp.o[0m
[ 46%] [32mBuilding CXX object CMakeFiles/fairino_msgs__rosidl_typesupport_c.dir/rosidl_typesupport_c/fairino_msgs/srv/remote_cmd_interface__type_support.cpp.o[0m
[ 48%] [32mBuilding CXX object CMakeFiles/fairino_msgs__rosidl_typesupport_c.dir/rosidl_typesupport_c/fairino_msgs/srv/remote_script_content__type_support.cpp.o[0m
[ 51%] [32mBuilding CXX object CMakeFiles/fairino_msgs__rosidl_typesupport_c.dir/rosidl_typesupport_c/fairino_msgs/msg/robot_nonrt_state__type_support.cpp.o[0m
[ 53%] [32mBuilding C object CMakeFiles/fairino_msgs__rosidl_typesupport_introspection_c.dir/rosidl_typesupport_introspection_c/fairino_msgs/srv/detail/remote_cmd_interface__type_support.c.o[0m
[ 55%] [32mBuilding C object CMakeFiles/fairino_msgs__rosidl_typesupport_introspection_c.dir/rosidl_typesupport_introspection_c/fairino_msgs/srv/detail/remote_script_content__type_support.c.o[0m
[ 57%] [32mBuilding C object CMakeFiles/fairino_msgs__rosidl_typesupport_introspection_c.dir/rosidl_typesupport_introspection_c/fairino_msgs/msg/detail/robot_nonrt_state__type_support.c.o[0m
[ 59%] [32m[1mLinking CXX shared library libfairino_msgs__rosidl_typesupport_c.so[0m
[ 61%] [32mBuilding CXX object CMakeFiles/fairino_msgs__rosidl_typesupport_fastrtps_c.dir/rosidl_typesupport_fastrtps_c/fairino_msgs/srv/detail/remote_cmd_interface__type_support_c.cpp.o[0m
[ 65%] [32mBuilding CXX object CMakeFiles/fairino_msgs__rosidl_typesupport_fastrtps_c.dir/rosidl_typesupport_fastrtps_c/fairino_msgs/msg/detail/robot_nonrt_state__type_support_c.cpp.o[0m
[ 63%] [32mBuilding CXX object CMakeFiles/fairino_msgs__rosidl_typesupport_fastrtps_c.dir/rosidl_typesupport_fastrtps_c/fairino_msgs/srv/detail/remote_script_content__type_support_c.cpp.o[0m
[ 68%] [32m[1mLinking C shared library libfairino_msgs__rosidl_typesupport_introspection_c.so[0m
[ 68%] Built target fairino_msgs__rosidl_typesupport_c
[ 68%] Built target fairino_msgs__rosidl_typesupport_introspection_c
[ 70%] [32m[1mLinking CXX shared library libfairino_msgs__rosidl_typesupport_cpp.so[0m
[ 70%] Built target fairino_msgs__rosidl_typesupport_cpp
[ 72%] [32m[1mLinking CXX shared library libfairino_msgs__rosidl_typesupport_introspection_cpp.so[0m
[ 74%] [32m[1mLinking CXX shared library libfairino_msgs__rosidl_typesupport_fastrtps_c.so[0m
[ 76%] [32m[1mLinking CXX shared library libfairino_msgs__rosidl_typesupport_fastrtps_cpp.so[0m
[ 76%] Built target fairino_msgs__rosidl_typesupport_introspection_cpp
[ 76%] Built target fairino_msgs__rosidl_typesupport_fastrtps_cpp
[ 76%] Built target fairino_msgs__rosidl_typesupport_fastrtps_c
[ 76%] Built target fairino_msgs
[ 78%] [34m[1mGenerating Python code for ROS interfaces[0m
[ 78%] Built target fairino_msgs__py
[ 80%] [32mBuilding C object CMakeFiles/fairino_msgs__rosidl_generator_py.dir/rosidl_generator_py/fairino_msgs/srv/_remote_cmd_interface_s.c.o[0m
[ 82%] [32mBuilding C object CMakeFiles/fairino_msgs__rosidl_generator_py.dir/rosidl_generator_py/fairino_msgs/msg/_robot_nonrt_state_s.c.o[0m
[ 85%] [32mBuilding C object CMakeFiles/fairino_msgs__rosidl_generator_py.dir/rosidl_generator_py/fairino_msgs/srv/_remote_script_content_s.c.o[0m
[ 87%] [32m[1mLinking C shared library rosidl_generator_py/fairino_msgs/libfairino_msgs__rosidl_generator_py.so[0m
[ 87%] Built target fairino_msgs__rosidl_generator_py
[ 89%] [32mBuilding C object CMakeFiles/fairino_msgs__rosidl_typesupport_fastrtps_c__pyext.dir/rosidl_generator_py/fairino_msgs/_fairino_msgs_s.ep.rosidl_typesupport_fastrtps_c.c.o[0m
[ 91%] [32mBuilding C object CMakeFiles/fairino_msgs__rosidl_typesupport_introspection_c__pyext.dir/rosidl_generator_py/fairino_msgs/_fairino_msgs_s.ep.rosidl_typesupport_introspection_c.c.o[0m
[ 93%] [32mBuilding C object CMakeFiles/fairino_msgs__rosidl_typesupport_c__pyext.dir/rosidl_generator_py/fairino_msgs/_fairino_msgs_s.ep.rosidl_typesupport_c.c.o[0m
[ 95%] [32m[1mLinking C shared library rosidl_generator_py/fairino_msgs/fairino_msgs_s__rosidl_typesupport_c.cpython-310-x86_64-linux-gnu.so[0m
[ 97%] [32m[1mLinking C shared library rosidl_generator_py/fairino_msgs/fairino_msgs_s__rosidl_typesupport_introspection_c.cpython-310-x86_64-linux-gnu.so[0m
[100%] [32m[1mLinking C shared library rosidl_generator_py/fairino_msgs/fairino_msgs_s__rosidl_typesupport_fastrtps_c.cpython-310-x86_64-linux-gnu.so[0m
[100%] Built target fairino_msgs__rosidl_typesupport_c__pyext
[100%] Built target fairino_msgs__rosidl_typesupport_introspection_c__pyext
[100%] Built target fairino_msgs__rosidl_typesupport_fastrtps_c__pyext
-- Install configuration: ""
-- Installing: /home/st/ywfBot_ws_v1.3/install/fairino_msgs/share/ament_index/resource_index/rosidl_interfaces/fairino_msgs
-- Installing: /home/st/ywfBot_ws_v1.3/install/fairino_msgs/include/fairino_msgs/fairino_msgs
-- Installing: /home/st/ywfBot_ws_v1.3/install/fairino_msgs/include/fairino_msgs/fairino_msgs/msg
-- Installing: /home/st/ywfBot_ws_v1.3/install/fairino_msgs/include/fairino_msgs/fairino_msgs/msg/rosidl_generator_c__visibility_control.h
-- Installing: /home/st/ywfBot_ws_v1.3/install/fairino_msgs/include/fairino_msgs/fairino_msgs/msg/robot_nonrt_state.h
-- Installing: /home/st/ywfBot_ws_v1.3/install/fairino_msgs/include/fairino_msgs/fairino_msgs/msg/detail
-- Installing: /home/st/ywfBot_ws_v1.3/install/fairino_msgs/include/fairino_msgs/fairino_msgs/msg/detail/robot_nonrt_state__struct.h
-- Installing: /home/st/ywfBot_ws_v1.3/install/fairino_msgs/include/fairino_msgs/fairino_msgs/msg/detail/robot_nonrt_state__functions.h
-- Installing: /home/st/ywfBot_ws_v1.3/install/fairino_msgs/include/fairino_msgs/fairino_msgs/msg/detail/robot_nonrt_state__type_support.h
-- Installing: /home/st/ywfBot_ws_v1.3/install/fairino_msgs/include/fairino_msgs/fairino_msgs/msg/detail/robot_nonrt_state__functions.c
-- Installing: /home/st/ywfBot_ws_v1.3/install/fairino_msgs/include/fairino_msgs/fairino_msgs/srv
-- Installing: /home/st/ywfBot_ws_v1.3/install/fairino_msgs/include/fairino_msgs/fairino_msgs/srv/remote_cmd_interface.h
-- Installing: /home/st/ywfBot_ws_v1.3/install/fairino_msgs/include/fairino_msgs/fairino_msgs/srv/remote_script_content.h
-- Installing: /home/st/ywfBot_ws_v1.3/install/fairino_msgs/include/fairino_msgs/fairino_msgs/srv/detail
-- Installing: /home/st/ywfBot_ws_v1.3/install/fairino_msgs/include/fairino_msgs/fairino_msgs/srv/detail/remote_cmd_interface__functions.c
-- Installing: /home/st/ywfBot_ws_v1.3/install/fairino_msgs/include/fairino_msgs/fairino_msgs/srv/detail/remote_cmd_interface__struct.h
-- Installing: /home/st/ywfBot_ws_v1.3/install/fairino_msgs/include/fairino_msgs/fairino_msgs/srv/detail/remote_script_content__struct.h
-- Installing: /home/st/ywfBot_ws_v1.3/install/fairino_msgs/include/fairino_msgs/fairino_msgs/srv/detail/remote_script_content__type_support.h
-- Installing: /home/st/ywfBot_ws_v1.3/install/fairino_msgs/include/fairino_msgs/fairino_msgs/srv/detail/remote_script_content__functions.c
-- Installing: /home/st/ywfBot_ws_v1.3/install/fairino_msgs/include/fairino_msgs/fairino_msgs/srv/detail/remote_cmd_interface__functions.h
-- Installing: /home/st/ywfBot_ws_v1.3/install/fairino_msgs/include/fairino_msgs/fairino_msgs/srv/detail/remote_script_content__functions.h
-- Installing: /home/st/ywfBot_ws_v1.3/install/fairino_msgs/include/fairino_msgs/fairino_msgs/srv/detail/remote_cmd_interface__type_support.h
-- Installing: /home/st/ywfBot_ws_v1.3/install/fairino_msgs/share/fairino_msgs/environment/library_path.sh
-- Installing: /home/st/ywfBot_ws_v1.3/install/fairino_msgs/share/fairino_msgs/environment/library_path.dsv
-- Installing: /home/st/ywfBot_ws_v1.3/install/fairino_msgs/lib/libfairino_msgs__rosidl_generator_c.so
-- Set runtime path of "/home/st/ywfBot_ws_v1.3/install/fairino_msgs/lib/libfairino_msgs__rosidl_generator_c.so" to ""
-- Up-to-date: /home/st/ywfBot_ws_v1.3/install/fairino_msgs/include/fairino_msgs/fairino_msgs
-- Up-to-date: /home/st/ywfBot_ws_v1.3/install/fairino_msgs/include/fairino_msgs/fairino_msgs/msg
-- Installing: /home/st/ywfBot_ws_v1.3/install/fairino_msgs/include/fairino_msgs/fairino_msgs/msg/rosidl_typesupport_fastrtps_c__visibility_control.h
-- Up-to-date: /home/st/ywfBot_ws_v1.3/install/fairino_msgs/include/fairino_msgs/fairino_msgs/msg/detail
-- Installing: /home/st/ywfBot_ws_v1.3/install/fairino_msgs/include/fairino_msgs/fairino_msgs/msg/detail/robot_nonrt_state__rosidl_typesupport_fastrtps_c.h
-- Up-to-date: /home/st/ywfBot_ws_v1.3/install/fairino_msgs/include/fairino_msgs/fairino_msgs/srv
-- Up-to-date: /home/st/ywfBot_ws_v1.3/install/fairino_msgs/include/fairino_msgs/fairino_msgs/srv/detail
-- Installing: /home/st/ywfBot_ws_v1.3/install/fairino_msgs/include/fairino_msgs/fairino_msgs/srv/detail/remote_cmd_interface__rosidl_typesupport_fastrtps_c.h
-- Installing: /home/st/ywfBot_ws_v1.3/install/fairino_msgs/include/fairino_msgs/fairino_msgs/srv/detail/remote_script_content__rosidl_typesupport_fastrtps_c.h
-- Installing: /home/st/ywfBot_ws_v1.3/install/fairino_msgs/lib/libfairino_msgs__rosidl_typesupport_fastrtps_c.so
-- Set runtime path of "/home/st/ywfBot_ws_v1.3/install/fairino_msgs/lib/libfairino_msgs__rosidl_typesupport_fastrtps_c.so" to ""
-- Up-to-date: /home/st/ywfBot_ws_v1.3/install/fairino_msgs/include/fairino_msgs/fairino_msgs
-- Up-to-date: /home/st/ywfBot_ws_v1.3/install/fairino_msgs/include/fairino_msgs/fairino_msgs/msg
-- Installing: /home/st/ywfBot_ws_v1.3/install/fairino_msgs/include/fairino_msgs/fairino_msgs/msg/rosidl_typesupport_introspection_c__visibility_control.h
-- Up-to-date: /home/st/ywfBot_ws_v1.3/install/fairino_msgs/include/fairino_msgs/fairino_msgs/msg/detail
-- Installing: /home/st/ywfBot_ws_v1.3/install/fairino_msgs/include/fairino_msgs/fairino_msgs/msg/detail/robot_nonrt_state__type_support.c
-- Installing: /home/st/ywfBot_ws_v1.3/install/fairino_msgs/include/fairino_msgs/fairino_msgs/msg/detail/robot_nonrt_state__rosidl_typesupport_introspection_c.h
-- Up-to-date: /home/st/ywfBot_ws_v1.3/install/fairino_msgs/include/fairino_msgs/fairino_msgs/srv
-- Up-to-date: /home/st/ywfBot_ws_v1.3/install/fairino_msgs/include/fairino_msgs/fairino_msgs/srv/detail
-- Installing: /home/st/ywfBot_ws_v1.3/install/fairino_msgs/include/fairino_msgs/fairino_msgs/srv/detail/remote_cmd_interface__rosidl_typesupport_introspection_c.h
-- Installing: /home/st/ywfBot_ws_v1.3/install/fairino_msgs/include/fairino_msgs/fairino_msgs/srv/detail/remote_script_content__rosidl_typesupport_introspection_c.h
-- Installing: /home/st/ywfBot_ws_v1.3/install/fairino_msgs/include/fairino_msgs/fairino_msgs/srv/detail/remote_script_content__type_support.c
-- Installing: /home/st/ywfBot_ws_v1.3/install/fairino_msgs/include/fairino_msgs/fairino_msgs/srv/detail/remote_cmd_interface__type_support.c
-- Installing: /home/st/ywfBot_ws_v1.3/install/fairino_msgs/lib/libfairino_msgs__rosidl_typesupport_introspection_c.so
-- Set runtime path of "/home/st/ywfBot_ws_v1.3/install/fairino_msgs/lib/libfairino_msgs__rosidl_typesupport_introspection_c.so" to ""
-- Installing: /home/st/ywfBot_ws_v1.3/install/fairino_msgs/lib/libfairino_msgs__rosidl_typesupport_c.so
-- Set runtime path of "/home/st/ywfBot_ws_v1.3/install/fairino_msgs/lib/libfairino_msgs__rosidl_typesupport_c.so" to ""
-- Up-to-date: /home/st/ywfBot_ws_v1.3/install/fairino_msgs/include/fairino_msgs/fairino_msgs
-- Up-to-date: /home/st/ywfBot_ws_v1.3/install/fairino_msgs/include/fairino_msgs/fairino_msgs/msg
-- Installing: /home/st/ywfBot_ws_v1.3/install/fairino_msgs/include/fairino_msgs/fairino_msgs/msg/robot_nonrt_state.hpp
-- Installing: /home/st/ywfBot_ws_v1.3/install/fairino_msgs/include/fairino_msgs/fairino_msgs/msg/rosidl_generator_cpp__visibility_control.hpp
-- Up-to-date: /home/st/ywfBot_ws_v1.3/install/fairino_msgs/include/fairino_msgs/fairino_msgs/msg/detail
-- Installing: /home/st/ywfBot_ws_v1.3/install/fairino_msgs/include/fairino_msgs/fairino_msgs/msg/detail/robot_nonrt_state__struct.hpp
-- Installing: /home/st/ywfBot_ws_v1.3/install/fairino_msgs/include/fairino_msgs/fairino_msgs/msg/detail/robot_nonrt_state__builder.hpp
-- Installing: /home/st/ywfBot_ws_v1.3/install/fairino_msgs/include/fairino_msgs/fairino_msgs/msg/detail/robot_nonrt_state__type_support.hpp
-- Installing: /home/st/ywfBot_ws_v1.3/install/fairino_msgs/include/fairino_msgs/fairino_msgs/msg/detail/robot_nonrt_state__traits.hpp
-- Up-to-date: /home/st/ywfBot_ws_v1.3/install/fairino_msgs/include/fairino_msgs/fairino_msgs/srv
-- Installing: /home/st/ywfBot_ws_v1.3/install/fairino_msgs/include/fairino_msgs/fairino_msgs/srv/remote_script_content.hpp
-- Installing: /home/st/ywfBot_ws_v1.3/install/fairino_msgs/include/fairino_msgs/fairino_msgs/srv/remote_cmd_interface.hpp
-- Up-to-date: /home/st/ywfBot_ws_v1.3/install/fairino_msgs/include/fairino_msgs/fairino_msgs/srv/detail
-- Installing: /home/st/ywfBot_ws_v1.3/install/fairino_msgs/include/fairino_msgs/fairino_msgs/srv/detail/remote_script_content__traits.hpp
-- Installing: /home/st/ywfBot_ws_v1.3/install/fairino_msgs/include/fairino_msgs/fairino_msgs/srv/detail/remote_cmd_interface__struct.hpp
-- Installing: /home/st/ywfBot_ws_v1.3/install/fairino_msgs/include/fairino_msgs/fairino_msgs/srv/detail/remote_cmd_interface__type_support.hpp
-- Installing: /home/st/ywfBot_ws_v1.3/install/fairino_msgs/include/fairino_msgs/fairino_msgs/srv/detail/remote_script_content__struct.hpp
-- Installing: /home/st/ywfBot_ws_v1.3/install/fairino_msgs/include/fairino_msgs/fairino_msgs/srv/detail/remote_cmd_interface__builder.hpp
-- Installing: /home/st/ywfBot_ws_v1.3/install/fairino_msgs/include/fairino_msgs/fairino_msgs/srv/detail/remote_script_content__type_support.hpp
-- Installing: /home/st/ywfBot_ws_v1.3/install/fairino_msgs/include/fairino_msgs/fairino_msgs/srv/detail/remote_script_content__builder.hpp
-- Installing: /home/st/ywfBot_ws_v1.3/install/fairino_msgs/include/fairino_msgs/fairino_msgs/srv/detail/remote_cmd_interface__traits.hpp
-- Up-to-date: /home/st/ywfBot_ws_v1.3/install/fairino_msgs/include/fairino_msgs/fairino_msgs
-- Up-to-date: /home/st/ywfBot_ws_v1.3/install/fairino_msgs/include/fairino_msgs/fairino_msgs/msg
-- Installing: /home/st/ywfBot_ws_v1.3/install/fairino_msgs/include/fairino_msgs/fairino_msgs/msg/rosidl_typesupport_fastrtps_cpp__visibility_control.h
-- Up-to-date: /home/st/ywfBot_ws_v1.3/install/fairino_msgs/include/fairino_msgs/fairino_msgs/msg/detail
-- Installing: /home/st/ywfBot_ws_v1.3/install/fairino_msgs/include/fairino_msgs/fairino_msgs/msg/detail/dds_fastrtps
-- Installing: /home/st/ywfBot_ws_v1.3/install/fairino_msgs/include/fairino_msgs/fairino_msgs/msg/detail/robot_nonrt_state__rosidl_typesupport_fastrtps_cpp.hpp
-- Up-to-date: /home/st/ywfBot_ws_v1.3/install/fairino_msgs/include/fairino_msgs/fairino_msgs/srv
-- Up-to-date: /home/st/ywfBot_ws_v1.3/install/fairino_msgs/include/fairino_msgs/fairino_msgs/srv/detail
-- Installing: /home/st/ywfBot_ws_v1.3/install/fairino_msgs/include/fairino_msgs/fairino_msgs/srv/detail/dds_fastrtps
-- Installing: /home/st/ywfBot_ws_v1.3/install/fairino_msgs/include/fairino_msgs/fairino_msgs/srv/detail/remote_cmd_interface__rosidl_typesupport_fastrtps_cpp.hpp
-- Installing: /home/st/ywfBot_ws_v1.3/install/fairino_msgs/include/fairino_msgs/fairino_msgs/srv/detail/remote_script_content__rosidl_typesupport_fastrtps_cpp.hpp
-- Installing: /home/st/ywfBot_ws_v1.3/install/fairino_msgs/lib/libfairino_msgs__rosidl_typesupport_fastrtps_cpp.so
-- Set runtime path of "/home/st/ywfBot_ws_v1.3/install/fairino_msgs/lib/libfairino_msgs__rosidl_typesupport_fastrtps_cpp.so" to ""
-- Up-to-date: /home/st/ywfBot_ws_v1.3/install/fairino_msgs/include/fairino_msgs/fairino_msgs
-- Up-to-date: /home/st/ywfBot_ws_v1.3/install/fairino_msgs/include/fairino_msgs/fairino_msgs/msg
-- Up-to-date: /home/st/ywfBot_ws_v1.3/install/fairino_msgs/include/fairino_msgs/fairino_msgs/msg/detail
-- Installing: /home/st/ywfBot_ws_v1.3/install/fairino_msgs/include/fairino_msgs/fairino_msgs/msg/detail/robot_nonrt_state__rosidl_typesupport_introspection_cpp.hpp
-- Installing: /home/st/ywfBot_ws_v1.3/install/fairino_msgs/include/fairino_msgs/fairino_msgs/msg/detail/robot_nonrt_state__type_support.cpp
-- Up-to-date: /home/st/ywfBot_ws_v1.3/install/fairino_msgs/include/fairino_msgs/fairino_msgs/srv
-- Up-to-date: /home/st/ywfBot_ws_v1.3/install/fairino_msgs/include/fairino_msgs/fairino_msgs/srv/detail
-- Installing: /home/st/ywfBot_ws_v1.3/install/fairino_msgs/include/fairino_msgs/fairino_msgs/srv/detail/remote_script_content__rosidl_typesupport_introspection_cpp.hpp
-- Installing: /home/st/ywfBot_ws_v1.3/install/fairino_msgs/include/fairino_msgs/fairino_msgs/srv/detail/remote_cmd_interface__type_support.cpp
-- Installing: /home/st/ywfBot_ws_v1.3/install/fairino_msgs/include/fairino_msgs/fairino_msgs/srv/detail/remote_cmd_interface__rosidl_typesupport_introspection_cpp.hpp
-- Installing: /home/st/ywfBot_ws_v1.3/install/fairino_msgs/include/fairino_msgs/fairino_msgs/srv/detail/remote_script_content__type_support.cpp
-- Installing: /home/st/ywfBot_ws_v1.3/install/fairino_msgs/lib/libfairino_msgs__rosidl_typesupport_introspection_cpp.so
-- Set runtime path of "/home/st/ywfBot_ws_v1.3/install/fairino_msgs/lib/libfairino_msgs__rosidl_typesupport_introspection_cpp.so" to ""
-- Installing: /home/st/ywfBot_ws_v1.3/install/fairino_msgs/lib/libfairino_msgs__rosidl_typesupport_cpp.so
-- Set runtime path of "/home/st/ywfBot_ws_v1.3/install/fairino_msgs/lib/libfairino_msgs__rosidl_typesupport_cpp.so" to ""
-- Installing: /home/st/ywfBot_ws_v1.3/install/fairino_msgs/share/fairino_msgs/environment/pythonpath.sh
-- Installing: /home/st/ywfBot_ws_v1.3/install/fairino_msgs/share/fairino_msgs/environment/pythonpath.dsv
-- Installing: /home/st/ywfBot_ws_v1.3/install/fairino_msgs/local/lib/python3.10/dist-packages/fairino_msgs-0.0.0-py3.10.egg-info
-- Installing: /home/st/ywfBot_ws_v1.3/install/fairino_msgs/local/lib/python3.10/dist-packages/fairino_msgs-0.0.0-py3.10.egg-info/SOURCES.txt
-- Installing: /home/st/ywfBot_ws_v1.3/install/fairino_msgs/local/lib/python3.10/dist-packages/fairino_msgs-0.0.0-py3.10.egg-info/top_level.txt
-- Installing: /home/st/ywfBot_ws_v1.3/install/fairino_msgs/local/lib/python3.10/dist-packages/fairino_msgs-0.0.0-py3.10.egg-info/dependency_links.txt
-- Installing: /home/st/ywfBot_ws_v1.3/install/fairino_msgs/local/lib/python3.10/dist-packages/fairino_msgs-0.0.0-py3.10.egg-info/PKG-INFO
-- Installing: /home/st/ywfBot_ws_v1.3/install/fairino_msgs/local/lib/python3.10/dist-packages/fairino_msgs
-- Installing: /home/st/ywfBot_ws_v1.3/install/fairino_msgs/local/lib/python3.10/dist-packages/fairino_msgs/__init__.py
-- Installing: /home/st/ywfBot_ws_v1.3/install/fairino_msgs/local/lib/python3.10/dist-packages/fairino_msgs/fairino_msgs_s__rosidl_typesupport_fastrtps_c.cpython-310-x86_64-linux-gnu.so
-- Installing: /home/st/ywfBot_ws_v1.3/install/fairino_msgs/local/lib/python3.10/dist-packages/fairino_msgs/_fairino_msgs_s.ep.rosidl_typesupport_introspection_c.c
-- Installing: /home/st/ywfBot_ws_v1.3/install/fairino_msgs/local/lib/python3.10/dist-packages/fairino_msgs/fairino_msgs_s__rosidl_typesupport_introspection_c.cpython-310-x86_64-linux-gnu.so
-- Installing: /home/st/ywfBot_ws_v1.3/install/fairino_msgs/local/lib/python3.10/dist-packages/fairino_msgs/msg
-- Installing: /home/st/ywfBot_ws_v1.3/install/fairino_msgs/local/lib/python3.10/dist-packages/fairino_msgs/msg/__init__.py
-- Installing: /home/st/ywfBot_ws_v1.3/install/fairino_msgs/local/lib/python3.10/dist-packages/fairino_msgs/msg/_robot_nonrt_state.py
-- Installing: /home/st/ywfBot_ws_v1.3/install/fairino_msgs/local/lib/python3.10/dist-packages/fairino_msgs/msg/_robot_nonrt_state_s.c
-- Installing: /home/st/ywfBot_ws_v1.3/install/fairino_msgs/local/lib/python3.10/dist-packages/fairino_msgs/_fairino_msgs_s.ep.rosidl_typesupport_fastrtps_c.c
-- Installing: /home/st/ywfBot_ws_v1.3/install/fairino_msgs/local/lib/python3.10/dist-packages/fairino_msgs/libfairino_msgs__rosidl_generator_py.so
-- Installing: /home/st/ywfBot_ws_v1.3/install/fairino_msgs/local/lib/python3.10/dist-packages/fairino_msgs/srv
-- Installing: /home/st/ywfBot_ws_v1.3/install/fairino_msgs/local/lib/python3.10/dist-packages/fairino_msgs/srv/__init__.py
-- Installing: /home/st/ywfBot_ws_v1.3/install/fairino_msgs/local/lib/python3.10/dist-packages/fairino_msgs/srv/_remote_cmd_interface.py
-- Installing: /home/st/ywfBot_ws_v1.3/install/fairino_msgs/local/lib/python3.10/dist-packages/fairino_msgs/srv/_remote_script_content.py
-- Installing: /home/st/ywfBot_ws_v1.3/install/fairino_msgs/local/lib/python3.10/dist-packages/fairino_msgs/srv/_remote_script_content_s.c
-- Installing: /home/st/ywfBot_ws_v1.3/install/fairino_msgs/local/lib/python3.10/dist-packages/fairino_msgs/srv/_remote_cmd_interface_s.c
-- Installing: /home/st/ywfBot_ws_v1.3/install/fairino_msgs/local/lib/python3.10/dist-packages/fairino_msgs/_fairino_msgs_s.ep.rosidl_typesupport_c.c
-- Installing: /home/st/ywfBot_ws_v1.3/install/fairino_msgs/local/lib/python3.10/dist-packages/fairino_msgs/fairino_msgs_s__rosidl_typesupport_c.cpython-310-x86_64-linux-gnu.so
Listing '/home/st/ywfBot_ws_v1.3/install/fairino_msgs/local/lib/python3.10/dist-packages/fairino_msgs'...
Compiling '/home/st/ywfBot_ws_v1.3/install/fairino_msgs/local/lib/python3.10/dist-packages/fairino_msgs/__init__.py'...
Listing '/home/st/ywfBot_ws_v1.3/install/fairino_msgs/local/lib/python3.10/dist-packages/fairino_msgs/msg'...
Compiling '/home/st/ywfBot_ws_v1.3/install/fairino_msgs/local/lib/python3.10/dist-packages/fairino_msgs/msg/__init__.py'...
Compiling '/home/st/ywfBot_ws_v1.3/install/fairino_msgs/local/lib/python3.10/dist-packages/fairino_msgs/msg/_robot_nonrt_state.py'...
Listing '/home/st/ywfBot_ws_v1.3/install/fairino_msgs/local/lib/python3.10/dist-packages/fairino_msgs/srv'...
Compiling '/home/st/ywfBot_ws_v1.3/install/fairino_msgs/local/lib/python3.10/dist-packages/fairino_msgs/srv/__init__.py'...
Compiling '/home/st/ywfBot_ws_v1.3/install/fairino_msgs/local/lib/python3.10/dist-packages/fairino_msgs/srv/_remote_cmd_interface.py'...
Compiling '/home/st/ywfBot_ws_v1.3/install/fairino_msgs/local/lib/python3.10/dist-packages/fairino_msgs/srv/_remote_script_content.py'...
-- Installing: /home/st/ywfBot_ws_v1.3/install/fairino_msgs/local/lib/python3.10/dist-packages/fairino_msgs/fairino_msgs_s__rosidl_typesupport_fastrtps_c.cpython-310-x86_64-linux-gnu.so
-- Set runtime path of "/home/st/ywfBot_ws_v1.3/install/fairino_msgs/local/lib/python3.10/dist-packages/fairino_msgs/fairino_msgs_s__rosidl_typesupport_fastrtps_c.cpython-310-x86_64-linux-gnu.so" to ""
-- Installing: /home/st/ywfBot_ws_v1.3/install/fairino_msgs/local/lib/python3.10/dist-packages/fairino_msgs/fairino_msgs_s__rosidl_typesupport_introspection_c.cpython-310-x86_64-linux-gnu.so
-- Set runtime path of "/home/st/ywfBot_ws_v1.3/install/fairino_msgs/local/lib/python3.10/dist-packages/fairino_msgs/fairino_msgs_s__rosidl_typesupport_introspection_c.cpython-310-x86_64-linux-gnu.so" to ""
-- Installing: /home/st/ywfBot_ws_v1.3/install/fairino_msgs/local/lib/python3.10/dist-packages/fairino_msgs/fairino_msgs_s__rosidl_typesupport_c.cpython-310-x86_64-linux-gnu.so
-- Set runtime path of "/home/st/ywfBot_ws_v1.3/install/fairino_msgs/local/lib/python3.10/dist-packages/fairino_msgs/fairino_msgs_s__rosidl_typesupport_c.cpython-310-x86_64-linux-gnu.so" to ""
-- Installing: /home/st/ywfBot_ws_v1.3/install/fairino_msgs/lib/libfairino_msgs__rosidl_generator_py.so
-- Set runtime path of "/home/st/ywfBot_ws_v1.3/install/fairino_msgs/lib/libfairino_msgs__rosidl_generator_py.so" to ""
-- Installing: /home/st/ywfBot_ws_v1.3/install/fairino_msgs/share/fairino_msgs/srv/RemoteCmdInterface.idl
-- Installing: /home/st/ywfBot_ws_v1.3/install/fairino_msgs/share/fairino_msgs/srv/RemoteScriptContent.idl
-- Installing: /home/st/ywfBot_ws_v1.3/install/fairino_msgs/share/fairino_msgs/msg/RobotNonrtState.idl
-- Installing: /home/st/ywfBot_ws_v1.3/install/fairino_msgs/share/fairino_msgs/srv/RemoteCmdInterface.srv
-- Installing: /home/st/ywfBot_ws_v1.3/install/fairino_msgs/share/fairino_msgs/srv/RemoteCmdInterface_Request.msg
-- Installing: /home/st/ywfBot_ws_v1.3/install/fairino_msgs/share/fairino_msgs/srv/RemoteCmdInterface_Response.msg
-- Installing: /home/st/ywfBot_ws_v1.3/install/fairino_msgs/share/fairino_msgs/srv/RemoteScriptContent.srv
-- Installing: /home/st/ywfBot_ws_v1.3/install/fairino_msgs/share/fairino_msgs/srv/RemoteScriptContent_Request.msg
-- Installing: /home/st/ywfBot_ws_v1.3/install/fairino_msgs/share/fairino_msgs/srv/RemoteScriptContent_Response.msg
-- Installing: /home/st/ywfBot_ws_v1.3/install/fairino_msgs/share/fairino_msgs/msg/RobotNonrtState.msg
-- Installing: /home/st/ywfBot_ws_v1.3/install/fairino_msgs/share/ament_index/resource_index/package_run_dependencies/fairino_msgs
-- Installing: /home/st/ywfBot_ws_v1.3/install/fairino_msgs/share/ament_index/resource_index/parent_prefix_path/fairino_msgs
-- Installing: /home/st/ywfBot_ws_v1.3/install/fairino_msgs/share/fairino_msgs/environment/ament_prefix_path.sh
-- Installing: /home/st/ywfBot_ws_v1.3/install/fairino_msgs/share/fairino_msgs/environment/ament_prefix_path.dsv
-- Installing: /home/st/ywfBot_ws_v1.3/install/fairino_msgs/share/fairino_msgs/environment/path.sh
-- Installing: /home/st/ywfBot_ws_v1.3/install/fairino_msgs/share/fairino_msgs/environment/path.dsv
-- Installing: /home/st/ywfBot_ws_v1.3/install/fairino_msgs/share/fairino_msgs/local_setup.bash
-- Installing: /home/st/ywfBot_ws_v1.3/install/fairino_msgs/share/fairino_msgs/local_setup.sh
-- Installing: /home/st/ywfBot_ws_v1.3/install/fairino_msgs/share/fairino_msgs/local_setup.zsh
-- Installing: /home/st/ywfBot_ws_v1.3/install/fairino_msgs/share/fairino_msgs/local_setup.dsv
-- Installing: /home/st/ywfBot_ws_v1.3/install/fairino_msgs/share/fairino_msgs/package.dsv
-- Installing: /home/st/ywfBot_ws_v1.3/install/fairino_msgs/share/ament_index/resource_index/packages/fairino_msgs
-- Installing: /home/st/ywfBot_ws_v1.3/install/fairino_msgs/share/fairino_msgs/cmake/export_fairino_msgs__rosidl_generator_cExport.cmake
-- Installing: /home/st/ywfBot_ws_v1.3/install/fairino_msgs/share/fairino_msgs/cmake/export_fairino_msgs__rosidl_generator_cExport-noconfig.cmake
-- Installing: /home/st/ywfBot_ws_v1.3/install/fairino_msgs/share/fairino_msgs/cmake/export_fairino_msgs__rosidl_typesupport_fastrtps_cExport.cmake
-- Installing: /home/st/ywfBot_ws_v1.3/install/fairino_msgs/share/fairino_msgs/cmake/export_fairino_msgs__rosidl_typesupport_fastrtps_cExport-noconfig.cmake
-- Installing: /home/st/ywfBot_ws_v1.3/install/fairino_msgs/share/fairino_msgs/cmake/fairino_msgs__rosidl_typesupport_introspection_cExport.cmake
-- Installing: /home/st/ywfBot_ws_v1.3/install/fairino_msgs/share/fairino_msgs/cmake/fairino_msgs__rosidl_typesupport_introspection_cExport-noconfig.cmake
-- Installing: /home/st/ywfBot_ws_v1.3/install/fairino_msgs/share/fairino_msgs/cmake/fairino_msgs__rosidl_typesupport_cExport.cmake
-- Installing: /home/st/ywfBot_ws_v1.3/install/fairino_msgs/share/fairino_msgs/cmake/fairino_msgs__rosidl_typesupport_cExport-noconfig.cmake
-- Installing: /home/st/ywfBot_ws_v1.3/install/fairino_msgs/share/fairino_msgs/cmake/export_fairino_msgs__rosidl_generator_cppExport.cmake
-- Installing: /home/st/ywfBot_ws_v1.3/install/fairino_msgs/share/fairino_msgs/cmake/export_fairino_msgs__rosidl_typesupport_fastrtps_cppExport.cmake
-- Installing: /home/st/ywfBot_ws_v1.3/install/fairino_msgs/share/fairino_msgs/cmake/export_fairino_msgs__rosidl_typesupport_fastrtps_cppExport-noconfig.cmake
-- Installing: /home/st/ywfBot_ws_v1.3/install/fairino_msgs/share/fairino_msgs/cmake/fairino_msgs__rosidl_typesupport_introspection_cppExport.cmake
-- Installing: /home/st/ywfBot_ws_v1.3/install/fairino_msgs/share/fairino_msgs/cmake/fairino_msgs__rosidl_typesupport_introspection_cppExport-noconfig.cmake
-- Installing: /home/st/ywfBot_ws_v1.3/install/fairino_msgs/share/fairino_msgs/cmake/fairino_msgs__rosidl_typesupport_cppExport.cmake
-- Installing: /home/st/ywfBot_ws_v1.3/install/fairino_msgs/share/fairino_msgs/cmake/fairino_msgs__rosidl_typesupport_cppExport-noconfig.cmake
-- Installing: /home/st/ywfBot_ws_v1.3/install/fairino_msgs/share/fairino_msgs/cmake/export_fairino_msgs__rosidl_generator_pyExport.cmake
-- Installing: /home/st/ywfBot_ws_v1.3/install/fairino_msgs/share/fairino_msgs/cmake/export_fairino_msgs__rosidl_generator_pyExport-noconfig.cmake
-- Installing: /home/st/ywfBot_ws_v1.3/install/fairino_msgs/share/fairino_msgs/cmake/rosidl_cmake-extras.cmake
-- Installing: /home/st/ywfBot_ws_v1.3/install/fairino_msgs/share/fairino_msgs/cmake/ament_cmake_export_include_directories-extras.cmake
-- Installing: /home/st/ywfBot_ws_v1.3/install/fairino_msgs/share/fairino_msgs/cmake/ament_cmake_export_libraries-extras.cmake
-- Installing: /home/st/ywfBot_ws_v1.3/install/fairino_msgs/share/fairino_msgs/cmake/ament_cmake_export_targets-extras.cmake
-- Installing: /home/st/ywfBot_ws_v1.3/install/fairino_msgs/share/fairino_msgs/cmake/rosidl_cmake_export_typesupport_targets-extras.cmake
-- Installing: /home/st/ywfBot_ws_v1.3/install/fairino_msgs/share/fairino_msgs/cmake/ament_cmake_export_dependencies-extras.cmake
-- Installing: /home/st/ywfBot_ws_v1.3/install/fairino_msgs/share/fairino_msgs/cmake/rosidl_cmake_export_typesupport_libraries-extras.cmake
-- Installing: /home/st/ywfBot_ws_v1.3/install/fairino_msgs/share/fairino_msgs/cmake/fairino_msgsConfig.cmake
-- Installing: /home/st/ywfBot_ws_v1.3/install/fairino_msgs/share/fairino_msgs/cmake/fairino_msgsConfig-version.cmake
-- Installing: /home/st/ywfBot_ws_v1.3/install/fairino_msgs/share/fairino_msgs/package.xml
