[0.163s] Invoking command in '/home/st/ywfBot_ws_v1.3/build/fairino_msgs': CMAKE_PREFIX_PATH=${CMAKE_PREFIX_PATH}:/home/st/ros2_control_ws/install/rqt_joint_trajectory_controller:/home/st/ros2_control_ws/install/rqt_controller_manager:/home/st/ros2_control_ws/install/ros2controlcli:/home/st/ros2_control_ws/install/ros2_controllers_test_nodes:/home/st/ros2_control_ws/install/ros2_control_demo_testing:/home/st/ywfBot_ws_v1.1/install/py_action_client:/home/st/ywfBot_ws_v1.1/install/py_action:/home/st/ywfBot_ws_v1.1/install/moveit2_ywf_interface:/home/st/ywfBot_ws_v1.1/install/moveit_ywf_msg:/home/st/ywfBot_ws_v1.1/install/fairino_hardware:/home/st/ywfBot_ws_v1.1/install/fairino_msgs:/home/st/ywfBot_ws/install/py_action_client:/home/st/ywfBot_ws/install/py_action:/home/st/ywfBot_ws/install/moveit2_ywf_interface:/home/st/ywfBot_ws/install/moveit_ywf_msg:/home/st/ywfBot_ws/install/frhal_msgs:/home/st/ywfBot_ws/install/fr_ros2:/home/st/moveit2_humble_ws/install/moveit_configs_utils:/home/st/moveit2_humble_ws/install/launch_param_builder:/opt/ros/humble /usr/bin/cmake /home/st/ywfBot_ws_v1.3/src/frcobot_ros2-V3.0.0_robot3.7.6/fairino_msgs -DCMAKE_INSTALL_PREFIX=/home/st/ywfBot_ws_v1.3/install/fairino_msgs
[1.011s] -- The C compiler identification is GNU 11.4.0
[1.012s] -- The CXX compiler identification is GNU 11.4.0
[1.012s] -- Detecting C compiler ABI info
[1.012s] -- Detecting C compiler ABI info - done
[1.013s] -- Check for working C compiler: /usr/bin/cc - skipped
[1.013s] -- Detecting C compile features
[1.013s] -- Detecting C compile features - done
[1.013s] -- Detecting CXX compiler ABI info
[1.328s] -- Detecting CXX compiler ABI info - done
[1.346s] -- Check for working CXX compiler: /usr/bin/c++ - skipped
[1.346s] -- Detecting CXX compile features
[1.348s] -- Detecting CXX compile features - done
[1.396s] -- Found ament_cmake: 1.3.11 (/opt/ros/humble/share/ament_cmake/cmake)
[2.000s] -- Found Python3: /usr/bin/python3 (found version "3.10.12") found components: Interpreter 
[2.621s] -- Found rosidl_default_generators: 1.2.0 (/opt/ros/humble/share/rosidl_default_generators/cmake)
[2.716s] -- Using all available rosidl_typesupport_c: rosidl_typesupport_fastrtps_c;rosidl_typesupport_introspection_c
[2.800s] -- Found rosidl_adapter: 3.1.6 (/opt/ros/humble/share/rosidl_adapter/cmake)
[3.119s] -- Using all available rosidl_typesupport_cpp: rosidl_typesupport_fastrtps_cpp;rosidl_typesupport_introspection_cpp
[4.239s] -- Found ament_cmake_ros: 0.10.0 (/opt/ros/humble/share/ament_cmake_ros/cmake)
[4.984s] -- Using all available rosidl_typesupport_c: rosidl_typesupport_fastrtps_c;rosidl_typesupport_introspection_c
[6.009s] -- Using all available rosidl_typesupport_cpp: rosidl_typesupport_fastrtps_cpp;rosidl_typesupport_introspection_cpp
[6.115s] -- Found PythonInterp: /usr/bin/python3 (found suitable version "3.10.12", minimum required is "3.6") 
[6.141s] -- Found python_cmake_module: 0.10.0 (/opt/ros/humble/share/python_cmake_module/cmake)
[6.267s] -- Found PythonLibs: /usr/lib/x86_64-linux-gnu/libpython3.10.so (found suitable version "3.10.12", minimum required is "3.5") 
[6.272s] -- Using PYTHON_EXECUTABLE: /usr/bin/python3
[6.272s] -- Using PYTHON_INCLUDE_DIRS: /usr/include/python3.10
[6.272s] -- Using PYTHON_LIBRARIES: /usr/lib/x86_64-linux-gnu/libpython3.10.so
[6.356s] -- Found PythonExtra: .so  
[6.741s] -- Found ament_lint_auto: 0.12.11 (/opt/ros/humble/share/ament_lint_auto/cmake)
[6.987s] -- Added test 'lint_cmake' to check CMake code style
[6.994s] -- Added test 'xmllint' to check XML markup files
[7.008s] -- Configuring done
[7.087s] -- Generating done
[7.108s] -- Build files have been written to: /home/st/ywfBot_ws_v1.3/build/fairino_msgs
[7.127s] Invoked command in '/home/st/ywfBot_ws_v1.3/build/fairino_msgs' returned '0': CMAKE_PREFIX_PATH=${CMAKE_PREFIX_PATH}:/home/st/ros2_control_ws/install/rqt_joint_trajectory_controller:/home/st/ros2_control_ws/install/rqt_controller_manager:/home/st/ros2_control_ws/install/ros2controlcli:/home/st/ros2_control_ws/install/ros2_controllers_test_nodes:/home/st/ros2_control_ws/install/ros2_control_demo_testing:/home/st/ywfBot_ws_v1.1/install/py_action_client:/home/st/ywfBot_ws_v1.1/install/py_action:/home/st/ywfBot_ws_v1.1/install/moveit2_ywf_interface:/home/st/ywfBot_ws_v1.1/install/moveit_ywf_msg:/home/st/ywfBot_ws_v1.1/install/fairino_hardware:/home/st/ywfBot_ws_v1.1/install/fairino_msgs:/home/st/ywfBot_ws/install/py_action_client:/home/st/ywfBot_ws/install/py_action:/home/st/ywfBot_ws/install/moveit2_ywf_interface:/home/st/ywfBot_ws/install/moveit_ywf_msg:/home/st/ywfBot_ws/install/frhal_msgs:/home/st/ywfBot_ws/install/fr_ros2:/home/st/moveit2_humble_ws/install/moveit_configs_utils:/home/st/moveit2_humble_ws/install/launch_param_builder:/opt/ros/humble /usr/bin/cmake /home/st/ywfBot_ws_v1.3/src/frcobot_ros2-V3.0.0_robot3.7.6/fairino_msgs -DCMAKE_INSTALL_PREFIX=/home/st/ywfBot_ws_v1.3/install/fairino_msgs
[7.140s] Invoking command in '/home/st/ywfBot_ws_v1.3/build/fairino_msgs': CMAKE_PREFIX_PATH=${CMAKE_PREFIX_PATH}:/home/st/ros2_control_ws/install/rqt_joint_trajectory_controller:/home/st/ros2_control_ws/install/rqt_controller_manager:/home/st/ros2_control_ws/install/ros2controlcli:/home/st/ros2_control_ws/install/ros2_controllers_test_nodes:/home/st/ros2_control_ws/install/ros2_control_demo_testing:/home/st/ywfBot_ws_v1.1/install/py_action_client:/home/st/ywfBot_ws_v1.1/install/py_action:/home/st/ywfBot_ws_v1.1/install/moveit2_ywf_interface:/home/st/ywfBot_ws_v1.1/install/moveit_ywf_msg:/home/st/ywfBot_ws_v1.1/install/fairino_hardware:/home/st/ywfBot_ws_v1.1/install/fairino_msgs:/home/st/ywfBot_ws/install/py_action_client:/home/st/ywfBot_ws/install/py_action:/home/st/ywfBot_ws/install/moveit2_ywf_interface:/home/st/ywfBot_ws/install/moveit_ywf_msg:/home/st/ywfBot_ws/install/frhal_msgs:/home/st/ywfBot_ws/install/fr_ros2:/home/st/moveit2_humble_ws/install/moveit_configs_utils:/home/st/moveit2_humble_ws/install/launch_param_builder:/opt/ros/humble /usr/bin/cmake --build /home/st/ywfBot_ws_v1.3/build/fairino_msgs -- -j16 -l16
[7.339s] [  2%] [34m[1mGenerating C code for ROS interfaces[0m
[7.427s] [  4%] [34m[1mGenerating C++ code for ROS interfaces[0m
[7.484s] [  4%] Built target ament_cmake_python_copy_fairino_msgs
[8.320s] running egg_info
[8.326s] creating fairino_msgs.egg-info
[8.327s] writing fairino_msgs.egg-info/PKG-INFO
[8.327s] writing dependency_links to fairino_msgs.egg-info/dependency_links.txt
[8.327s] writing top-level names to fairino_msgs.egg-info/top_level.txt
[8.327s] writing manifest file 'fairino_msgs.egg-info/SOURCES.txt'
[8.329s] reading manifest file 'fairino_msgs.egg-info/SOURCES.txt'
[8.330s] writing manifest file 'fairino_msgs.egg-info/SOURCES.txt'
[8.435s] [  4%] Built target ament_cmake_python_build_fairino_msgs_egg
[8.871s] [  6%] [32mBuilding C object CMakeFiles/fairino_msgs__rosidl_generator_c.dir/rosidl_generator_c/fairino_msgs/srv/detail/remote_cmd_interface__functions.c.o[0m
[8.880s] [  8%] [32mBuilding C object CMakeFiles/fairino_msgs__rosidl_generator_c.dir/rosidl_generator_c/fairino_msgs/msg/detail/robot_nonrt_state__functions.c.o[0m
[8.905s] [ 10%] [32mBuilding C object CMakeFiles/fairino_msgs__rosidl_generator_c.dir/rosidl_generator_c/fairino_msgs/srv/detail/remote_script_content__functions.c.o[0m
[9.038s] [ 10%] Built target fairino_msgs__cpp
[9.086s] [ 12%] [34m[1mGenerating C++ type support dispatch for ROS interfaces[0m
[9.088s] [ 14%] [34m[1mGenerating C++ type support for eProsima Fast-RTPS[0m
[9.089s] [ 17%] [34m[1mGenerating C++ introspection for ROS interfaces[0m
[9.095s] [ 19%] [32m[1mLinking C shared library libfairino_msgs__rosidl_generator_c.so[0m
[9.240s] [ 19%] Built target fairino_msgs__rosidl_generator_c
[9.307s] [ 21%] [34m[1mGenerating C type support dispatch for ROS interfaces[0m
[9.310s] [ 23%] [34m[1mGenerating C introspection for ROS interfaces[0m
[9.312s] [ 25%] [34m[1mGenerating C type support for eProsima Fast-RTPS[0m
[10.603s] [ 27%] [32mBuilding CXX object CMakeFiles/fairino_msgs__rosidl_typesupport_cpp.dir/rosidl_typesupport_cpp/fairino_msgs/srv/remote_script_content__type_support.cpp.o[0m
[10.603s] [ 29%] [32mBuilding CXX object CMakeFiles/fairino_msgs__rosidl_typesupport_cpp.dir/rosidl_typesupport_cpp/fairino_msgs/srv/remote_cmd_interface__type_support.cpp.o[0m
[10.603s] [ 31%] [32mBuilding CXX object CMakeFiles/fairino_msgs__rosidl_typesupport_cpp.dir/rosidl_typesupport_cpp/fairino_msgs/msg/robot_nonrt_state__type_support.cpp.o[0m
[10.660s] [ 34%] [32mBuilding CXX object CMakeFiles/fairino_msgs__rosidl_typesupport_introspection_cpp.dir/rosidl_typesupport_introspection_cpp/fairino_msgs/srv/detail/remote_script_content__type_support.cpp.o[0m
[10.660s] [ 36%] [32mBuilding CXX object CMakeFiles/fairino_msgs__rosidl_typesupport_fastrtps_cpp.dir/rosidl_typesupport_fastrtps_cpp/fairino_msgs/srv/detail/dds_fastrtps/remote_cmd_interface__type_support.cpp.o[0m
[10.660s] [ 38%] [32mBuilding CXX object CMakeFiles/fairino_msgs__rosidl_typesupport_introspection_cpp.dir/rosidl_typesupport_introspection_cpp/fairino_msgs/srv/detail/remote_cmd_interface__type_support.cpp.o[0m
[10.660s] [ 40%] [32mBuilding CXX object CMakeFiles/fairino_msgs__rosidl_typesupport_fastrtps_cpp.dir/rosidl_typesupport_fastrtps_cpp/fairino_msgs/srv/detail/dds_fastrtps/remote_script_content__type_support.cpp.o[0m
[10.771s] [ 42%] [32mBuilding CXX object CMakeFiles/fairino_msgs__rosidl_typesupport_introspection_cpp.dir/rosidl_typesupport_introspection_cpp/fairino_msgs/msg/detail/robot_nonrt_state__type_support.cpp.o[0m
[10.781s] [ 44%] [32mBuilding CXX object CMakeFiles/fairino_msgs__rosidl_typesupport_fastrtps_cpp.dir/rosidl_typesupport_fastrtps_cpp/fairino_msgs/msg/detail/dds_fastrtps/robot_nonrt_state__type_support.cpp.o[0m
[10.900s] [ 46%] [32mBuilding CXX object CMakeFiles/fairino_msgs__rosidl_typesupport_c.dir/rosidl_typesupport_c/fairino_msgs/srv/remote_cmd_interface__type_support.cpp.o[0m
[10.901s] [ 48%] [32mBuilding CXX object CMakeFiles/fairino_msgs__rosidl_typesupport_c.dir/rosidl_typesupport_c/fairino_msgs/srv/remote_script_content__type_support.cpp.o[0m
[11.001s] [ 51%] [32mBuilding CXX object CMakeFiles/fairino_msgs__rosidl_typesupport_c.dir/rosidl_typesupport_c/fairino_msgs/msg/robot_nonrt_state__type_support.cpp.o[0m
[11.187s] [ 53%] [32mBuilding C object CMakeFiles/fairino_msgs__rosidl_typesupport_introspection_c.dir/rosidl_typesupport_introspection_c/fairino_msgs/srv/detail/remote_cmd_interface__type_support.c.o[0m
[11.226s] [ 55%] [32mBuilding C object CMakeFiles/fairino_msgs__rosidl_typesupport_introspection_c.dir/rosidl_typesupport_introspection_c/fairino_msgs/srv/detail/remote_script_content__type_support.c.o[0m
[11.307s] [ 57%] [32mBuilding C object CMakeFiles/fairino_msgs__rosidl_typesupport_introspection_c.dir/rosidl_typesupport_introspection_c/fairino_msgs/msg/detail/robot_nonrt_state__type_support.c.o[0m
[11.346s] [ 59%] [32m[1mLinking CXX shared library libfairino_msgs__rosidl_typesupport_c.so[0m
[11.522s] [ 61%] [32mBuilding CXX object CMakeFiles/fairino_msgs__rosidl_typesupport_fastrtps_c.dir/rosidl_typesupport_fastrtps_c/fairino_msgs/srv/detail/remote_cmd_interface__type_support_c.cpp.o[0m
[11.523s] [ 65%] [32mBuilding CXX object CMakeFiles/fairino_msgs__rosidl_typesupport_fastrtps_c.dir/rosidl_typesupport_fastrtps_c/fairino_msgs/msg/detail/robot_nonrt_state__type_support_c.cpp.o[0m
[11.523s] [ 63%] [32mBuilding CXX object CMakeFiles/fairino_msgs__rosidl_typesupport_fastrtps_c.dir/rosidl_typesupport_fastrtps_c/fairino_msgs/srv/detail/remote_script_content__type_support_c.cpp.o[0m
[11.639s] [ 68%] [32m[1mLinking C shared library libfairino_msgs__rosidl_typesupport_introspection_c.so[0m
[11.747s] [ 68%] Built target fairino_msgs__rosidl_typesupport_c
[11.911s] [ 68%] Built target fairino_msgs__rosidl_typesupport_introspection_c
[12.260s] [ 70%] [32m[1mLinking CXX shared library libfairino_msgs__rosidl_typesupport_cpp.so[0m
[12.617s] [ 70%] Built target fairino_msgs__rosidl_typesupport_cpp
[12.819s] [ 72%] [32m[1mLinking CXX shared library libfairino_msgs__rosidl_typesupport_introspection_cpp.so[0m
[12.851s] [ 74%] [32m[1mLinking CXX shared library libfairino_msgs__rosidl_typesupport_fastrtps_c.so[0m
[12.853s] [ 76%] [32m[1mLinking CXX shared library libfairino_msgs__rosidl_typesupport_fastrtps_cpp.so[0m
[13.070s] [ 76%] Built target fairino_msgs__rosidl_typesupport_introspection_cpp
[13.104s] [ 76%] Built target fairino_msgs__rosidl_typesupport_fastrtps_cpp
[13.107s] [ 76%] Built target fairino_msgs__rosidl_typesupport_fastrtps_c
[13.202s] [ 76%] Built target fairino_msgs
[13.305s] [ 78%] [34m[1mGenerating Python code for ROS interfaces[0m
[15.613s] [ 78%] Built target fairino_msgs__py
[15.706s] [ 80%] [32mBuilding C object CMakeFiles/fairino_msgs__rosidl_generator_py.dir/rosidl_generator_py/fairino_msgs/srv/_remote_cmd_interface_s.c.o[0m
[15.712s] [ 82%] [32mBuilding C object CMakeFiles/fairino_msgs__rosidl_generator_py.dir/rosidl_generator_py/fairino_msgs/msg/_robot_nonrt_state_s.c.o[0m
[15.712s] [ 85%] [32mBuilding C object CMakeFiles/fairino_msgs__rosidl_generator_py.dir/rosidl_generator_py/fairino_msgs/srv/_remote_script_content_s.c.o[0m
[16.111s] [ 87%] [32m[1mLinking C shared library rosidl_generator_py/fairino_msgs/libfairino_msgs__rosidl_generator_py.so[0m
[16.273s] [ 87%] Built target fairino_msgs__rosidl_generator_py
[16.373s] [ 89%] [32mBuilding C object CMakeFiles/fairino_msgs__rosidl_typesupport_fastrtps_c__pyext.dir/rosidl_generator_py/fairino_msgs/_fairino_msgs_s.ep.rosidl_typesupport_fastrtps_c.c.o[0m
[16.375s] [ 91%] [32mBuilding C object CMakeFiles/fairino_msgs__rosidl_typesupport_introspection_c__pyext.dir/rosidl_generator_py/fairino_msgs/_fairino_msgs_s.ep.rosidl_typesupport_introspection_c.c.o[0m
[16.394s] [ 93%] [32mBuilding C object CMakeFiles/fairino_msgs__rosidl_typesupport_c__pyext.dir/rosidl_generator_py/fairino_msgs/_fairino_msgs_s.ep.rosidl_typesupport_c.c.o[0m
[16.676s] [ 95%] [32m[1mLinking C shared library rosidl_generator_py/fairino_msgs/fairino_msgs_s__rosidl_typesupport_c.cpython-310-x86_64-linux-gnu.so[0m
[16.689s] [ 97%] [32m[1mLinking C shared library rosidl_generator_py/fairino_msgs/fairino_msgs_s__rosidl_typesupport_introspection_c.cpython-310-x86_64-linux-gnu.so[0m
[16.689s] [100%] [32m[1mLinking C shared library rosidl_generator_py/fairino_msgs/fairino_msgs_s__rosidl_typesupport_fastrtps_c.cpython-310-x86_64-linux-gnu.so[0m
[16.819s] [100%] Built target fairino_msgs__rosidl_typesupport_c__pyext
[16.822s] [100%] Built target fairino_msgs__rosidl_typesupport_introspection_c__pyext
[16.830s] [100%] Built target fairino_msgs__rosidl_typesupport_fastrtps_c__pyext
[16.878s] Invoked command in '/home/st/ywfBot_ws_v1.3/build/fairino_msgs' returned '0': CMAKE_PREFIX_PATH=${CMAKE_PREFIX_PATH}:/home/st/ros2_control_ws/install/rqt_joint_trajectory_controller:/home/st/ros2_control_ws/install/rqt_controller_manager:/home/st/ros2_control_ws/install/ros2controlcli:/home/st/ros2_control_ws/install/ros2_controllers_test_nodes:/home/st/ros2_control_ws/install/ros2_control_demo_testing:/home/st/ywfBot_ws_v1.1/install/py_action_client:/home/st/ywfBot_ws_v1.1/install/py_action:/home/st/ywfBot_ws_v1.1/install/moveit2_ywf_interface:/home/st/ywfBot_ws_v1.1/install/moveit_ywf_msg:/home/st/ywfBot_ws_v1.1/install/fairino_hardware:/home/st/ywfBot_ws_v1.1/install/fairino_msgs:/home/st/ywfBot_ws/install/py_action_client:/home/st/ywfBot_ws/install/py_action:/home/st/ywfBot_ws/install/moveit2_ywf_interface:/home/st/ywfBot_ws/install/moveit_ywf_msg:/home/st/ywfBot_ws/install/frhal_msgs:/home/st/ywfBot_ws/install/fr_ros2:/home/st/moveit2_humble_ws/install/moveit_configs_utils:/home/st/moveit2_humble_ws/install/launch_param_builder:/opt/ros/humble /usr/bin/cmake --build /home/st/ywfBot_ws_v1.3/build/fairino_msgs -- -j16 -l16
[16.880s] Invoking command in '/home/st/ywfBot_ws_v1.3/build/fairino_msgs': CMAKE_PREFIX_PATH=${CMAKE_PREFIX_PATH}:/home/st/ros2_control_ws/install/rqt_joint_trajectory_controller:/home/st/ros2_control_ws/install/rqt_controller_manager:/home/st/ros2_control_ws/install/ros2controlcli:/home/st/ros2_control_ws/install/ros2_controllers_test_nodes:/home/st/ros2_control_ws/install/ros2_control_demo_testing:/home/st/ywfBot_ws_v1.1/install/py_action_client:/home/st/ywfBot_ws_v1.1/install/py_action:/home/st/ywfBot_ws_v1.1/install/moveit2_ywf_interface:/home/st/ywfBot_ws_v1.1/install/moveit_ywf_msg:/home/st/ywfBot_ws_v1.1/install/fairino_hardware:/home/st/ywfBot_ws_v1.1/install/fairino_msgs:/home/st/ywfBot_ws/install/py_action_client:/home/st/ywfBot_ws/install/py_action:/home/st/ywfBot_ws/install/moveit2_ywf_interface:/home/st/ywfBot_ws/install/moveit_ywf_msg:/home/st/ywfBot_ws/install/frhal_msgs:/home/st/ywfBot_ws/install/fr_ros2:/home/st/moveit2_humble_ws/install/moveit_configs_utils:/home/st/moveit2_humble_ws/install/launch_param_builder:/opt/ros/humble /usr/bin/cmake --install /home/st/ywfBot_ws_v1.3/build/fairino_msgs
[16.910s] -- Install configuration: ""
[16.912s] -- Installing: /home/st/ywfBot_ws_v1.3/install/fairino_msgs/share/ament_index/resource_index/rosidl_interfaces/fairino_msgs
[16.912s] -- Installing: /home/st/ywfBot_ws_v1.3/install/fairino_msgs/include/fairino_msgs/fairino_msgs
[16.912s] -- Installing: /home/st/ywfBot_ws_v1.3/install/fairino_msgs/include/fairino_msgs/fairino_msgs/msg
[16.912s] -- Installing: /home/st/ywfBot_ws_v1.3/install/fairino_msgs/include/fairino_msgs/fairino_msgs/msg/rosidl_generator_c__visibility_control.h
[16.913s] -- Installing: /home/st/ywfBot_ws_v1.3/install/fairino_msgs/include/fairino_msgs/fairino_msgs/msg/robot_nonrt_state.h
[16.913s] -- Installing: /home/st/ywfBot_ws_v1.3/install/fairino_msgs/include/fairino_msgs/fairino_msgs/msg/detail
[16.913s] -- Installing: /home/st/ywfBot_ws_v1.3/install/fairino_msgs/include/fairino_msgs/fairino_msgs/msg/detail/robot_nonrt_state__struct.h
[16.913s] -- Installing: /home/st/ywfBot_ws_v1.3/install/fairino_msgs/include/fairino_msgs/fairino_msgs/msg/detail/robot_nonrt_state__functions.h
[16.913s] -- Installing: /home/st/ywfBot_ws_v1.3/install/fairino_msgs/include/fairino_msgs/fairino_msgs/msg/detail/robot_nonrt_state__type_support.h
[16.913s] -- Installing: /home/st/ywfBot_ws_v1.3/install/fairino_msgs/include/fairino_msgs/fairino_msgs/msg/detail/robot_nonrt_state__functions.c
[16.913s] -- Installing: /home/st/ywfBot_ws_v1.3/install/fairino_msgs/include/fairino_msgs/fairino_msgs/srv
[16.913s] -- Installing: /home/st/ywfBot_ws_v1.3/install/fairino_msgs/include/fairino_msgs/fairino_msgs/srv/remote_cmd_interface.h
[16.913s] -- Installing: /home/st/ywfBot_ws_v1.3/install/fairino_msgs/include/fairino_msgs/fairino_msgs/srv/remote_script_content.h
[16.913s] -- Installing: /home/st/ywfBot_ws_v1.3/install/fairino_msgs/include/fairino_msgs/fairino_msgs/srv/detail
[16.913s] -- Installing: /home/st/ywfBot_ws_v1.3/install/fairino_msgs/include/fairino_msgs/fairino_msgs/srv/detail/remote_cmd_interface__functions.c
[16.913s] -- Installing: /home/st/ywfBot_ws_v1.3/install/fairino_msgs/include/fairino_msgs/fairino_msgs/srv/detail/remote_cmd_interface__struct.h
[16.913s] -- Installing: /home/st/ywfBot_ws_v1.3/install/fairino_msgs/include/fairino_msgs/fairino_msgs/srv/detail/remote_script_content__struct.h
[16.913s] -- Installing: /home/st/ywfBot_ws_v1.3/install/fairino_msgs/include/fairino_msgs/fairino_msgs/srv/detail/remote_script_content__type_support.h
[16.913s] -- Installing: /home/st/ywfBot_ws_v1.3/install/fairino_msgs/include/fairino_msgs/fairino_msgs/srv/detail/remote_script_content__functions.c
[16.914s] -- Installing: /home/st/ywfBot_ws_v1.3/install/fairino_msgs/include/fairino_msgs/fairino_msgs/srv/detail/remote_cmd_interface__functions.h
[16.914s] -- Installing: /home/st/ywfBot_ws_v1.3/install/fairino_msgs/include/fairino_msgs/fairino_msgs/srv/detail/remote_script_content__functions.h
[16.915s] -- Installing: /home/st/ywfBot_ws_v1.3/install/fairino_msgs/include/fairino_msgs/fairino_msgs/srv/detail/remote_cmd_interface__type_support.h
[16.915s] -- Installing: /home/st/ywfBot_ws_v1.3/install/fairino_msgs/share/fairino_msgs/environment/library_path.sh
[16.915s] -- Installing: /home/st/ywfBot_ws_v1.3/install/fairino_msgs/share/fairino_msgs/environment/library_path.dsv
[16.917s] -- Installing: /home/st/ywfBot_ws_v1.3/install/fairino_msgs/lib/libfairino_msgs__rosidl_generator_c.so
[16.917s] -- Set runtime path of "/home/st/ywfBot_ws_v1.3/install/fairino_msgs/lib/libfairino_msgs__rosidl_generator_c.so" to ""
[16.918s] -- Up-to-date: /home/st/ywfBot_ws_v1.3/install/fairino_msgs/include/fairino_msgs/fairino_msgs
[16.918s] -- Up-to-date: /home/st/ywfBot_ws_v1.3/install/fairino_msgs/include/fairino_msgs/fairino_msgs/msg
[16.918s] -- Installing: /home/st/ywfBot_ws_v1.3/install/fairino_msgs/include/fairino_msgs/fairino_msgs/msg/rosidl_typesupport_fastrtps_c__visibility_control.h
[16.918s] -- Up-to-date: /home/st/ywfBot_ws_v1.3/install/fairino_msgs/include/fairino_msgs/fairino_msgs/msg/detail
[16.918s] -- Installing: /home/st/ywfBot_ws_v1.3/install/fairino_msgs/include/fairino_msgs/fairino_msgs/msg/detail/robot_nonrt_state__rosidl_typesupport_fastrtps_c.h
[16.918s] -- Up-to-date: /home/st/ywfBot_ws_v1.3/install/fairino_msgs/include/fairino_msgs/fairino_msgs/srv
[16.919s] -- Up-to-date: /home/st/ywfBot_ws_v1.3/install/fairino_msgs/include/fairino_msgs/fairino_msgs/srv/detail
[16.919s] -- Installing: /home/st/ywfBot_ws_v1.3/install/fairino_msgs/include/fairino_msgs/fairino_msgs/srv/detail/remote_cmd_interface__rosidl_typesupport_fastrtps_c.h
[16.919s] -- Installing: /home/st/ywfBot_ws_v1.3/install/fairino_msgs/include/fairino_msgs/fairino_msgs/srv/detail/remote_script_content__rosidl_typesupport_fastrtps_c.h
[16.919s] -- Installing: /home/st/ywfBot_ws_v1.3/install/fairino_msgs/lib/libfairino_msgs__rosidl_typesupport_fastrtps_c.so
[16.920s] -- Set runtime path of "/home/st/ywfBot_ws_v1.3/install/fairino_msgs/lib/libfairino_msgs__rosidl_typesupport_fastrtps_c.so" to ""
[16.920s] -- Up-to-date: /home/st/ywfBot_ws_v1.3/install/fairino_msgs/include/fairino_msgs/fairino_msgs
[16.921s] -- Up-to-date: /home/st/ywfBot_ws_v1.3/install/fairino_msgs/include/fairino_msgs/fairino_msgs/msg
[16.921s] -- Installing: /home/st/ywfBot_ws_v1.3/install/fairino_msgs/include/fairino_msgs/fairino_msgs/msg/rosidl_typesupport_introspection_c__visibility_control.h
[16.921s] -- Up-to-date: /home/st/ywfBot_ws_v1.3/install/fairino_msgs/include/fairino_msgs/fairino_msgs/msg/detail
[16.921s] -- Installing: /home/st/ywfBot_ws_v1.3/install/fairino_msgs/include/fairino_msgs/fairino_msgs/msg/detail/robot_nonrt_state__type_support.c
[16.921s] -- Installing: /home/st/ywfBot_ws_v1.3/install/fairino_msgs/include/fairino_msgs/fairino_msgs/msg/detail/robot_nonrt_state__rosidl_typesupport_introspection_c.h
[16.922s] -- Up-to-date: /home/st/ywfBot_ws_v1.3/install/fairino_msgs/include/fairino_msgs/fairino_msgs/srv
[16.922s] -- Up-to-date: /home/st/ywfBot_ws_v1.3/install/fairino_msgs/include/fairino_msgs/fairino_msgs/srv/detail
[16.922s] -- Installing: /home/st/ywfBot_ws_v1.3/install/fairino_msgs/include/fairino_msgs/fairino_msgs/srv/detail/remote_cmd_interface__rosidl_typesupport_introspection_c.h
[16.922s] -- Installing: /home/st/ywfBot_ws_v1.3/install/fairino_msgs/include/fairino_msgs/fairino_msgs/srv/detail/remote_script_content__rosidl_typesupport_introspection_c.h
[16.923s] -- Installing: /home/st/ywfBot_ws_v1.3/install/fairino_msgs/include/fairino_msgs/fairino_msgs/srv/detail/remote_script_content__type_support.c
[16.923s] -- Installing: /home/st/ywfBot_ws_v1.3/install/fairino_msgs/include/fairino_msgs/fairino_msgs/srv/detail/remote_cmd_interface__type_support.c
[16.925s] -- Installing: /home/st/ywfBot_ws_v1.3/install/fairino_msgs/lib/libfairino_msgs__rosidl_typesupport_introspection_c.so
[16.925s] -- Set runtime path of "/home/st/ywfBot_ws_v1.3/install/fairino_msgs/lib/libfairino_msgs__rosidl_typesupport_introspection_c.so" to ""
[16.925s] -- Installing: /home/st/ywfBot_ws_v1.3/install/fairino_msgs/lib/libfairino_msgs__rosidl_typesupport_c.so
[16.925s] -- Set runtime path of "/home/st/ywfBot_ws_v1.3/install/fairino_msgs/lib/libfairino_msgs__rosidl_typesupport_c.so" to ""
[16.925s] -- Up-to-date: /home/st/ywfBot_ws_v1.3/install/fairino_msgs/include/fairino_msgs/fairino_msgs
[16.925s] -- Up-to-date: /home/st/ywfBot_ws_v1.3/install/fairino_msgs/include/fairino_msgs/fairino_msgs/msg
[16.926s] -- Installing: /home/st/ywfBot_ws_v1.3/install/fairino_msgs/include/fairino_msgs/fairino_msgs/msg/robot_nonrt_state.hpp
[16.926s] -- Installing: /home/st/ywfBot_ws_v1.3/install/fairino_msgs/include/fairino_msgs/fairino_msgs/msg/rosidl_generator_cpp__visibility_control.hpp
[16.926s] -- Up-to-date: /home/st/ywfBot_ws_v1.3/install/fairino_msgs/include/fairino_msgs/fairino_msgs/msg/detail
[16.926s] -- Installing: /home/st/ywfBot_ws_v1.3/install/fairino_msgs/include/fairino_msgs/fairino_msgs/msg/detail/robot_nonrt_state__struct.hpp
[16.926s] -- Installing: /home/st/ywfBot_ws_v1.3/install/fairino_msgs/include/fairino_msgs/fairino_msgs/msg/detail/robot_nonrt_state__builder.hpp
[16.927s] -- Installing: /home/st/ywfBot_ws_v1.3/install/fairino_msgs/include/fairino_msgs/fairino_msgs/msg/detail/robot_nonrt_state__type_support.hpp
[16.927s] -- Installing: /home/st/ywfBot_ws_v1.3/install/fairino_msgs/include/fairino_msgs/fairino_msgs/msg/detail/robot_nonrt_state__traits.hpp
[16.927s] -- Up-to-date: /home/st/ywfBot_ws_v1.3/install/fairino_msgs/include/fairino_msgs/fairino_msgs/srv
[16.927s] -- Installing: /home/st/ywfBot_ws_v1.3/install/fairino_msgs/include/fairino_msgs/fairino_msgs/srv/remote_script_content.hpp
[16.927s] -- Installing: /home/st/ywfBot_ws_v1.3/install/fairino_msgs/include/fairino_msgs/fairino_msgs/srv/remote_cmd_interface.hpp
[16.928s] -- Up-to-date: /home/st/ywfBot_ws_v1.3/install/fairino_msgs/include/fairino_msgs/fairino_msgs/srv/detail
[16.928s] -- Installing: /home/st/ywfBot_ws_v1.3/install/fairino_msgs/include/fairino_msgs/fairino_msgs/srv/detail/remote_script_content__traits.hpp
[16.928s] -- Installing: /home/st/ywfBot_ws_v1.3/install/fairino_msgs/include/fairino_msgs/fairino_msgs/srv/detail/remote_cmd_interface__struct.hpp
[16.928s] -- Installing: /home/st/ywfBot_ws_v1.3/install/fairino_msgs/include/fairino_msgs/fairino_msgs/srv/detail/remote_cmd_interface__type_support.hpp
[16.928s] -- Installing: /home/st/ywfBot_ws_v1.3/install/fairino_msgs/include/fairino_msgs/fairino_msgs/srv/detail/remote_script_content__struct.hpp
[16.929s] -- Installing: /home/st/ywfBot_ws_v1.3/install/fairino_msgs/include/fairino_msgs/fairino_msgs/srv/detail/remote_cmd_interface__builder.hpp
[16.929s] -- Installing: /home/st/ywfBot_ws_v1.3/install/fairino_msgs/include/fairino_msgs/fairino_msgs/srv/detail/remote_script_content__type_support.hpp
[16.929s] -- Installing: /home/st/ywfBot_ws_v1.3/install/fairino_msgs/include/fairino_msgs/fairino_msgs/srv/detail/remote_script_content__builder.hpp
[16.929s] -- Installing: /home/st/ywfBot_ws_v1.3/install/fairino_msgs/include/fairino_msgs/fairino_msgs/srv/detail/remote_cmd_interface__traits.hpp
[16.930s] -- Up-to-date: /home/st/ywfBot_ws_v1.3/install/fairino_msgs/include/fairino_msgs/fairino_msgs
[16.930s] -- Up-to-date: /home/st/ywfBot_ws_v1.3/install/fairino_msgs/include/fairino_msgs/fairino_msgs/msg
[16.930s] -- Installing: /home/st/ywfBot_ws_v1.3/install/fairino_msgs/include/fairino_msgs/fairino_msgs/msg/rosidl_typesupport_fastrtps_cpp__visibility_control.h
[16.930s] -- Up-to-date: /home/st/ywfBot_ws_v1.3/install/fairino_msgs/include/fairino_msgs/fairino_msgs/msg/detail
[16.930s] -- Installing: /home/st/ywfBot_ws_v1.3/install/fairino_msgs/include/fairino_msgs/fairino_msgs/msg/detail/dds_fastrtps
[16.930s] -- Installing: /home/st/ywfBot_ws_v1.3/install/fairino_msgs/include/fairino_msgs/fairino_msgs/msg/detail/robot_nonrt_state__rosidl_typesupport_fastrtps_cpp.hpp
[16.931s] -- Up-to-date: /home/st/ywfBot_ws_v1.3/install/fairino_msgs/include/fairino_msgs/fairino_msgs/srv
[16.931s] -- Up-to-date: /home/st/ywfBot_ws_v1.3/install/fairino_msgs/include/fairino_msgs/fairino_msgs/srv/detail
[16.931s] -- Installing: /home/st/ywfBot_ws_v1.3/install/fairino_msgs/include/fairino_msgs/fairino_msgs/srv/detail/dds_fastrtps
[16.931s] -- Installing: /home/st/ywfBot_ws_v1.3/install/fairino_msgs/include/fairino_msgs/fairino_msgs/srv/detail/remote_cmd_interface__rosidl_typesupport_fastrtps_cpp.hpp
[16.931s] -- Installing: /home/st/ywfBot_ws_v1.3/install/fairino_msgs/include/fairino_msgs/fairino_msgs/srv/detail/remote_script_content__rosidl_typesupport_fastrtps_cpp.hpp
[16.932s] -- Installing: /home/st/ywfBot_ws_v1.3/install/fairino_msgs/lib/libfairino_msgs__rosidl_typesupport_fastrtps_cpp.so
[16.932s] -- Set runtime path of "/home/st/ywfBot_ws_v1.3/install/fairino_msgs/lib/libfairino_msgs__rosidl_typesupport_fastrtps_cpp.so" to ""
[16.932s] -- Up-to-date: /home/st/ywfBot_ws_v1.3/install/fairino_msgs/include/fairino_msgs/fairino_msgs
[16.932s] -- Up-to-date: /home/st/ywfBot_ws_v1.3/install/fairino_msgs/include/fairino_msgs/fairino_msgs/msg
[16.932s] -- Up-to-date: /home/st/ywfBot_ws_v1.3/install/fairino_msgs/include/fairino_msgs/fairino_msgs/msg/detail
[16.933s] -- Installing: /home/st/ywfBot_ws_v1.3/install/fairino_msgs/include/fairino_msgs/fairino_msgs/msg/detail/robot_nonrt_state__rosidl_typesupport_introspection_cpp.hpp
[16.933s] -- Installing: /home/st/ywfBot_ws_v1.3/install/fairino_msgs/include/fairino_msgs/fairino_msgs/msg/detail/robot_nonrt_state__type_support.cpp
[16.933s] -- Up-to-date: /home/st/ywfBot_ws_v1.3/install/fairino_msgs/include/fairino_msgs/fairino_msgs/srv
[16.933s] -- Up-to-date: /home/st/ywfBot_ws_v1.3/install/fairino_msgs/include/fairino_msgs/fairino_msgs/srv/detail
[16.933s] -- Installing: /home/st/ywfBot_ws_v1.3/install/fairino_msgs/include/fairino_msgs/fairino_msgs/srv/detail/remote_script_content__rosidl_typesupport_introspection_cpp.hpp
[16.933s] -- Installing: /home/st/ywfBot_ws_v1.3/install/fairino_msgs/include/fairino_msgs/fairino_msgs/srv/detail/remote_cmd_interface__type_support.cpp
[16.933s] -- Installing: /home/st/ywfBot_ws_v1.3/install/fairino_msgs/include/fairino_msgs/fairino_msgs/srv/detail/remote_cmd_interface__rosidl_typesupport_introspection_cpp.hpp
[16.934s] -- Installing: /home/st/ywfBot_ws_v1.3/install/fairino_msgs/include/fairino_msgs/fairino_msgs/srv/detail/remote_script_content__type_support.cpp
[16.934s] -- Installing: /home/st/ywfBot_ws_v1.3/install/fairino_msgs/lib/libfairino_msgs__rosidl_typesupport_introspection_cpp.so
[16.934s] -- Set runtime path of "/home/st/ywfBot_ws_v1.3/install/fairino_msgs/lib/libfairino_msgs__rosidl_typesupport_introspection_cpp.so" to ""
[16.934s] -- Installing: /home/st/ywfBot_ws_v1.3/install/fairino_msgs/lib/libfairino_msgs__rosidl_typesupport_cpp.so
[16.935s] -- Set runtime path of "/home/st/ywfBot_ws_v1.3/install/fairino_msgs/lib/libfairino_msgs__rosidl_typesupport_cpp.so" to ""
[16.935s] -- Installing: /home/st/ywfBot_ws_v1.3/install/fairino_msgs/share/fairino_msgs/environment/pythonpath.sh
[16.936s] -- Installing: /home/st/ywfBot_ws_v1.3/install/fairino_msgs/share/fairino_msgs/environment/pythonpath.dsv
[16.936s] -- Installing: /home/st/ywfBot_ws_v1.3/install/fairino_msgs/local/lib/python3.10/dist-packages/fairino_msgs-0.0.0-py3.10.egg-info
[16.936s] -- Installing: /home/st/ywfBot_ws_v1.3/install/fairino_msgs/local/lib/python3.10/dist-packages/fairino_msgs-0.0.0-py3.10.egg-info/SOURCES.txt
[16.936s] -- Installing: /home/st/ywfBot_ws_v1.3/install/fairino_msgs/local/lib/python3.10/dist-packages/fairino_msgs-0.0.0-py3.10.egg-info/top_level.txt
[16.937s] -- Installing: /home/st/ywfBot_ws_v1.3/install/fairino_msgs/local/lib/python3.10/dist-packages/fairino_msgs-0.0.0-py3.10.egg-info/dependency_links.txt
[16.939s] -- Installing: /home/st/ywfBot_ws_v1.3/install/fairino_msgs/local/lib/python3.10/dist-packages/fairino_msgs-0.0.0-py3.10.egg-info/PKG-INFO
[16.939s] -- Installing: /home/st/ywfBot_ws_v1.3/install/fairino_msgs/local/lib/python3.10/dist-packages/fairino_msgs
[16.939s] -- Installing: /home/st/ywfBot_ws_v1.3/install/fairino_msgs/local/lib/python3.10/dist-packages/fairino_msgs/__init__.py
[16.939s] -- Installing: /home/st/ywfBot_ws_v1.3/install/fairino_msgs/local/lib/python3.10/dist-packages/fairino_msgs/fairino_msgs_s__rosidl_typesupport_fastrtps_c.cpython-310-x86_64-linux-gnu.so
[16.939s] -- Installing: /home/st/ywfBot_ws_v1.3/install/fairino_msgs/local/lib/python3.10/dist-packages/fairino_msgs/_fairino_msgs_s.ep.rosidl_typesupport_introspection_c.c
[16.939s] -- Installing: /home/st/ywfBot_ws_v1.3/install/fairino_msgs/local/lib/python3.10/dist-packages/fairino_msgs/fairino_msgs_s__rosidl_typesupport_introspection_c.cpython-310-x86_64-linux-gnu.so
[16.939s] -- Installing: /home/st/ywfBot_ws_v1.3/install/fairino_msgs/local/lib/python3.10/dist-packages/fairino_msgs/msg
[16.940s] -- Installing: /home/st/ywfBot_ws_v1.3/install/fairino_msgs/local/lib/python3.10/dist-packages/fairino_msgs/msg/__init__.py
[16.940s] -- Installing: /home/st/ywfBot_ws_v1.3/install/fairino_msgs/local/lib/python3.10/dist-packages/fairino_msgs/msg/_robot_nonrt_state.py
[16.940s] -- Installing: /home/st/ywfBot_ws_v1.3/install/fairino_msgs/local/lib/python3.10/dist-packages/fairino_msgs/msg/_robot_nonrt_state_s.c
[16.940s] -- Installing: /home/st/ywfBot_ws_v1.3/install/fairino_msgs/local/lib/python3.10/dist-packages/fairino_msgs/_fairino_msgs_s.ep.rosidl_typesupport_fastrtps_c.c
[16.940s] -- Installing: /home/st/ywfBot_ws_v1.3/install/fairino_msgs/local/lib/python3.10/dist-packages/fairino_msgs/libfairino_msgs__rosidl_generator_py.so
[16.941s] -- Installing: /home/st/ywfBot_ws_v1.3/install/fairino_msgs/local/lib/python3.10/dist-packages/fairino_msgs/srv
[16.941s] -- Installing: /home/st/ywfBot_ws_v1.3/install/fairino_msgs/local/lib/python3.10/dist-packages/fairino_msgs/srv/__init__.py
[16.941s] -- Installing: /home/st/ywfBot_ws_v1.3/install/fairino_msgs/local/lib/python3.10/dist-packages/fairino_msgs/srv/_remote_cmd_interface.py
[16.941s] -- Installing: /home/st/ywfBot_ws_v1.3/install/fairino_msgs/local/lib/python3.10/dist-packages/fairino_msgs/srv/_remote_script_content.py
[16.941s] -- Installing: /home/st/ywfBot_ws_v1.3/install/fairino_msgs/local/lib/python3.10/dist-packages/fairino_msgs/srv/_remote_script_content_s.c
[16.941s] -- Installing: /home/st/ywfBot_ws_v1.3/install/fairino_msgs/local/lib/python3.10/dist-packages/fairino_msgs/srv/_remote_cmd_interface_s.c
[16.941s] -- Installing: /home/st/ywfBot_ws_v1.3/install/fairino_msgs/local/lib/python3.10/dist-packages/fairino_msgs/_fairino_msgs_s.ep.rosidl_typesupport_c.c
[16.941s] -- Installing: /home/st/ywfBot_ws_v1.3/install/fairino_msgs/local/lib/python3.10/dist-packages/fairino_msgs/fairino_msgs_s__rosidl_typesupport_c.cpython-310-x86_64-linux-gnu.so
[17.117s] Listing '/home/st/ywfBot_ws_v1.3/install/fairino_msgs/local/lib/python3.10/dist-packages/fairino_msgs'...
[17.117s] Compiling '/home/st/ywfBot_ws_v1.3/install/fairino_msgs/local/lib/python3.10/dist-packages/fairino_msgs/__init__.py'...
[17.117s] Listing '/home/st/ywfBot_ws_v1.3/install/fairino_msgs/local/lib/python3.10/dist-packages/fairino_msgs/msg'...
[17.117s] Compiling '/home/st/ywfBot_ws_v1.3/install/fairino_msgs/local/lib/python3.10/dist-packages/fairino_msgs/msg/__init__.py'...
[17.117s] Compiling '/home/st/ywfBot_ws_v1.3/install/fairino_msgs/local/lib/python3.10/dist-packages/fairino_msgs/msg/_robot_nonrt_state.py'...
[17.118s] Listing '/home/st/ywfBot_ws_v1.3/install/fairino_msgs/local/lib/python3.10/dist-packages/fairino_msgs/srv'...
[17.118s] Compiling '/home/st/ywfBot_ws_v1.3/install/fairino_msgs/local/lib/python3.10/dist-packages/fairino_msgs/srv/__init__.py'...
[17.118s] Compiling '/home/st/ywfBot_ws_v1.3/install/fairino_msgs/local/lib/python3.10/dist-packages/fairino_msgs/srv/_remote_cmd_interface.py'...
[17.118s] Compiling '/home/st/ywfBot_ws_v1.3/install/fairino_msgs/local/lib/python3.10/dist-packages/fairino_msgs/srv/_remote_script_content.py'...
[17.127s] -- Installing: /home/st/ywfBot_ws_v1.3/install/fairino_msgs/local/lib/python3.10/dist-packages/fairino_msgs/fairino_msgs_s__rosidl_typesupport_fastrtps_c.cpython-310-x86_64-linux-gnu.so
[17.127s] -- Set runtime path of "/home/st/ywfBot_ws_v1.3/install/fairino_msgs/local/lib/python3.10/dist-packages/fairino_msgs/fairino_msgs_s__rosidl_typesupport_fastrtps_c.cpython-310-x86_64-linux-gnu.so" to ""
[17.127s] -- Installing: /home/st/ywfBot_ws_v1.3/install/fairino_msgs/local/lib/python3.10/dist-packages/fairino_msgs/fairino_msgs_s__rosidl_typesupport_introspection_c.cpython-310-x86_64-linux-gnu.so
[17.127s] -- Set runtime path of "/home/st/ywfBot_ws_v1.3/install/fairino_msgs/local/lib/python3.10/dist-packages/fairino_msgs/fairino_msgs_s__rosidl_typesupport_introspection_c.cpython-310-x86_64-linux-gnu.so" to ""
[17.127s] -- Installing: /home/st/ywfBot_ws_v1.3/install/fairino_msgs/local/lib/python3.10/dist-packages/fairino_msgs/fairino_msgs_s__rosidl_typesupport_c.cpython-310-x86_64-linux-gnu.so
[17.127s] -- Set runtime path of "/home/st/ywfBot_ws_v1.3/install/fairino_msgs/local/lib/python3.10/dist-packages/fairino_msgs/fairino_msgs_s__rosidl_typesupport_c.cpython-310-x86_64-linux-gnu.so" to ""
[17.127s] -- Installing: /home/st/ywfBot_ws_v1.3/install/fairino_msgs/lib/libfairino_msgs__rosidl_generator_py.so
[17.127s] -- Set runtime path of "/home/st/ywfBot_ws_v1.3/install/fairino_msgs/lib/libfairino_msgs__rosidl_generator_py.so" to ""
[17.127s] -- Installing: /home/st/ywfBot_ws_v1.3/install/fairino_msgs/share/fairino_msgs/srv/RemoteCmdInterface.idl
[17.128s] -- Installing: /home/st/ywfBot_ws_v1.3/install/fairino_msgs/share/fairino_msgs/srv/RemoteScriptContent.idl
[17.128s] -- Installing: /home/st/ywfBot_ws_v1.3/install/fairino_msgs/share/fairino_msgs/msg/RobotNonrtState.idl
[17.128s] -- Installing: /home/st/ywfBot_ws_v1.3/install/fairino_msgs/share/fairino_msgs/srv/RemoteCmdInterface.srv
[17.128s] -- Installing: /home/st/ywfBot_ws_v1.3/install/fairino_msgs/share/fairino_msgs/srv/RemoteCmdInterface_Request.msg
[17.128s] -- Installing: /home/st/ywfBot_ws_v1.3/install/fairino_msgs/share/fairino_msgs/srv/RemoteCmdInterface_Response.msg
[17.128s] -- Installing: /home/st/ywfBot_ws_v1.3/install/fairino_msgs/share/fairino_msgs/srv/RemoteScriptContent.srv
[17.128s] -- Installing: /home/st/ywfBot_ws_v1.3/install/fairino_msgs/share/fairino_msgs/srv/RemoteScriptContent_Request.msg
[17.130s] -- Installing: /home/st/ywfBot_ws_v1.3/install/fairino_msgs/share/fairino_msgs/srv/RemoteScriptContent_Response.msg
[17.130s] -- Installing: /home/st/ywfBot_ws_v1.3/install/fairino_msgs/share/fairino_msgs/msg/RobotNonrtState.msg
[17.130s] -- Installing: /home/st/ywfBot_ws_v1.3/install/fairino_msgs/share/ament_index/resource_index/package_run_dependencies/fairino_msgs
[17.130s] -- Installing: /home/st/ywfBot_ws_v1.3/install/fairino_msgs/share/ament_index/resource_index/parent_prefix_path/fairino_msgs
[17.130s] -- Installing: /home/st/ywfBot_ws_v1.3/install/fairino_msgs/share/fairino_msgs/environment/ament_prefix_path.sh
[17.130s] -- Installing: /home/st/ywfBot_ws_v1.3/install/fairino_msgs/share/fairino_msgs/environment/ament_prefix_path.dsv
[17.130s] -- Installing: /home/st/ywfBot_ws_v1.3/install/fairino_msgs/share/fairino_msgs/environment/path.sh
[17.130s] -- Installing: /home/st/ywfBot_ws_v1.3/install/fairino_msgs/share/fairino_msgs/environment/path.dsv
[17.130s] -- Installing: /home/st/ywfBot_ws_v1.3/install/fairino_msgs/share/fairino_msgs/local_setup.bash
[17.130s] -- Installing: /home/st/ywfBot_ws_v1.3/install/fairino_msgs/share/fairino_msgs/local_setup.sh
[17.130s] -- Installing: /home/st/ywfBot_ws_v1.3/install/fairino_msgs/share/fairino_msgs/local_setup.zsh
[17.131s] -- Installing: /home/st/ywfBot_ws_v1.3/install/fairino_msgs/share/fairino_msgs/local_setup.dsv
[17.131s] -- Installing: /home/st/ywfBot_ws_v1.3/install/fairino_msgs/share/fairino_msgs/package.dsv
[17.131s] -- Installing: /home/st/ywfBot_ws_v1.3/install/fairino_msgs/share/ament_index/resource_index/packages/fairino_msgs
[17.131s] -- Installing: /home/st/ywfBot_ws_v1.3/install/fairino_msgs/share/fairino_msgs/cmake/export_fairino_msgs__rosidl_generator_cExport.cmake
[17.131s] -- Installing: /home/st/ywfBot_ws_v1.3/install/fairino_msgs/share/fairino_msgs/cmake/export_fairino_msgs__rosidl_generator_cExport-noconfig.cmake
[17.131s] -- Installing: /home/st/ywfBot_ws_v1.3/install/fairino_msgs/share/fairino_msgs/cmake/export_fairino_msgs__rosidl_typesupport_fastrtps_cExport.cmake
[17.138s] -- Installing: /home/st/ywfBot_ws_v1.3/install/fairino_msgs/share/fairino_msgs/cmake/export_fairino_msgs__rosidl_typesupport_fastrtps_cExport-noconfig.cmake
[17.141s] -- Installing: /home/st/ywfBot_ws_v1.3/install/fairino_msgs/share/fairino_msgs/cmake/fairino_msgs__rosidl_typesupport_introspection_cExport.cmake
[17.141s] -- Installing: /home/st/ywfBot_ws_v1.3/install/fairino_msgs/share/fairino_msgs/cmake/fairino_msgs__rosidl_typesupport_introspection_cExport-noconfig.cmake
[17.141s] -- Installing: /home/st/ywfBot_ws_v1.3/install/fairino_msgs/share/fairino_msgs/cmake/fairino_msgs__rosidl_typesupport_cExport.cmake
[17.141s] -- Installing: /home/st/ywfBot_ws_v1.3/install/fairino_msgs/share/fairino_msgs/cmake/fairino_msgs__rosidl_typesupport_cExport-noconfig.cmake
[17.141s] -- Installing: /home/st/ywfBot_ws_v1.3/install/fairino_msgs/share/fairino_msgs/cmake/export_fairino_msgs__rosidl_generator_cppExport.cmake
[17.141s] -- Installing: /home/st/ywfBot_ws_v1.3/install/fairino_msgs/share/fairino_msgs/cmake/export_fairino_msgs__rosidl_typesupport_fastrtps_cppExport.cmake
[17.141s] -- Installing: /home/st/ywfBot_ws_v1.3/install/fairino_msgs/share/fairino_msgs/cmake/export_fairino_msgs__rosidl_typesupport_fastrtps_cppExport-noconfig.cmake
[17.142s] -- Installing: /home/st/ywfBot_ws_v1.3/install/fairino_msgs/share/fairino_msgs/cmake/fairino_msgs__rosidl_typesupport_introspection_cppExport.cmake
[17.142s] -- Installing: /home/st/ywfBot_ws_v1.3/install/fairino_msgs/share/fairino_msgs/cmake/fairino_msgs__rosidl_typesupport_introspection_cppExport-noconfig.cmake
[17.142s] -- Installing: /home/st/ywfBot_ws_v1.3/install/fairino_msgs/share/fairino_msgs/cmake/fairino_msgs__rosidl_typesupport_cppExport.cmake
[17.142s] -- Installing: /home/st/ywfBot_ws_v1.3/install/fairino_msgs/share/fairino_msgs/cmake/fairino_msgs__rosidl_typesupport_cppExport-noconfig.cmake
[17.142s] -- Installing: /home/st/ywfBot_ws_v1.3/install/fairino_msgs/share/fairino_msgs/cmake/export_fairino_msgs__rosidl_generator_pyExport.cmake
[17.143s] -- Installing: /home/st/ywfBot_ws_v1.3/install/fairino_msgs/share/fairino_msgs/cmake/export_fairino_msgs__rosidl_generator_pyExport-noconfig.cmake
[17.143s] -- Installing: /home/st/ywfBot_ws_v1.3/install/fairino_msgs/share/fairino_msgs/cmake/rosidl_cmake-extras.cmake
[17.143s] -- Installing: /home/st/ywfBot_ws_v1.3/install/fairino_msgs/share/fairino_msgs/cmake/ament_cmake_export_include_directories-extras.cmake
[17.143s] -- Installing: /home/st/ywfBot_ws_v1.3/install/fairino_msgs/share/fairino_msgs/cmake/ament_cmake_export_libraries-extras.cmake
[17.145s] -- Installing: /home/st/ywfBot_ws_v1.3/install/fairino_msgs/share/fairino_msgs/cmake/ament_cmake_export_targets-extras.cmake
[17.145s] -- Installing: /home/st/ywfBot_ws_v1.3/install/fairino_msgs/share/fairino_msgs/cmake/rosidl_cmake_export_typesupport_targets-extras.cmake
[17.146s] -- Installing: /home/st/ywfBot_ws_v1.3/install/fairino_msgs/share/fairino_msgs/cmake/ament_cmake_export_dependencies-extras.cmake
[17.146s] -- Installing: /home/st/ywfBot_ws_v1.3/install/fairino_msgs/share/fairino_msgs/cmake/rosidl_cmake_export_typesupport_libraries-extras.cmake
[17.146s] -- Installing: /home/st/ywfBot_ws_v1.3/install/fairino_msgs/share/fairino_msgs/cmake/fairino_msgsConfig.cmake
[17.146s] -- Installing: /home/st/ywfBot_ws_v1.3/install/fairino_msgs/share/fairino_msgs/cmake/fairino_msgsConfig-version.cmake
[17.146s] -- Installing: /home/st/ywfBot_ws_v1.3/install/fairino_msgs/share/fairino_msgs/package.xml
[17.151s] Invoked command in '/home/st/ywfBot_ws_v1.3/build/fairino_msgs' returned '0': CMAKE_PREFIX_PATH=${CMAKE_PREFIX_PATH}:/home/st/ros2_control_ws/install/rqt_joint_trajectory_controller:/home/st/ros2_control_ws/install/rqt_controller_manager:/home/st/ros2_control_ws/install/ros2controlcli:/home/st/ros2_control_ws/install/ros2_controllers_test_nodes:/home/st/ros2_control_ws/install/ros2_control_demo_testing:/home/st/ywfBot_ws_v1.1/install/py_action_client:/home/st/ywfBot_ws_v1.1/install/py_action:/home/st/ywfBot_ws_v1.1/install/moveit2_ywf_interface:/home/st/ywfBot_ws_v1.1/install/moveit_ywf_msg:/home/st/ywfBot_ws_v1.1/install/fairino_hardware:/home/st/ywfBot_ws_v1.1/install/fairino_msgs:/home/st/ywfBot_ws/install/py_action_client:/home/st/ywfBot_ws/install/py_action:/home/st/ywfBot_ws/install/moveit2_ywf_interface:/home/st/ywfBot_ws/install/moveit_ywf_msg:/home/st/ywfBot_ws/install/frhal_msgs:/home/st/ywfBot_ws/install/fr_ros2:/home/st/moveit2_humble_ws/install/moveit_configs_utils:/home/st/moveit2_humble_ws/install/launch_param_builder:/opt/ros/humble /usr/bin/cmake --install /home/st/ywfBot_ws_v1.3/build/fairino_msgs
