[0.126s] Invoking command in '/home/st/ywfBot_ws/build/moveit_ywf_msg': CMAKE_PREFIX_PATH=${CMAKE_PREFIX_PATH}:/home/st/ywfBot_ws/install/py_action_client:/home/st/ywfBot_ws/install/py_action:/home/st/moveit2_humble_ws/install/moveit_configs_utils:/home/st/moveit2_humble_ws/install/launch_param_builder:/opt/ros/humble /usr/bin/cmake --build /home/st/ywfBot_ws/build/moveit_ywf_msg -- -j16 -l16
[0.931s] [  9%] Built target moveit_ywf_msg__rosidl_generator_c
[0.932s] [ 12%] Built target moveit_ywf_msg__cpp
[0.932s] [ 12%] Built target ament_cmake_python_copy_moveit_ywf_msg
[0.932s] [ 22%] Built target moveit_ywf_msg__rosidl_typesupport_introspection_cpp
[0.932s] [ 32%] Built target moveit_ywf_msg__rosidl_typesupport_cpp
[0.932s] [ 41%] Built target moveit_ywf_msg__rosidl_typesupport_fastrtps_cpp
[0.932s] [ 51%] Built target moveit_ywf_msg__rosidl_typesupport_c
[0.933s] [ 61%] Built target moveit_ywf_msg__rosidl_typesupport_introspection_c
[0.933s] [ 70%] Built target moveit_ywf_msg__rosidl_typesupport_fastrtps_c
[0.933s] [ 70%] Built target moveit_ywf_msg
[0.933s] [ 74%] Built target moveit_ywf_msg__py
[0.933s] [ 80%] Built target moveit_ywf_msg__rosidl_generator_py
[0.934s] [ 93%] Built target moveit_ywf_msg__rosidl_typesupport_introspection_c__pyext
[0.934s] [ 93%] Built target moveit_ywf_msg__rosidl_typesupport_fastrtps_c__pyext
[0.934s] [100%] Built target moveit_ywf_msg__rosidl_typesupport_c__pyext
[1.140s] running egg_info
[1.140s] writing moveit_ywf_msg.egg-info/PKG-INFO
[1.142s] writing dependency_links to moveit_ywf_msg.egg-info/dependency_links.txt
[1.142s] writing top-level names to moveit_ywf_msg.egg-info/top_level.txt
[1.146s] reading manifest file 'moveit_ywf_msg.egg-info/SOURCES.txt'
[1.153s] writing manifest file 'moveit_ywf_msg.egg-info/SOURCES.txt'
[1.231s] [100%] Built target ament_cmake_python_build_moveit_ywf_msg_egg
[1.763s] Invoked command in '/home/st/ywfBot_ws/build/moveit_ywf_msg' returned '0': CMAKE_PREFIX_PATH=${CMAKE_PREFIX_PATH}:/home/st/ywfBot_ws/install/py_action_client:/home/st/ywfBot_ws/install/py_action:/home/st/moveit2_humble_ws/install/moveit_configs_utils:/home/st/moveit2_humble_ws/install/launch_param_builder:/opt/ros/humble /usr/bin/cmake --build /home/st/ywfBot_ws/build/moveit_ywf_msg -- -j16 -l16
[2.092s] Invoking command in '/home/st/ywfBot_ws/build/moveit_ywf_msg': CMAKE_PREFIX_PATH=${CMAKE_PREFIX_PATH}:/home/st/ywfBot_ws/install/py_action_client:/home/st/ywfBot_ws/install/py_action:/home/st/moveit2_humble_ws/install/moveit_configs_utils:/home/st/moveit2_humble_ws/install/launch_param_builder:/opt/ros/humble /usr/bin/cmake --install /home/st/ywfBot_ws/build/moveit_ywf_msg
[2.128s] -- Install configuration: ""
[2.128s] -- Up-to-date: /home/st/ywfBot_ws/install/moveit_ywf_msg/share/ament_index/resource_index/rosidl_interfaces/moveit_ywf_msg
[2.129s] -- Up-to-date: /home/st/ywfBot_ws/install/moveit_ywf_msg/include/moveit_ywf_msg/moveit_ywf_msg
[2.130s] -- Up-to-date: /home/st/ywfBot_ws/install/moveit_ywf_msg/include/moveit_ywf_msg/moveit_ywf_msg/msg
[2.130s] -- Up-to-date: /home/st/ywfBot_ws/install/moveit_ywf_msg/include/moveit_ywf_msg/moveit_ywf_msg/msg/rosidl_generator_c__visibility_control.h
[2.131s] -- Up-to-date: /home/st/ywfBot_ws/install/moveit_ywf_msg/include/moveit_ywf_msg/moveit_ywf_msg/action
[2.132s] -- Up-to-date: /home/st/ywfBot_ws/install/moveit_ywf_msg/include/moveit_ywf_msg/moveit_ywf_msg/action/detail
[2.133s] -- Up-to-date: /home/st/ywfBot_ws/install/moveit_ywf_msg/include/moveit_ywf_msg/moveit_ywf_msg/action/detail/moveit_ywf_intf__functions.h
[2.133s] -- Up-to-date: /home/st/ywfBot_ws/install/moveit_ywf_msg/include/moveit_ywf_msg/moveit_ywf_msg/action/detail/moveit_ywf_intf__struct.h
[2.134s] -- Up-to-date: /home/st/ywfBot_ws/install/moveit_ywf_msg/include/moveit_ywf_msg/moveit_ywf_msg/action/detail/moveit_ywf_intf__functions.c
[2.135s] -- Up-to-date: /home/st/ywfBot_ws/install/moveit_ywf_msg/include/moveit_ywf_msg/moveit_ywf_msg/action/detail/moveit_ywf_intf__type_support.h
[2.136s] -- Up-to-date: /home/st/ywfBot_ws/install/moveit_ywf_msg/include/moveit_ywf_msg/moveit_ywf_msg/action/moveit_ywf_intf.h
[2.136s] -- Up-to-date: /home/st/ywfBot_ws/install/moveit_ywf_msg/share/moveit_ywf_msg/environment/library_path.sh
[2.136s] -- Up-to-date: /home/st/ywfBot_ws/install/moveit_ywf_msg/share/moveit_ywf_msg/environment/library_path.dsv
[2.136s] -- Up-to-date: /home/st/ywfBot_ws/install/moveit_ywf_msg/lib/libmoveit_ywf_msg__rosidl_generator_c.so
[2.137s] -- Up-to-date: /home/st/ywfBot_ws/install/moveit_ywf_msg/include/moveit_ywf_msg/moveit_ywf_msg
[2.137s] -- Up-to-date: /home/st/ywfBot_ws/install/moveit_ywf_msg/include/moveit_ywf_msg/moveit_ywf_msg/msg
[2.137s] -- Up-to-date: /home/st/ywfBot_ws/install/moveit_ywf_msg/include/moveit_ywf_msg/moveit_ywf_msg/msg/rosidl_typesupport_fastrtps_c__visibility_control.h
[2.141s] -- Up-to-date: /home/st/ywfBot_ws/install/moveit_ywf_msg/include/moveit_ywf_msg/moveit_ywf_msg/action
[2.141s] -- Up-to-date: /home/st/ywfBot_ws/install/moveit_ywf_msg/include/moveit_ywf_msg/moveit_ywf_msg/action/detail
[2.141s] -- Up-to-date: /home/st/ywfBot_ws/install/moveit_ywf_msg/include/moveit_ywf_msg/moveit_ywf_msg/action/detail/moveit_ywf_intf__rosidl_typesupport_fastrtps_c.h
[2.143s] -- Up-to-date: /home/st/ywfBot_ws/install/moveit_ywf_msg/lib/libmoveit_ywf_msg__rosidl_typesupport_fastrtps_c.so
[2.144s] -- Up-to-date: /home/st/ywfBot_ws/install/moveit_ywf_msg/include/moveit_ywf_msg/moveit_ywf_msg
[2.144s] -- Up-to-date: /home/st/ywfBot_ws/install/moveit_ywf_msg/include/moveit_ywf_msg/moveit_ywf_msg/msg
[2.144s] -- Up-to-date: /home/st/ywfBot_ws/install/moveit_ywf_msg/include/moveit_ywf_msg/moveit_ywf_msg/msg/rosidl_typesupport_introspection_c__visibility_control.h
[2.144s] -- Up-to-date: /home/st/ywfBot_ws/install/moveit_ywf_msg/include/moveit_ywf_msg/moveit_ywf_msg/action
[2.144s] -- Up-to-date: /home/st/ywfBot_ws/install/moveit_ywf_msg/include/moveit_ywf_msg/moveit_ywf_msg/action/detail
[2.145s] -- Up-to-date: /home/st/ywfBot_ws/install/moveit_ywf_msg/include/moveit_ywf_msg/moveit_ywf_msg/action/detail/moveit_ywf_intf__type_support.c
[2.145s] -- Up-to-date: /home/st/ywfBot_ws/install/moveit_ywf_msg/include/moveit_ywf_msg/moveit_ywf_msg/action/detail/moveit_ywf_intf__rosidl_typesupport_introspection_c.h
[2.147s] -- Up-to-date: /home/st/ywfBot_ws/install/moveit_ywf_msg/lib/libmoveit_ywf_msg__rosidl_typesupport_introspection_c.so
[2.155s] -- Up-to-date: /home/st/ywfBot_ws/install/moveit_ywf_msg/lib/libmoveit_ywf_msg__rosidl_typesupport_c.so
[2.155s] -- Up-to-date: /home/st/ywfBot_ws/install/moveit_ywf_msg/include/moveit_ywf_msg/moveit_ywf_msg
[2.155s] -- Up-to-date: /home/st/ywfBot_ws/install/moveit_ywf_msg/include/moveit_ywf_msg/moveit_ywf_msg/msg
[2.155s] -- Up-to-date: /home/st/ywfBot_ws/install/moveit_ywf_msg/include/moveit_ywf_msg/moveit_ywf_msg/msg/rosidl_generator_cpp__visibility_control.hpp
[2.155s] -- Up-to-date: /home/st/ywfBot_ws/install/moveit_ywf_msg/include/moveit_ywf_msg/moveit_ywf_msg/action
[2.155s] -- Up-to-date: /home/st/ywfBot_ws/install/moveit_ywf_msg/include/moveit_ywf_msg/moveit_ywf_msg/action/moveit_ywf_intf.hpp
[2.156s] -- Up-to-date: /home/st/ywfBot_ws/install/moveit_ywf_msg/include/moveit_ywf_msg/moveit_ywf_msg/action/detail
[2.156s] -- Up-to-date: /home/st/ywfBot_ws/install/moveit_ywf_msg/include/moveit_ywf_msg/moveit_ywf_msg/action/detail/moveit_ywf_intf__type_support.hpp
[2.156s] -- Up-to-date: /home/st/ywfBot_ws/install/moveit_ywf_msg/include/moveit_ywf_msg/moveit_ywf_msg/action/detail/moveit_ywf_intf__traits.hpp
[2.156s] -- Up-to-date: /home/st/ywfBot_ws/install/moveit_ywf_msg/include/moveit_ywf_msg/moveit_ywf_msg/action/detail/moveit_ywf_intf__builder.hpp
[2.156s] -- Up-to-date: /home/st/ywfBot_ws/install/moveit_ywf_msg/include/moveit_ywf_msg/moveit_ywf_msg/action/detail/moveit_ywf_intf__struct.hpp
[2.156s] -- Up-to-date: /home/st/ywfBot_ws/install/moveit_ywf_msg/include/moveit_ywf_msg/moveit_ywf_msg
[2.157s] -- Up-to-date: /home/st/ywfBot_ws/install/moveit_ywf_msg/include/moveit_ywf_msg/moveit_ywf_msg/msg
[2.157s] -- Up-to-date: /home/st/ywfBot_ws/install/moveit_ywf_msg/include/moveit_ywf_msg/moveit_ywf_msg/msg/rosidl_typesupport_fastrtps_cpp__visibility_control.h
[2.158s] -- Up-to-date: /home/st/ywfBot_ws/install/moveit_ywf_msg/include/moveit_ywf_msg/moveit_ywf_msg/action
[2.159s] -- Up-to-date: /home/st/ywfBot_ws/install/moveit_ywf_msg/include/moveit_ywf_msg/moveit_ywf_msg/action/detail
[2.159s] -- Up-to-date: /home/st/ywfBot_ws/install/moveit_ywf_msg/include/moveit_ywf_msg/moveit_ywf_msg/action/detail/dds_fastrtps
[2.159s] -- Up-to-date: /home/st/ywfBot_ws/install/moveit_ywf_msg/include/moveit_ywf_msg/moveit_ywf_msg/action/detail/moveit_ywf_intf__rosidl_typesupport_fastrtps_cpp.hpp
[2.159s] -- Up-to-date: /home/st/ywfBot_ws/install/moveit_ywf_msg/lib/libmoveit_ywf_msg__rosidl_typesupport_fastrtps_cpp.so
[2.159s] -- Up-to-date: /home/st/ywfBot_ws/install/moveit_ywf_msg/include/moveit_ywf_msg/moveit_ywf_msg
[2.159s] -- Up-to-date: /home/st/ywfBot_ws/install/moveit_ywf_msg/include/moveit_ywf_msg/moveit_ywf_msg/action
[2.160s] -- Up-to-date: /home/st/ywfBot_ws/install/moveit_ywf_msg/include/moveit_ywf_msg/moveit_ywf_msg/action/detail
[2.160s] -- Up-to-date: /home/st/ywfBot_ws/install/moveit_ywf_msg/include/moveit_ywf_msg/moveit_ywf_msg/action/detail/moveit_ywf_intf__type_support.cpp
[2.160s] -- Up-to-date: /home/st/ywfBot_ws/install/moveit_ywf_msg/include/moveit_ywf_msg/moveit_ywf_msg/action/detail/moveit_ywf_intf__rosidl_typesupport_introspection_cpp.hpp
[2.164s] -- Up-to-date: /home/st/ywfBot_ws/install/moveit_ywf_msg/lib/libmoveit_ywf_msg__rosidl_typesupport_introspection_cpp.so
[2.171s] -- Up-to-date: /home/st/ywfBot_ws/install/moveit_ywf_msg/lib/libmoveit_ywf_msg__rosidl_typesupport_cpp.so
[2.172s] -- Up-to-date: /home/st/ywfBot_ws/install/moveit_ywf_msg/share/moveit_ywf_msg/environment/pythonpath.sh
[2.172s] -- Up-to-date: /home/st/ywfBot_ws/install/moveit_ywf_msg/share/moveit_ywf_msg/environment/pythonpath.dsv
[2.173s] -- Up-to-date: /home/st/ywfBot_ws/install/moveit_ywf_msg/local/lib/python3.10/dist-packages/moveit_ywf_msg-0.0.0-py3.10.egg-info
[2.174s] -- Installing: /home/st/ywfBot_ws/install/moveit_ywf_msg/local/lib/python3.10/dist-packages/moveit_ywf_msg-0.0.0-py3.10.egg-info/SOURCES.txt
[2.174s] -- Installing: /home/st/ywfBot_ws/install/moveit_ywf_msg/local/lib/python3.10/dist-packages/moveit_ywf_msg-0.0.0-py3.10.egg-info/top_level.txt
[2.174s] -- Installing: /home/st/ywfBot_ws/install/moveit_ywf_msg/local/lib/python3.10/dist-packages/moveit_ywf_msg-0.0.0-py3.10.egg-info/dependency_links.txt
[2.175s] -- Installing: /home/st/ywfBot_ws/install/moveit_ywf_msg/local/lib/python3.10/dist-packages/moveit_ywf_msg-0.0.0-py3.10.egg-info/PKG-INFO
[2.176s] -- Up-to-date: /home/st/ywfBot_ws/install/moveit_ywf_msg/local/lib/python3.10/dist-packages/moveit_ywf_msg
[2.176s] -- Up-to-date: /home/st/ywfBot_ws/install/moveit_ywf_msg/local/lib/python3.10/dist-packages/moveit_ywf_msg/_moveit_ywf_msg_s.ep.rosidl_typesupport_introspection_c.c
[2.176s] -- Up-to-date: /home/st/ywfBot_ws/install/moveit_ywf_msg/local/lib/python3.10/dist-packages/moveit_ywf_msg/__init__.py
[2.176s] -- Up-to-date: /home/st/ywfBot_ws/install/moveit_ywf_msg/local/lib/python3.10/dist-packages/moveit_ywf_msg/moveit_ywf_msg_s__rosidl_typesupport_introspection_c.cpython-310-x86_64-linux-gnu.so
[2.176s] -- Up-to-date: /home/st/ywfBot_ws/install/moveit_ywf_msg/local/lib/python3.10/dist-packages/moveit_ywf_msg/_moveit_ywf_msg_s.ep.rosidl_typesupport_c.c
[2.177s] -- Up-to-date: /home/st/ywfBot_ws/install/moveit_ywf_msg/local/lib/python3.10/dist-packages/moveit_ywf_msg/_moveit_ywf_msg_s.ep.rosidl_typesupport_fastrtps_c.c
[2.177s] -- Up-to-date: /home/st/ywfBot_ws/install/moveit_ywf_msg/local/lib/python3.10/dist-packages/moveit_ywf_msg/action
[2.177s] -- Up-to-date: /home/st/ywfBot_ws/install/moveit_ywf_msg/local/lib/python3.10/dist-packages/moveit_ywf_msg/action/__init__.py
[2.178s] -- Up-to-date: /home/st/ywfBot_ws/install/moveit_ywf_msg/local/lib/python3.10/dist-packages/moveit_ywf_msg/action/_moveit_ywf_intf_s.c
[2.178s] -- Up-to-date: /home/st/ywfBot_ws/install/moveit_ywf_msg/local/lib/python3.10/dist-packages/moveit_ywf_msg/action/_moveit_ywf_intf.py
[2.178s] -- Up-to-date: /home/st/ywfBot_ws/install/moveit_ywf_msg/local/lib/python3.10/dist-packages/moveit_ywf_msg/moveit_ywf_msg_s__rosidl_typesupport_fastrtps_c.cpython-310-x86_64-linux-gnu.so
[2.178s] -- Up-to-date: /home/st/ywfBot_ws/install/moveit_ywf_msg/local/lib/python3.10/dist-packages/moveit_ywf_msg/libmoveit_ywf_msg__rosidl_generator_py.so
[2.178s] -- Up-to-date: /home/st/ywfBot_ws/install/moveit_ywf_msg/local/lib/python3.10/dist-packages/moveit_ywf_msg/moveit_ywf_msg_s__rosidl_typesupport_c.cpython-310-x86_64-linux-gnu.so
[2.288s] Listing '/home/st/ywfBot_ws/install/moveit_ywf_msg/local/lib/python3.10/dist-packages/moveit_ywf_msg'...
[2.288s] Listing '/home/st/ywfBot_ws/install/moveit_ywf_msg/local/lib/python3.10/dist-packages/moveit_ywf_msg/action'...
[2.301s] -- Up-to-date: /home/st/ywfBot_ws/install/moveit_ywf_msg/local/lib/python3.10/dist-packages/moveit_ywf_msg/moveit_ywf_msg_s__rosidl_typesupport_fastrtps_c.cpython-310-x86_64-linux-gnu.so
[2.304s] -- Up-to-date: /home/st/ywfBot_ws/install/moveit_ywf_msg/local/lib/python3.10/dist-packages/moveit_ywf_msg/moveit_ywf_msg_s__rosidl_typesupport_introspection_c.cpython-310-x86_64-linux-gnu.so
[2.308s] -- Up-to-date: /home/st/ywfBot_ws/install/moveit_ywf_msg/local/lib/python3.10/dist-packages/moveit_ywf_msg/moveit_ywf_msg_s__rosidl_typesupport_c.cpython-310-x86_64-linux-gnu.so
[2.312s] -- Up-to-date: /home/st/ywfBot_ws/install/moveit_ywf_msg/lib/libmoveit_ywf_msg__rosidl_generator_py.so
[2.312s] -- Up-to-date: /home/st/ywfBot_ws/install/moveit_ywf_msg/share/moveit_ywf_msg/action/MoveitYwfIntf.idl
[2.312s] -- Up-to-date: /home/st/ywfBot_ws/install/moveit_ywf_msg/share/moveit_ywf_msg/action/MoveitYwfIntf.action
[2.312s] -- Up-to-date: /home/st/ywfBot_ws/install/moveit_ywf_msg/share/ament_index/resource_index/package_run_dependencies/moveit_ywf_msg
[2.313s] -- Up-to-date: /home/st/ywfBot_ws/install/moveit_ywf_msg/share/ament_index/resource_index/parent_prefix_path/moveit_ywf_msg
[2.313s] -- Up-to-date: /home/st/ywfBot_ws/install/moveit_ywf_msg/share/moveit_ywf_msg/environment/ament_prefix_path.sh
[2.313s] -- Up-to-date: /home/st/ywfBot_ws/install/moveit_ywf_msg/share/moveit_ywf_msg/environment/ament_prefix_path.dsv
[2.313s] -- Up-to-date: /home/st/ywfBot_ws/install/moveit_ywf_msg/share/moveit_ywf_msg/environment/path.sh
[2.313s] -- Up-to-date: /home/st/ywfBot_ws/install/moveit_ywf_msg/share/moveit_ywf_msg/environment/path.dsv
[2.313s] -- Up-to-date: /home/st/ywfBot_ws/install/moveit_ywf_msg/share/moveit_ywf_msg/local_setup.bash
[2.313s] -- Up-to-date: /home/st/ywfBot_ws/install/moveit_ywf_msg/share/moveit_ywf_msg/local_setup.sh
[2.313s] -- Up-to-date: /home/st/ywfBot_ws/install/moveit_ywf_msg/share/moveit_ywf_msg/local_setup.zsh
[2.313s] -- Up-to-date: /home/st/ywfBot_ws/install/moveit_ywf_msg/share/moveit_ywf_msg/local_setup.dsv
[2.313s] -- Installing: /home/st/ywfBot_ws/install/moveit_ywf_msg/share/moveit_ywf_msg/package.dsv
[2.316s] -- Up-to-date: /home/st/ywfBot_ws/install/moveit_ywf_msg/share/ament_index/resource_index/packages/moveit_ywf_msg
[2.319s] -- Up-to-date: /home/st/ywfBot_ws/install/moveit_ywf_msg/share/moveit_ywf_msg/cmake/export_moveit_ywf_msg__rosidl_generator_cExport.cmake
[2.319s] -- Up-to-date: /home/st/ywfBot_ws/install/moveit_ywf_msg/share/moveit_ywf_msg/cmake/export_moveit_ywf_msg__rosidl_generator_cExport-noconfig.cmake
[2.321s] -- Up-to-date: /home/st/ywfBot_ws/install/moveit_ywf_msg/share/moveit_ywf_msg/cmake/export_moveit_ywf_msg__rosidl_typesupport_fastrtps_cExport.cmake
[2.321s] -- Up-to-date: /home/st/ywfBot_ws/install/moveit_ywf_msg/share/moveit_ywf_msg/cmake/export_moveit_ywf_msg__rosidl_typesupport_fastrtps_cExport-noconfig.cmake
[2.324s] -- Up-to-date: /home/st/ywfBot_ws/install/moveit_ywf_msg/share/moveit_ywf_msg/cmake/moveit_ywf_msg__rosidl_typesupport_introspection_cExport.cmake
[2.324s] -- Up-to-date: /home/st/ywfBot_ws/install/moveit_ywf_msg/share/moveit_ywf_msg/cmake/moveit_ywf_msg__rosidl_typesupport_introspection_cExport-noconfig.cmake
[2.325s] -- Up-to-date: /home/st/ywfBot_ws/install/moveit_ywf_msg/share/moveit_ywf_msg/cmake/moveit_ywf_msg__rosidl_typesupport_cExport.cmake
[2.325s] -- Up-to-date: /home/st/ywfBot_ws/install/moveit_ywf_msg/share/moveit_ywf_msg/cmake/moveit_ywf_msg__rosidl_typesupport_cExport-noconfig.cmake
[2.327s] -- Up-to-date: /home/st/ywfBot_ws/install/moveit_ywf_msg/share/moveit_ywf_msg/cmake/export_moveit_ywf_msg__rosidl_generator_cppExport.cmake
[2.328s] -- Up-to-date: /home/st/ywfBot_ws/install/moveit_ywf_msg/share/moveit_ywf_msg/cmake/export_moveit_ywf_msg__rosidl_typesupport_fastrtps_cppExport.cmake
[2.328s] -- Up-to-date: /home/st/ywfBot_ws/install/moveit_ywf_msg/share/moveit_ywf_msg/cmake/export_moveit_ywf_msg__rosidl_typesupport_fastrtps_cppExport-noconfig.cmake
[2.330s] -- Up-to-date: /home/st/ywfBot_ws/install/moveit_ywf_msg/share/moveit_ywf_msg/cmake/moveit_ywf_msg__rosidl_typesupport_introspection_cppExport.cmake
[2.330s] -- Up-to-date: /home/st/ywfBot_ws/install/moveit_ywf_msg/share/moveit_ywf_msg/cmake/moveit_ywf_msg__rosidl_typesupport_introspection_cppExport-noconfig.cmake
[2.331s] -- Up-to-date: /home/st/ywfBot_ws/install/moveit_ywf_msg/share/moveit_ywf_msg/cmake/moveit_ywf_msg__rosidl_typesupport_cppExport.cmake
[2.331s] -- Up-to-date: /home/st/ywfBot_ws/install/moveit_ywf_msg/share/moveit_ywf_msg/cmake/moveit_ywf_msg__rosidl_typesupport_cppExport-noconfig.cmake
[2.335s] -- Up-to-date: /home/st/ywfBot_ws/install/moveit_ywf_msg/share/moveit_ywf_msg/cmake/export_moveit_ywf_msg__rosidl_generator_pyExport.cmake
[2.335s] -- Up-to-date: /home/st/ywfBot_ws/install/moveit_ywf_msg/share/moveit_ywf_msg/cmake/export_moveit_ywf_msg__rosidl_generator_pyExport-noconfig.cmake
[2.335s] -- Up-to-date: /home/st/ywfBot_ws/install/moveit_ywf_msg/share/moveit_ywf_msg/cmake/rosidl_cmake-extras.cmake
[2.335s] -- Up-to-date: /home/st/ywfBot_ws/install/moveit_ywf_msg/share/moveit_ywf_msg/cmake/ament_cmake_export_dependencies-extras.cmake
[2.335s] -- Up-to-date: /home/st/ywfBot_ws/install/moveit_ywf_msg/share/moveit_ywf_msg/cmake/ament_cmake_export_include_directories-extras.cmake
[2.335s] -- Up-to-date: /home/st/ywfBot_ws/install/moveit_ywf_msg/share/moveit_ywf_msg/cmake/ament_cmake_export_libraries-extras.cmake
[2.336s] -- Up-to-date: /home/st/ywfBot_ws/install/moveit_ywf_msg/share/moveit_ywf_msg/cmake/ament_cmake_export_targets-extras.cmake
[2.336s] -- Up-to-date: /home/st/ywfBot_ws/install/moveit_ywf_msg/share/moveit_ywf_msg/cmake/rosidl_cmake_export_typesupport_targets-extras.cmake
[2.336s] -- Up-to-date: /home/st/ywfBot_ws/install/moveit_ywf_msg/share/moveit_ywf_msg/cmake/rosidl_cmake_export_typesupport_libraries-extras.cmake
[2.336s] -- Up-to-date: /home/st/ywfBot_ws/install/moveit_ywf_msg/share/moveit_ywf_msg/cmake/moveit_ywf_msgConfig.cmake
[2.336s] -- Up-to-date: /home/st/ywfBot_ws/install/moveit_ywf_msg/share/moveit_ywf_msg/cmake/moveit_ywf_msgConfig-version.cmake
[2.337s] -- Up-to-date: /home/st/ywfBot_ws/install/moveit_ywf_msg/share/moveit_ywf_msg/package.xml
[2.348s] Invoked command in '/home/st/ywfBot_ws/build/moveit_ywf_msg' returned '0': CMAKE_PREFIX_PATH=${CMAKE_PREFIX_PATH}:/home/st/ywfBot_ws/install/py_action_client:/home/st/ywfBot_ws/install/py_action:/home/st/moveit2_humble_ws/install/moveit_configs_utils:/home/st/moveit2_humble_ws/install/launch_param_builder:/opt/ros/humble /usr/bin/cmake --install /home/st/ywfBot_ws/build/moveit_ywf_msg
