[0mCMake Error: The current CMakeCache.txt directory /home/st/ywfBot_ws_v1.3.1/build/fairino16_v6_moveit2_config/CMakeCache.txt is different than the directory /home/st/ywfBot_ws_v1.3/build/fairino16_v6_moveit2_config where CMakeCache.txt was created. This may result in binaries being created in the wrong place. If you are not sure, reedit the CMakeCache.txt[0m
-- Install configuration: ""
-- Up-to-date: /home/st/ywfBot_ws_v1.3/install/fairino16_v6_moveit2_config/share/ament_index/resource_index/package_run_dependencies/fairino16_v6_moveit2_config
-- Up-to-date: /home/st/ywfBot_ws_v1.3/install/fairino16_v6_moveit2_config/share/ament_index/resource_index/parent_prefix_path/fairino16_v6_moveit2_config
-- Up-to-date: /home/st/ywfBot_ws_v1.3/install/fairino16_v6_moveit2_config/share/fairino16_v6_moveit2_config/environment/ament_prefix_path.sh
-- Up-to-date: /home/st/ywfBot_ws_v1.3/install/fairino16_v6_moveit2_config/share/fairino16_v6_moveit2_config/environment/ament_prefix_path.dsv
-- Up-to-date: /home/st/ywfBot_ws_v1.3/install/fairino16_v6_moveit2_config/share/fairino16_v6_moveit2_config/environment/path.sh
-- Up-to-date: /home/st/ywfBot_ws_v1.3/install/fairino16_v6_moveit2_config/share/fairino16_v6_moveit2_config/environment/path.dsv
-- Up-to-date: /home/st/ywfBot_ws_v1.3/install/fairino16_v6_moveit2_config/share/fairino16_v6_moveit2_config/local_setup.bash
-- Up-to-date: /home/st/ywfBot_ws_v1.3/install/fairino16_v6_moveit2_config/share/fairino16_v6_moveit2_config/local_setup.sh
-- Up-to-date: /home/st/ywfBot_ws_v1.3/install/fairino16_v6_moveit2_config/share/fairino16_v6_moveit2_config/local_setup.zsh
-- Up-to-date: /home/st/ywfBot_ws_v1.3/install/fairino16_v6_moveit2_config/share/fairino16_v6_moveit2_config/local_setup.dsv
-- Up-to-date: /home/st/ywfBot_ws_v1.3/install/fairino16_v6_moveit2_config/share/fairino16_v6_moveit2_config/package.dsv
-- Up-to-date: /home/st/ywfBot_ws_v1.3/install/fairino16_v6_moveit2_config/share/ament_index/resource_index/packages/fairino16_v6_moveit2_config
-- Up-to-date: /home/st/ywfBot_ws_v1.3/install/fairino16_v6_moveit2_config/share/fairino16_v6_moveit2_config/cmake/fairino16_v6_moveit2_configConfig.cmake
-- Up-to-date: /home/st/ywfBot_ws_v1.3/install/fairino16_v6_moveit2_config/share/fairino16_v6_moveit2_config/cmake/fairino16_v6_moveit2_configConfig-version.cmake
-- Up-to-date: /home/st/ywfBot_ws_v1.3/install/fairino16_v6_moveit2_config/share/fairino16_v6_moveit2_config/package.xml
-- Up-to-date: /home/st/ywfBot_ws_v1.3/install/fairino16_v6_moveit2_config/share/fairino16_v6_moveit2_config/launch
-- Up-to-date: /home/st/ywfBot_ws_v1.3/install/fairino16_v6_moveit2_config/share/fairino16_v6_moveit2_config/launch/warehouse_db.launch.py
-- Up-to-date: /home/st/ywfBot_ws_v1.3/install/fairino16_v6_moveit2_config/share/fairino16_v6_moveit2_config/launch/spawn_controllers.launch.py
-- Up-to-date: /home/st/ywfBot_ws_v1.3/install/fairino16_v6_moveit2_config/share/fairino16_v6_moveit2_config/launch/setup_assistant.launch.py
-- Up-to-date: /home/st/ywfBot_ws_v1.3/install/fairino16_v6_moveit2_config/share/fairino16_v6_moveit2_config/launch/moveit_rviz.launch.py
-- Up-to-date: /home/st/ywfBot_ws_v1.3/install/fairino16_v6_moveit2_config/share/fairino16_v6_moveit2_config/launch/rsp.launch.py
-- Up-to-date: /home/st/ywfBot_ws_v1.3/install/fairino16_v6_moveit2_config/share/fairino16_v6_moveit2_config/launch/demo.launch.py
-- Up-to-date: /home/st/ywfBot_ws_v1.3/install/fairino16_v6_moveit2_config/share/fairino16_v6_moveit2_config/launch/move_group.launch.py
-- Up-to-date: /home/st/ywfBot_ws_v1.3/install/fairino16_v6_moveit2_config/share/fairino16_v6_moveit2_config/launch/static_virtual_joint_tfs.launch.py
-- Up-to-date: /home/st/ywfBot_ws_v1.3/install/fairino16_v6_moveit2_config/share/fairino16_v6_moveit2_config/config
-- Up-to-date: /home/st/ywfBot_ws_v1.3/install/fairino16_v6_moveit2_config/share/fairino16_v6_moveit2_config/config/fairino16_v6_robot.srdf
-- Up-to-date: /home/st/ywfBot_ws_v1.3/install/fairino16_v6_moveit2_config/share/fairino16_v6_moveit2_config/config/kinematics.yaml
-- Up-to-date: /home/st/ywfBot_ws_v1.3/install/fairino16_v6_moveit2_config/share/fairino16_v6_moveit2_config/config/pilz_cartesian_limits.yaml
-- Up-to-date: /home/st/ywfBot_ws_v1.3/install/fairino16_v6_moveit2_config/share/fairino16_v6_moveit2_config/config/fairino16_v6_robot.urdf.xacro
-- Up-to-date: /home/st/ywfBot_ws_v1.3/install/fairino16_v6_moveit2_config/share/fairino16_v6_moveit2_config/config/moveit_controllers.yaml
-- Up-to-date: /home/st/ywfBot_ws_v1.3/install/fairino16_v6_moveit2_config/share/fairino16_v6_moveit2_config/config/initial_positions.yaml
-- Up-to-date: /home/st/ywfBot_ws_v1.3/install/fairino16_v6_moveit2_config/share/fairino16_v6_moveit2_config/config/ros2_controllers.yaml
-- Up-to-date: /home/st/ywfBot_ws_v1.3/install/fairino16_v6_moveit2_config/share/fairino16_v6_moveit2_config/config/moveit.rviz
-- Up-to-date: /home/st/ywfBot_ws_v1.3/install/fairino16_v6_moveit2_config/share/fairino16_v6_moveit2_config/config/joint_limits.yaml
-- Up-to-date: /home/st/ywfBot_ws_v1.3/install/fairino16_v6_moveit2_config/share/fairino16_v6_moveit2_config/config/fairino16_v6_robot.ros2_control.xacro
-- Up-to-date: /home/st/ywfBot_ws_v1.3/install/fairino16_v6_moveit2_config/share/fairino16_v6_moveit2_config/.setup_assistant
