[1.729s] Invoking command in '/home/st/ywfBot_ws/src/py_action_client': PYTHONPATH=/home/st/ywfBot_ws/build/py_action_client/prefix_override:/usr/lib/python3/dist-packages/colcon_core/task/python/colcon_distutils_commands:/home/st/ywfBot_ws/install/py_action_client/lib/python3.10/site-packages:${PYTHONPATH} /usr/bin/python3 -W ignore:setup.py install is deprecated -W ignore:easy_install command is deprecated setup.py egg_info --egg-base ../../build/py_action_client build --build-base /home/st/ywfBot_ws/build/py_action_client/build install --record /home/st/ywfBot_ws/build/py_action_client/install.log --single-version-externally-managed install_data
[2.351s] running egg_info
[2.353s] writing ../../build/py_action_client/py_action_client.egg-info/PKG-INFO
[2.356s] writing dependency_links to ../../build/py_action_client/py_action_client.egg-info/dependency_links.txt
[2.356s] writing entry points to ../../build/py_action_client/py_action_client.egg-info/entry_points.txt
[2.364s] writing requirements to ../../build/py_action_client/py_action_client.egg-info/requires.txt
[2.364s] writing top-level names to ../../build/py_action_client/py_action_client.egg-info/top_level.txt
[2.366s] reading manifest file '../../build/py_action_client/py_action_client.egg-info/SOURCES.txt'
[2.366s] adding license file 'LICENSE'
[2.367s] writing manifest file '../../build/py_action_client/py_action_client.egg-info/SOURCES.txt'
[2.368s] running build
[2.368s] running build_py
[2.420s] running install
[2.420s] running install_lib
[2.422s] running install_data
[2.426s] running install_egg_info
[2.432s] removing '/home/st/ywfBot_ws/install/py_action_client/lib/python3.10/site-packages/py_action_client-0.0.0-py3.10.egg-info' (and everything under it)
[2.433s] Copying ../../build/py_action_client/py_action_client.egg-info to /home/st/ywfBot_ws/install/py_action_client/lib/python3.10/site-packages/py_action_client-0.0.0-py3.10.egg-info
[2.433s] running install_scripts
[2.487s] Installing py_action_client script to /home/st/ywfBot_ws/install/py_action_client/lib/py_action_client
[2.491s] writing list of installed files to '/home/st/ywfBot_ws/build/py_action_client/install.log'
[2.544s] Invoked command in '/home/st/ywfBot_ws/src/py_action_client' returned '0': PYTHONPATH=/home/st/ywfBot_ws/build/py_action_client/prefix_override:/usr/lib/python3/dist-packages/colcon_core/task/python/colcon_distutils_commands:/home/st/ywfBot_ws/install/py_action_client/lib/python3.10/site-packages:${PYTHONPATH} /usr/bin/python3 -W ignore:setup.py install is deprecated -W ignore:easy_install command is deprecated setup.py egg_info --egg-base ../../build/py_action_client build --build-base /home/st/ywfBot_ws/build/py_action_client/build install --record /home/st/ywfBot_ws/build/py_action_client/install.log --single-version-externally-managed install_data
