[2.727s] Invoking command in '/home/st/ywfBot_ws/src/py_action_client': PYTHONPATH=/home/st/ywfBot_ws/build/py_action_client/prefix_override:/usr/lib/python3/dist-packages/colcon_core/task/python/colcon_distutils_commands:/home/st/ywfBot_ws/install/py_action_client/lib/python3.10/site-packages:${PYTHONPATH} /usr/bin/python3 -W ignore:setup.py install is deprecated -W ignore:easy_install command is deprecated setup.py egg_info --egg-base ../../build/py_action_client build --build-base /home/st/ywfBot_ws/build/py_action_client/build install --record /home/st/ywfBot_ws/build/py_action_client/install.log --single-version-externally-managed install_data
[3.338s] running egg_info
[3.345s] writing ../../build/py_action_client/py_action_client.egg-info/PKG-INFO
[3.350s] writing dependency_links to ../../build/py_action_client/py_action_client.egg-info/dependency_links.txt
[3.351s] writing entry points to ../../build/py_action_client/py_action_client.egg-info/entry_points.txt
[3.351s] writing requirements to ../../build/py_action_client/py_action_client.egg-info/requires.txt
[3.352s] writing top-level names to ../../build/py_action_client/py_action_client.egg-info/top_level.txt
[3.352s] reading manifest file '../../build/py_action_client/py_action_client.egg-info/SOURCES.txt'
[3.362s] adding license file 'LICENSE'
[3.364s] writing manifest file '../../build/py_action_client/py_action_client.egg-info/SOURCES.txt'
[3.365s] running build
[3.365s] running build_py
[3.382s] running install
[3.384s] running install_lib
[3.388s] running install_data
[3.391s] running install_egg_info
[3.395s] removing '/home/st/ywfBot_ws/install/py_action_client/lib/python3.10/site-packages/py_action_client-0.0.0-py3.10.egg-info' (and everything under it)
[3.398s] Copying ../../build/py_action_client/py_action_client.egg-info to /home/st/ywfBot_ws/install/py_action_client/lib/python3.10/site-packages/py_action_client-0.0.0-py3.10.egg-info
[3.399s] running install_scripts
[3.429s] Installing py_action_client script to /home/st/ywfBot_ws/install/py_action_client/lib/py_action_client
[3.433s] writing list of installed files to '/home/st/ywfBot_ws/build/py_action_client/install.log'
