[0.039s] Invoking command in '/home/st/ywfBot_ws/build/moveit2_ywf_interface': AMENT_PREFIX_PATH=/home/st/ywfBot_ws/install/moveit_ywf_msg:${AMENT_PREFIX_PATH} CMAKE_PREFIX_PATH=/home/st/ywfBot_ws/install/moveit_ywf_msg:/opt/ros/humble LD_LIBRARY_PATH=/home/st/ywfBot_ws/install/moveit_ywf_msg/lib:/opt/ros/humble/opt/rviz_ogre_vendor/lib:/opt/ros/humble/lib/x86_64-linux-gnu:/opt/ros/humble/lib:/opt/MVS/lib/64:/opt/MVS/lib/32:/opt/MVS/lib/64:/opt/MVS/lib/32:/opt/MVS/lib/64:/opt/MVS/lib/32 PYTHONPATH=/home/st/ywfBot_ws/install/moveit_ywf_msg/local/lib/python3.10/dist-packages:${PYTHONPATH} /usr/bin/cmake /home/st/ywfBot_ws/src/moveit2_ywf_interface -DCMAKE_INSTALL_PREFIX=/home/st/ywfBot_ws/install/moveit2_ywf_interface
[0.082s] -- Found ament_cmake: 1.3.11 (/opt/ros/humble/share/ament_cmake/cmake)
[0.415s] [31mCMake Error at CMakeLists.txt:12 (find_package):
[0.415s]   By not providing "Findmoveit_ros_planning_interface.cmake" in
[0.415s]   CMAKE_MODULE_PATH this project has asked CMake to find a package
[0.415s]   configuration file provided by "moveit_ros_planning_interface", but CMake
[0.415s]   did not find one.
[0.415s] 
[0.416s]   Could not find a package configuration file provided by
[0.416s]   "moveit_ros_planning_interface" with any of the following names:
[0.416s] 
[0.416s]     moveit_ros_planning_interfaceConfig.cmake
[0.416s]     moveit_ros_planning_interface-config.cmake
[0.416s] 
[0.416s]   Add the installation prefix of "moveit_ros_planning_interface" to
[0.416s]   CMAKE_PREFIX_PATH or set "moveit_ros_planning_interface_DIR" to a directory
[0.417s]   containing one of the above files.  If "moveit_ros_planning_interface"
[0.417s]   provides a separate development package or SDK, be sure it has been
[0.417s]   installed.
[0.418s] 
[0.418s] [0m
[0.418s] -- Configuring incomplete, errors occurred!
[0.418s] See also "/home/st/ywfBot_ws/build/moveit2_ywf_interface/CMakeFiles/CMakeOutput.log".
[0.421s] Invoked command in '/home/st/ywfBot_ws/build/moveit2_ywf_interface' returned '1': AMENT_PREFIX_PATH=/home/st/ywfBot_ws/install/moveit_ywf_msg:${AMENT_PREFIX_PATH} CMAKE_PREFIX_PATH=/home/st/ywfBot_ws/install/moveit_ywf_msg:/opt/ros/humble LD_LIBRARY_PATH=/home/st/ywfBot_ws/install/moveit_ywf_msg/lib:/opt/ros/humble/opt/rviz_ogre_vendor/lib:/opt/ros/humble/lib/x86_64-linux-gnu:/opt/ros/humble/lib:/opt/MVS/lib/64:/opt/MVS/lib/32:/opt/MVS/lib/64:/opt/MVS/lib/32:/opt/MVS/lib/64:/opt/MVS/lib/32 PYTHONPATH=/home/st/ywfBot_ws/install/moveit_ywf_msg/local/lib/python3.10/dist-packages:${PYTHONPATH} /usr/bin/cmake /home/st/ywfBot_ws/src/moveit2_ywf_interface -DCMAKE_INSTALL_PREFIX=/home/st/ywfBot_ws/install/moveit2_ywf_interface
