[2.756s] Invoking command in '/home/st/ywfBot_ws_v1.3/src/py_action_client': PYTHONPATH=/home/st/ywfBot_ws_v1.3/build/py_action_client/prefix_override:/usr/lib/python3/dist-packages/colcon_core/task/python/colcon_distutils_commands:/home/st/ywfBot_ws_v1.3/install/py_action_client/lib/python3.10/site-packages:${PYTHONPATH} /usr/bin/python3 -W ignore:setup.py install is deprecated -W ignore:easy_install command is deprecated setup.py egg_info --egg-base ../../build/py_action_client build --build-base /home/st/ywfBot_ws_v1.3/build/py_action_client/build install --record /home/st/ywfBot_ws_v1.3/build/py_action_client/install.log --single-version-externally-managed install_data
[3.461s] running egg_info
[3.462s] creating ../../build/py_action_client/py_action_client.egg-info
[3.468s] writing ../../build/py_action_client/py_action_client.egg-info/PKG-INFO
[3.468s] writing dependency_links to ../../build/py_action_client/py_action_client.egg-info/dependency_links.txt
[3.470s] writing entry points to ../../build/py_action_client/py_action_client.egg-info/entry_points.txt
[3.471s] writing requirements to ../../build/py_action_client/py_action_client.egg-info/requires.txt
[3.471s] writing top-level names to ../../build/py_action_client/py_action_client.egg-info/top_level.txt
[3.471s] writing manifest file '../../build/py_action_client/py_action_client.egg-info/SOURCES.txt'
[3.472s] reading manifest file '../../build/py_action_client/py_action_client.egg-info/SOURCES.txt'
[3.472s] adding license file 'LICENSE'
[3.472s] writing manifest file '../../build/py_action_client/py_action_client.egg-info/SOURCES.txt'
[3.472s] running build
[3.472s] running build_py
[3.473s] creating /home/st/ywfBot_ws_v1.3/build/py_action_client/build
[3.473s] creating /home/st/ywfBot_ws_v1.3/build/py_action_client/build/lib
[3.473s] creating /home/st/ywfBot_ws_v1.3/build/py_action_client/build/lib/py_action_client
[3.474s] copying py_action_client/__init__.py -> /home/st/ywfBot_ws_v1.3/build/py_action_client/build/lib/py_action_client
[3.474s] copying py_action_client/py_action_client.py -> /home/st/ywfBot_ws_v1.3/build/py_action_client/build/lib/py_action_client
[3.475s] running install
[3.476s] running install_lib
[3.477s] creating /home/st/ywfBot_ws_v1.3/install/py_action_client/lib/python3.10/site-packages/py_action_client
[3.477s] copying /home/st/ywfBot_ws_v1.3/build/py_action_client/build/lib/py_action_client/__init__.py -> /home/st/ywfBot_ws_v1.3/install/py_action_client/lib/python3.10/site-packages/py_action_client
[3.478s] copying /home/st/ywfBot_ws_v1.3/build/py_action_client/build/lib/py_action_client/py_action_client.py -> /home/st/ywfBot_ws_v1.3/install/py_action_client/lib/python3.10/site-packages/py_action_client
[3.481s] byte-compiling /home/st/ywfBot_ws_v1.3/install/py_action_client/lib/python3.10/site-packages/py_action_client/__init__.py to __init__.cpython-310.pyc
[3.481s] byte-compiling /home/st/ywfBot_ws_v1.3/install/py_action_client/lib/python3.10/site-packages/py_action_client/py_action_client.py to py_action_client.cpython-310.pyc
[3.482s] running install_data
[3.482s] creating /home/st/ywfBot_ws_v1.3/install/py_action_client/share/ament_index
[3.482s] creating /home/st/ywfBot_ws_v1.3/install/py_action_client/share/ament_index/resource_index
[3.482s] creating /home/st/ywfBot_ws_v1.3/install/py_action_client/share/ament_index/resource_index/packages
[3.483s] copying resource/py_action_client -> /home/st/ywfBot_ws_v1.3/install/py_action_client/share/ament_index/resource_index/packages
[3.483s] copying package.xml -> /home/st/ywfBot_ws_v1.3/install/py_action_client/share/py_action_client
[3.483s] running install_egg_info
[3.486s] Copying ../../build/py_action_client/py_action_client.egg-info to /home/st/ywfBot_ws_v1.3/install/py_action_client/lib/python3.10/site-packages/py_action_client-0.0.0-py3.10.egg-info
[3.496s] running install_scripts
[3.570s] Installing py_action_client script to /home/st/ywfBot_ws_v1.3/install/py_action_client/lib/py_action_client
[3.570s] writing list of installed files to '/home/st/ywfBot_ws_v1.3/build/py_action_client/install.log'
[3.698s] Invoked command in '/home/st/ywfBot_ws_v1.3/src/py_action_client' returned '0': PYTHONPATH=/home/st/ywfBot_ws_v1.3/build/py_action_client/prefix_override:/usr/lib/python3/dist-packages/colcon_core/task/python/colcon_distutils_commands:/home/st/ywfBot_ws_v1.3/install/py_action_client/lib/python3.10/site-packages:${PYTHONPATH} /usr/bin/python3 -W ignore:setup.py install is deprecated -W ignore:easy_install command is deprecated setup.py egg_info --egg-base ../../build/py_action_client build --build-base /home/st/ywfBot_ws_v1.3/build/py_action_client/build install --record /home/st/ywfBot_ws_v1.3/build/py_action_client/install.log --single-version-externally-managed install_data
