[0.216s] Invoking command in '/home/st/ywfBot_ws_v1.3.1/build/fairino_description': CMAKE_PREFIX_PATH=${CMAKE_PREFIX_PATH}:/home/st/ywfBot_ws_v1.3/install/py_action_client:/home/st/ywfBot_ws_v1.3/install/py_action:/home/st/ros2_control_ws/install/rqt_joint_trajectory_controller:/home/st/ros2_control_ws/install/rqt_controller_manager:/home/st/ros2_control_ws/install/ros2controlcli:/home/st/ros2_control_ws/install/ros2_controllers_test_nodes:/home/st/ros2_control_ws/install/ros2_control_demo_testing:/home/st/ywfBot_ws_v1.1/install/py_action_client:/home/st/ywfBot_ws_v1.1/install/py_action:/home/st/ywfBot_ws_v1.1/install/moveit2_ywf_interface:/home/st/ywfBot_ws_v1.1/install/moveit_ywf_msg:/home/st/ywfBot_ws_v1.1/install/fairino_hardware:/home/st/ywfBot_ws_v1.1/install/fairino_msgs:/home/st/ywfBot_ws/install/py_action_client:/home/st/ywfBot_ws/install/py_action:/home/st/ywfBot_ws/install/moveit2_ywf_interface:/home/st/ywfBot_ws/install/moveit_ywf_msg:/home/st/ywfBot_ws/install/frhal_msgs:/home/st/ywfBot_ws/install/fr_ros2:/home/st/moveit2_humble_ws/install/moveit_configs_utils:/home/st/moveit2_humble_ws/install/launch_param_builder:/opt/ros/humble /usr/bin/cmake --build /home/st/ywfBot_ws_v1.3.1/build/fairino_description -- -j16 -l16
[1.101s] [0mCMake Error: The current CMakeCache.txt directory /home/st/ywfBot_ws_v1.3.1/build/fairino_description/CMakeCache.txt is different than the directory /home/st/ywfBot_ws_v1.3/build/fairino_description where CMakeCache.txt was created. This may result in binaries being created in the wrong place. If you are not sure, reedit the CMakeCache.txt[0m
[1.969s] Invoked command in '/home/st/ywfBot_ws_v1.3.1/build/fairino_description' returned '0': CMAKE_PREFIX_PATH=${CMAKE_PREFIX_PATH}:/home/st/ywfBot_ws_v1.3/install/py_action_client:/home/st/ywfBot_ws_v1.3/install/py_action:/home/st/ros2_control_ws/install/rqt_joint_trajectory_controller:/home/st/ros2_control_ws/install/rqt_controller_manager:/home/st/ros2_control_ws/install/ros2controlcli:/home/st/ros2_control_ws/install/ros2_controllers_test_nodes:/home/st/ros2_control_ws/install/ros2_control_demo_testing:/home/st/ywfBot_ws_v1.1/install/py_action_client:/home/st/ywfBot_ws_v1.1/install/py_action:/home/st/ywfBot_ws_v1.1/install/moveit2_ywf_interface:/home/st/ywfBot_ws_v1.1/install/moveit_ywf_msg:/home/st/ywfBot_ws_v1.1/install/fairino_hardware:/home/st/ywfBot_ws_v1.1/install/fairino_msgs:/home/st/ywfBot_ws/install/py_action_client:/home/st/ywfBot_ws/install/py_action:/home/st/ywfBot_ws/install/moveit2_ywf_interface:/home/st/ywfBot_ws/install/moveit_ywf_msg:/home/st/ywfBot_ws/install/frhal_msgs:/home/st/ywfBot_ws/install/fr_ros2:/home/st/moveit2_humble_ws/install/moveit_configs_utils:/home/st/moveit2_humble_ws/install/launch_param_builder:/opt/ros/humble /usr/bin/cmake --build /home/st/ywfBot_ws_v1.3.1/build/fairino_description -- -j16 -l16
[2.012s] Invoking command in '/home/st/ywfBot_ws_v1.3.1/build/fairino_description': CMAKE_PREFIX_PATH=${CMAKE_PREFIX_PATH}:/home/st/ywfBot_ws_v1.3/install/py_action_client:/home/st/ywfBot_ws_v1.3/install/py_action:/home/st/ros2_control_ws/install/rqt_joint_trajectory_controller:/home/st/ros2_control_ws/install/rqt_controller_manager:/home/st/ros2_control_ws/install/ros2controlcli:/home/st/ros2_control_ws/install/ros2_controllers_test_nodes:/home/st/ros2_control_ws/install/ros2_control_demo_testing:/home/st/ywfBot_ws_v1.1/install/py_action_client:/home/st/ywfBot_ws_v1.1/install/py_action:/home/st/ywfBot_ws_v1.1/install/moveit2_ywf_interface:/home/st/ywfBot_ws_v1.1/install/moveit_ywf_msg:/home/st/ywfBot_ws_v1.1/install/fairino_hardware:/home/st/ywfBot_ws_v1.1/install/fairino_msgs:/home/st/ywfBot_ws/install/py_action_client:/home/st/ywfBot_ws/install/py_action:/home/st/ywfBot_ws/install/moveit2_ywf_interface:/home/st/ywfBot_ws/install/moveit_ywf_msg:/home/st/ywfBot_ws/install/frhal_msgs:/home/st/ywfBot_ws/install/fr_ros2:/home/st/moveit2_humble_ws/install/moveit_configs_utils:/home/st/moveit2_humble_ws/install/launch_param_builder:/opt/ros/humble /usr/bin/cmake --install /home/st/ywfBot_ws_v1.3.1/build/fairino_description
[2.046s] -- Install configuration: ""
[2.047s] -- Up-to-date: /home/st/ywfBot_ws_v1.3/install/fairino_description/share/fairino_description/meshes
[2.047s] -- Up-to-date: /home/st/ywfBot_ws_v1.3/install/fairino_description/share/fairino_description/meshes/fairino3_v6
[2.047s] -- Up-to-date: /home/st/ywfBot_ws_v1.3/install/fairino_description/share/fairino_description/meshes/fairino3_v6/wrist3_link.STL
[2.047s] -- Up-to-date: /home/st/ywfBot_ws_v1.3/install/fairino_description/share/fairino_description/meshes/fairino3_v6/base_link.STL
[2.093s] -- Up-to-date: /home/st/ywfBot_ws_v1.3/install/fairino_description/share/fairino_description/meshes/fairino3_v6/shoulder_link.STL
[2.094s] -- Up-to-date: /home/st/ywfBot_ws_v1.3/install/fairino_description/share/fairino_description/meshes/fairino3_v6/forearm_link.STL
[2.094s] -- Up-to-date: /home/st/ywfBot_ws_v1.3/install/fairino_description/share/fairino_description/meshes/fairino3_v6/wrist2_link.STL
[2.096s] -- Up-to-date: /home/st/ywfBot_ws_v1.3/install/fairino_description/share/fairino_description/meshes/fairino3_v6/wrist1_link.STL
[2.099s] -- Up-to-date: /home/st/ywfBot_ws_v1.3/install/fairino_description/share/fairino_description/meshes/fairino3_v6/upperarm_link.STL
[2.099s] -- Up-to-date: /home/st/ywfBot_ws_v1.3/install/fairino_description/share/fairino_description/meshes/fairino5_v6
[2.102s] -- Up-to-date: /home/st/ywfBot_ws_v1.3/install/fairino_description/share/fairino_description/meshes/fairino5_v6/wrist3_link.STL
[2.102s] -- Up-to-date: /home/st/ywfBot_ws_v1.3/install/fairino_description/share/fairino_description/meshes/fairino5_v6/base_link.STL
[2.102s] -- Up-to-date: /home/st/ywfBot_ws_v1.3/install/fairino_description/share/fairino_description/meshes/fairino5_v6/shoulder_link.STL
[2.102s] -- Up-to-date: /home/st/ywfBot_ws_v1.3/install/fairino_description/share/fairino_description/meshes/fairino5_v6/forearm_link.STL
[2.103s] -- Up-to-date: /home/st/ywfBot_ws_v1.3/install/fairino_description/share/fairino_description/meshes/fairino5_v6/wrist2_link.STL
[2.104s] -- Up-to-date: /home/st/ywfBot_ws_v1.3/install/fairino_description/share/fairino_description/meshes/fairino5_v6/wrist1_link.STL
[2.105s] -- Up-to-date: /home/st/ywfBot_ws_v1.3/install/fairino_description/share/fairino_description/meshes/fairino5_v6/upperarm_link.STL
[2.105s] -- Up-to-date: /home/st/ywfBot_ws_v1.3/install/fairino_description/share/fairino_description/meshes/fairino3_mt_v6
[2.105s] -- Up-to-date: /home/st/ywfBot_ws_v1.3/install/fairino_description/share/fairino_description/meshes/fairino3_mt_v6/wrist3_link.STL
[2.105s] -- Up-to-date: /home/st/ywfBot_ws_v1.3/install/fairino_description/share/fairino_description/meshes/fairino3_mt_v6/base_link.STL
[2.105s] -- Up-to-date: /home/st/ywfBot_ws_v1.3/install/fairino_description/share/fairino_description/meshes/fairino3_mt_v6/shoulder_link.STL
[2.105s] -- Up-to-date: /home/st/ywfBot_ws_v1.3/install/fairino_description/share/fairino_description/meshes/fairino3_mt_v6/forearm_link.STL
[2.105s] -- Up-to-date: /home/st/ywfBot_ws_v1.3/install/fairino_description/share/fairino_description/meshes/fairino3_mt_v6/wrist2_link.STL
[2.106s] -- Up-to-date: /home/st/ywfBot_ws_v1.3/install/fairino_description/share/fairino_description/meshes/fairino3_mt_v6/wrist1_link.STL
[2.106s] -- Up-to-date: /home/st/ywfBot_ws_v1.3/install/fairino_description/share/fairino_description/meshes/fairino3_mt_v6/upperarm_link.STL
[2.106s] -- Up-to-date: /home/st/ywfBot_ws_v1.3/install/fairino_description/share/fairino_description/meshes/fairino10_v6
[2.106s] -- Up-to-date: /home/st/ywfBot_ws_v1.3/install/fairino_description/share/fairino_description/meshes/fairino10_v6/wrist3_link.STL
[2.106s] -- Up-to-date: /home/st/ywfBot_ws_v1.3/install/fairino_description/share/fairino_description/meshes/fairino10_v6/base_link.STL
[2.106s] -- Up-to-date: /home/st/ywfBot_ws_v1.3/install/fairino_description/share/fairino_description/meshes/fairino10_v6/shoulder_link.STL
[2.106s] -- Up-to-date: /home/st/ywfBot_ws_v1.3/install/fairino_description/share/fairino_description/meshes/fairino10_v6/forearm_link.STL
[2.107s] -- Up-to-date: /home/st/ywfBot_ws_v1.3/install/fairino_description/share/fairino_description/meshes/fairino10_v6/wrist2_link.STL
[2.107s] -- Up-to-date: /home/st/ywfBot_ws_v1.3/install/fairino_description/share/fairino_description/meshes/fairino10_v6/wrist1_link.STL
[2.107s] -- Up-to-date: /home/st/ywfBot_ws_v1.3/install/fairino_description/share/fairino_description/meshes/fairino10_v6/upperarm_link.STL
[2.107s] -- Up-to-date: /home/st/ywfBot_ws_v1.3/install/fairino_description/share/fairino_description/meshes/fairino16_v6
[2.107s] -- Up-to-date: /home/st/ywfBot_ws_v1.3/install/fairino_description/share/fairino_description/meshes/fairino16_v6/wrist3_link.STL
[2.107s] -- Up-to-date: /home/st/ywfBot_ws_v1.3/install/fairino_description/share/fairino_description/meshes/fairino16_v6/base_link.STL
[2.107s] -- Up-to-date: /home/st/ywfBot_ws_v1.3/install/fairino_description/share/fairino_description/meshes/fairino16_v6/shoulder_link.STL
[2.108s] -- Up-to-date: /home/st/ywfBot_ws_v1.3/install/fairino_description/share/fairino_description/meshes/fairino16_v6/forearm_link.STL
[2.108s] -- Up-to-date: /home/st/ywfBot_ws_v1.3/install/fairino_description/share/fairino_description/meshes/fairino16_v6/wrist2_link.STL
[2.108s] -- Up-to-date: /home/st/ywfBot_ws_v1.3/install/fairino_description/share/fairino_description/meshes/fairino16_v6/wrist1_link.STL
[2.108s] -- Up-to-date: /home/st/ywfBot_ws_v1.3/install/fairino_description/share/fairino_description/meshes/fairino16_v6/upperarm_link.STL
[2.108s] -- Up-to-date: /home/st/ywfBot_ws_v1.3/install/fairino_description/share/fairino_description/meshes/fairino30_v6
[2.108s] -- Up-to-date: /home/st/ywfBot_ws_v1.3/install/fairino_description/share/fairino_description/meshes/fairino30_v6/wrist3_link.STL
[2.108s] -- Up-to-date: /home/st/ywfBot_ws_v1.3/install/fairino_description/share/fairino_description/meshes/fairino30_v6/base_link.STL
[2.108s] -- Up-to-date: /home/st/ywfBot_ws_v1.3/install/fairino_description/share/fairino_description/meshes/fairino30_v6/shoulder_link.STL
[2.109s] -- Up-to-date: /home/st/ywfBot_ws_v1.3/install/fairino_description/share/fairino_description/meshes/fairino30_v6/forearm_link.STL
[2.109s] -- Up-to-date: /home/st/ywfBot_ws_v1.3/install/fairino_description/share/fairino_description/meshes/fairino30_v6/tool_link.STL
[2.109s] -- Up-to-date: /home/st/ywfBot_ws_v1.3/install/fairino_description/share/fairino_description/meshes/fairino30_v6/wrist2_link.STL
[2.109s] -- Up-to-date: /home/st/ywfBot_ws_v1.3/install/fairino_description/share/fairino_description/meshes/fairino30_v6/uppperarm_link.STL
[2.141s] -- Up-to-date: /home/st/ywfBot_ws_v1.3/install/fairino_description/share/fairino_description/meshes/fairino30_v6/wrist1_link.STL
[2.141s] -- Up-to-date: /home/st/ywfBot_ws_v1.3/install/fairino_description/share/fairino_description/meshes/fairino20_v6
[2.141s] -- Up-to-date: /home/st/ywfBot_ws_v1.3/install/fairino_description/share/fairino_description/meshes/fairino20_v6/wrist3_link.STL
[2.142s] -- Up-to-date: /home/st/ywfBot_ws_v1.3/install/fairino_description/share/fairino_description/meshes/fairino20_v6/base_link.STL
[2.142s] -- Up-to-date: /home/st/ywfBot_ws_v1.3/install/fairino_description/share/fairino_description/meshes/fairino20_v6/shoulder_link.STL
[2.143s] -- Up-to-date: /home/st/ywfBot_ws_v1.3/install/fairino_description/share/fairino_description/meshes/fairino20_v6/forearm_link.STL
[2.143s] -- Up-to-date: /home/st/ywfBot_ws_v1.3/install/fairino_description/share/fairino_description/meshes/fairino20_v6/wrist2_link.STL
[2.143s] -- Up-to-date: /home/st/ywfBot_ws_v1.3/install/fairino_description/share/fairino_description/meshes/fairino20_v6/wrist1_link.STL
[2.144s] -- Up-to-date: /home/st/ywfBot_ws_v1.3/install/fairino_description/share/fairino_description/meshes/fairino20_v6/upperarm_link.STL
[2.144s] -- Up-to-date: /home/st/ywfBot_ws_v1.3/install/fairino_description/share/fairino_description/urdf
[2.144s] -- Up-to-date: /home/st/ywfBot_ws_v1.3/install/fairino_description/share/fairino_description/urdf/fairino5_v6.urdf
[2.144s] -- Up-to-date: /home/st/ywfBot_ws_v1.3/install/fairino_description/share/fairino_description/urdf/fairino20_v6.urdf
[2.145s] -- Up-to-date: /home/st/ywfBot_ws_v1.3/install/fairino_description/share/fairino_description/urdf/fairino3_mt_v6.urdf
[2.145s] -- Up-to-date: /home/st/ywfBot_ws_v1.3/install/fairino_description/share/fairino_description/urdf/fairino10_v6.urdf
[2.145s] -- Up-to-date: /home/st/ywfBot_ws_v1.3/install/fairino_description/share/fairino_description/urdf/fairino30_v6.urdf
[2.145s] -- Up-to-date: /home/st/ywfBot_ws_v1.3/install/fairino_description/share/fairino_description/urdf/fairino16_v6.urdf
[2.146s] -- Up-to-date: /home/st/ywfBot_ws_v1.3/install/fairino_description/share/fairino_description/urdf/fairino3_v6.urdf
[2.147s] -- Up-to-date: /home/st/ywfBot_ws_v1.3/install/fairino_description/share/ament_index/resource_index/package_run_dependencies/fairino_description
[2.147s] -- Up-to-date: /home/st/ywfBot_ws_v1.3/install/fairino_description/share/ament_index/resource_index/parent_prefix_path/fairino_description
[2.148s] -- Up-to-date: /home/st/ywfBot_ws_v1.3/install/fairino_description/share/fairino_description/environment/ament_prefix_path.sh
[2.148s] -- Up-to-date: /home/st/ywfBot_ws_v1.3/install/fairino_description/share/fairino_description/environment/ament_prefix_path.dsv
[2.148s] -- Up-to-date: /home/st/ywfBot_ws_v1.3/install/fairino_description/share/fairino_description/environment/path.sh
[2.149s] -- Up-to-date: /home/st/ywfBot_ws_v1.3/install/fairino_description/share/fairino_description/environment/path.dsv
[2.149s] -- Up-to-date: /home/st/ywfBot_ws_v1.3/install/fairino_description/share/fairino_description/local_setup.bash
[2.149s] -- Up-to-date: /home/st/ywfBot_ws_v1.3/install/fairino_description/share/fairino_description/local_setup.sh
[2.149s] -- Up-to-date: /home/st/ywfBot_ws_v1.3/install/fairino_description/share/fairino_description/local_setup.zsh
[2.150s] -- Up-to-date: /home/st/ywfBot_ws_v1.3/install/fairino_description/share/fairino_description/local_setup.dsv
[2.150s] -- Up-to-date: /home/st/ywfBot_ws_v1.3/install/fairino_description/share/fairino_description/package.dsv
[2.150s] -- Up-to-date: /home/st/ywfBot_ws_v1.3/install/fairino_description/share/ament_index/resource_index/packages/fairino_description
[2.150s] -- Up-to-date: /home/st/ywfBot_ws_v1.3/install/fairino_description/share/fairino_description/cmake/fairino_descriptionConfig.cmake
[2.151s] -- Up-to-date: /home/st/ywfBot_ws_v1.3/install/fairino_description/share/fairino_description/cmake/fairino_descriptionConfig-version.cmake
[2.151s] -- Up-to-date: /home/st/ywfBot_ws_v1.3/install/fairino_description/share/fairino_description/package.xml
[2.169s] Invoked command in '/home/st/ywfBot_ws_v1.3.1/build/fairino_description' returned '0': CMAKE_PREFIX_PATH=${CMAKE_PREFIX_PATH}:/home/st/ywfBot_ws_v1.3/install/py_action_client:/home/st/ywfBot_ws_v1.3/install/py_action:/home/st/ros2_control_ws/install/rqt_joint_trajectory_controller:/home/st/ros2_control_ws/install/rqt_controller_manager:/home/st/ros2_control_ws/install/ros2controlcli:/home/st/ros2_control_ws/install/ros2_controllers_test_nodes:/home/st/ros2_control_ws/install/ros2_control_demo_testing:/home/st/ywfBot_ws_v1.1/install/py_action_client:/home/st/ywfBot_ws_v1.1/install/py_action:/home/st/ywfBot_ws_v1.1/install/moveit2_ywf_interface:/home/st/ywfBot_ws_v1.1/install/moveit_ywf_msg:/home/st/ywfBot_ws_v1.1/install/fairino_hardware:/home/st/ywfBot_ws_v1.1/install/fairino_msgs:/home/st/ywfBot_ws/install/py_action_client:/home/st/ywfBot_ws/install/py_action:/home/st/ywfBot_ws/install/moveit2_ywf_interface:/home/st/ywfBot_ws/install/moveit_ywf_msg:/home/st/ywfBot_ws/install/frhal_msgs:/home/st/ywfBot_ws/install/fr_ros2:/home/st/moveit2_humble_ws/install/moveit_configs_utils:/home/st/moveit2_humble_ws/install/launch_param_builder:/opt/ros/humble /usr/bin/cmake --install /home/st/ywfBot_ws_v1.3.1/build/fairino_description
