-- The C compiler identification is GNU 11.4.0
-- The CXX compiler identification is GNU 11.4.0
-- Detecting C compiler ABI info
-- Detecting C compiler ABI info - done
-- Check for working C compiler: /usr/bin/cc - skipped
-- Detecting C compile features
-- Detecting C compile features - done
-- Detecting CXX compiler ABI info
-- Detecting CXX compiler ABI info - done
-- Check for working CXX compiler: /usr/bin/c++ - skipped
-- Detecting CXX compile features
-- Detecting CXX compile features - done
-- Found ament_cmake: 1.3.11 (/opt/ros/humble/share/ament_cmake/cmake)
-- Found Python3: /usr/bin/python3 (found version "3.10.12") found components: Interpreter 
-- Found rosidl_default_generators: 1.2.0 (/opt/ros/humble/share/rosidl_default_generators/cmake)
-- Using all available rosidl_typesupport_c: rosidl_typesupport_fastrtps_c;rosidl_typesupport_introspection_c
-- Found rosidl_adapter: 3.1.6 (/opt/ros/humble/share/rosidl_adapter/cmake)
-- Using all available rosidl_typesupport_cpp: rosidl_typesupport_fastrtps_cpp;rosidl_typesupport_introspection_cpp
-- Found ament_cmake_ros: 0.10.0 (/opt/ros/humble/share/ament_cmake_ros/cmake)
-- Using all available rosidl_typesupport_c: rosidl_typesupport_fastrtps_c;rosidl_typesupport_introspection_c
-- Using all available rosidl_typesupport_cpp: rosidl_typesupport_fastrtps_cpp;rosidl_typesupport_introspection_cpp
-- Found PythonInterp: /usr/bin/python3 (found suitable version "3.10.12", minimum required is "3.6") 
-- Found python_cmake_module: 0.10.0 (/opt/ros/humble/share/python_cmake_module/cmake)
-- Found PythonLibs: /usr/lib/x86_64-linux-gnu/libpython3.10.so (found suitable version "3.10.12", minimum required is "3.5") 
-- Using PYTHON_EXECUTABLE: /usr/bin/python3
-- Using PYTHON_INCLUDE_DIRS: /usr/include/python3.10
-- Using PYTHON_LIBRARIES: /usr/lib/x86_64-linux-gnu/libpython3.10.so
-- Found PythonExtra: .so  
-- Found ament_lint_auto: 0.12.11 (/opt/ros/humble/share/ament_lint_auto/cmake)
-- Added test 'lint_cmake' to check CMake code style
-- Added test 'xmllint' to check XML markup files
-- Configuring done
-- Generating done
-- Build files have been written to: /home/st/ywfBot_ws/build/frhal_msgs
[  1%] [34m[1mGenerating C code for ROS interfaces[0m
[  3%] [34m[1mGenerating C++ code for ROS interfaces[0m
[  3%] Built target ament_cmake_python_copy_frhal_msgs
running egg_info
creating frhal_msgs.egg-info
writing frhal_msgs.egg-info/PKG-INFO
writing dependency_links to frhal_msgs.egg-info/dependency_links.txt
writing top-level names to frhal_msgs.egg-info/top_level.txt
writing manifest file 'frhal_msgs.egg-info/SOURCES.txt'
reading manifest file 'frhal_msgs.egg-info/SOURCES.txt'
writing manifest file 'frhal_msgs.egg-info/SOURCES.txt'
[  3%] Built target ament_cmake_python_build_frhal_msgs_egg
[  4%] [32mBuilding C object CMakeFiles/frhal_msgs__rosidl_generator_c.dir/rosidl_generator_c/frhal_msgs/srv/detail/ros_cmd_interface__functions.c.o[0m
[  6%] [32mBuilding C object CMakeFiles/frhal_msgs__rosidl_generator_c.dir/rosidl_generator_c/frhal_msgs/msg/detail/fr_state__functions.c.o[0m
[  7%] [32mBuilding C object CMakeFiles/frhal_msgs__rosidl_generator_c.dir/rosidl_generator_c/frhal_msgs/srv/detail/trigger__functions.c.o[0m
[  9%] [32mBuilding C object CMakeFiles/frhal_msgs__rosidl_generator_c.dir/rosidl_generator_c/frhal_msgs/srv/detail/calib_interface__functions.c.o[0m
[ 11%] [32mBuilding C object CMakeFiles/frhal_msgs__rosidl_generator_c.dir/rosidl_generator_c/frhal_msgs/srv/detail/robot_interface__functions.c.o[0m
[ 11%] Built target frhal_msgs__cpp
[ 12%] [34m[1mGenerating C++ type support dispatch for ROS interfaces[0m
[ 14%] [34m[1mGenerating C++ type support for eProsima Fast-RTPS[0m
[ 15%] [34m[1mGenerating C++ introspection for ROS interfaces[0m
[ 17%] [32m[1mLinking C shared library libfrhal_msgs__rosidl_generator_c.so[0m
[ 17%] Built target frhal_msgs__rosidl_generator_c
[ 19%] [34m[1mGenerating C type support for eProsima Fast-RTPS[0m
[ 20%] [34m[1mGenerating C introspection for ROS interfaces[0m
[ 22%] [34m[1mGenerating C type support dispatch for ROS interfaces[0m
[ 23%] [32mBuilding CXX object CMakeFiles/frhal_msgs__rosidl_typesupport_cpp.dir/rosidl_typesupport_cpp/frhal_msgs/srv/ros_cmd_interface__type_support.cpp.o[0m
[ 25%] [32mBuilding CXX object CMakeFiles/frhal_msgs__rosidl_typesupport_cpp.dir/rosidl_typesupport_cpp/frhal_msgs/msg/fr_state__type_support.cpp.o[0m
[ 26%] [32mBuilding CXX object CMakeFiles/frhal_msgs__rosidl_typesupport_cpp.dir/rosidl_typesupport_cpp/frhal_msgs/srv/trigger__type_support.cpp.o[0m
[ 28%] [32mBuilding CXX object CMakeFiles/frhal_msgs__rosidl_typesupport_cpp.dir/rosidl_typesupport_cpp/frhal_msgs/srv/robot_interface__type_support.cpp.o[0m
[ 30%] [32mBuilding CXX object CMakeFiles/frhal_msgs__rosidl_typesupport_cpp.dir/rosidl_typesupport_cpp/frhal_msgs/srv/calib_interface__type_support.cpp.o[0m
[ 31%] [32mBuilding CXX object CMakeFiles/frhal_msgs__rosidl_typesupport_c.dir/rosidl_typesupport_c/frhal_msgs/srv/ros_cmd_interface__type_support.cpp.o[0m
[ 33%] [32mBuilding CXX object CMakeFiles/frhal_msgs__rosidl_typesupport_c.dir/rosidl_typesupport_c/frhal_msgs/msg/fr_state__type_support.cpp.o[0m
[ 34%] [32mBuilding CXX object CMakeFiles/frhal_msgs__rosidl_typesupport_c.dir/rosidl_typesupport_c/frhal_msgs/srv/trigger__type_support.cpp.o[0m
[ 36%] [32mBuilding CXX object CMakeFiles/frhal_msgs__rosidl_typesupport_introspection_cpp.dir/rosidl_typesupport_introspection_cpp/frhal_msgs/srv/detail/ros_cmd_interface__type_support.cpp.o[0m
[ 38%] [32mBuilding CXX object CMakeFiles/frhal_msgs__rosidl_typesupport_c.dir/rosidl_typesupport_c/frhal_msgs/srv/robot_interface__type_support.cpp.o[0m
[ 39%] [32mBuilding CXX object CMakeFiles/frhal_msgs__rosidl_typesupport_introspection_cpp.dir/rosidl_typesupport_introspection_cpp/frhal_msgs/msg/detail/fr_state__type_support.cpp.o[0m
[ 41%] [32mBuilding CXX object CMakeFiles/frhal_msgs__rosidl_typesupport_c.dir/rosidl_typesupport_c/frhal_msgs/srv/calib_interface__type_support.cpp.o[0m
[ 42%] [32mBuilding CXX object CMakeFiles/frhal_msgs__rosidl_typesupport_introspection_cpp.dir/rosidl_typesupport_introspection_cpp/frhal_msgs/srv/detail/trigger__type_support.cpp.o[0m
[ 44%] [32mBuilding CXX object CMakeFiles/frhal_msgs__rosidl_typesupport_introspection_cpp.dir/rosidl_typesupport_introspection_cpp/frhal_msgs/srv/detail/robot_interface__type_support.cpp.o[0m
[ 46%] [32mBuilding CXX object CMakeFiles/frhal_msgs__rosidl_typesupport_introspection_cpp.dir/rosidl_typesupport_introspection_cpp/frhal_msgs/srv/detail/calib_interface__type_support.cpp.o[0m
[ 47%] [32mBuilding CXX object CMakeFiles/frhal_msgs__rosidl_typesupport_fastrtps_cpp.dir/rosidl_typesupport_fastrtps_cpp/frhal_msgs/srv/detail/dds_fastrtps/ros_cmd_interface__type_support.cpp.o[0m
[ 49%] [32m[1mLinking CXX shared library libfrhal_msgs__rosidl_typesupport_c.so[0m
[ 50%] [32mBuilding CXX object CMakeFiles/frhal_msgs__rosidl_typesupport_fastrtps_cpp.dir/rosidl_typesupport_fastrtps_cpp/frhal_msgs/msg/detail/dds_fastrtps/fr_state__type_support.cpp.o[0m
[ 52%] [32mBuilding CXX object CMakeFiles/frhal_msgs__rosidl_typesupport_fastrtps_cpp.dir/rosidl_typesupport_fastrtps_cpp/frhal_msgs/srv/detail/dds_fastrtps/trigger__type_support.cpp.o[0m
[ 53%] [32mBuilding CXX object CMakeFiles/frhal_msgs__rosidl_typesupport_fastrtps_cpp.dir/rosidl_typesupport_fastrtps_cpp/frhal_msgs/srv/detail/dds_fastrtps/robot_interface__type_support.cpp.o[0m
[ 55%] [32mBuilding CXX object CMakeFiles/frhal_msgs__rosidl_typesupport_fastrtps_cpp.dir/rosidl_typesupport_fastrtps_cpp/frhal_msgs/srv/detail/dds_fastrtps/calib_interface__type_support.cpp.o[0m
[ 57%] [32mBuilding CXX object CMakeFiles/frhal_msgs__rosidl_typesupport_fastrtps_c.dir/rosidl_typesupport_fastrtps_c/frhal_msgs/msg/detail/fr_state__type_support_c.cpp.o[0m
[ 58%] [32mBuilding C object CMakeFiles/frhal_msgs__rosidl_typesupport_introspection_c.dir/rosidl_typesupport_introspection_c/frhal_msgs/srv/detail/ros_cmd_interface__type_support.c.o[0m
[ 58%] Built target frhal_msgs__rosidl_typesupport_c
[ 60%] [32mBuilding CXX object CMakeFiles/frhal_msgs__rosidl_typesupport_fastrtps_c.dir/rosidl_typesupport_fastrtps_c/frhal_msgs/srv/detail/ros_cmd_interface__type_support_c.cpp.o[0m
[ 61%] [32mBuilding CXX object CMakeFiles/frhal_msgs__rosidl_typesupport_fastrtps_c.dir/rosidl_typesupport_fastrtps_c/frhal_msgs/srv/detail/trigger__type_support_c.cpp.o[0m
[ 63%] [32mBuilding C object CMakeFiles/frhal_msgs__rosidl_typesupport_introspection_c.dir/rosidl_typesupport_introspection_c/frhal_msgs/msg/detail/fr_state__type_support.c.o[0m
[ 65%] [32m[1mLinking CXX shared library libfrhal_msgs__rosidl_typesupport_cpp.so[0m
[ 66%] [32mBuilding C object CMakeFiles/frhal_msgs__rosidl_typesupport_introspection_c.dir/rosidl_typesupport_introspection_c/frhal_msgs/srv/detail/trigger__type_support.c.o[0m
[ 66%] Built target frhal_msgs__rosidl_typesupport_cpp
[ 68%] [32mBuilding CXX object CMakeFiles/frhal_msgs__rosidl_typesupport_fastrtps_c.dir/rosidl_typesupport_fastrtps_c/frhal_msgs/srv/detail/calib_interface__type_support_c.cpp.o[0m
[ 69%] [32mBuilding CXX object CMakeFiles/frhal_msgs__rosidl_typesupport_fastrtps_c.dir/rosidl_typesupport_fastrtps_c/frhal_msgs/srv/detail/robot_interface__type_support_c.cpp.o[0m
[ 71%] [32mBuilding C object CMakeFiles/frhal_msgs__rosidl_typesupport_introspection_c.dir/rosidl_typesupport_introspection_c/frhal_msgs/srv/detail/robot_interface__type_support.c.o[0m
[ 73%] [32mBuilding C object CMakeFiles/frhal_msgs__rosidl_typesupport_introspection_c.dir/rosidl_typesupport_introspection_c/frhal_msgs/srv/detail/calib_interface__type_support.c.o[0m
[ 74%] [32m[1mLinking C shared library libfrhal_msgs__rosidl_typesupport_introspection_c.so[0m
[ 74%] Built target frhal_msgs__rosidl_typesupport_introspection_c
[ 76%] [32m[1mLinking CXX shared library libfrhal_msgs__rosidl_typesupport_introspection_cpp.so[0m
[ 76%] Built target frhal_msgs__rosidl_typesupport_introspection_cpp
[ 77%] [32m[1mLinking CXX shared library libfrhal_msgs__rosidl_typesupport_fastrtps_cpp.so[0m
[ 79%] [32m[1mLinking CXX shared library libfrhal_msgs__rosidl_typesupport_fastrtps_c.so[0m
[ 79%] Built target frhal_msgs__rosidl_typesupport_fastrtps_c
[ 79%] Built target frhal_msgs__rosidl_typesupport_fastrtps_cpp
[ 79%] Built target frhal_msgs
[ 80%] [34m[1mGenerating Python code for ROS interfaces[0m
[ 80%] Built target frhal_msgs__py
[ 82%] [32mBuilding C object CMakeFiles/frhal_msgs__rosidl_generator_py.dir/rosidl_generator_py/frhal_msgs/srv/_ros_cmd_interface_s.c.o[0m
[ 84%] [32mBuilding C object CMakeFiles/frhal_msgs__rosidl_generator_py.dir/rosidl_generator_py/frhal_msgs/msg/_fr_state_s.c.o[0m
[ 85%] [32mBuilding C object CMakeFiles/frhal_msgs__rosidl_generator_py.dir/rosidl_generator_py/frhal_msgs/srv/_trigger_s.c.o[0m
[ 87%] [32mBuilding C object CMakeFiles/frhal_msgs__rosidl_generator_py.dir/rosidl_generator_py/frhal_msgs/srv/_robot_interface_s.c.o[0m
[ 88%] [32mBuilding C object CMakeFiles/frhal_msgs__rosidl_generator_py.dir/rosidl_generator_py/frhal_msgs/srv/_calib_interface_s.c.o[0m
[ 90%] [32m[1mLinking C shared library rosidl_generator_py/frhal_msgs/libfrhal_msgs__rosidl_generator_py.so[0m
[ 90%] Built target frhal_msgs__rosidl_generator_py
[ 92%] [32mBuilding C object CMakeFiles/frhal_msgs__rosidl_typesupport_introspection_c__pyext.dir/rosidl_generator_py/frhal_msgs/_frhal_msgs_s.ep.rosidl_typesupport_introspection_c.c.o[0m
[ 93%] [32mBuilding C object CMakeFiles/frhal_msgs__rosidl_typesupport_fastrtps_c__pyext.dir/rosidl_generator_py/frhal_msgs/_frhal_msgs_s.ep.rosidl_typesupport_fastrtps_c.c.o[0m
[ 95%] [32mBuilding C object CMakeFiles/frhal_msgs__rosidl_typesupport_c__pyext.dir/rosidl_generator_py/frhal_msgs/_frhal_msgs_s.ep.rosidl_typesupport_c.c.o[0m
[ 96%] [32m[1mLinking C shared library rosidl_generator_py/frhal_msgs/frhal_msgs_s__rosidl_typesupport_introspection_c.cpython-310-x86_64-linux-gnu.so[0m
[ 98%] [32m[1mLinking C shared library rosidl_generator_py/frhal_msgs/frhal_msgs_s__rosidl_typesupport_fastrtps_c.cpython-310-x86_64-linux-gnu.so[0m
[100%] [32m[1mLinking C shared library rosidl_generator_py/frhal_msgs/frhal_msgs_s__rosidl_typesupport_c.cpython-310-x86_64-linux-gnu.so[0m
[100%] Built target frhal_msgs__rosidl_typesupport_c__pyext
[100%] Built target frhal_msgs__rosidl_typesupport_introspection_c__pyext
[100%] Built target frhal_msgs__rosidl_typesupport_fastrtps_c__pyext
