[0.067s] Invoking command in '/home/st/ywfBot_ws/build/frhal_msgs': CMAKE_PREFIX_PATH=/opt/ros/humble /usr/bin/cmake /home/st/ywfBot_ws/src/frhal_msgs -DCMAKE_INSTALL_PREFIX=/home/st/ywfBot_ws/install/frhal_msgs
[0.769s] -- The C compiler identification is GNU 11.4.0
[0.769s] -- The CXX compiler identification is GNU 11.4.0
[0.769s] -- Detecting C compiler ABI info
[0.769s] -- Detecting C compiler ABI info - done
[0.769s] -- Check for working C compiler: /usr/bin/cc - skipped
[0.769s] -- Detecting C compile features
[0.769s] -- Detecting C compile features - done
[0.770s] -- Detecting CXX compiler ABI info
[0.835s] -- Detecting CXX compiler ABI info - done
[0.845s] -- Check for working CXX compiler: /usr/bin/c++ - skipped
[0.845s] -- Detecting CXX compile features
[0.846s] -- Detecting CXX compile features - done
[0.850s] -- Found ament_cmake: 1.3.11 (/opt/ros/humble/share/ament_cmake/cmake)
[1.224s] -- Found Python3: /usr/bin/python3 (found version "3.10.12") found components: Interpreter 
[1.437s] -- Found rosidl_default_generators: 1.2.0 (/opt/ros/humble/share/rosidl_default_generators/cmake)
[1.442s] -- Using all available rosidl_typesupport_c: rosidl_typesupport_fastrtps_c;rosidl_typesupport_introspection_c
[1.461s] -- Found rosidl_adapter: 3.1.6 (/opt/ros/humble/share/rosidl_adapter/cmake)
[1.582s] -- Using all available rosidl_typesupport_cpp: rosidl_typesupport_fastrtps_cpp;rosidl_typesupport_introspection_cpp
[2.314s] -- Found ament_cmake_ros: 0.10.0 (/opt/ros/humble/share/ament_cmake_ros/cmake)
[2.731s] -- Using all available rosidl_typesupport_c: rosidl_typesupport_fastrtps_c;rosidl_typesupport_introspection_c
[3.340s] -- Using all available rosidl_typesupport_cpp: rosidl_typesupport_fastrtps_cpp;rosidl_typesupport_introspection_cpp
[3.385s] -- Found PythonInterp: /usr/bin/python3 (found suitable version "3.10.12", minimum required is "3.6") 
[3.389s] -- Found python_cmake_module: 0.10.0 (/opt/ros/humble/share/python_cmake_module/cmake)
[3.449s] -- Found PythonLibs: /usr/lib/x86_64-linux-gnu/libpython3.10.so (found suitable version "3.10.12", minimum required is "3.5") 
[3.449s] -- Using PYTHON_EXECUTABLE: /usr/bin/python3
[3.449s] -- Using PYTHON_INCLUDE_DIRS: /usr/include/python3.10
[3.449s] -- Using PYTHON_LIBRARIES: /usr/lib/x86_64-linux-gnu/libpython3.10.so
[3.501s] -- Found PythonExtra: .so  
[3.596s] -- Found ament_lint_auto: 0.12.11 (/opt/ros/humble/share/ament_lint_auto/cmake)
[3.630s] -- Added test 'lint_cmake' to check CMake code style
[3.642s] -- Added test 'xmllint' to check XML markup files
[3.657s] -- Configuring done
[3.737s] -- Generating done
[3.739s] -- Build files have been written to: /home/st/ywfBot_ws/build/frhal_msgs
[3.756s] Invoked command in '/home/st/ywfBot_ws/build/frhal_msgs' returned '0': CMAKE_PREFIX_PATH=/opt/ros/humble /usr/bin/cmake /home/st/ywfBot_ws/src/frhal_msgs -DCMAKE_INSTALL_PREFIX=/home/st/ywfBot_ws/install/frhal_msgs
[3.757s] Invoking command in '/home/st/ywfBot_ws/build/frhal_msgs': CMAKE_PREFIX_PATH=/opt/ros/humble /usr/bin/cmake --build /home/st/ywfBot_ws/build/frhal_msgs -- -j16 -l16
[3.859s] [  1%] [34m[1mGenerating C code for ROS interfaces[0m
[3.890s] [  3%] [34m[1mGenerating C++ code for ROS interfaces[0m
[3.914s] [  3%] Built target ament_cmake_python_copy_frhal_msgs
[4.560s] running egg_info
[4.561s] creating frhal_msgs.egg-info
[4.561s] writing frhal_msgs.egg-info/PKG-INFO
[4.562s] writing dependency_links to frhal_msgs.egg-info/dependency_links.txt
[4.562s] writing top-level names to frhal_msgs.egg-info/top_level.txt
[4.562s] writing manifest file 'frhal_msgs.egg-info/SOURCES.txt'
[4.570s] reading manifest file 'frhal_msgs.egg-info/SOURCES.txt'
[4.570s] writing manifest file 'frhal_msgs.egg-info/SOURCES.txt'
[4.625s] [  3%] Built target ament_cmake_python_build_frhal_msgs_egg
[5.645s] [  4%] [32mBuilding C object CMakeFiles/frhal_msgs__rosidl_generator_c.dir/rosidl_generator_c/frhal_msgs/srv/detail/ros_cmd_interface__functions.c.o[0m
[5.668s] [  6%] [32mBuilding C object CMakeFiles/frhal_msgs__rosidl_generator_c.dir/rosidl_generator_c/frhal_msgs/msg/detail/fr_state__functions.c.o[0m
[5.669s] [  7%] [32mBuilding C object CMakeFiles/frhal_msgs__rosidl_generator_c.dir/rosidl_generator_c/frhal_msgs/srv/detail/trigger__functions.c.o[0m
[5.675s] [  9%] [32mBuilding C object CMakeFiles/frhal_msgs__rosidl_generator_c.dir/rosidl_generator_c/frhal_msgs/srv/detail/calib_interface__functions.c.o[0m
[5.684s] [ 11%] [32mBuilding C object CMakeFiles/frhal_msgs__rosidl_generator_c.dir/rosidl_generator_c/frhal_msgs/srv/detail/robot_interface__functions.c.o[0m
[5.787s] [ 11%] Built target frhal_msgs__cpp
[5.834s] [ 12%] [34m[1mGenerating C++ type support dispatch for ROS interfaces[0m
[5.835s] [ 14%] [34m[1mGenerating C++ type support for eProsima Fast-RTPS[0m
[5.853s] [ 15%] [34m[1mGenerating C++ introspection for ROS interfaces[0m
[5.893s] [ 17%] [32m[1mLinking C shared library libfrhal_msgs__rosidl_generator_c.so[0m
[5.983s] [ 17%] Built target frhal_msgs__rosidl_generator_c
[6.012s] [ 19%] [34m[1mGenerating C type support for eProsima Fast-RTPS[0m
[6.015s] [ 20%] [34m[1mGenerating C introspection for ROS interfaces[0m
[6.025s] [ 22%] [34m[1mGenerating C type support dispatch for ROS interfaces[0m
[7.132s] [ 23%] [32mBuilding CXX object CMakeFiles/frhal_msgs__rosidl_typesupport_cpp.dir/rosidl_typesupport_cpp/frhal_msgs/srv/ros_cmd_interface__type_support.cpp.o[0m
[7.133s] [ 25%] [32mBuilding CXX object CMakeFiles/frhal_msgs__rosidl_typesupport_cpp.dir/rosidl_typesupport_cpp/frhal_msgs/msg/fr_state__type_support.cpp.o[0m
[7.169s] [ 26%] [32mBuilding CXX object CMakeFiles/frhal_msgs__rosidl_typesupport_cpp.dir/rosidl_typesupport_cpp/frhal_msgs/srv/trigger__type_support.cpp.o[0m
[7.187s] [ 28%] [32mBuilding CXX object CMakeFiles/frhal_msgs__rosidl_typesupport_cpp.dir/rosidl_typesupport_cpp/frhal_msgs/srv/robot_interface__type_support.cpp.o[0m
[7.187s] [ 30%] [32mBuilding CXX object CMakeFiles/frhal_msgs__rosidl_typesupport_cpp.dir/rosidl_typesupport_cpp/frhal_msgs/srv/calib_interface__type_support.cpp.o[0m
[7.419s] [ 31%] [32mBuilding CXX object CMakeFiles/frhal_msgs__rosidl_typesupport_c.dir/rosidl_typesupport_c/frhal_msgs/srv/ros_cmd_interface__type_support.cpp.o[0m
[7.419s] [ 33%] [32mBuilding CXX object CMakeFiles/frhal_msgs__rosidl_typesupport_c.dir/rosidl_typesupport_c/frhal_msgs/msg/fr_state__type_support.cpp.o[0m
[7.421s] [ 34%] [32mBuilding CXX object CMakeFiles/frhal_msgs__rosidl_typesupport_c.dir/rosidl_typesupport_c/frhal_msgs/srv/trigger__type_support.cpp.o[0m
[7.505s] [ 36%] [32mBuilding CXX object CMakeFiles/frhal_msgs__rosidl_typesupport_introspection_cpp.dir/rosidl_typesupport_introspection_cpp/frhal_msgs/srv/detail/ros_cmd_interface__type_support.cpp.o[0m
[7.506s] [ 38%] [32mBuilding CXX object CMakeFiles/frhal_msgs__rosidl_typesupport_c.dir/rosidl_typesupport_c/frhal_msgs/srv/robot_interface__type_support.cpp.o[0m
[7.550s] [ 39%] [32mBuilding CXX object CMakeFiles/frhal_msgs__rosidl_typesupport_introspection_cpp.dir/rosidl_typesupport_introspection_cpp/frhal_msgs/msg/detail/fr_state__type_support.cpp.o[0m
[7.551s] [ 41%] [32mBuilding CXX object CMakeFiles/frhal_msgs__rosidl_typesupport_c.dir/rosidl_typesupport_c/frhal_msgs/srv/calib_interface__type_support.cpp.o[0m
[7.627s] [ 42%] [32mBuilding CXX object CMakeFiles/frhal_msgs__rosidl_typesupport_introspection_cpp.dir/rosidl_typesupport_introspection_cpp/frhal_msgs/srv/detail/trigger__type_support.cpp.o[0m
[7.774s] [ 44%] [32mBuilding CXX object CMakeFiles/frhal_msgs__rosidl_typesupport_introspection_cpp.dir/rosidl_typesupport_introspection_cpp/frhal_msgs/srv/detail/robot_interface__type_support.cpp.o[0m
[7.774s] [ 46%] [32mBuilding CXX object CMakeFiles/frhal_msgs__rosidl_typesupport_introspection_cpp.dir/rosidl_typesupport_introspection_cpp/frhal_msgs/srv/detail/calib_interface__type_support.cpp.o[0m
[7.945s] [ 47%] [32mBuilding CXX object CMakeFiles/frhal_msgs__rosidl_typesupport_fastrtps_cpp.dir/rosidl_typesupport_fastrtps_cpp/frhal_msgs/srv/detail/dds_fastrtps/ros_cmd_interface__type_support.cpp.o[0m
[7.974s] [ 49%] [32m[1mLinking CXX shared library libfrhal_msgs__rosidl_typesupport_c.so[0m
[8.099s] [ 50%] [32mBuilding CXX object CMakeFiles/frhal_msgs__rosidl_typesupport_fastrtps_cpp.dir/rosidl_typesupport_fastrtps_cpp/frhal_msgs/msg/detail/dds_fastrtps/fr_state__type_support.cpp.o[0m
[8.146s] [ 52%] [32mBuilding CXX object CMakeFiles/frhal_msgs__rosidl_typesupport_fastrtps_cpp.dir/rosidl_typesupport_fastrtps_cpp/frhal_msgs/srv/detail/dds_fastrtps/trigger__type_support.cpp.o[0m
[8.262s] [ 53%] [32mBuilding CXX object CMakeFiles/frhal_msgs__rosidl_typesupport_fastrtps_cpp.dir/rosidl_typesupport_fastrtps_cpp/frhal_msgs/srv/detail/dds_fastrtps/robot_interface__type_support.cpp.o[0m
[8.361s] [ 55%] [32mBuilding CXX object CMakeFiles/frhal_msgs__rosidl_typesupport_fastrtps_cpp.dir/rosidl_typesupport_fastrtps_cpp/frhal_msgs/srv/detail/dds_fastrtps/calib_interface__type_support.cpp.o[0m
[8.390s] [ 57%] [32mBuilding CXX object CMakeFiles/frhal_msgs__rosidl_typesupport_fastrtps_c.dir/rosidl_typesupport_fastrtps_c/frhal_msgs/msg/detail/fr_state__type_support_c.cpp.o[0m
[8.395s] [ 58%] [32mBuilding C object CMakeFiles/frhal_msgs__rosidl_typesupport_introspection_c.dir/rosidl_typesupport_introspection_c/frhal_msgs/srv/detail/ros_cmd_interface__type_support.c.o[0m
[8.396s] [ 58%] Built target frhal_msgs__rosidl_typesupport_c
[8.397s] [ 60%] [32mBuilding CXX object CMakeFiles/frhal_msgs__rosidl_typesupport_fastrtps_c.dir/rosidl_typesupport_fastrtps_c/frhal_msgs/srv/detail/ros_cmd_interface__type_support_c.cpp.o[0m
[8.407s] [ 61%] [32mBuilding CXX object CMakeFiles/frhal_msgs__rosidl_typesupport_fastrtps_c.dir/rosidl_typesupport_fastrtps_c/frhal_msgs/srv/detail/trigger__type_support_c.cpp.o[0m
[8.461s] [ 63%] [32mBuilding C object CMakeFiles/frhal_msgs__rosidl_typesupport_introspection_c.dir/rosidl_typesupport_introspection_c/frhal_msgs/msg/detail/fr_state__type_support.c.o[0m
[8.468s] [ 65%] [32m[1mLinking CXX shared library libfrhal_msgs__rosidl_typesupport_cpp.so[0m
[8.673s] [ 66%] [32mBuilding C object CMakeFiles/frhal_msgs__rosidl_typesupport_introspection_c.dir/rosidl_typesupport_introspection_c/frhal_msgs/srv/detail/trigger__type_support.c.o[0m
[8.709s] [ 66%] Built target frhal_msgs__rosidl_typesupport_cpp
[8.757s] [ 68%] [32mBuilding CXX object CMakeFiles/frhal_msgs__rosidl_typesupport_fastrtps_c.dir/rosidl_typesupport_fastrtps_c/frhal_msgs/srv/detail/calib_interface__type_support_c.cpp.o[0m
[8.759s] [ 69%] [32mBuilding CXX object CMakeFiles/frhal_msgs__rosidl_typesupport_fastrtps_c.dir/rosidl_typesupport_fastrtps_c/frhal_msgs/srv/detail/robot_interface__type_support_c.cpp.o[0m
[8.872s] [ 71%] [32mBuilding C object CMakeFiles/frhal_msgs__rosidl_typesupport_introspection_c.dir/rosidl_typesupport_introspection_c/frhal_msgs/srv/detail/robot_interface__type_support.c.o[0m
[9.026s] [ 73%] [32mBuilding C object CMakeFiles/frhal_msgs__rosidl_typesupport_introspection_c.dir/rosidl_typesupport_introspection_c/frhal_msgs/srv/detail/calib_interface__type_support.c.o[0m
[9.213s] [ 74%] [32m[1mLinking C shared library libfrhal_msgs__rosidl_typesupport_introspection_c.so[0m
[9.418s] [ 74%] Built target frhal_msgs__rosidl_typesupport_introspection_c
[9.593s] [ 76%] [32m[1mLinking CXX shared library libfrhal_msgs__rosidl_typesupport_introspection_cpp.so[0m
[9.796s] [ 76%] Built target frhal_msgs__rosidl_typesupport_introspection_cpp
[9.966s] [ 77%] [32m[1mLinking CXX shared library libfrhal_msgs__rosidl_typesupport_fastrtps_cpp.so[0m
[9.977s] [ 79%] [32m[1mLinking CXX shared library libfrhal_msgs__rosidl_typesupport_fastrtps_c.so[0m
[10.185s] [ 79%] Built target frhal_msgs__rosidl_typesupport_fastrtps_c
[10.192s] [ 79%] Built target frhal_msgs__rosidl_typesupport_fastrtps_cpp
[10.273s] [ 79%] Built target frhal_msgs
[10.359s] [ 80%] [34m[1mGenerating Python code for ROS interfaces[0m
[13.473s] [ 80%] Built target frhal_msgs__py
[13.525s] [ 82%] [32mBuilding C object CMakeFiles/frhal_msgs__rosidl_generator_py.dir/rosidl_generator_py/frhal_msgs/srv/_ros_cmd_interface_s.c.o[0m
[13.525s] [ 84%] [32mBuilding C object CMakeFiles/frhal_msgs__rosidl_generator_py.dir/rosidl_generator_py/frhal_msgs/msg/_fr_state_s.c.o[0m
[13.526s] [ 85%] [32mBuilding C object CMakeFiles/frhal_msgs__rosidl_generator_py.dir/rosidl_generator_py/frhal_msgs/srv/_trigger_s.c.o[0m
[13.527s] [ 87%] [32mBuilding C object CMakeFiles/frhal_msgs__rosidl_generator_py.dir/rosidl_generator_py/frhal_msgs/srv/_robot_interface_s.c.o[0m
[13.528s] [ 88%] [32mBuilding C object CMakeFiles/frhal_msgs__rosidl_generator_py.dir/rosidl_generator_py/frhal_msgs/srv/_calib_interface_s.c.o[0m
[13.844s] [ 90%] [32m[1mLinking C shared library rosidl_generator_py/frhal_msgs/libfrhal_msgs__rosidl_generator_py.so[0m
[13.986s] [ 90%] Built target frhal_msgs__rosidl_generator_py
[14.058s] [ 92%] [32mBuilding C object CMakeFiles/frhal_msgs__rosidl_typesupport_introspection_c__pyext.dir/rosidl_generator_py/frhal_msgs/_frhal_msgs_s.ep.rosidl_typesupport_introspection_c.c.o[0m
[14.058s] [ 93%] [32mBuilding C object CMakeFiles/frhal_msgs__rosidl_typesupport_fastrtps_c__pyext.dir/rosidl_generator_py/frhal_msgs/_frhal_msgs_s.ep.rosidl_typesupport_fastrtps_c.c.o[0m
[14.076s] [ 95%] [32mBuilding C object CMakeFiles/frhal_msgs__rosidl_typesupport_c__pyext.dir/rosidl_generator_py/frhal_msgs/_frhal_msgs_s.ep.rosidl_typesupport_c.c.o[0m
[14.346s] [ 96%] [32m[1mLinking C shared library rosidl_generator_py/frhal_msgs/frhal_msgs_s__rosidl_typesupport_introspection_c.cpython-310-x86_64-linux-gnu.so[0m
[14.357s] [ 98%] [32m[1mLinking C shared library rosidl_generator_py/frhal_msgs/frhal_msgs_s__rosidl_typesupport_fastrtps_c.cpython-310-x86_64-linux-gnu.so[0m
[14.358s] [100%] [32m[1mLinking C shared library rosidl_generator_py/frhal_msgs/frhal_msgs_s__rosidl_typesupport_c.cpython-310-x86_64-linux-gnu.so[0m
[14.435s] [100%] Built target frhal_msgs__rosidl_typesupport_c__pyext
[14.437s] [100%] Built target frhal_msgs__rosidl_typesupport_introspection_c__pyext
[14.448s] [100%] Built target frhal_msgs__rosidl_typesupport_fastrtps_c__pyext
