[2.284s] Invoking command in '/home/st/ywfBot_ws/src/py_action': PYTHONPATH=/home/st/ywfBot_ws/build/py_action/prefix_override:/usr/lib/python3/dist-packages/colcon_core/task/python/colcon_distutils_commands:/home/st/ywfBot_ws/install/py_action/lib/python3.10/site-packages:${PYTHONPATH} /usr/bin/python3 -W ignore:setup.py install is deprecated setup.py egg_info --egg-base ../../build/py_action build --build-base /home/st/ywfBot_ws/build/py_action/build install --record /home/st/ywfBot_ws/build/py_action/install.log --single-version-externally-managed install_data
[2.849s] running egg_info
[2.849s] creating ../../build/py_action/py_action.egg-info
[2.849s] writing ../../build/py_action/py_action.egg-info/PKG-INFO
[2.850s] writing dependency_links to ../../build/py_action/py_action.egg-info/dependency_links.txt
[2.850s] writing entry points to ../../build/py_action/py_action.egg-info/entry_points.txt
[2.850s] writing requirements to ../../build/py_action/py_action.egg-info/requires.txt
[2.850s] writing top-level names to ../../build/py_action/py_action.egg-info/top_level.txt
[2.850s] writing manifest file '../../build/py_action/py_action.egg-info/SOURCES.txt'
[2.852s] reading manifest file '../../build/py_action/py_action.egg-info/SOURCES.txt'
[2.852s] adding license file 'LICENSE'
[2.854s] writing manifest file '../../build/py_action/py_action.egg-info/SOURCES.txt'
[2.854s] running build
[2.854s] running build_py
[2.854s] creating /home/st/ywfBot_ws/build/py_action/build
[2.854s] creating /home/st/ywfBot_ws/build/py_action/build/lib
[2.855s] creating /home/st/ywfBot_ws/build/py_action/build/lib/py_action
[2.855s] copying py_action/__init__.py -> /home/st/ywfBot_ws/build/py_action/build/lib/py_action
[2.855s] copying py_action/py_action_serv.py -> /home/st/ywfBot_ws/build/py_action/build/lib/py_action
[2.855s] running install
[2.855s] running install_lib
[2.856s] creating /home/st/ywfBot_ws/install/py_action/lib/python3.10/site-packages/py_action
[2.856s] copying /home/st/ywfBot_ws/build/py_action/build/lib/py_action/__init__.py -> /home/st/ywfBot_ws/install/py_action/lib/python3.10/site-packages/py_action
[2.856s] copying /home/st/ywfBot_ws/build/py_action/build/lib/py_action/py_action_serv.py -> /home/st/ywfBot_ws/install/py_action/lib/python3.10/site-packages/py_action
[2.856s] byte-compiling /home/st/ywfBot_ws/install/py_action/lib/python3.10/site-packages/py_action/__init__.py to __init__.cpython-310.pyc
[2.856s] byte-compiling /home/st/ywfBot_ws/install/py_action/lib/python3.10/site-packages/py_action/py_action_serv.py to py_action_serv.cpython-310.pyc
[2.857s] running install_data
[2.857s] creating /home/st/ywfBot_ws/install/py_action/share/ament_index
[2.857s] creating /home/st/ywfBot_ws/install/py_action/share/ament_index/resource_index
[2.857s] creating /home/st/ywfBot_ws/install/py_action/share/ament_index/resource_index/packages
[2.858s] copying resource/py_action -> /home/st/ywfBot_ws/install/py_action/share/ament_index/resource_index/packages
[2.858s] copying package.xml -> /home/st/ywfBot_ws/install/py_action/share/py_action
[2.858s] running install_egg_info
[2.858s] Copying ../../build/py_action/py_action.egg-info to /home/st/ywfBot_ws/install/py_action/lib/python3.10/site-packages/py_action-0.0.0-py3.10.egg-info
[2.859s] running install_scripts
[2.915s] Installing py_action_serv script to /home/st/ywfBot_ws/install/py_action/lib/py_action
[2.916s] writing list of installed files to '/home/st/ywfBot_ws/build/py_action/install.log'
[2.982s] Invoked command in '/home/st/ywfBot_ws/src/py_action' returned '0': PYTHONPATH=/home/st/ywfBot_ws/build/py_action/prefix_override:/usr/lib/python3/dist-packages/colcon_core/task/python/colcon_distutils_commands:/home/st/ywfBot_ws/install/py_action/lib/python3.10/site-packages:${PYTHONPATH} /usr/bin/python3 -W ignore:setup.py install is deprecated setup.py egg_info --egg-base ../../build/py_action build --build-base /home/st/ywfBot_ws/build/py_action/build install --record /home/st/ywfBot_ws/build/py_action/install.log --single-version-externally-managed install_data
