running egg_info
writing ../../build/py_action/py_action.egg-info/PKG-INFO
writing dependency_links to ../../build/py_action/py_action.egg-info/dependency_links.txt
writing entry points to ../../build/py_action/py_action.egg-info/entry_points.txt
writing requirements to ../../build/py_action/py_action.egg-info/requires.txt
writing top-level names to ../../build/py_action/py_action.egg-info/top_level.txt
reading manifest file '../../build/py_action/py_action.egg-info/SOURCES.txt'
adding license file 'LICENSE'
writing manifest file '../../build/py_action/py_action.egg-info/SOURCES.txt'
running build
running build_py
running install
running install_lib
running install_data
running install_egg_info
removing '/home/st/ywfBot_ws_v1.3/install/py_action/lib/python3.10/site-packages/py_action-0.0.0-py3.10.egg-info' (and everything under it)
Copying ../../build/py_action/py_action.egg-info to /home/st/ywfBot_ws_v1.3/install/py_action/lib/python3.10/site-packages/py_action-0.0.0-py3.10.egg-info
running install_scripts
Installing py_action_serv script to /home/st/ywfBot_ws_v1.3/install/py_action/lib/py_action
writing list of installed files to '/home/st/ywfBot_ws_v1.3/build/py_action/install.log'
