[3.274s] Invoking command in '/home/st/ywfBot_ws_v1.3/src/py_action': PYTHONPATH=/home/st/ywfBot_ws_v1.3/build/py_action/prefix_override:/usr/lib/python3/dist-packages/colcon_core/task/python/colcon_distutils_commands:/home/st/ywfBot_ws_v1.3/install/py_action/lib/python3.10/site-packages:${PYTHONPATH} /usr/bin/python3 -W ignore:setup.py install is deprecated -W ignore:easy_install command is deprecated setup.py egg_info --egg-base ../../build/py_action build --build-base /home/st/ywfBot_ws_v1.3/build/py_action/build install --record /home/st/ywfBot_ws_v1.3/build/py_action/install.log --single-version-externally-managed install_data
[4.068s] running egg_info
[4.070s] writing ../../build/py_action/py_action.egg-info/PKG-INFO
[4.071s] writing dependency_links to ../../build/py_action/py_action.egg-info/dependency_links.txt
[4.071s] writing entry points to ../../build/py_action/py_action.egg-info/entry_points.txt
[4.071s] writing requirements to ../../build/py_action/py_action.egg-info/requires.txt
[4.072s] writing top-level names to ../../build/py_action/py_action.egg-info/top_level.txt
[4.077s] reading manifest file '../../build/py_action/py_action.egg-info/SOURCES.txt'
[4.077s] adding license file 'LICENSE'
[4.080s] writing manifest file '../../build/py_action/py_action.egg-info/SOURCES.txt'
[4.080s] running build
[4.081s] running build_py
[4.081s] running install
[4.081s] running install_lib
[4.087s] running install_data
[4.088s] running install_egg_info
[4.092s] removing '/home/st/ywfBot_ws_v1.3/install/py_action/lib/python3.10/site-packages/py_action-0.0.0-py3.10.egg-info' (and everything under it)
[4.092s] Copying ../../build/py_action/py_action.egg-info to /home/st/ywfBot_ws_v1.3/install/py_action/lib/python3.10/site-packages/py_action-0.0.0-py3.10.egg-info
[4.094s] running install_scripts
[4.149s] Installing py_action_serv script to /home/st/ywfBot_ws_v1.3/install/py_action/lib/py_action
[4.150s] writing list of installed files to '/home/st/ywfBot_ws_v1.3/build/py_action/install.log'
[4.201s] Invoked command in '/home/st/ywfBot_ws_v1.3/src/py_action' returned '0': PYTHONPATH=/home/st/ywfBot_ws_v1.3/build/py_action/prefix_override:/usr/lib/python3/dist-packages/colcon_core/task/python/colcon_distutils_commands:/home/st/ywfBot_ws_v1.3/install/py_action/lib/python3.10/site-packages:${PYTHONPATH} /usr/bin/python3 -W ignore:setup.py install is deprecated -W ignore:easy_install command is deprecated setup.py egg_info --egg-base ../../build/py_action build --build-base /home/st/ywfBot_ws_v1.3/build/py_action/build install --record /home/st/ywfBot_ws_v1.3/build/py_action/install.log --single-version-externally-managed install_data
