[0.172s] Invoking command in '/home/st/ywfBot_ws_v1.3.1/build/moveit_ywf_msg': CMAKE_PREFIX_PATH=${CMAKE_PREFIX_PATH}:/home/st/ywfBot_ws_v1.3/install/py_action_client:/home/st/ywfBot_ws_v1.3/install/py_action:/home/st/ros2_control_ws/install/rqt_joint_trajectory_controller:/home/st/ros2_control_ws/install/rqt_controller_manager:/home/st/ros2_control_ws/install/ros2controlcli:/home/st/ros2_control_ws/install/ros2_controllers_test_nodes:/home/st/ros2_control_ws/install/ros2_control_demo_testing:/home/st/ywfBot_ws_v1.1/install/py_action_client:/home/st/ywfBot_ws_v1.1/install/py_action:/home/st/ywfBot_ws_v1.1/install/moveit2_ywf_interface:/home/st/ywfBot_ws_v1.1/install/moveit_ywf_msg:/home/st/ywfBot_ws_v1.1/install/fairino_hardware:/home/st/ywfBot_ws_v1.1/install/fairino_msgs:/home/st/ywfBot_ws/install/py_action_client:/home/st/ywfBot_ws/install/py_action:/home/st/ywfBot_ws/install/moveit2_ywf_interface:/home/st/ywfBot_ws/install/moveit_ywf_msg:/home/st/ywfBot_ws/install/frhal_msgs:/home/st/ywfBot_ws/install/fr_ros2:/home/st/moveit2_humble_ws/install/moveit_configs_utils:/home/st/moveit2_humble_ws/install/launch_param_builder:/opt/ros/humble /usr/bin/cmake --build /home/st/ywfBot_ws_v1.3.1/build/moveit_ywf_msg -- -j16 -l16
[1.040s] [  9%] Built target moveit_ywf_msg__rosidl_generator_c
[1.040s] [ 12%] Built target moveit_ywf_msg__cpp
[1.040s] [ 12%] Built target ament_cmake_python_copy_moveit_ywf_msg
[1.040s] [ 22%] Built target moveit_ywf_msg__rosidl_typesupport_introspection_c
[1.040s] [ 41%] Built target moveit_ywf_msg__rosidl_typesupport_fastrtps_c
[1.041s] [ 41%] Built target moveit_ywf_msg__rosidl_typesupport_fastrtps_cpp
[1.041s] [ 51%] Built target moveit_ywf_msg__rosidl_typesupport_introspection_cpp
[1.041s] [ 61%] Built target moveit_ywf_msg__rosidl_typesupport_cpp
[1.041s] [ 70%] Built target moveit_ywf_msg__rosidl_typesupport_c
[1.041s] [ 70%] Built target moveit_ywf_msg
[1.041s] [ 74%] Built target moveit_ywf_msg__py
[1.041s] [ 80%] Built target moveit_ywf_msg__rosidl_generator_py
[1.042s] [0mCMake Error: The current CMakeCache.txt directory /home/st/ywfBot_ws_v1.3.1/build/moveit_ywf_msg/CMakeCache.txt is different than the directory /home/st/ywfBot_ws_v1.3/build/moveit_ywf_msg where CMakeCache.txt was created. This may result in binaries being created in the wrong place. If you are not sure, reedit the CMakeCache.txt[0m
[1.079s] [ 87%] Built target moveit_ywf_msg__rosidl_typesupport_fastrtps_c__pyext
[1.080s] [ 93%] Built target moveit_ywf_msg__rosidl_typesupport_c__pyext
[1.080s] [100%] Built target moveit_ywf_msg__rosidl_typesupport_introspection_c__pyext
[1.292s] running egg_info
[1.294s] writing moveit_ywf_msg.egg-info/PKG-INFO
[1.295s] writing dependency_links to moveit_ywf_msg.egg-info/dependency_links.txt
[1.295s] writing top-level names to moveit_ywf_msg.egg-info/top_level.txt
[1.301s] reading manifest file 'moveit_ywf_msg.egg-info/SOURCES.txt'
[1.302s] writing manifest file 'moveit_ywf_msg.egg-info/SOURCES.txt'
[1.416s] [100%] Built target ament_cmake_python_build_moveit_ywf_msg_egg
[1.960s] Invoked command in '/home/st/ywfBot_ws_v1.3.1/build/moveit_ywf_msg' returned '0': CMAKE_PREFIX_PATH=${CMAKE_PREFIX_PATH}:/home/st/ywfBot_ws_v1.3/install/py_action_client:/home/st/ywfBot_ws_v1.3/install/py_action:/home/st/ros2_control_ws/install/rqt_joint_trajectory_controller:/home/st/ros2_control_ws/install/rqt_controller_manager:/home/st/ros2_control_ws/install/ros2controlcli:/home/st/ros2_control_ws/install/ros2_controllers_test_nodes:/home/st/ros2_control_ws/install/ros2_control_demo_testing:/home/st/ywfBot_ws_v1.1/install/py_action_client:/home/st/ywfBot_ws_v1.1/install/py_action:/home/st/ywfBot_ws_v1.1/install/moveit2_ywf_interface:/home/st/ywfBot_ws_v1.1/install/moveit_ywf_msg:/home/st/ywfBot_ws_v1.1/install/fairino_hardware:/home/st/ywfBot_ws_v1.1/install/fairino_msgs:/home/st/ywfBot_ws/install/py_action_client:/home/st/ywfBot_ws/install/py_action:/home/st/ywfBot_ws/install/moveit2_ywf_interface:/home/st/ywfBot_ws/install/moveit_ywf_msg:/home/st/ywfBot_ws/install/frhal_msgs:/home/st/ywfBot_ws/install/fr_ros2:/home/st/moveit2_humble_ws/install/moveit_configs_utils:/home/st/moveit2_humble_ws/install/launch_param_builder:/opt/ros/humble /usr/bin/cmake --build /home/st/ywfBot_ws_v1.3.1/build/moveit_ywf_msg -- -j16 -l16
[1.965s] Invoking command in '/home/st/ywfBot_ws_v1.3.1/build/moveit_ywf_msg': CMAKE_PREFIX_PATH=${CMAKE_PREFIX_PATH}:/home/st/ywfBot_ws_v1.3/install/py_action_client:/home/st/ywfBot_ws_v1.3/install/py_action:/home/st/ros2_control_ws/install/rqt_joint_trajectory_controller:/home/st/ros2_control_ws/install/rqt_controller_manager:/home/st/ros2_control_ws/install/ros2controlcli:/home/st/ros2_control_ws/install/ros2_controllers_test_nodes:/home/st/ros2_control_ws/install/ros2_control_demo_testing:/home/st/ywfBot_ws_v1.1/install/py_action_client:/home/st/ywfBot_ws_v1.1/install/py_action:/home/st/ywfBot_ws_v1.1/install/moveit2_ywf_interface:/home/st/ywfBot_ws_v1.1/install/moveit_ywf_msg:/home/st/ywfBot_ws_v1.1/install/fairino_hardware:/home/st/ywfBot_ws_v1.1/install/fairino_msgs:/home/st/ywfBot_ws/install/py_action_client:/home/st/ywfBot_ws/install/py_action:/home/st/ywfBot_ws/install/moveit2_ywf_interface:/home/st/ywfBot_ws/install/moveit_ywf_msg:/home/st/ywfBot_ws/install/frhal_msgs:/home/st/ywfBot_ws/install/fr_ros2:/home/st/moveit2_humble_ws/install/moveit_configs_utils:/home/st/moveit2_humble_ws/install/launch_param_builder:/opt/ros/humble /usr/bin/cmake --install /home/st/ywfBot_ws_v1.3.1/build/moveit_ywf_msg
[2.038s] -- Install configuration: ""
[2.038s] -- Up-to-date: /home/st/ywfBot_ws_v1.3/install/moveit_ywf_msg/share/ament_index/resource_index/rosidl_interfaces/moveit_ywf_msg
[2.039s] -- Up-to-date: /home/st/ywfBot_ws_v1.3/install/moveit_ywf_msg/include/moveit_ywf_msg/moveit_ywf_msg
[2.039s] -- Up-to-date: /home/st/ywfBot_ws_v1.3/install/moveit_ywf_msg/include/moveit_ywf_msg/moveit_ywf_msg/msg
[2.039s] -- Up-to-date: /home/st/ywfBot_ws_v1.3/install/moveit_ywf_msg/include/moveit_ywf_msg/moveit_ywf_msg/msg/rosidl_generator_c__visibility_control.h
[2.039s] -- Up-to-date: /home/st/ywfBot_ws_v1.3/install/moveit_ywf_msg/include/moveit_ywf_msg/moveit_ywf_msg/action
[2.040s] -- Up-to-date: /home/st/ywfBot_ws_v1.3/install/moveit_ywf_msg/include/moveit_ywf_msg/moveit_ywf_msg/action/detail
[2.040s] -- Up-to-date: /home/st/ywfBot_ws_v1.3/install/moveit_ywf_msg/include/moveit_ywf_msg/moveit_ywf_msg/action/detail/moveit_ywf_intf__functions.h
[2.040s] -- Up-to-date: /home/st/ywfBot_ws_v1.3/install/moveit_ywf_msg/include/moveit_ywf_msg/moveit_ywf_msg/action/detail/moveit_ywf_intf__struct.h
[2.040s] -- Up-to-date: /home/st/ywfBot_ws_v1.3/install/moveit_ywf_msg/include/moveit_ywf_msg/moveit_ywf_msg/action/detail/moveit_ywf_intf__functions.c
[2.040s] -- Up-to-date: /home/st/ywfBot_ws_v1.3/install/moveit_ywf_msg/include/moveit_ywf_msg/moveit_ywf_msg/action/detail/moveit_ywf_intf__type_support.h
[2.040s] -- Up-to-date: /home/st/ywfBot_ws_v1.3/install/moveit_ywf_msg/include/moveit_ywf_msg/moveit_ywf_msg/action/moveit_ywf_intf.h
[2.040s] -- Up-to-date: /home/st/ywfBot_ws_v1.3/install/moveit_ywf_msg/share/moveit_ywf_msg/environment/library_path.sh
[2.041s] -- Up-to-date: /home/st/ywfBot_ws_v1.3/install/moveit_ywf_msg/share/moveit_ywf_msg/environment/library_path.dsv
[2.041s] -- Up-to-date: /home/st/ywfBot_ws_v1.3/install/moveit_ywf_msg/lib/libmoveit_ywf_msg__rosidl_generator_c.so
[2.041s] -- Up-to-date: /home/st/ywfBot_ws_v1.3/install/moveit_ywf_msg/include/moveit_ywf_msg/moveit_ywf_msg
[2.041s] -- Up-to-date: /home/st/ywfBot_ws_v1.3/install/moveit_ywf_msg/include/moveit_ywf_msg/moveit_ywf_msg/msg
[2.041s] -- Up-to-date: /home/st/ywfBot_ws_v1.3/install/moveit_ywf_msg/include/moveit_ywf_msg/moveit_ywf_msg/msg/rosidl_typesupport_fastrtps_c__visibility_control.h
[2.041s] -- Up-to-date: /home/st/ywfBot_ws_v1.3/install/moveit_ywf_msg/include/moveit_ywf_msg/moveit_ywf_msg/action
[2.041s] -- Up-to-date: /home/st/ywfBot_ws_v1.3/install/moveit_ywf_msg/include/moveit_ywf_msg/moveit_ywf_msg/action/detail
[2.042s] -- Up-to-date: /home/st/ywfBot_ws_v1.3/install/moveit_ywf_msg/include/moveit_ywf_msg/moveit_ywf_msg/action/detail/moveit_ywf_intf__rosidl_typesupport_fastrtps_c.h
[2.042s] -- Up-to-date: /home/st/ywfBot_ws_v1.3/install/moveit_ywf_msg/lib/libmoveit_ywf_msg__rosidl_typesupport_fastrtps_c.so
[2.042s] -- Up-to-date: /home/st/ywfBot_ws_v1.3/install/moveit_ywf_msg/include/moveit_ywf_msg/moveit_ywf_msg
[2.042s] -- Up-to-date: /home/st/ywfBot_ws_v1.3/install/moveit_ywf_msg/include/moveit_ywf_msg/moveit_ywf_msg/msg
[2.042s] -- Up-to-date: /home/st/ywfBot_ws_v1.3/install/moveit_ywf_msg/include/moveit_ywf_msg/moveit_ywf_msg/msg/rosidl_typesupport_introspection_c__visibility_control.h
[2.042s] -- Up-to-date: /home/st/ywfBot_ws_v1.3/install/moveit_ywf_msg/include/moveit_ywf_msg/moveit_ywf_msg/action
[2.042s] -- Up-to-date: /home/st/ywfBot_ws_v1.3/install/moveit_ywf_msg/include/moveit_ywf_msg/moveit_ywf_msg/action/detail
[2.043s] -- Up-to-date: /home/st/ywfBot_ws_v1.3/install/moveit_ywf_msg/include/moveit_ywf_msg/moveit_ywf_msg/action/detail/moveit_ywf_intf__type_support.c
[2.043s] -- Up-to-date: /home/st/ywfBot_ws_v1.3/install/moveit_ywf_msg/include/moveit_ywf_msg/moveit_ywf_msg/action/detail/moveit_ywf_intf__rosidl_typesupport_introspection_c.h
[2.043s] -- Up-to-date: /home/st/ywfBot_ws_v1.3/install/moveit_ywf_msg/lib/libmoveit_ywf_msg__rosidl_typesupport_introspection_c.so
[2.043s] -- Up-to-date: /home/st/ywfBot_ws_v1.3/install/moveit_ywf_msg/lib/libmoveit_ywf_msg__rosidl_typesupport_c.so
[2.043s] -- Up-to-date: /home/st/ywfBot_ws_v1.3/install/moveit_ywf_msg/include/moveit_ywf_msg/moveit_ywf_msg
[2.043s] -- Up-to-date: /home/st/ywfBot_ws_v1.3/install/moveit_ywf_msg/include/moveit_ywf_msg/moveit_ywf_msg/msg
[2.043s] -- Up-to-date: /home/st/ywfBot_ws_v1.3/install/moveit_ywf_msg/include/moveit_ywf_msg/moveit_ywf_msg/msg/rosidl_generator_cpp__visibility_control.hpp
[2.043s] -- Up-to-date: /home/st/ywfBot_ws_v1.3/install/moveit_ywf_msg/include/moveit_ywf_msg/moveit_ywf_msg/action
[2.044s] -- Up-to-date: /home/st/ywfBot_ws_v1.3/install/moveit_ywf_msg/include/moveit_ywf_msg/moveit_ywf_msg/action/moveit_ywf_intf.hpp
[2.044s] -- Up-to-date: /home/st/ywfBot_ws_v1.3/install/moveit_ywf_msg/include/moveit_ywf_msg/moveit_ywf_msg/action/detail
[2.044s] -- Up-to-date: /home/st/ywfBot_ws_v1.3/install/moveit_ywf_msg/include/moveit_ywf_msg/moveit_ywf_msg/action/detail/moveit_ywf_intf__type_support.hpp
[2.044s] -- Up-to-date: /home/st/ywfBot_ws_v1.3/install/moveit_ywf_msg/include/moveit_ywf_msg/moveit_ywf_msg/action/detail/moveit_ywf_intf__traits.hpp
[2.044s] -- Up-to-date: /home/st/ywfBot_ws_v1.3/install/moveit_ywf_msg/include/moveit_ywf_msg/moveit_ywf_msg/action/detail/moveit_ywf_intf__builder.hpp
[2.044s] -- Up-to-date: /home/st/ywfBot_ws_v1.3/install/moveit_ywf_msg/include/moveit_ywf_msg/moveit_ywf_msg/action/detail/moveit_ywf_intf__struct.hpp
[2.044s] -- Up-to-date: /home/st/ywfBot_ws_v1.3/install/moveit_ywf_msg/include/moveit_ywf_msg/moveit_ywf_msg
[2.045s] -- Up-to-date: /home/st/ywfBot_ws_v1.3/install/moveit_ywf_msg/include/moveit_ywf_msg/moveit_ywf_msg/msg
[2.045s] -- Up-to-date: /home/st/ywfBot_ws_v1.3/install/moveit_ywf_msg/include/moveit_ywf_msg/moveit_ywf_msg/msg/rosidl_typesupport_fastrtps_cpp__visibility_control.h
[2.045s] -- Up-to-date: /home/st/ywfBot_ws_v1.3/install/moveit_ywf_msg/include/moveit_ywf_msg/moveit_ywf_msg/action
[2.045s] -- Up-to-date: /home/st/ywfBot_ws_v1.3/install/moveit_ywf_msg/include/moveit_ywf_msg/moveit_ywf_msg/action/detail
[2.045s] -- Up-to-date: /home/st/ywfBot_ws_v1.3/install/moveit_ywf_msg/include/moveit_ywf_msg/moveit_ywf_msg/action/detail/dds_fastrtps
[2.045s] -- Up-to-date: /home/st/ywfBot_ws_v1.3/install/moveit_ywf_msg/include/moveit_ywf_msg/moveit_ywf_msg/action/detail/moveit_ywf_intf__rosidl_typesupport_fastrtps_cpp.hpp
[2.045s] -- Up-to-date: /home/st/ywfBot_ws_v1.3/install/moveit_ywf_msg/lib/libmoveit_ywf_msg__rosidl_typesupport_fastrtps_cpp.so
[2.045s] -- Up-to-date: /home/st/ywfBot_ws_v1.3/install/moveit_ywf_msg/include/moveit_ywf_msg/moveit_ywf_msg
[2.046s] -- Up-to-date: /home/st/ywfBot_ws_v1.3/install/moveit_ywf_msg/include/moveit_ywf_msg/moveit_ywf_msg/action
[2.046s] -- Up-to-date: /home/st/ywfBot_ws_v1.3/install/moveit_ywf_msg/include/moveit_ywf_msg/moveit_ywf_msg/action/detail
[2.046s] -- Up-to-date: /home/st/ywfBot_ws_v1.3/install/moveit_ywf_msg/include/moveit_ywf_msg/moveit_ywf_msg/action/detail/moveit_ywf_intf__type_support.cpp
[2.046s] -- Up-to-date: /home/st/ywfBot_ws_v1.3/install/moveit_ywf_msg/include/moveit_ywf_msg/moveit_ywf_msg/action/detail/moveit_ywf_intf__rosidl_typesupport_introspection_cpp.hpp
[2.046s] -- Up-to-date: /home/st/ywfBot_ws_v1.3/install/moveit_ywf_msg/lib/libmoveit_ywf_msg__rosidl_typesupport_introspection_cpp.so
[2.046s] -- Up-to-date: /home/st/ywfBot_ws_v1.3/install/moveit_ywf_msg/lib/libmoveit_ywf_msg__rosidl_typesupport_cpp.so
[2.046s] -- Up-to-date: /home/st/ywfBot_ws_v1.3/install/moveit_ywf_msg/share/moveit_ywf_msg/environment/pythonpath.sh
[2.049s] -- Up-to-date: /home/st/ywfBot_ws_v1.3/install/moveit_ywf_msg/share/moveit_ywf_msg/environment/pythonpath.dsv
[2.049s] -- Up-to-date: /home/st/ywfBot_ws_v1.3/install/moveit_ywf_msg/local/lib/python3.10/dist-packages/moveit_ywf_msg-0.0.0-py3.10.egg-info
[2.049s] -- Installing: /home/st/ywfBot_ws_v1.3/install/moveit_ywf_msg/local/lib/python3.10/dist-packages/moveit_ywf_msg-0.0.0-py3.10.egg-info/SOURCES.txt
[2.049s] -- Installing: /home/st/ywfBot_ws_v1.3/install/moveit_ywf_msg/local/lib/python3.10/dist-packages/moveit_ywf_msg-0.0.0-py3.10.egg-info/top_level.txt
[2.049s] -- Installing: /home/st/ywfBot_ws_v1.3/install/moveit_ywf_msg/local/lib/python3.10/dist-packages/moveit_ywf_msg-0.0.0-py3.10.egg-info/dependency_links.txt
[2.050s] -- Installing: /home/st/ywfBot_ws_v1.3/install/moveit_ywf_msg/local/lib/python3.10/dist-packages/moveit_ywf_msg-0.0.0-py3.10.egg-info/PKG-INFO
[2.050s] -- Up-to-date: /home/st/ywfBot_ws_v1.3/install/moveit_ywf_msg/local/lib/python3.10/dist-packages/moveit_ywf_msg
[2.050s] -- Up-to-date: /home/st/ywfBot_ws_v1.3/install/moveit_ywf_msg/local/lib/python3.10/dist-packages/moveit_ywf_msg/_moveit_ywf_msg_s.ep.rosidl_typesupport_introspection_c.c
[2.050s] -- Up-to-date: /home/st/ywfBot_ws_v1.3/install/moveit_ywf_msg/local/lib/python3.10/dist-packages/moveit_ywf_msg/__init__.py
[2.050s] -- Up-to-date: /home/st/ywfBot_ws_v1.3/install/moveit_ywf_msg/local/lib/python3.10/dist-packages/moveit_ywf_msg/moveit_ywf_msg_s__rosidl_typesupport_introspection_c.cpython-310-x86_64-linux-gnu.so
[2.050s] -- Up-to-date: /home/st/ywfBot_ws_v1.3/install/moveit_ywf_msg/local/lib/python3.10/dist-packages/moveit_ywf_msg/_moveit_ywf_msg_s.ep.rosidl_typesupport_c.c
[2.050s] -- Up-to-date: /home/st/ywfBot_ws_v1.3/install/moveit_ywf_msg/local/lib/python3.10/dist-packages/moveit_ywf_msg/_moveit_ywf_msg_s.ep.rosidl_typesupport_fastrtps_c.c
[2.051s] -- Up-to-date: /home/st/ywfBot_ws_v1.3/install/moveit_ywf_msg/local/lib/python3.10/dist-packages/moveit_ywf_msg/action
[2.051s] -- Up-to-date: /home/st/ywfBot_ws_v1.3/install/moveit_ywf_msg/local/lib/python3.10/dist-packages/moveit_ywf_msg/action/__init__.py
[2.053s] -- Up-to-date: /home/st/ywfBot_ws_v1.3/install/moveit_ywf_msg/local/lib/python3.10/dist-packages/moveit_ywf_msg/action/_moveit_ywf_intf_s.c
[2.053s] -- Up-to-date: /home/st/ywfBot_ws_v1.3/install/moveit_ywf_msg/local/lib/python3.10/dist-packages/moveit_ywf_msg/action/_moveit_ywf_intf.py
[2.053s] -- Up-to-date: /home/st/ywfBot_ws_v1.3/install/moveit_ywf_msg/local/lib/python3.10/dist-packages/moveit_ywf_msg/moveit_ywf_msg_s__rosidl_typesupport_fastrtps_c.cpython-310-x86_64-linux-gnu.so
[2.054s] -- Up-to-date: /home/st/ywfBot_ws_v1.3/install/moveit_ywf_msg/local/lib/python3.10/dist-packages/moveit_ywf_msg/libmoveit_ywf_msg__rosidl_generator_py.so
[2.054s] -- Up-to-date: /home/st/ywfBot_ws_v1.3/install/moveit_ywf_msg/local/lib/python3.10/dist-packages/moveit_ywf_msg/moveit_ywf_msg_s__rosidl_typesupport_c.cpython-310-x86_64-linux-gnu.so
[2.148s] Listing '/home/st/ywfBot_ws_v1.3/install/moveit_ywf_msg/local/lib/python3.10/dist-packages/moveit_ywf_msg'...
[2.149s] Listing '/home/st/ywfBot_ws_v1.3/install/moveit_ywf_msg/local/lib/python3.10/dist-packages/moveit_ywf_msg/action'...
[2.154s] -- Up-to-date: /home/st/ywfBot_ws_v1.3/install/moveit_ywf_msg/local/lib/python3.10/dist-packages/moveit_ywf_msg/moveit_ywf_msg_s__rosidl_typesupport_fastrtps_c.cpython-310-x86_64-linux-gnu.so
[2.154s] -- Up-to-date: /home/st/ywfBot_ws_v1.3/install/moveit_ywf_msg/local/lib/python3.10/dist-packages/moveit_ywf_msg/moveit_ywf_msg_s__rosidl_typesupport_introspection_c.cpython-310-x86_64-linux-gnu.so
[2.154s] -- Up-to-date: /home/st/ywfBot_ws_v1.3/install/moveit_ywf_msg/local/lib/python3.10/dist-packages/moveit_ywf_msg/moveit_ywf_msg_s__rosidl_typesupport_c.cpython-310-x86_64-linux-gnu.so
[2.154s] -- Up-to-date: /home/st/ywfBot_ws_v1.3/install/moveit_ywf_msg/lib/libmoveit_ywf_msg__rosidl_generator_py.so
[2.170s] -- Up-to-date: /home/st/ywfBot_ws_v1.3/install/moveit_ywf_msg/share/moveit_ywf_msg/action/MoveitYwfIntf.idl
[2.170s] -- Up-to-date: /home/st/ywfBot_ws_v1.3/install/moveit_ywf_msg/share/moveit_ywf_msg/action/MoveitYwfIntf.action
[2.171s] -- Up-to-date: /home/st/ywfBot_ws_v1.3/install/moveit_ywf_msg/share/ament_index/resource_index/package_run_dependencies/moveit_ywf_msg
[2.171s] -- Up-to-date: /home/st/ywfBot_ws_v1.3/install/moveit_ywf_msg/share/ament_index/resource_index/parent_prefix_path/moveit_ywf_msg
[2.171s] -- Up-to-date: /home/st/ywfBot_ws_v1.3/install/moveit_ywf_msg/share/moveit_ywf_msg/environment/ament_prefix_path.sh
[2.171s] -- Up-to-date: /home/st/ywfBot_ws_v1.3/install/moveit_ywf_msg/share/moveit_ywf_msg/environment/ament_prefix_path.dsv
[2.171s] -- Up-to-date: /home/st/ywfBot_ws_v1.3/install/moveit_ywf_msg/share/moveit_ywf_msg/environment/path.sh
[2.171s] -- Up-to-date: /home/st/ywfBot_ws_v1.3/install/moveit_ywf_msg/share/moveit_ywf_msg/environment/path.dsv
[2.171s] -- Up-to-date: /home/st/ywfBot_ws_v1.3/install/moveit_ywf_msg/share/moveit_ywf_msg/local_setup.bash
[2.172s] -- Up-to-date: /home/st/ywfBot_ws_v1.3/install/moveit_ywf_msg/share/moveit_ywf_msg/local_setup.sh
[2.172s] -- Up-to-date: /home/st/ywfBot_ws_v1.3/install/moveit_ywf_msg/share/moveit_ywf_msg/local_setup.zsh
[2.172s] -- Up-to-date: /home/st/ywfBot_ws_v1.3/install/moveit_ywf_msg/share/moveit_ywf_msg/local_setup.dsv
[2.172s] -- Up-to-date: /home/st/ywfBot_ws_v1.3/install/moveit_ywf_msg/share/moveit_ywf_msg/package.dsv
[2.172s] -- Up-to-date: /home/st/ywfBot_ws_v1.3/install/moveit_ywf_msg/share/ament_index/resource_index/packages/moveit_ywf_msg
[2.172s] -- Up-to-date: /home/st/ywfBot_ws_v1.3/install/moveit_ywf_msg/share/moveit_ywf_msg/cmake/export_moveit_ywf_msg__rosidl_generator_cExport.cmake
[2.172s] -- Up-to-date: /home/st/ywfBot_ws_v1.3/install/moveit_ywf_msg/share/moveit_ywf_msg/cmake/export_moveit_ywf_msg__rosidl_generator_cExport-noconfig.cmake
[2.173s] -- Up-to-date: /home/st/ywfBot_ws_v1.3/install/moveit_ywf_msg/share/moveit_ywf_msg/cmake/export_moveit_ywf_msg__rosidl_typesupport_fastrtps_cExport.cmake
[2.173s] -- Up-to-date: /home/st/ywfBot_ws_v1.3/install/moveit_ywf_msg/share/moveit_ywf_msg/cmake/export_moveit_ywf_msg__rosidl_typesupport_fastrtps_cExport-noconfig.cmake
[2.173s] -- Up-to-date: /home/st/ywfBot_ws_v1.3/install/moveit_ywf_msg/share/moveit_ywf_msg/cmake/moveit_ywf_msg__rosidl_typesupport_introspection_cExport.cmake
[2.173s] -- Up-to-date: /home/st/ywfBot_ws_v1.3/install/moveit_ywf_msg/share/moveit_ywf_msg/cmake/moveit_ywf_msg__rosidl_typesupport_introspection_cExport-noconfig.cmake
[2.173s] -- Up-to-date: /home/st/ywfBot_ws_v1.3/install/moveit_ywf_msg/share/moveit_ywf_msg/cmake/moveit_ywf_msg__rosidl_typesupport_cExport.cmake
[2.173s] -- Up-to-date: /home/st/ywfBot_ws_v1.3/install/moveit_ywf_msg/share/moveit_ywf_msg/cmake/moveit_ywf_msg__rosidl_typesupport_cExport-noconfig.cmake
[2.173s] -- Up-to-date: /home/st/ywfBot_ws_v1.3/install/moveit_ywf_msg/share/moveit_ywf_msg/cmake/export_moveit_ywf_msg__rosidl_generator_cppExport.cmake
[2.174s] -- Up-to-date: /home/st/ywfBot_ws_v1.3/install/moveit_ywf_msg/share/moveit_ywf_msg/cmake/export_moveit_ywf_msg__rosidl_typesupport_fastrtps_cppExport.cmake
[2.174s] -- Up-to-date: /home/st/ywfBot_ws_v1.3/install/moveit_ywf_msg/share/moveit_ywf_msg/cmake/export_moveit_ywf_msg__rosidl_typesupport_fastrtps_cppExport-noconfig.cmake
[2.174s] -- Up-to-date: /home/st/ywfBot_ws_v1.3/install/moveit_ywf_msg/share/moveit_ywf_msg/cmake/moveit_ywf_msg__rosidl_typesupport_introspection_cppExport.cmake
[2.175s] -- Up-to-date: /home/st/ywfBot_ws_v1.3/install/moveit_ywf_msg/share/moveit_ywf_msg/cmake/moveit_ywf_msg__rosidl_typesupport_introspection_cppExport-noconfig.cmake
[2.175s] -- Up-to-date: /home/st/ywfBot_ws_v1.3/install/moveit_ywf_msg/share/moveit_ywf_msg/cmake/moveit_ywf_msg__rosidl_typesupport_cppExport.cmake
[2.175s] -- Up-to-date: /home/st/ywfBot_ws_v1.3/install/moveit_ywf_msg/share/moveit_ywf_msg/cmake/moveit_ywf_msg__rosidl_typesupport_cppExport-noconfig.cmake
[2.176s] -- Up-to-date: /home/st/ywfBot_ws_v1.3/install/moveit_ywf_msg/share/moveit_ywf_msg/cmake/export_moveit_ywf_msg__rosidl_generator_pyExport.cmake
[2.176s] -- Up-to-date: /home/st/ywfBot_ws_v1.3/install/moveit_ywf_msg/share/moveit_ywf_msg/cmake/export_moveit_ywf_msg__rosidl_generator_pyExport-noconfig.cmake
[2.176s] -- Up-to-date: /home/st/ywfBot_ws_v1.3/install/moveit_ywf_msg/share/moveit_ywf_msg/cmake/rosidl_cmake-extras.cmake
[2.176s] -- Up-to-date: /home/st/ywfBot_ws_v1.3/install/moveit_ywf_msg/share/moveit_ywf_msg/cmake/ament_cmake_export_dependencies-extras.cmake
[2.176s] -- Up-to-date: /home/st/ywfBot_ws_v1.3/install/moveit_ywf_msg/share/moveit_ywf_msg/cmake/ament_cmake_export_include_directories-extras.cmake
[2.176s] -- Up-to-date: /home/st/ywfBot_ws_v1.3/install/moveit_ywf_msg/share/moveit_ywf_msg/cmake/ament_cmake_export_libraries-extras.cmake
[2.176s] -- Up-to-date: /home/st/ywfBot_ws_v1.3/install/moveit_ywf_msg/share/moveit_ywf_msg/cmake/ament_cmake_export_targets-extras.cmake
[2.177s] -- Up-to-date: /home/st/ywfBot_ws_v1.3/install/moveit_ywf_msg/share/moveit_ywf_msg/cmake/rosidl_cmake_export_typesupport_targets-extras.cmake
[2.177s] -- Up-to-date: /home/st/ywfBot_ws_v1.3/install/moveit_ywf_msg/share/moveit_ywf_msg/cmake/rosidl_cmake_export_typesupport_libraries-extras.cmake
[2.177s] -- Up-to-date: /home/st/ywfBot_ws_v1.3/install/moveit_ywf_msg/share/moveit_ywf_msg/cmake/moveit_ywf_msgConfig.cmake
[2.177s] -- Up-to-date: /home/st/ywfBot_ws_v1.3/install/moveit_ywf_msg/share/moveit_ywf_msg/cmake/moveit_ywf_msgConfig-version.cmake
[2.177s] -- Up-to-date: /home/st/ywfBot_ws_v1.3/install/moveit_ywf_msg/share/moveit_ywf_msg/package.xml
[2.457s] Invoked command in '/home/st/ywfBot_ws_v1.3.1/build/moveit_ywf_msg' returned '0': CMAKE_PREFIX_PATH=${CMAKE_PREFIX_PATH}:/home/st/ywfBot_ws_v1.3/install/py_action_client:/home/st/ywfBot_ws_v1.3/install/py_action:/home/st/ros2_control_ws/install/rqt_joint_trajectory_controller:/home/st/ros2_control_ws/install/rqt_controller_manager:/home/st/ros2_control_ws/install/ros2controlcli:/home/st/ros2_control_ws/install/ros2_controllers_test_nodes:/home/st/ros2_control_ws/install/ros2_control_demo_testing:/home/st/ywfBot_ws_v1.1/install/py_action_client:/home/st/ywfBot_ws_v1.1/install/py_action:/home/st/ywfBot_ws_v1.1/install/moveit2_ywf_interface:/home/st/ywfBot_ws_v1.1/install/moveit_ywf_msg:/home/st/ywfBot_ws_v1.1/install/fairino_hardware:/home/st/ywfBot_ws_v1.1/install/fairino_msgs:/home/st/ywfBot_ws/install/py_action_client:/home/st/ywfBot_ws/install/py_action:/home/st/ywfBot_ws/install/moveit2_ywf_interface:/home/st/ywfBot_ws/install/moveit_ywf_msg:/home/st/ywfBot_ws/install/frhal_msgs:/home/st/ywfBot_ws/install/fr_ros2:/home/st/moveit2_humble_ws/install/moveit_configs_utils:/home/st/moveit2_humble_ws/install/launch_param_builder:/opt/ros/humble /usr/bin/cmake --install /home/st/ywfBot_ws_v1.3.1/build/moveit_ywf_msg
