[0.161s] Invoking command in '/home/st/ywfBot_ws/build/frhal_msgs': CMAKE_PREFIX_PATH=${CMAKE_PREFIX_PATH}:/home/st/ywfBot_ws/install/py_action_client:/home/st/ywfBot_ws/install/py_action:/home/st/moveit2_humble_ws/install/moveit_configs_utils:/home/st/moveit2_humble_ws/install/launch_param_builder:/opt/ros/humble /usr/bin/cmake --build /home/st/ywfBot_ws/build/frhal_msgs -- -j16 -l16
[0.984s] [  1%] Built target frhal_msgs__cpp
[0.984s] [ 12%] Built target frhal_msgs__rosidl_generator_c
[0.986s] [ 12%] Built target ament_cmake_python_copy_frhal_msgs
[0.986s] [ 28%] Built target frhal_msgs__rosidl_typesupport_cpp
[0.986s] [ 34%] Built target frhal_msgs__rosidl_typesupport_introspection_cpp
[0.989s] [ 46%] Built target frhal_msgs__rosidl_typesupport_fastrtps_cpp
[0.998s] [ 57%] Built target frhal_msgs__rosidl_typesupport_introspection_c
[0.998s] [ 68%] Built target frhal_msgs__rosidl_typesupport_c
[0.998s] [ 79%] Built target frhal_msgs__rosidl_typesupport_fastrtps_c
[0.998s] [ 79%] Built target frhal_msgs
[0.999s] [ 80%] Built target frhal_msgs__py
[0.999s] [ 90%] Built target frhal_msgs__rosidl_generator_py
[1.020s] [ 93%] Built target frhal_msgs__rosidl_typesupport_introspection_c__pyext
[1.033s] [ 96%] Built target frhal_msgs__rosidl_typesupport_fastrtps_c__pyext
[1.042s] [100%] Built target frhal_msgs__rosidl_typesupport_c__pyext
[1.265s] running egg_info
[1.266s] writing frhal_msgs.egg-info/PKG-INFO
[1.268s] writing dependency_links to frhal_msgs.egg-info/dependency_links.txt
[1.272s] writing top-level names to frhal_msgs.egg-info/top_level.txt
[1.277s] reading manifest file 'frhal_msgs.egg-info/SOURCES.txt'
[1.279s] writing manifest file 'frhal_msgs.egg-info/SOURCES.txt'
[1.349s] [100%] Built target ament_cmake_python_build_frhal_msgs_egg
[1.823s] Invoked command in '/home/st/ywfBot_ws/build/frhal_msgs' returned '0': CMAKE_PREFIX_PATH=${CMAKE_PREFIX_PATH}:/home/st/ywfBot_ws/install/py_action_client:/home/st/ywfBot_ws/install/py_action:/home/st/moveit2_humble_ws/install/moveit_configs_utils:/home/st/moveit2_humble_ws/install/launch_param_builder:/opt/ros/humble /usr/bin/cmake --build /home/st/ywfBot_ws/build/frhal_msgs -- -j16 -l16
[2.625s] Invoking command in '/home/st/ywfBot_ws/build/frhal_msgs': CMAKE_PREFIX_PATH=${CMAKE_PREFIX_PATH}:/home/st/ywfBot_ws/install/py_action_client:/home/st/ywfBot_ws/install/py_action:/home/st/moveit2_humble_ws/install/moveit_configs_utils:/home/st/moveit2_humble_ws/install/launch_param_builder:/opt/ros/humble /usr/bin/cmake --install /home/st/ywfBot_ws/build/frhal_msgs
[2.669s] -- Install configuration: ""
[2.670s] -- Up-to-date: /home/st/ywfBot_ws/install/frhal_msgs/share/ament_index/resource_index/rosidl_interfaces/frhal_msgs
[2.670s] -- Up-to-date: /home/st/ywfBot_ws/install/frhal_msgs/include/frhal_msgs/frhal_msgs
[2.670s] -- Up-to-date: /home/st/ywfBot_ws/install/frhal_msgs/include/frhal_msgs/frhal_msgs/msg
[2.671s] -- Up-to-date: /home/st/ywfBot_ws/install/frhal_msgs/include/frhal_msgs/frhal_msgs/msg/rosidl_generator_c__visibility_control.h
[2.671s] -- Up-to-date: /home/st/ywfBot_ws/install/frhal_msgs/include/frhal_msgs/frhal_msgs/msg/fr_state.h
[2.671s] -- Up-to-date: /home/st/ywfBot_ws/install/frhal_msgs/include/frhal_msgs/frhal_msgs/msg/detail
[2.675s] -- Up-to-date: /home/st/ywfBot_ws/install/frhal_msgs/include/frhal_msgs/frhal_msgs/msg/detail/fr_state__type_support.h
[2.678s] -- Up-to-date: /home/st/ywfBot_ws/install/frhal_msgs/include/frhal_msgs/frhal_msgs/msg/detail/fr_state__functions.c
[2.678s] -- Up-to-date: /home/st/ywfBot_ws/install/frhal_msgs/include/frhal_msgs/frhal_msgs/msg/detail/fr_state__functions.h
[2.679s] -- Up-to-date: /home/st/ywfBot_ws/install/frhal_msgs/include/frhal_msgs/frhal_msgs/msg/detail/fr_state__struct.h
[2.679s] -- Up-to-date: /home/st/ywfBot_ws/install/frhal_msgs/include/frhal_msgs/frhal_msgs/srv
[2.679s] -- Up-to-date: /home/st/ywfBot_ws/install/frhal_msgs/include/frhal_msgs/frhal_msgs/srv/trigger.h
[2.679s] -- Up-to-date: /home/st/ywfBot_ws/install/frhal_msgs/include/frhal_msgs/frhal_msgs/srv/robot_interface.h
[2.679s] -- Up-to-date: /home/st/ywfBot_ws/install/frhal_msgs/include/frhal_msgs/frhal_msgs/srv/calib_interface.h
[2.679s] -- Up-to-date: /home/st/ywfBot_ws/install/frhal_msgs/include/frhal_msgs/frhal_msgs/srv/ros_cmd_interface.h
[2.680s] -- Up-to-date: /home/st/ywfBot_ws/install/frhal_msgs/include/frhal_msgs/frhal_msgs/srv/detail
[2.680s] -- Up-to-date: /home/st/ywfBot_ws/install/frhal_msgs/include/frhal_msgs/frhal_msgs/srv/detail/ros_cmd_interface__type_support.h
[2.680s] -- Up-to-date: /home/st/ywfBot_ws/install/frhal_msgs/include/frhal_msgs/frhal_msgs/srv/detail/trigger__functions.h
[2.680s] -- Up-to-date: /home/st/ywfBot_ws/install/frhal_msgs/include/frhal_msgs/frhal_msgs/srv/detail/robot_interface__type_support.h
[2.680s] -- Up-to-date: /home/st/ywfBot_ws/install/frhal_msgs/include/frhal_msgs/frhal_msgs/srv/detail/ros_cmd_interface__struct.h
[2.681s] -- Up-to-date: /home/st/ywfBot_ws/install/frhal_msgs/include/frhal_msgs/frhal_msgs/srv/detail/trigger__functions.c
[2.681s] -- Up-to-date: /home/st/ywfBot_ws/install/frhal_msgs/include/frhal_msgs/frhal_msgs/srv/detail/trigger__struct.h
[2.682s] -- Up-to-date: /home/st/ywfBot_ws/install/frhal_msgs/include/frhal_msgs/frhal_msgs/srv/detail/calib_interface__type_support.h
[2.683s] -- Up-to-date: /home/st/ywfBot_ws/install/frhal_msgs/include/frhal_msgs/frhal_msgs/srv/detail/ros_cmd_interface__functions.h
[2.683s] -- Up-to-date: /home/st/ywfBot_ws/install/frhal_msgs/include/frhal_msgs/frhal_msgs/srv/detail/calib_interface__functions.c
[2.683s] -- Up-to-date: /home/st/ywfBot_ws/install/frhal_msgs/include/frhal_msgs/frhal_msgs/srv/detail/robot_interface__struct.h
[2.686s] -- Up-to-date: /home/st/ywfBot_ws/install/frhal_msgs/include/frhal_msgs/frhal_msgs/srv/detail/calib_interface__struct.h
[2.687s] -- Up-to-date: /home/st/ywfBot_ws/install/frhal_msgs/include/frhal_msgs/frhal_msgs/srv/detail/robot_interface__functions.h
[2.687s] -- Up-to-date: /home/st/ywfBot_ws/install/frhal_msgs/include/frhal_msgs/frhal_msgs/srv/detail/calib_interface__functions.h
[2.687s] -- Up-to-date: /home/st/ywfBot_ws/install/frhal_msgs/include/frhal_msgs/frhal_msgs/srv/detail/ros_cmd_interface__functions.c
[2.687s] -- Up-to-date: /home/st/ywfBot_ws/install/frhal_msgs/include/frhal_msgs/frhal_msgs/srv/detail/robot_interface__functions.c
[2.687s] -- Up-to-date: /home/st/ywfBot_ws/install/frhal_msgs/include/frhal_msgs/frhal_msgs/srv/detail/trigger__type_support.h
[2.688s] -- Up-to-date: /home/st/ywfBot_ws/install/frhal_msgs/share/frhal_msgs/environment/library_path.sh
[2.688s] -- Up-to-date: /home/st/ywfBot_ws/install/frhal_msgs/share/frhal_msgs/environment/library_path.dsv
[2.688s] -- Up-to-date: /home/st/ywfBot_ws/install/frhal_msgs/lib/libfrhal_msgs__rosidl_generator_c.so
[2.688s] -- Up-to-date: /home/st/ywfBot_ws/install/frhal_msgs/include/frhal_msgs/frhal_msgs
[2.688s] -- Up-to-date: /home/st/ywfBot_ws/install/frhal_msgs/include/frhal_msgs/frhal_msgs/msg
[2.688s] -- Up-to-date: /home/st/ywfBot_ws/install/frhal_msgs/include/frhal_msgs/frhal_msgs/msg/rosidl_typesupport_fastrtps_c__visibility_control.h
[2.688s] -- Up-to-date: /home/st/ywfBot_ws/install/frhal_msgs/include/frhal_msgs/frhal_msgs/msg/detail
[2.689s] -- Up-to-date: /home/st/ywfBot_ws/install/frhal_msgs/include/frhal_msgs/frhal_msgs/msg/detail/fr_state__rosidl_typesupport_fastrtps_c.h
[2.689s] -- Up-to-date: /home/st/ywfBot_ws/install/frhal_msgs/include/frhal_msgs/frhal_msgs/srv
[2.689s] -- Up-to-date: /home/st/ywfBot_ws/install/frhal_msgs/include/frhal_msgs/frhal_msgs/srv/detail
[2.689s] -- Up-to-date: /home/st/ywfBot_ws/install/frhal_msgs/include/frhal_msgs/frhal_msgs/srv/detail/robot_interface__rosidl_typesupport_fastrtps_c.h
[2.691s] -- Up-to-date: /home/st/ywfBot_ws/install/frhal_msgs/include/frhal_msgs/frhal_msgs/srv/detail/trigger__rosidl_typesupport_fastrtps_c.h
[2.691s] -- Up-to-date: /home/st/ywfBot_ws/install/frhal_msgs/include/frhal_msgs/frhal_msgs/srv/detail/calib_interface__rosidl_typesupport_fastrtps_c.h
[2.692s] -- Up-to-date: /home/st/ywfBot_ws/install/frhal_msgs/include/frhal_msgs/frhal_msgs/srv/detail/ros_cmd_interface__rosidl_typesupport_fastrtps_c.h
[2.692s] -- Up-to-date: /home/st/ywfBot_ws/install/frhal_msgs/lib/libfrhal_msgs__rosidl_typesupport_fastrtps_c.so
[2.692s] -- Up-to-date: /home/st/ywfBot_ws/install/frhal_msgs/include/frhal_msgs/frhal_msgs
[2.692s] -- Up-to-date: /home/st/ywfBot_ws/install/frhal_msgs/include/frhal_msgs/frhal_msgs/msg
[2.692s] -- Up-to-date: /home/st/ywfBot_ws/install/frhal_msgs/include/frhal_msgs/frhal_msgs/msg/rosidl_typesupport_introspection_c__visibility_control.h
[2.692s] -- Up-to-date: /home/st/ywfBot_ws/install/frhal_msgs/include/frhal_msgs/frhal_msgs/msg/detail
[2.692s] -- Up-to-date: /home/st/ywfBot_ws/install/frhal_msgs/include/frhal_msgs/frhal_msgs/msg/detail/fr_state__type_support.c
[2.693s] -- Up-to-date: /home/st/ywfBot_ws/install/frhal_msgs/include/frhal_msgs/frhal_msgs/msg/detail/fr_state__rosidl_typesupport_introspection_c.h
[2.693s] -- Up-to-date: /home/st/ywfBot_ws/install/frhal_msgs/include/frhal_msgs/frhal_msgs/srv
[2.693s] -- Up-to-date: /home/st/ywfBot_ws/install/frhal_msgs/include/frhal_msgs/frhal_msgs/srv/detail
[2.693s] -- Up-to-date: /home/st/ywfBot_ws/install/frhal_msgs/include/frhal_msgs/frhal_msgs/srv/detail/trigger__rosidl_typesupport_introspection_c.h
[2.693s] -- Up-to-date: /home/st/ywfBot_ws/install/frhal_msgs/include/frhal_msgs/frhal_msgs/srv/detail/trigger__type_support.c
[2.693s] -- Up-to-date: /home/st/ywfBot_ws/install/frhal_msgs/include/frhal_msgs/frhal_msgs/srv/detail/calib_interface__rosidl_typesupport_introspection_c.h
[2.694s] -- Up-to-date: /home/st/ywfBot_ws/install/frhal_msgs/include/frhal_msgs/frhal_msgs/srv/detail/ros_cmd_interface__rosidl_typesupport_introspection_c.h
[2.694s] -- Up-to-date: /home/st/ywfBot_ws/install/frhal_msgs/include/frhal_msgs/frhal_msgs/srv/detail/robot_interface__type_support.c
[2.699s] -- Up-to-date: /home/st/ywfBot_ws/install/frhal_msgs/include/frhal_msgs/frhal_msgs/srv/detail/ros_cmd_interface__type_support.c
[2.699s] -- Up-to-date: /home/st/ywfBot_ws/install/frhal_msgs/include/frhal_msgs/frhal_msgs/srv/detail/robot_interface__rosidl_typesupport_introspection_c.h
[2.699s] -- Up-to-date: /home/st/ywfBot_ws/install/frhal_msgs/include/frhal_msgs/frhal_msgs/srv/detail/calib_interface__type_support.c
[2.699s] -- Up-to-date: /home/st/ywfBot_ws/install/frhal_msgs/lib/libfrhal_msgs__rosidl_typesupport_introspection_c.so
[2.699s] -- Up-to-date: /home/st/ywfBot_ws/install/frhal_msgs/lib/libfrhal_msgs__rosidl_typesupport_c.so
[2.700s] -- Up-to-date: /home/st/ywfBot_ws/install/frhal_msgs/include/frhal_msgs/frhal_msgs
[2.700s] -- Up-to-date: /home/st/ywfBot_ws/install/frhal_msgs/include/frhal_msgs/frhal_msgs/msg
[2.700s] -- Up-to-date: /home/st/ywfBot_ws/install/frhal_msgs/include/frhal_msgs/frhal_msgs/msg/fr_state.hpp
[2.700s] -- Up-to-date: /home/st/ywfBot_ws/install/frhal_msgs/include/frhal_msgs/frhal_msgs/msg/rosidl_generator_cpp__visibility_control.hpp
[2.700s] -- Up-to-date: /home/st/ywfBot_ws/install/frhal_msgs/include/frhal_msgs/frhal_msgs/msg/detail
[2.700s] -- Up-to-date: /home/st/ywfBot_ws/install/frhal_msgs/include/frhal_msgs/frhal_msgs/msg/detail/fr_state__builder.hpp
[2.700s] -- Up-to-date: /home/st/ywfBot_ws/install/frhal_msgs/include/frhal_msgs/frhal_msgs/msg/detail/fr_state__traits.hpp
[2.701s] -- Up-to-date: /home/st/ywfBot_ws/install/frhal_msgs/include/frhal_msgs/frhal_msgs/msg/detail/fr_state__type_support.hpp
[2.701s] -- Up-to-date: /home/st/ywfBot_ws/install/frhal_msgs/include/frhal_msgs/frhal_msgs/msg/detail/fr_state__struct.hpp
[2.701s] -- Up-to-date: /home/st/ywfBot_ws/install/frhal_msgs/include/frhal_msgs/frhal_msgs/srv
[2.701s] -- Up-to-date: /home/st/ywfBot_ws/install/frhal_msgs/include/frhal_msgs/frhal_msgs/srv/robot_interface.hpp
[2.701s] -- Up-to-date: /home/st/ywfBot_ws/install/frhal_msgs/include/frhal_msgs/frhal_msgs/srv/trigger.hpp
[2.701s] -- Up-to-date: /home/st/ywfBot_ws/install/frhal_msgs/include/frhal_msgs/frhal_msgs/srv/calib_interface.hpp
[2.701s] -- Up-to-date: /home/st/ywfBot_ws/install/frhal_msgs/include/frhal_msgs/frhal_msgs/srv/ros_cmd_interface.hpp
[2.702s] -- Up-to-date: /home/st/ywfBot_ws/install/frhal_msgs/include/frhal_msgs/frhal_msgs/srv/detail
[2.702s] -- Up-to-date: /home/st/ywfBot_ws/install/frhal_msgs/include/frhal_msgs/frhal_msgs/srv/detail/robot_interface__struct.hpp
[2.702s] -- Up-to-date: /home/st/ywfBot_ws/install/frhal_msgs/include/frhal_msgs/frhal_msgs/srv/detail/robot_interface__builder.hpp
[2.702s] -- Up-to-date: /home/st/ywfBot_ws/install/frhal_msgs/include/frhal_msgs/frhal_msgs/srv/detail/calib_interface__type_support.hpp
[2.702s] -- Up-to-date: /home/st/ywfBot_ws/install/frhal_msgs/include/frhal_msgs/frhal_msgs/srv/detail/calib_interface__struct.hpp
[2.702s] -- Up-to-date: /home/st/ywfBot_ws/install/frhal_msgs/include/frhal_msgs/frhal_msgs/srv/detail/calib_interface__builder.hpp
[2.702s] -- Up-to-date: /home/st/ywfBot_ws/install/frhal_msgs/include/frhal_msgs/frhal_msgs/srv/detail/trigger__builder.hpp
[2.703s] -- Up-to-date: /home/st/ywfBot_ws/install/frhal_msgs/include/frhal_msgs/frhal_msgs/srv/detail/trigger__traits.hpp
[2.703s] -- Up-to-date: /home/st/ywfBot_ws/install/frhal_msgs/include/frhal_msgs/frhal_msgs/srv/detail/trigger__struct.hpp
[2.703s] -- Up-to-date: /home/st/ywfBot_ws/install/frhal_msgs/include/frhal_msgs/frhal_msgs/srv/detail/ros_cmd_interface__builder.hpp
[2.703s] -- Up-to-date: /home/st/ywfBot_ws/install/frhal_msgs/include/frhal_msgs/frhal_msgs/srv/detail/ros_cmd_interface__traits.hpp
[2.703s] -- Up-to-date: /home/st/ywfBot_ws/install/frhal_msgs/include/frhal_msgs/frhal_msgs/srv/detail/ros_cmd_interface__type_support.hpp
[2.703s] -- Up-to-date: /home/st/ywfBot_ws/install/frhal_msgs/include/frhal_msgs/frhal_msgs/srv/detail/trigger__type_support.hpp
[2.703s] -- Up-to-date: /home/st/ywfBot_ws/install/frhal_msgs/include/frhal_msgs/frhal_msgs/srv/detail/robot_interface__type_support.hpp
[2.703s] -- Up-to-date: /home/st/ywfBot_ws/install/frhal_msgs/include/frhal_msgs/frhal_msgs/srv/detail/ros_cmd_interface__struct.hpp
[2.704s] -- Up-to-date: /home/st/ywfBot_ws/install/frhal_msgs/include/frhal_msgs/frhal_msgs/srv/detail/robot_interface__traits.hpp
[2.704s] -- Up-to-date: /home/st/ywfBot_ws/install/frhal_msgs/include/frhal_msgs/frhal_msgs/srv/detail/calib_interface__traits.hpp
[2.704s] -- Up-to-date: /home/st/ywfBot_ws/install/frhal_msgs/include/frhal_msgs/frhal_msgs
[2.704s] -- Up-to-date: /home/st/ywfBot_ws/install/frhal_msgs/include/frhal_msgs/frhal_msgs/msg
[2.704s] -- Up-to-date: /home/st/ywfBot_ws/install/frhal_msgs/include/frhal_msgs/frhal_msgs/msg/rosidl_typesupport_fastrtps_cpp__visibility_control.h
[2.704s] -- Up-to-date: /home/st/ywfBot_ws/install/frhal_msgs/include/frhal_msgs/frhal_msgs/msg/detail
[2.705s] -- Up-to-date: /home/st/ywfBot_ws/install/frhal_msgs/include/frhal_msgs/frhal_msgs/msg/detail/dds_fastrtps
[2.705s] -- Up-to-date: /home/st/ywfBot_ws/install/frhal_msgs/include/frhal_msgs/frhal_msgs/msg/detail/fr_state__rosidl_typesupport_fastrtps_cpp.hpp
[2.705s] -- Up-to-date: /home/st/ywfBot_ws/install/frhal_msgs/include/frhal_msgs/frhal_msgs/srv
[2.705s] -- Up-to-date: /home/st/ywfBot_ws/install/frhal_msgs/include/frhal_msgs/frhal_msgs/srv/detail
[2.705s] -- Up-to-date: /home/st/ywfBot_ws/install/frhal_msgs/include/frhal_msgs/frhal_msgs/srv/detail/ros_cmd_interface__rosidl_typesupport_fastrtps_cpp.hpp
[2.705s] -- Up-to-date: /home/st/ywfBot_ws/install/frhal_msgs/include/frhal_msgs/frhal_msgs/srv/detail/trigger__rosidl_typesupport_fastrtps_cpp.hpp
[2.705s] -- Up-to-date: /home/st/ywfBot_ws/install/frhal_msgs/include/frhal_msgs/frhal_msgs/srv/detail/dds_fastrtps
[2.705s] -- Up-to-date: /home/st/ywfBot_ws/install/frhal_msgs/include/frhal_msgs/frhal_msgs/srv/detail/robot_interface__rosidl_typesupport_fastrtps_cpp.hpp
[2.706s] -- Up-to-date: /home/st/ywfBot_ws/install/frhal_msgs/include/frhal_msgs/frhal_msgs/srv/detail/calib_interface__rosidl_typesupport_fastrtps_cpp.hpp
[2.706s] -- Up-to-date: /home/st/ywfBot_ws/install/frhal_msgs/lib/libfrhal_msgs__rosidl_typesupport_fastrtps_cpp.so
[2.706s] -- Up-to-date: /home/st/ywfBot_ws/install/frhal_msgs/include/frhal_msgs/frhal_msgs
[2.706s] -- Up-to-date: /home/st/ywfBot_ws/install/frhal_msgs/include/frhal_msgs/frhal_msgs/msg
[2.706s] -- Up-to-date: /home/st/ywfBot_ws/install/frhal_msgs/include/frhal_msgs/frhal_msgs/msg/detail
[2.706s] -- Up-to-date: /home/st/ywfBot_ws/install/frhal_msgs/include/frhal_msgs/frhal_msgs/msg/detail/fr_state__rosidl_typesupport_introspection_cpp.hpp
[2.706s] -- Up-to-date: /home/st/ywfBot_ws/install/frhal_msgs/include/frhal_msgs/frhal_msgs/msg/detail/fr_state__type_support.cpp
[2.707s] -- Up-to-date: /home/st/ywfBot_ws/install/frhal_msgs/include/frhal_msgs/frhal_msgs/srv
[2.707s] -- Up-to-date: /home/st/ywfBot_ws/install/frhal_msgs/include/frhal_msgs/frhal_msgs/srv/detail
[2.708s] -- Up-to-date: /home/st/ywfBot_ws/install/frhal_msgs/include/frhal_msgs/frhal_msgs/srv/detail/ros_cmd_interface__type_support.cpp
[2.708s] -- Up-to-date: /home/st/ywfBot_ws/install/frhal_msgs/include/frhal_msgs/frhal_msgs/srv/detail/calib_interface__rosidl_typesupport_introspection_cpp.hpp
[2.708s] -- Up-to-date: /home/st/ywfBot_ws/install/frhal_msgs/include/frhal_msgs/frhal_msgs/srv/detail/trigger__type_support.cpp
[2.709s] -- Up-to-date: /home/st/ywfBot_ws/install/frhal_msgs/include/frhal_msgs/frhal_msgs/srv/detail/trigger__rosidl_typesupport_introspection_cpp.hpp
[2.709s] -- Up-to-date: /home/st/ywfBot_ws/install/frhal_msgs/include/frhal_msgs/frhal_msgs/srv/detail/robot_interface__rosidl_typesupport_introspection_cpp.hpp
[2.709s] -- Up-to-date: /home/st/ywfBot_ws/install/frhal_msgs/include/frhal_msgs/frhal_msgs/srv/detail/robot_interface__type_support.cpp
[2.709s] -- Up-to-date: /home/st/ywfBot_ws/install/frhal_msgs/include/frhal_msgs/frhal_msgs/srv/detail/calib_interface__type_support.cpp
[2.709s] -- Up-to-date: /home/st/ywfBot_ws/install/frhal_msgs/include/frhal_msgs/frhal_msgs/srv/detail/ros_cmd_interface__rosidl_typesupport_introspection_cpp.hpp
[2.710s] -- Up-to-date: /home/st/ywfBot_ws/install/frhal_msgs/lib/libfrhal_msgs__rosidl_typesupport_introspection_cpp.so
[2.710s] -- Up-to-date: /home/st/ywfBot_ws/install/frhal_msgs/lib/libfrhal_msgs__rosidl_typesupport_cpp.so
[2.710s] -- Up-to-date: /home/st/ywfBot_ws/install/frhal_msgs/share/frhal_msgs/environment/pythonpath.sh
[2.710s] -- Up-to-date: /home/st/ywfBot_ws/install/frhal_msgs/share/frhal_msgs/environment/pythonpath.dsv
[2.710s] -- Up-to-date: /home/st/ywfBot_ws/install/frhal_msgs/local/lib/python3.10/dist-packages/frhal_msgs-0.0.0-py3.10.egg-info
[2.710s] -- Installing: /home/st/ywfBot_ws/install/frhal_msgs/local/lib/python3.10/dist-packages/frhal_msgs-0.0.0-py3.10.egg-info/SOURCES.txt
[2.711s] -- Installing: /home/st/ywfBot_ws/install/frhal_msgs/local/lib/python3.10/dist-packages/frhal_msgs-0.0.0-py3.10.egg-info/top_level.txt
[2.711s] -- Installing: /home/st/ywfBot_ws/install/frhal_msgs/local/lib/python3.10/dist-packages/frhal_msgs-0.0.0-py3.10.egg-info/dependency_links.txt
[2.711s] -- Installing: /home/st/ywfBot_ws/install/frhal_msgs/local/lib/python3.10/dist-packages/frhal_msgs-0.0.0-py3.10.egg-info/PKG-INFO
[2.711s] -- Up-to-date: /home/st/ywfBot_ws/install/frhal_msgs/local/lib/python3.10/dist-packages/frhal_msgs
[2.711s] -- Up-to-date: /home/st/ywfBot_ws/install/frhal_msgs/local/lib/python3.10/dist-packages/frhal_msgs/__init__.py
[2.711s] -- Up-to-date: /home/st/ywfBot_ws/install/frhal_msgs/local/lib/python3.10/dist-packages/frhal_msgs/_frhal_msgs_s.ep.rosidl_typesupport_fastrtps_c.c
[2.711s] -- Up-to-date: /home/st/ywfBot_ws/install/frhal_msgs/local/lib/python3.10/dist-packages/frhal_msgs/frhal_msgs_s__rosidl_typesupport_introspection_c.cpython-310-x86_64-linux-gnu.so
[2.711s] -- Up-to-date: /home/st/ywfBot_ws/install/frhal_msgs/local/lib/python3.10/dist-packages/frhal_msgs/_frhal_msgs_s.ep.rosidl_typesupport_introspection_c.c
[2.712s] -- Up-to-date: /home/st/ywfBot_ws/install/frhal_msgs/local/lib/python3.10/dist-packages/frhal_msgs/libfrhal_msgs__rosidl_generator_py.so
[2.712s] -- Up-to-date: /home/st/ywfBot_ws/install/frhal_msgs/local/lib/python3.10/dist-packages/frhal_msgs/msg
[2.712s] -- Up-to-date: /home/st/ywfBot_ws/install/frhal_msgs/local/lib/python3.10/dist-packages/frhal_msgs/msg/__init__.py
[2.712s] -- Up-to-date: /home/st/ywfBot_ws/install/frhal_msgs/local/lib/python3.10/dist-packages/frhal_msgs/msg/_fr_state.py
[2.712s] -- Up-to-date: /home/st/ywfBot_ws/install/frhal_msgs/local/lib/python3.10/dist-packages/frhal_msgs/msg/_fr_state_s.c
[2.712s] -- Up-to-date: /home/st/ywfBot_ws/install/frhal_msgs/local/lib/python3.10/dist-packages/frhal_msgs/_frhal_msgs_s.ep.rosidl_typesupport_c.c
[2.712s] -- Up-to-date: /home/st/ywfBot_ws/install/frhal_msgs/local/lib/python3.10/dist-packages/frhal_msgs/frhal_msgs_s__rosidl_typesupport_c.cpython-310-x86_64-linux-gnu.so
[2.713s] -- Up-to-date: /home/st/ywfBot_ws/install/frhal_msgs/local/lib/python3.10/dist-packages/frhal_msgs/srv
[2.713s] -- Up-to-date: /home/st/ywfBot_ws/install/frhal_msgs/local/lib/python3.10/dist-packages/frhal_msgs/srv/__init__.py
[2.713s] -- Up-to-date: /home/st/ywfBot_ws/install/frhal_msgs/local/lib/python3.10/dist-packages/frhal_msgs/srv/_ros_cmd_interface_s.c
[2.713s] -- Up-to-date: /home/st/ywfBot_ws/install/frhal_msgs/local/lib/python3.10/dist-packages/frhal_msgs/srv/_robot_interface_s.c
[2.713s] -- Up-to-date: /home/st/ywfBot_ws/install/frhal_msgs/local/lib/python3.10/dist-packages/frhal_msgs/srv/_calib_interface_s.c
[2.717s] -- Up-to-date: /home/st/ywfBot_ws/install/frhal_msgs/local/lib/python3.10/dist-packages/frhal_msgs/srv/_robot_interface.py
[2.718s] -- Up-to-date: /home/st/ywfBot_ws/install/frhal_msgs/local/lib/python3.10/dist-packages/frhal_msgs/srv/_trigger_s.c
[2.718s] -- Up-to-date: /home/st/ywfBot_ws/install/frhal_msgs/local/lib/python3.10/dist-packages/frhal_msgs/srv/_calib_interface.py
[2.719s] -- Up-to-date: /home/st/ywfBot_ws/install/frhal_msgs/local/lib/python3.10/dist-packages/frhal_msgs/srv/_ros_cmd_interface.py
[2.719s] -- Up-to-date: /home/st/ywfBot_ws/install/frhal_msgs/local/lib/python3.10/dist-packages/frhal_msgs/srv/_trigger.py
[2.720s] -- Up-to-date: /home/st/ywfBot_ws/install/frhal_msgs/local/lib/python3.10/dist-packages/frhal_msgs/frhal_msgs_s__rosidl_typesupport_fastrtps_c.cpython-310-x86_64-linux-gnu.so
[2.806s] Listing '/home/st/ywfBot_ws/install/frhal_msgs/local/lib/python3.10/dist-packages/frhal_msgs'...
[2.806s] Listing '/home/st/ywfBot_ws/install/frhal_msgs/local/lib/python3.10/dist-packages/frhal_msgs/msg'...
[2.806s] Listing '/home/st/ywfBot_ws/install/frhal_msgs/local/lib/python3.10/dist-packages/frhal_msgs/srv'...
[2.824s] -- Up-to-date: /home/st/ywfBot_ws/install/frhal_msgs/local/lib/python3.10/dist-packages/frhal_msgs/frhal_msgs_s__rosidl_typesupport_fastrtps_c.cpython-310-x86_64-linux-gnu.so
[2.830s] -- Up-to-date: /home/st/ywfBot_ws/install/frhal_msgs/local/lib/python3.10/dist-packages/frhal_msgs/frhal_msgs_s__rosidl_typesupport_introspection_c.cpython-310-x86_64-linux-gnu.so
[2.837s] -- Up-to-date: /home/st/ywfBot_ws/install/frhal_msgs/local/lib/python3.10/dist-packages/frhal_msgs/frhal_msgs_s__rosidl_typesupport_c.cpython-310-x86_64-linux-gnu.so
[2.838s] -- Up-to-date: /home/st/ywfBot_ws/install/frhal_msgs/lib/libfrhal_msgs__rosidl_generator_py.so
[2.843s] -- Up-to-date: /home/st/ywfBot_ws/install/frhal_msgs/share/frhal_msgs/srv/ROSCmdInterface.idl
[2.844s] -- Up-to-date: /home/st/ywfBot_ws/install/frhal_msgs/share/frhal_msgs/msg/FRState.idl
[2.849s] -- Up-to-date: /home/st/ywfBot_ws/install/frhal_msgs/share/frhal_msgs/srv/Trigger.idl
[2.851s] -- Up-to-date: /home/st/ywfBot_ws/install/frhal_msgs/share/frhal_msgs/srv/RobotInterface.idl
[2.852s] -- Up-to-date: /home/st/ywfBot_ws/install/frhal_msgs/share/frhal_msgs/srv/CalibInterface.idl
[2.853s] -- Up-to-date: /home/st/ywfBot_ws/install/frhal_msgs/share/frhal_msgs/srv/ROSCmdInterface.srv
[2.854s] -- Up-to-date: /home/st/ywfBot_ws/install/frhal_msgs/share/frhal_msgs/srv/ROSCmdInterface_Request.msg
[2.858s] -- Up-to-date: /home/st/ywfBot_ws/install/frhal_msgs/share/frhal_msgs/srv/ROSCmdInterface_Response.msg
[2.860s] -- Up-to-date: /home/st/ywfBot_ws/install/frhal_msgs/share/frhal_msgs/msg/FRState.msg
[2.861s] -- Up-to-date: /home/st/ywfBot_ws/install/frhal_msgs/share/frhal_msgs/srv/Trigger.srv
[2.861s] -- Up-to-date: /home/st/ywfBot_ws/install/frhal_msgs/share/frhal_msgs/srv/Trigger_Request.msg
[2.862s] -- Up-to-date: /home/st/ywfBot_ws/install/frhal_msgs/share/frhal_msgs/srv/Trigger_Response.msg
[2.862s] -- Up-to-date: /home/st/ywfBot_ws/install/frhal_msgs/share/frhal_msgs/srv/RobotInterface.srv
[2.862s] -- Up-to-date: /home/st/ywfBot_ws/install/frhal_msgs/share/frhal_msgs/srv/RobotInterface_Request.msg
[2.862s] -- Up-to-date: /home/st/ywfBot_ws/install/frhal_msgs/share/frhal_msgs/srv/RobotInterface_Response.msg
[2.864s] -- Up-to-date: /home/st/ywfBot_ws/install/frhal_msgs/share/frhal_msgs/srv/CalibInterface.srv
[2.865s] -- Up-to-date: /home/st/ywfBot_ws/install/frhal_msgs/share/frhal_msgs/srv/CalibInterface_Request.msg
[2.865s] -- Up-to-date: /home/st/ywfBot_ws/install/frhal_msgs/share/frhal_msgs/srv/CalibInterface_Response.msg
[2.865s] -- Up-to-date: /home/st/ywfBot_ws/install/frhal_msgs/share/ament_index/resource_index/package_run_dependencies/frhal_msgs
[2.866s] -- Up-to-date: /home/st/ywfBot_ws/install/frhal_msgs/share/ament_index/resource_index/parent_prefix_path/frhal_msgs
[2.866s] -- Up-to-date: /home/st/ywfBot_ws/install/frhal_msgs/share/frhal_msgs/environment/ament_prefix_path.sh
[2.868s] -- Up-to-date: /home/st/ywfBot_ws/install/frhal_msgs/share/frhal_msgs/environment/ament_prefix_path.dsv
[2.869s] -- Up-to-date: /home/st/ywfBot_ws/install/frhal_msgs/share/frhal_msgs/environment/path.sh
[2.869s] -- Up-to-date: /home/st/ywfBot_ws/install/frhal_msgs/share/frhal_msgs/environment/path.dsv
[2.869s] -- Up-to-date: /home/st/ywfBot_ws/install/frhal_msgs/share/frhal_msgs/local_setup.bash
[2.870s] -- Up-to-date: /home/st/ywfBot_ws/install/frhal_msgs/share/frhal_msgs/local_setup.sh
[2.870s] -- Up-to-date: /home/st/ywfBot_ws/install/frhal_msgs/share/frhal_msgs/local_setup.zsh
[2.870s] -- Up-to-date: /home/st/ywfBot_ws/install/frhal_msgs/share/frhal_msgs/local_setup.dsv
[2.870s] -- Installing: /home/st/ywfBot_ws/install/frhal_msgs/share/frhal_msgs/package.dsv
[2.870s] -- Up-to-date: /home/st/ywfBot_ws/install/frhal_msgs/share/ament_index/resource_index/packages/frhal_msgs
[2.870s] -- Up-to-date: /home/st/ywfBot_ws/install/frhal_msgs/share/frhal_msgs/cmake/export_frhal_msgs__rosidl_generator_cExport.cmake
[2.871s] -- Up-to-date: /home/st/ywfBot_ws/install/frhal_msgs/share/frhal_msgs/cmake/export_frhal_msgs__rosidl_generator_cExport-noconfig.cmake
[2.871s] -- Up-to-date: /home/st/ywfBot_ws/install/frhal_msgs/share/frhal_msgs/cmake/export_frhal_msgs__rosidl_typesupport_fastrtps_cExport.cmake
[2.871s] -- Up-to-date: /home/st/ywfBot_ws/install/frhal_msgs/share/frhal_msgs/cmake/export_frhal_msgs__rosidl_typesupport_fastrtps_cExport-noconfig.cmake
[2.871s] -- Up-to-date: /home/st/ywfBot_ws/install/frhal_msgs/share/frhal_msgs/cmake/frhal_msgs__rosidl_typesupport_introspection_cExport.cmake
[2.878s] -- Up-to-date: /home/st/ywfBot_ws/install/frhal_msgs/share/frhal_msgs/cmake/frhal_msgs__rosidl_typesupport_introspection_cExport-noconfig.cmake
[2.880s] -- Up-to-date: /home/st/ywfBot_ws/install/frhal_msgs/share/frhal_msgs/cmake/frhal_msgs__rosidl_typesupport_cExport.cmake
[2.880s] -- Up-to-date: /home/st/ywfBot_ws/install/frhal_msgs/share/frhal_msgs/cmake/frhal_msgs__rosidl_typesupport_cExport-noconfig.cmake
[2.880s] -- Up-to-date: /home/st/ywfBot_ws/install/frhal_msgs/share/frhal_msgs/cmake/export_frhal_msgs__rosidl_generator_cppExport.cmake
[2.880s] -- Up-to-date: /home/st/ywfBot_ws/install/frhal_msgs/share/frhal_msgs/cmake/export_frhal_msgs__rosidl_typesupport_fastrtps_cppExport.cmake
[2.881s] -- Up-to-date: /home/st/ywfBot_ws/install/frhal_msgs/share/frhal_msgs/cmake/export_frhal_msgs__rosidl_typesupport_fastrtps_cppExport-noconfig.cmake
[2.881s] -- Up-to-date: /home/st/ywfBot_ws/install/frhal_msgs/share/frhal_msgs/cmake/frhal_msgs__rosidl_typesupport_introspection_cppExport.cmake
[2.881s] -- Up-to-date: /home/st/ywfBot_ws/install/frhal_msgs/share/frhal_msgs/cmake/frhal_msgs__rosidl_typesupport_introspection_cppExport-noconfig.cmake
[2.882s] -- Up-to-date: /home/st/ywfBot_ws/install/frhal_msgs/share/frhal_msgs/cmake/frhal_msgs__rosidl_typesupport_cppExport.cmake
[2.883s] -- Up-to-date: /home/st/ywfBot_ws/install/frhal_msgs/share/frhal_msgs/cmake/frhal_msgs__rosidl_typesupport_cppExport-noconfig.cmake
[2.883s] -- Up-to-date: /home/st/ywfBot_ws/install/frhal_msgs/share/frhal_msgs/cmake/export_frhal_msgs__rosidl_generator_pyExport.cmake
[2.883s] -- Up-to-date: /home/st/ywfBot_ws/install/frhal_msgs/share/frhal_msgs/cmake/export_frhal_msgs__rosidl_generator_pyExport-noconfig.cmake
[2.883s] -- Up-to-date: /home/st/ywfBot_ws/install/frhal_msgs/share/frhal_msgs/cmake/rosidl_cmake-extras.cmake
[2.883s] -- Up-to-date: /home/st/ywfBot_ws/install/frhal_msgs/share/frhal_msgs/cmake/ament_cmake_export_include_directories-extras.cmake
[2.884s] -- Up-to-date: /home/st/ywfBot_ws/install/frhal_msgs/share/frhal_msgs/cmake/ament_cmake_export_libraries-extras.cmake
[2.884s] -- Up-to-date: /home/st/ywfBot_ws/install/frhal_msgs/share/frhal_msgs/cmake/ament_cmake_export_targets-extras.cmake
[2.884s] -- Up-to-date: /home/st/ywfBot_ws/install/frhal_msgs/share/frhal_msgs/cmake/rosidl_cmake_export_typesupport_targets-extras.cmake
[2.884s] -- Up-to-date: /home/st/ywfBot_ws/install/frhal_msgs/share/frhal_msgs/cmake/ament_cmake_export_dependencies-extras.cmake
[2.884s] -- Up-to-date: /home/st/ywfBot_ws/install/frhal_msgs/share/frhal_msgs/cmake/rosidl_cmake_export_typesupport_libraries-extras.cmake
[2.884s] -- Up-to-date: /home/st/ywfBot_ws/install/frhal_msgs/share/frhal_msgs/cmake/frhal_msgsConfig.cmake
[2.885s] -- Up-to-date: /home/st/ywfBot_ws/install/frhal_msgs/share/frhal_msgs/cmake/frhal_msgsConfig-version.cmake
[2.885s] -- Up-to-date: /home/st/ywfBot_ws/install/frhal_msgs/share/frhal_msgs/package.xml
[2.909s] Invoked command in '/home/st/ywfBot_ws/build/frhal_msgs' returned '0': CMAKE_PREFIX_PATH=${CMAKE_PREFIX_PATH}:/home/st/ywfBot_ws/install/py_action_client:/home/st/ywfBot_ws/install/py_action:/home/st/moveit2_humble_ws/install/moveit_configs_utils:/home/st/moveit2_humble_ws/install/launch_param_builder:/opt/ros/humble /usr/bin/cmake --install /home/st/ywfBot_ws/build/frhal_msgs
