[0.327s] DEBUG:colcon:Command line arguments: ['/usr/bin/colcon', 'build']
[0.328s] DEBUG:colcon:Parsed command line arguments: Namespace(log_base=None, log_level=None, verb_name='build', build_base='build', install_base='install', merge_install=False, symlink_install=False, test_result_base=None, continue_on_error=False, executor='parallel', parallel_workers=16, event_handlers=None, ignore_user_meta=False, metas=['./colcon.meta'], base_paths=['.'], packages_ignore=None, packages_ignore_regex=None, paths=None, packages_up_to=None, packages_up_to_regex=None, packages_above=None, packages_above_and_dependencies=None, packages_above_depth=None, packages_select_by_dep=None, packages_skip_by_dep=None, packages_skip_up_to=None, packages_select_build_failed=False, packages_skip_build_finished=False, packages_select_test_failures=False, packages_skip_test_passed=False, packages_select=None, packages_skip=None, packages_select_regex=None, packages_skip_regex=None, packages_start=None, packages_end=None, allow_overriding=[], cmake_args=None, cmake_target=None, cmake_target_skip_unavailable=False, cmake_clean_cache=False, cmake_clean_first=False, cmake_force_configure=False, ament_cmake_args=None, catkin_cmake_args=None, catkin_skip_building_tests=False, mixin_files=None, mixin=None, verb_parser=<colcon_mixin.mixin.mixin_argument.MixinArgumentDecorator object at 0x7d9450f533a0>, verb_extension=<colcon_core.verb.build.BuildVerb object at 0x7d9451094250>, main=<bound method BuildVerb.main of <colcon_core.verb.build.BuildVerb object at 0x7d9451094250>>, mixin_verb=('build',))
[0.737s] Level 1:colcon.colcon_core.package_discovery:discover_packages(colcon_meta) check parameters
[0.738s] Level 1:colcon.colcon_core.package_discovery:discover_packages(recursive) check parameters
[0.738s] Level 1:colcon.colcon_core.package_discovery:discover_packages(ignore) check parameters
[0.738s] Level 1:colcon.colcon_core.package_discovery:discover_packages(path) check parameters
[0.738s] Level 1:colcon.colcon_core.package_discovery:discover_packages(colcon_meta) discover
[0.738s] Level 1:colcon.colcon_core.package_discovery:discover_packages(recursive) discover
[0.738s] INFO:colcon.colcon_core.package_discovery:Crawling recursively for packages in '/home/st/ywfBot_ws'
[0.738s] Level 1:colcon.colcon_core.package_identification:_identify(.) by extensions ['ignore', 'ignore_ament_install']
[0.738s] Level 1:colcon.colcon_core.package_identification:_identify(.) by extension 'ignore'
[0.739s] Level 1:colcon.colcon_core.package_identification:_identify(.) by extension 'ignore_ament_install'
[0.739s] Level 1:colcon.colcon_core.package_identification:_identify(.) by extensions ['colcon_pkg']
[0.739s] Level 1:colcon.colcon_core.package_identification:_identify(.) by extension 'colcon_pkg'
[0.739s] Level 1:colcon.colcon_core.package_identification:_identify(.) by extensions ['colcon_meta']
[0.739s] Level 1:colcon.colcon_core.package_identification:_identify(.) by extension 'colcon_meta'
[0.739s] Level 1:colcon.colcon_core.package_identification:_identify(.) by extensions ['ros']
[0.739s] Level 1:colcon.colcon_core.package_identification:_identify(.) by extension 'ros'
[0.768s] Level 1:colcon.colcon_core.package_identification:_identify(.) by extensions ['cmake', 'python']
[0.768s] Level 1:colcon.colcon_core.package_identification:_identify(.) by extension 'cmake'
[0.768s] Level 1:colcon.colcon_core.package_identification:_identify(.) by extension 'python'
[0.768s] Level 1:colcon.colcon_core.package_identification:_identify(.) by extensions ['python_setup_py']
[0.768s] Level 1:colcon.colcon_core.package_identification:_identify(.) by extension 'python_setup_py'
[0.768s] Level 1:colcon.colcon_core.package_identification:_identify(build) by extensions ['ignore', 'ignore_ament_install']
[0.769s] Level 1:colcon.colcon_core.package_identification:_identify(build) by extension 'ignore'
[0.769s] Level 1:colcon.colcon_core.package_identification:_identify(build) ignored
[0.769s] Level 1:colcon.colcon_core.package_identification:_identify(install) by extensions ['ignore', 'ignore_ament_install']
[0.769s] Level 1:colcon.colcon_core.package_identification:_identify(install) by extension 'ignore'
[0.769s] Level 1:colcon.colcon_core.package_identification:_identify(install) ignored
[0.769s] Level 1:colcon.colcon_core.package_identification:_identify(log) by extensions ['ignore', 'ignore_ament_install']
[0.770s] Level 1:colcon.colcon_core.package_identification:_identify(log) by extension 'ignore'
[0.770s] Level 1:colcon.colcon_core.package_identification:_identify(log) ignored
[0.770s] Level 1:colcon.colcon_core.package_identification:_identify(src) by extensions ['ignore', 'ignore_ament_install']
[0.770s] Level 1:colcon.colcon_core.package_identification:_identify(src) by extension 'ignore'
[0.770s] Level 1:colcon.colcon_core.package_identification:_identify(src) by extension 'ignore_ament_install'
[0.770s] Level 1:colcon.colcon_core.package_identification:_identify(src) by extensions ['colcon_pkg']
[0.770s] Level 1:colcon.colcon_core.package_identification:_identify(src) by extension 'colcon_pkg'
[0.770s] Level 1:colcon.colcon_core.package_identification:_identify(src) by extensions ['colcon_meta']
[0.770s] Level 1:colcon.colcon_core.package_identification:_identify(src) by extension 'colcon_meta'
[0.771s] Level 1:colcon.colcon_core.package_identification:_identify(src) by extensions ['ros']
[0.771s] Level 1:colcon.colcon_core.package_identification:_identify(src) by extension 'ros'
[0.771s] Level 1:colcon.colcon_core.package_identification:_identify(src) by extensions ['cmake', 'python']
[0.771s] Level 1:colcon.colcon_core.package_identification:_identify(src) by extension 'cmake'
[0.771s] Level 1:colcon.colcon_core.package_identification:_identify(src) by extension 'python'
[0.771s] Level 1:colcon.colcon_core.package_identification:_identify(src) by extensions ['python_setup_py']
[0.771s] Level 1:colcon.colcon_core.package_identification:_identify(src) by extension 'python_setup_py'
[0.771s] Level 1:colcon.colcon_core.package_identification:_identify(src/fr_ros2) by extensions ['ignore', 'ignore_ament_install']
[0.771s] Level 1:colcon.colcon_core.package_identification:_identify(src/fr_ros2) by extension 'ignore'
[0.772s] Level 1:colcon.colcon_core.package_identification:_identify(src/fr_ros2) by extension 'ignore_ament_install'
[0.772s] Level 1:colcon.colcon_core.package_identification:_identify(src/fr_ros2) by extensions ['colcon_pkg']
[0.772s] Level 1:colcon.colcon_core.package_identification:_identify(src/fr_ros2) by extension 'colcon_pkg'
[0.772s] Level 1:colcon.colcon_core.package_identification:_identify(src/fr_ros2) by extensions ['colcon_meta']
[0.772s] Level 1:colcon.colcon_core.package_identification:_identify(src/fr_ros2) by extension 'colcon_meta'
[0.772s] Level 1:colcon.colcon_core.package_identification:_identify(src/fr_ros2) by extensions ['ros']
[0.772s] Level 1:colcon.colcon_core.package_identification:_identify(src/fr_ros2) by extension 'ros'
[0.777s] DEBUG:colcon.colcon_core.package_identification:Package 'src/fr_ros2' with type 'ros.ament_cmake' and name 'fr_ros2'
[0.777s] Level 1:colcon.colcon_core.package_identification:_identify(src/frhal_msgs) by extensions ['ignore', 'ignore_ament_install']
[0.778s] Level 1:colcon.colcon_core.package_identification:_identify(src/frhal_msgs) by extension 'ignore'
[0.778s] Level 1:colcon.colcon_core.package_identification:_identify(src/frhal_msgs) by extension 'ignore_ament_install'
[0.778s] Level 1:colcon.colcon_core.package_identification:_identify(src/frhal_msgs) by extensions ['colcon_pkg']
[0.778s] Level 1:colcon.colcon_core.package_identification:_identify(src/frhal_msgs) by extension 'colcon_pkg'
[0.778s] Level 1:colcon.colcon_core.package_identification:_identify(src/frhal_msgs) by extensions ['colcon_meta']
[0.778s] Level 1:colcon.colcon_core.package_identification:_identify(src/frhal_msgs) by extension 'colcon_meta'
[0.778s] Level 1:colcon.colcon_core.package_identification:_identify(src/frhal_msgs) by extensions ['ros']
[0.778s] Level 1:colcon.colcon_core.package_identification:_identify(src/frhal_msgs) by extension 'ros'
[0.780s] DEBUG:colcon.colcon_core.package_identification:Package 'src/frhal_msgs' with type 'ros.ament_cmake' and name 'frhal_msgs'
[0.780s] Level 1:colcon.colcon_core.package_identification:_identify(src/moveit2_ywf_interface) by extensions ['ignore', 'ignore_ament_install']
[0.780s] Level 1:colcon.colcon_core.package_identification:_identify(src/moveit2_ywf_interface) by extension 'ignore'
[0.780s] Level 1:colcon.colcon_core.package_identification:_identify(src/moveit2_ywf_interface) by extension 'ignore_ament_install'
[0.780s] Level 1:colcon.colcon_core.package_identification:_identify(src/moveit2_ywf_interface) by extensions ['colcon_pkg']
[0.780s] Level 1:colcon.colcon_core.package_identification:_identify(src/moveit2_ywf_interface) by extension 'colcon_pkg'
[0.781s] Level 1:colcon.colcon_core.package_identification:_identify(src/moveit2_ywf_interface) by extensions ['colcon_meta']
[0.781s] Level 1:colcon.colcon_core.package_identification:_identify(src/moveit2_ywf_interface) by extension 'colcon_meta'
[0.781s] Level 1:colcon.colcon_core.package_identification:_identify(src/moveit2_ywf_interface) by extensions ['ros']
[0.781s] Level 1:colcon.colcon_core.package_identification:_identify(src/moveit2_ywf_interface) by extension 'ros'
[0.786s] DEBUG:colcon.colcon_core.package_identification:Package 'src/moveit2_ywf_interface' with type 'ros.ament_cmake' and name 'moveit2_ywf_interface'
[0.786s] Level 1:colcon.colcon_core.package_identification:_identify(src/moveit_ywf_msg) by extensions ['ignore', 'ignore_ament_install']
[0.787s] Level 1:colcon.colcon_core.package_identification:_identify(src/moveit_ywf_msg) by extension 'ignore'
[0.787s] Level 1:colcon.colcon_core.package_identification:_identify(src/moveit_ywf_msg) by extension 'ignore_ament_install'
[0.787s] Level 1:colcon.colcon_core.package_identification:_identify(src/moveit_ywf_msg) by extensions ['colcon_pkg']
[0.787s] Level 1:colcon.colcon_core.package_identification:_identify(src/moveit_ywf_msg) by extension 'colcon_pkg'
[0.787s] Level 1:colcon.colcon_core.package_identification:_identify(src/moveit_ywf_msg) by extensions ['colcon_meta']
[0.787s] Level 1:colcon.colcon_core.package_identification:_identify(src/moveit_ywf_msg) by extension 'colcon_meta'
[0.787s] Level 1:colcon.colcon_core.package_identification:_identify(src/moveit_ywf_msg) by extensions ['ros']
[0.787s] Level 1:colcon.colcon_core.package_identification:_identify(src/moveit_ywf_msg) by extension 'ros'
[0.788s] DEBUG:colcon.colcon_core.package_identification:Package 'src/moveit_ywf_msg' with type 'ros.ament_cmake' and name 'moveit_ywf_msg'
[0.789s] Level 1:colcon.colcon_core.package_identification:_identify(src/py_action) by extensions ['ignore', 'ignore_ament_install']
[0.789s] Level 1:colcon.colcon_core.package_identification:_identify(src/py_action) by extension 'ignore'
[0.789s] Level 1:colcon.colcon_core.package_identification:_identify(src/py_action) by extension 'ignore_ament_install'
[0.789s] Level 1:colcon.colcon_core.package_identification:_identify(src/py_action) by extensions ['colcon_pkg']
[0.789s] Level 1:colcon.colcon_core.package_identification:_identify(src/py_action) by extension 'colcon_pkg'
[0.789s] Level 1:colcon.colcon_core.package_identification:_identify(src/py_action) by extensions ['colcon_meta']
[0.789s] Level 1:colcon.colcon_core.package_identification:_identify(src/py_action) by extension 'colcon_meta'
[0.789s] Level 1:colcon.colcon_core.package_identification:_identify(src/py_action) by extensions ['ros']
[0.789s] Level 1:colcon.colcon_core.package_identification:_identify(src/py_action) by extension 'ros'
[0.790s] DEBUG:colcon.colcon_core.package_identification:Package 'src/py_action' with type 'ros.ament_python' and name 'py_action'
[0.791s] Level 1:colcon.colcon_core.package_identification:_identify(src/py_action_client) by extensions ['ignore', 'ignore_ament_install']
[0.791s] Level 1:colcon.colcon_core.package_identification:_identify(src/py_action_client) by extension 'ignore'
[0.791s] Level 1:colcon.colcon_core.package_identification:_identify(src/py_action_client) by extension 'ignore_ament_install'
[0.791s] Level 1:colcon.colcon_core.package_identification:_identify(src/py_action_client) by extensions ['colcon_pkg']
[0.791s] Level 1:colcon.colcon_core.package_identification:_identify(src/py_action_client) by extension 'colcon_pkg'
[0.791s] Level 1:colcon.colcon_core.package_identification:_identify(src/py_action_client) by extensions ['colcon_meta']
[0.791s] Level 1:colcon.colcon_core.package_identification:_identify(src/py_action_client) by extension 'colcon_meta'
[0.791s] Level 1:colcon.colcon_core.package_identification:_identify(src/py_action_client) by extensions ['ros']
[0.791s] Level 1:colcon.colcon_core.package_identification:_identify(src/py_action_client) by extension 'ros'
[0.793s] DEBUG:colcon.colcon_core.package_identification:Package 'src/py_action_client' with type 'ros.ament_python' and name 'py_action_client'
[0.793s] Level 1:colcon.colcon_core.package_discovery:discover_packages(recursive) using defaults
[0.793s] Level 1:colcon.colcon_core.package_discovery:discover_packages(ignore) discover
[0.793s] Level 1:colcon.colcon_core.package_discovery:discover_packages(ignore) using defaults
[0.793s] Level 1:colcon.colcon_core.package_discovery:discover_packages(path) discover
[0.793s] Level 1:colcon.colcon_core.package_discovery:discover_packages(path) using defaults
[0.858s] Level 1:colcon.colcon_core.package_discovery:discover_packages(prefix_path) check parameters
[0.858s] Level 1:colcon.colcon_core.package_discovery:discover_packages(prefix_path) discover
[0.862s] DEBUG:colcon.colcon_installed_package_information.package_discovery:Found 6 installed packages in /home/st/ywfBot_ws/install
[0.865s] DEBUG:colcon.colcon_installed_package_information.package_discovery:Found 313 installed packages in /opt/ros/humble
[0.869s] Level 1:colcon.colcon_core.package_discovery:discover_packages(prefix_path) using defaults
[0.970s] Level 5:colcon.colcon_core.verb:set package 'frhal_msgs' build argument 'cmake_args' from command line to 'None'
[0.970s] Level 5:colcon.colcon_core.verb:set package 'frhal_msgs' build argument 'cmake_target' from command line to 'None'
[0.970s] Level 5:colcon.colcon_core.verb:set package 'frhal_msgs' build argument 'cmake_target_skip_unavailable' from command line to 'False'
[0.971s] Level 5:colcon.colcon_core.verb:set package 'frhal_msgs' build argument 'cmake_clean_cache' from command line to 'False'
[0.971s] Level 5:colcon.colcon_core.verb:set package 'frhal_msgs' build argument 'cmake_clean_first' from command line to 'False'
[0.971s] Level 5:colcon.colcon_core.verb:set package 'frhal_msgs' build argument 'cmake_force_configure' from command line to 'False'
[0.971s] Level 5:colcon.colcon_core.verb:set package 'frhal_msgs' build argument 'ament_cmake_args' from command line to 'None'
[0.971s] Level 5:colcon.colcon_core.verb:set package 'frhal_msgs' build argument 'catkin_cmake_args' from command line to 'None'
[0.971s] Level 5:colcon.colcon_core.verb:set package 'frhal_msgs' build argument 'catkin_skip_building_tests' from command line to 'False'
[0.971s] DEBUG:colcon.colcon_core.verb:Building package 'frhal_msgs' with the following arguments: {'ament_cmake_args': None, 'build_base': '/home/st/ywfBot_ws/build/frhal_msgs', 'catkin_cmake_args': None, 'catkin_skip_building_tests': False, 'cmake_args': None, 'cmake_clean_cache': False, 'cmake_clean_first': False, 'cmake_force_configure': False, 'cmake_target': None, 'cmake_target_skip_unavailable': False, 'install_base': '/home/st/ywfBot_ws/install/frhal_msgs', 'merge_install': False, 'path': '/home/st/ywfBot_ws/src/frhal_msgs', 'symlink_install': False, 'test_result_base': None}
[0.972s] Level 5:colcon.colcon_core.verb:set package 'moveit_ywf_msg' build argument 'cmake_args' from command line to 'None'
[0.972s] Level 5:colcon.colcon_core.verb:set package 'moveit_ywf_msg' build argument 'cmake_target' from command line to 'None'
[0.972s] Level 5:colcon.colcon_core.verb:set package 'moveit_ywf_msg' build argument 'cmake_target_skip_unavailable' from command line to 'False'
[0.972s] Level 5:colcon.colcon_core.verb:set package 'moveit_ywf_msg' build argument 'cmake_clean_cache' from command line to 'False'
[0.972s] Level 5:colcon.colcon_core.verb:set package 'moveit_ywf_msg' build argument 'cmake_clean_first' from command line to 'False'
[0.972s] Level 5:colcon.colcon_core.verb:set package 'moveit_ywf_msg' build argument 'cmake_force_configure' from command line to 'False'
[0.972s] Level 5:colcon.colcon_core.verb:set package 'moveit_ywf_msg' build argument 'ament_cmake_args' from command line to 'None'
[0.972s] Level 5:colcon.colcon_core.verb:set package 'moveit_ywf_msg' build argument 'catkin_cmake_args' from command line to 'None'
[0.972s] Level 5:colcon.colcon_core.verb:set package 'moveit_ywf_msg' build argument 'catkin_skip_building_tests' from command line to 'False'
[0.973s] DEBUG:colcon.colcon_core.verb:Building package 'moveit_ywf_msg' with the following arguments: {'ament_cmake_args': None, 'build_base': '/home/st/ywfBot_ws/build/moveit_ywf_msg', 'catkin_cmake_args': None, 'catkin_skip_building_tests': False, 'cmake_args': None, 'cmake_clean_cache': False, 'cmake_clean_first': False, 'cmake_force_configure': False, 'cmake_target': None, 'cmake_target_skip_unavailable': False, 'install_base': '/home/st/ywfBot_ws/install/moveit_ywf_msg', 'merge_install': False, 'path': '/home/st/ywfBot_ws/src/moveit_ywf_msg', 'symlink_install': False, 'test_result_base': None}
[0.973s] Level 5:colcon.colcon_core.verb:set package 'py_action' build argument 'cmake_args' from command line to 'None'
[0.973s] Level 5:colcon.colcon_core.verb:set package 'py_action' build argument 'cmake_target' from command line to 'None'
[0.973s] Level 5:colcon.colcon_core.verb:set package 'py_action' build argument 'cmake_target_skip_unavailable' from command line to 'False'
[0.973s] Level 5:colcon.colcon_core.verb:set package 'py_action' build argument 'cmake_clean_cache' from command line to 'False'
[0.974s] Level 5:colcon.colcon_core.verb:set package 'py_action' build argument 'cmake_clean_first' from command line to 'False'
[0.974s] Level 5:colcon.colcon_core.verb:set package 'py_action' build argument 'cmake_force_configure' from command line to 'False'
[0.974s] Level 5:colcon.colcon_core.verb:set package 'py_action' build argument 'ament_cmake_args' from command line to 'None'
[0.974s] Level 5:colcon.colcon_core.verb:set package 'py_action' build argument 'catkin_cmake_args' from command line to 'None'
[0.974s] Level 5:colcon.colcon_core.verb:set package 'py_action' build argument 'catkin_skip_building_tests' from command line to 'False'
[0.974s] DEBUG:colcon.colcon_core.verb:Building package 'py_action' with the following arguments: {'ament_cmake_args': None, 'build_base': '/home/st/ywfBot_ws/build/py_action', 'catkin_cmake_args': None, 'catkin_skip_building_tests': False, 'cmake_args': None, 'cmake_clean_cache': False, 'cmake_clean_first': False, 'cmake_force_configure': False, 'cmake_target': None, 'cmake_target_skip_unavailable': False, 'install_base': '/home/st/ywfBot_ws/install/py_action', 'merge_install': False, 'path': '/home/st/ywfBot_ws/src/py_action', 'symlink_install': False, 'test_result_base': None}
[0.975s] Level 5:colcon.colcon_core.verb:set package 'py_action_client' build argument 'cmake_args' from command line to 'None'
[0.975s] Level 5:colcon.colcon_core.verb:set package 'py_action_client' build argument 'cmake_target' from command line to 'None'
[0.975s] Level 5:colcon.colcon_core.verb:set package 'py_action_client' build argument 'cmake_target_skip_unavailable' from command line to 'False'
[0.975s] Level 5:colcon.colcon_core.verb:set package 'py_action_client' build argument 'cmake_clean_cache' from command line to 'False'
[0.975s] Level 5:colcon.colcon_core.verb:set package 'py_action_client' build argument 'cmake_clean_first' from command line to 'False'
[0.975s] Level 5:colcon.colcon_core.verb:set package 'py_action_client' build argument 'cmake_force_configure' from command line to 'False'
[0.975s] Level 5:colcon.colcon_core.verb:set package 'py_action_client' build argument 'ament_cmake_args' from command line to 'None'
[0.975s] Level 5:colcon.colcon_core.verb:set package 'py_action_client' build argument 'catkin_cmake_args' from command line to 'None'
[0.975s] Level 5:colcon.colcon_core.verb:set package 'py_action_client' build argument 'catkin_skip_building_tests' from command line to 'False'
[0.975s] DEBUG:colcon.colcon_core.verb:Building package 'py_action_client' with the following arguments: {'ament_cmake_args': None, 'build_base': '/home/st/ywfBot_ws/build/py_action_client', 'catkin_cmake_args': None, 'catkin_skip_building_tests': False, 'cmake_args': None, 'cmake_clean_cache': False, 'cmake_clean_first': False, 'cmake_force_configure': False, 'cmake_target': None, 'cmake_target_skip_unavailable': False, 'install_base': '/home/st/ywfBot_ws/install/py_action_client', 'merge_install': False, 'path': '/home/st/ywfBot_ws/src/py_action_client', 'symlink_install': False, 'test_result_base': None}
[0.976s] Level 5:colcon.colcon_core.verb:set package 'fr_ros2' build argument 'cmake_args' from command line to 'None'
[0.976s] Level 5:colcon.colcon_core.verb:set package 'fr_ros2' build argument 'cmake_target' from command line to 'None'
[0.976s] Level 5:colcon.colcon_core.verb:set package 'fr_ros2' build argument 'cmake_target_skip_unavailable' from command line to 'False'
[0.976s] Level 5:colcon.colcon_core.verb:set package 'fr_ros2' build argument 'cmake_clean_cache' from command line to 'False'
[0.976s] Level 5:colcon.colcon_core.verb:set package 'fr_ros2' build argument 'cmake_clean_first' from command line to 'False'
[0.976s] Level 5:colcon.colcon_core.verb:set package 'fr_ros2' build argument 'cmake_force_configure' from command line to 'False'
[0.976s] Level 5:colcon.colcon_core.verb:set package 'fr_ros2' build argument 'ament_cmake_args' from command line to 'None'
[0.976s] Level 5:colcon.colcon_core.verb:set package 'fr_ros2' build argument 'catkin_cmake_args' from command line to 'None'
[0.976s] Level 5:colcon.colcon_core.verb:set package 'fr_ros2' build argument 'catkin_skip_building_tests' from command line to 'False'
[0.976s] DEBUG:colcon.colcon_core.verb:Building package 'fr_ros2' with the following arguments: {'ament_cmake_args': None, 'build_base': '/home/st/ywfBot_ws/build/fr_ros2', 'catkin_cmake_args': None, 'catkin_skip_building_tests': False, 'cmake_args': None, 'cmake_clean_cache': False, 'cmake_clean_first': False, 'cmake_force_configure': False, 'cmake_target': None, 'cmake_target_skip_unavailable': False, 'install_base': '/home/st/ywfBot_ws/install/fr_ros2', 'merge_install': False, 'path': '/home/st/ywfBot_ws/src/fr_ros2', 'symlink_install': False, 'test_result_base': None}
[0.977s] Level 5:colcon.colcon_core.verb:set package 'moveit2_ywf_interface' build argument 'cmake_args' from command line to 'None'
[0.977s] Level 5:colcon.colcon_core.verb:set package 'moveit2_ywf_interface' build argument 'cmake_target' from command line to 'None'
[0.977s] Level 5:colcon.colcon_core.verb:set package 'moveit2_ywf_interface' build argument 'cmake_target_skip_unavailable' from command line to 'False'
[0.977s] Level 5:colcon.colcon_core.verb:set package 'moveit2_ywf_interface' build argument 'cmake_clean_cache' from command line to 'False'
[0.977s] Level 5:colcon.colcon_core.verb:set package 'moveit2_ywf_interface' build argument 'cmake_clean_first' from command line to 'False'
[0.977s] Level 5:colcon.colcon_core.verb:set package 'moveit2_ywf_interface' build argument 'cmake_force_configure' from command line to 'False'
[0.977s] Level 5:colcon.colcon_core.verb:set package 'moveit2_ywf_interface' build argument 'ament_cmake_args' from command line to 'None'
[0.977s] Level 5:colcon.colcon_core.verb:set package 'moveit2_ywf_interface' build argument 'catkin_cmake_args' from command line to 'None'
[0.978s] Level 5:colcon.colcon_core.verb:set package 'moveit2_ywf_interface' build argument 'catkin_skip_building_tests' from command line to 'False'
[0.978s] DEBUG:colcon.colcon_core.verb:Building package 'moveit2_ywf_interface' with the following arguments: {'ament_cmake_args': None, 'build_base': '/home/st/ywfBot_ws/build/moveit2_ywf_interface', 'catkin_cmake_args': None, 'catkin_skip_building_tests': False, 'cmake_args': None, 'cmake_clean_cache': False, 'cmake_clean_first': False, 'cmake_force_configure': False, 'cmake_target': None, 'cmake_target_skip_unavailable': False, 'install_base': '/home/st/ywfBot_ws/install/moveit2_ywf_interface', 'merge_install': False, 'path': '/home/st/ywfBot_ws/src/moveit2_ywf_interface', 'symlink_install': False, 'test_result_base': None}
[0.978s] INFO:colcon.colcon_core.executor:Executing jobs using 'parallel' executor
[0.981s] DEBUG:colcon.colcon_parallel_executor.executor.parallel:run_until_complete
[0.982s] INFO:colcon.colcon_ros.task.ament_cmake.build:Building ROS package in '/home/st/ywfBot_ws/src/frhal_msgs' with build type 'ament_cmake'
[0.982s] INFO:colcon.colcon_cmake.task.cmake.build:Building CMake package in '/home/st/ywfBot_ws/src/frhal_msgs'
[0.988s] INFO:colcon.colcon_core.plugin_system:Skipping extension 'colcon_core.shell.bat': Not used on non-Windows systems
[0.988s] INFO:colcon.colcon_core.shell:Skip shell extension 'powershell' for command environment: Not usable outside of PowerShell
[0.989s] DEBUG:colcon.colcon_core.shell:Skip shell extension 'dsv' for command environment
[0.999s] INFO:colcon.colcon_ros.task.ament_cmake.build:Building ROS package in '/home/st/ywfBot_ws/src/moveit_ywf_msg' with build type 'ament_cmake'
[0.999s] INFO:colcon.colcon_cmake.task.cmake.build:Building CMake package in '/home/st/ywfBot_ws/src/moveit_ywf_msg'
[1.000s] INFO:colcon.colcon_core.shell:Skip shell extension 'powershell' for command environment: Not usable outside of PowerShell
[1.000s] DEBUG:colcon.colcon_core.shell:Skip shell extension 'dsv' for command environment
[1.009s] INFO:colcon.colcon_ros.task.ament_python.build:Building ROS package in '/home/st/ywfBot_ws/src/py_action' with build type 'ament_python'
[1.009s] Level 1:colcon.colcon_core.shell:create_environment_hook('py_action', 'ament_prefix_path')
[1.010s] INFO:colcon.colcon_core.shell:Creating environment hook '/home/st/ywfBot_ws/install/py_action/share/py_action/hook/ament_prefix_path.ps1'
[1.012s] INFO:colcon.colcon_core.shell:Creating environment descriptor '/home/st/ywfBot_ws/install/py_action/share/py_action/hook/ament_prefix_path.dsv'
[1.034s] INFO:colcon.colcon_core.shell:Creating environment hook '/home/st/ywfBot_ws/install/py_action/share/py_action/hook/ament_prefix_path.sh'
[1.040s] INFO:colcon.colcon_core.shell:Skip shell extension 'powershell' for command environment: Not usable outside of PowerShell
[1.040s] DEBUG:colcon.colcon_core.shell:Skip shell extension 'dsv' for command environment
[1.053s] INFO:colcon.colcon_ros.task.ament_python.build:Building ROS package in '/home/st/ywfBot_ws/src/py_action_client' with build type 'ament_python'
[1.053s] Level 1:colcon.colcon_core.shell:create_environment_hook('py_action_client', 'ament_prefix_path')
[1.054s] INFO:colcon.colcon_core.shell:Creating environment hook '/home/st/ywfBot_ws/install/py_action_client/share/py_action_client/hook/ament_prefix_path.ps1'
[1.055s] INFO:colcon.colcon_core.shell:Creating environment descriptor '/home/st/ywfBot_ws/install/py_action_client/share/py_action_client/hook/ament_prefix_path.dsv'
[1.058s] INFO:colcon.colcon_core.shell:Creating environment hook '/home/st/ywfBot_ws/install/py_action_client/share/py_action_client/hook/ament_prefix_path.sh'
[1.060s] INFO:colcon.colcon_core.shell:Skip shell extension 'powershell' for command environment: Not usable outside of PowerShell
[1.060s] DEBUG:colcon.colcon_core.shell:Skip shell extension 'dsv' for command environment
[1.088s] DEBUG:colcon.colcon_core.event_handler.log_command:Invoking command in '/home/st/ywfBot_ws/build/frhal_msgs': CMAKE_PREFIX_PATH=${CMAKE_PREFIX_PATH}:/home/st/ywfBot_ws/install/py_action_client:/home/st/ywfBot_ws/install/py_action:/opt/ros/humble /usr/bin/cmake --build /home/st/ywfBot_ws/build/frhal_msgs -- -j16 -l16
[1.109s] DEBUG:colcon.colcon_core.event_handler.log_command:Invoking command in '/home/st/ywfBot_ws/build/moveit_ywf_msg': CMAKE_PREFIX_PATH=${CMAKE_PREFIX_PATH}:/home/st/ywfBot_ws/install/py_action_client:/home/st/ywfBot_ws/install/py_action:/opt/ros/humble /usr/bin/cmake --build /home/st/ywfBot_ws/build/moveit_ywf_msg -- -j16 -l16
[1.772s] INFO:colcon.colcon_core.task.python.build:Building Python package in '/home/st/ywfBot_ws/src/py_action'
[1.772s] INFO:colcon.colcon_core.shell:Skip shell extension 'powershell' for command environment: Not usable outside of PowerShell
[1.773s] DEBUG:colcon.colcon_core.shell:Skip shell extension 'dsv' for command environment
[2.476s] INFO:colcon.colcon_core.task.python.build:Building Python package in '/home/st/ywfBot_ws/src/py_action_client'
[2.477s] INFO:colcon.colcon_core.shell:Skip shell extension 'powershell' for command environment: Not usable outside of PowerShell
[2.477s] DEBUG:colcon.colcon_core.shell:Skip shell extension 'dsv' for command environment
[2.590s] DEBUG:colcon.colcon_core.event_handler.log_command:Invoked command in '/home/st/ywfBot_ws/build/moveit_ywf_msg' returned '0': CMAKE_PREFIX_PATH=${CMAKE_PREFIX_PATH}:/home/st/ywfBot_ws/install/py_action_client:/home/st/ywfBot_ws/install/py_action:/opt/ros/humble /usr/bin/cmake --build /home/st/ywfBot_ws/build/moveit_ywf_msg -- -j16 -l16
[2.616s] DEBUG:colcon.colcon_core.event_handler.log_command:Invoked command in '/home/st/ywfBot_ws/build/frhal_msgs' returned '0': CMAKE_PREFIX_PATH=${CMAKE_PREFIX_PATH}:/home/st/ywfBot_ws/install/py_action_client:/home/st/ywfBot_ws/install/py_action:/opt/ros/humble /usr/bin/cmake --build /home/st/ywfBot_ws/build/frhal_msgs -- -j16 -l16
[2.893s] DEBUG:colcon.colcon_core.event_handler.log_command:Invoking command in '/home/st/ywfBot_ws/build/moveit_ywf_msg': CMAKE_PREFIX_PATH=${CMAKE_PREFIX_PATH}:/home/st/ywfBot_ws/install/py_action_client:/home/st/ywfBot_ws/install/py_action:/opt/ros/humble /usr/bin/cmake --install /home/st/ywfBot_ws/build/moveit_ywf_msg
[3.040s] Level 1:colcon.colcon_core.environment:create_environment_scripts_only(moveit_ywf_msg)
[3.044s] DEBUG:colcon.colcon_core.event_handler.log_command:Invoked command in '/home/st/ywfBot_ws/build/moveit_ywf_msg' returned '0': CMAKE_PREFIX_PATH=${CMAKE_PREFIX_PATH}:/home/st/ywfBot_ws/install/py_action_client:/home/st/ywfBot_ws/install/py_action:/opt/ros/humble /usr/bin/cmake --install /home/st/ywfBot_ws/build/moveit_ywf_msg
[3.048s] Level 1:colcon.colcon_core.environment:checking '/home/st/ywfBot_ws/install/moveit_ywf_msg' for CMake module files
[3.050s] Level 1:colcon.colcon_core.environment:checking '/home/st/ywfBot_ws/install/moveit_ywf_msg' for CMake config files
[3.051s] Level 1:colcon.colcon_core.shell:create_environment_hook('moveit_ywf_msg', 'cmake_prefix_path')
[3.052s] INFO:colcon.colcon_core.shell:Creating environment hook '/home/st/ywfBot_ws/install/moveit_ywf_msg/share/moveit_ywf_msg/hook/cmake_prefix_path.ps1'
[3.053s] INFO:colcon.colcon_core.shell:Creating environment descriptor '/home/st/ywfBot_ws/install/moveit_ywf_msg/share/moveit_ywf_msg/hook/cmake_prefix_path.dsv'
[3.054s] INFO:colcon.colcon_core.shell:Creating environment hook '/home/st/ywfBot_ws/install/moveit_ywf_msg/share/moveit_ywf_msg/hook/cmake_prefix_path.sh'
[3.056s] Level 1:colcon.colcon_core.environment:checking '/home/st/ywfBot_ws/install/moveit_ywf_msg/lib'
[3.056s] Level 1:colcon.colcon_core.shell:create_environment_hook('moveit_ywf_msg', 'ld_library_path_lib')
[3.057s] INFO:colcon.colcon_core.shell:Creating environment hook '/home/st/ywfBot_ws/install/moveit_ywf_msg/share/moveit_ywf_msg/hook/ld_library_path_lib.ps1'
[3.058s] INFO:colcon.colcon_core.shell:Creating environment descriptor '/home/st/ywfBot_ws/install/moveit_ywf_msg/share/moveit_ywf_msg/hook/ld_library_path_lib.dsv'
[3.059s] INFO:colcon.colcon_core.shell:Creating environment hook '/home/st/ywfBot_ws/install/moveit_ywf_msg/share/moveit_ywf_msg/hook/ld_library_path_lib.sh'
[3.060s] Level 1:colcon.colcon_core.environment:checking '/home/st/ywfBot_ws/install/moveit_ywf_msg/bin'
[3.060s] Level 1:colcon.colcon_core.environment:checking '/home/st/ywfBot_ws/install/moveit_ywf_msg/lib/pkgconfig/moveit_ywf_msg.pc'
[3.061s] Level 1:colcon.colcon_core.environment:checking '/home/st/ywfBot_ws/install/moveit_ywf_msg/lib/python3.10/site-packages'
[3.061s] Level 1:colcon.colcon_core.environment:checking '/home/st/ywfBot_ws/install/moveit_ywf_msg/bin'
[3.062s] INFO:colcon.colcon_core.shell:Creating package script '/home/st/ywfBot_ws/install/moveit_ywf_msg/share/moveit_ywf_msg/package.ps1'
[3.065s] INFO:colcon.colcon_core.shell:Creating package descriptor '/home/st/ywfBot_ws/install/moveit_ywf_msg/share/moveit_ywf_msg/package.dsv'
[3.066s] INFO:colcon.colcon_core.shell:Creating package script '/home/st/ywfBot_ws/install/moveit_ywf_msg/share/moveit_ywf_msg/package.sh'
[3.068s] INFO:colcon.colcon_core.shell:Creating package script '/home/st/ywfBot_ws/install/moveit_ywf_msg/share/moveit_ywf_msg/package.bash'
[3.070s] INFO:colcon.colcon_core.shell:Creating package script '/home/st/ywfBot_ws/install/moveit_ywf_msg/share/moveit_ywf_msg/package.zsh'
[3.072s] Level 1:colcon.colcon_core.environment:create_file_with_runtime_dependencies(/home/st/ywfBot_ws/install/moveit_ywf_msg/share/colcon-core/packages/moveit_ywf_msg)
[3.170s] DEBUG:colcon.colcon_core.event_handler.log_command:Invoking command in '/home/st/ywfBot_ws/build/frhal_msgs': CMAKE_PREFIX_PATH=${CMAKE_PREFIX_PATH}:/home/st/ywfBot_ws/install/py_action_client:/home/st/ywfBot_ws/install/py_action:/opt/ros/humble /usr/bin/cmake --install /home/st/ywfBot_ws/build/frhal_msgs
[3.292s] Level 1:colcon.colcon_core.environment:create_environment_scripts_only(moveit_ywf_msg)
[3.292s] Level 1:colcon.colcon_core.environment:checking '/home/st/ywfBot_ws/install/moveit_ywf_msg' for CMake module files
[3.295s] Level 1:colcon.colcon_core.environment:checking '/home/st/ywfBot_ws/install/moveit_ywf_msg' for CMake config files
[3.297s] Level 1:colcon.colcon_core.shell:create_environment_hook('moveit_ywf_msg', 'cmake_prefix_path')
[3.298s] INFO:colcon.colcon_core.shell:Creating environment hook '/home/st/ywfBot_ws/install/moveit_ywf_msg/share/moveit_ywf_msg/hook/cmake_prefix_path.ps1'
[3.299s] INFO:colcon.colcon_core.shell:Creating environment descriptor '/home/st/ywfBot_ws/install/moveit_ywf_msg/share/moveit_ywf_msg/hook/cmake_prefix_path.dsv'
[3.300s] INFO:colcon.colcon_core.shell:Creating environment hook '/home/st/ywfBot_ws/install/moveit_ywf_msg/share/moveit_ywf_msg/hook/cmake_prefix_path.sh'
[3.302s] Level 1:colcon.colcon_core.environment:checking '/home/st/ywfBot_ws/install/moveit_ywf_msg/lib'
[3.303s] Level 1:colcon.colcon_core.shell:create_environment_hook('moveit_ywf_msg', 'ld_library_path_lib')
[3.304s] INFO:colcon.colcon_core.shell:Creating environment hook '/home/st/ywfBot_ws/install/moveit_ywf_msg/share/moveit_ywf_msg/hook/ld_library_path_lib.ps1'
[3.304s] INFO:colcon.colcon_core.shell:Creating environment descriptor '/home/st/ywfBot_ws/install/moveit_ywf_msg/share/moveit_ywf_msg/hook/ld_library_path_lib.dsv'
[3.305s] INFO:colcon.colcon_core.shell:Creating environment hook '/home/st/ywfBot_ws/install/moveit_ywf_msg/share/moveit_ywf_msg/hook/ld_library_path_lib.sh'
[3.306s] Level 1:colcon.colcon_core.environment:checking '/home/st/ywfBot_ws/install/moveit_ywf_msg/bin'
[3.307s] Level 1:colcon.colcon_core.environment:checking '/home/st/ywfBot_ws/install/moveit_ywf_msg/lib/pkgconfig/moveit_ywf_msg.pc'
[3.308s] Level 1:colcon.colcon_core.environment:checking '/home/st/ywfBot_ws/install/moveit_ywf_msg/lib/python3.10/site-packages'
[3.308s] Level 1:colcon.colcon_core.environment:checking '/home/st/ywfBot_ws/install/moveit_ywf_msg/bin'
[3.309s] INFO:colcon.colcon_core.shell:Creating package script '/home/st/ywfBot_ws/install/moveit_ywf_msg/share/moveit_ywf_msg/package.ps1'
[3.317s] INFO:colcon.colcon_core.shell:Creating package descriptor '/home/st/ywfBot_ws/install/moveit_ywf_msg/share/moveit_ywf_msg/package.dsv'
[3.330s] INFO:colcon.colcon_core.shell:Creating package script '/home/st/ywfBot_ws/install/moveit_ywf_msg/share/moveit_ywf_msg/package.sh'
[3.332s] INFO:colcon.colcon_core.shell:Creating package script '/home/st/ywfBot_ws/install/moveit_ywf_msg/share/moveit_ywf_msg/package.bash'
[3.333s] INFO:colcon.colcon_core.shell:Creating package script '/home/st/ywfBot_ws/install/moveit_ywf_msg/share/moveit_ywf_msg/package.zsh'
[3.334s] Level 1:colcon.colcon_core.environment:create_file_with_runtime_dependencies(/home/st/ywfBot_ws/install/moveit_ywf_msg/share/colcon-core/packages/moveit_ywf_msg)
[3.336s] INFO:colcon.colcon_ros.task.ament_cmake.build:Building ROS package in '/home/st/ywfBot_ws/src/moveit2_ywf_interface' with build type 'ament_cmake'
[3.336s] INFO:colcon.colcon_cmake.task.cmake.build:Building CMake package in '/home/st/ywfBot_ws/src/moveit2_ywf_interface'
[3.337s] INFO:colcon.colcon_core.shell:Skip shell extension 'powershell' for command environment: Not usable outside of PowerShell
[3.337s] DEBUG:colcon.colcon_core.shell:Skip shell extension 'dsv' for command environment
[3.383s] Level 1:colcon.colcon_core.environment:create_environment_scripts_only(frhal_msgs)
[3.383s] Level 1:colcon.colcon_core.environment:checking '/home/st/ywfBot_ws/install/frhal_msgs' for CMake module files
[3.385s] DEBUG:colcon.colcon_core.event_handler.log_command:Invoked command in '/home/st/ywfBot_ws/build/frhal_msgs' returned '0': CMAKE_PREFIX_PATH=${CMAKE_PREFIX_PATH}:/home/st/ywfBot_ws/install/py_action_client:/home/st/ywfBot_ws/install/py_action:/opt/ros/humble /usr/bin/cmake --install /home/st/ywfBot_ws/build/frhal_msgs
[3.386s] Level 1:colcon.colcon_core.environment:checking '/home/st/ywfBot_ws/install/frhal_msgs' for CMake config files
[3.388s] Level 1:colcon.colcon_core.shell:create_environment_hook('frhal_msgs', 'cmake_prefix_path')
[3.389s] INFO:colcon.colcon_core.shell:Creating environment hook '/home/st/ywfBot_ws/install/frhal_msgs/share/frhal_msgs/hook/cmake_prefix_path.ps1'
[3.390s] INFO:colcon.colcon_core.shell:Creating environment descriptor '/home/st/ywfBot_ws/install/frhal_msgs/share/frhal_msgs/hook/cmake_prefix_path.dsv'
[3.392s] INFO:colcon.colcon_core.shell:Creating environment hook '/home/st/ywfBot_ws/install/frhal_msgs/share/frhal_msgs/hook/cmake_prefix_path.sh'
[3.393s] Level 1:colcon.colcon_core.environment:checking '/home/st/ywfBot_ws/install/frhal_msgs/lib'
[3.393s] Level 1:colcon.colcon_core.shell:create_environment_hook('frhal_msgs', 'ld_library_path_lib')
[3.394s] INFO:colcon.colcon_core.shell:Creating environment hook '/home/st/ywfBot_ws/install/frhal_msgs/share/frhal_msgs/hook/ld_library_path_lib.ps1'
[3.395s] INFO:colcon.colcon_core.shell:Creating environment descriptor '/home/st/ywfBot_ws/install/frhal_msgs/share/frhal_msgs/hook/ld_library_path_lib.dsv'
[3.398s] INFO:colcon.colcon_core.shell:Creating environment hook '/home/st/ywfBot_ws/install/frhal_msgs/share/frhal_msgs/hook/ld_library_path_lib.sh'
[3.399s] Level 1:colcon.colcon_core.environment:checking '/home/st/ywfBot_ws/install/frhal_msgs/bin'
[3.399s] Level 1:colcon.colcon_core.environment:checking '/home/st/ywfBot_ws/install/frhal_msgs/lib/pkgconfig/frhal_msgs.pc'
[3.400s] Level 1:colcon.colcon_core.environment:checking '/home/st/ywfBot_ws/install/frhal_msgs/lib/python3.10/site-packages'
[3.400s] Level 1:colcon.colcon_core.environment:checking '/home/st/ywfBot_ws/install/frhal_msgs/bin'
[3.401s] INFO:colcon.colcon_core.shell:Creating package script '/home/st/ywfBot_ws/install/frhal_msgs/share/frhal_msgs/package.ps1'
[3.403s] INFO:colcon.colcon_core.shell:Creating package descriptor '/home/st/ywfBot_ws/install/frhal_msgs/share/frhal_msgs/package.dsv'
[3.404s] INFO:colcon.colcon_core.shell:Creating package script '/home/st/ywfBot_ws/install/frhal_msgs/share/frhal_msgs/package.sh'
[3.406s] INFO:colcon.colcon_core.shell:Creating package script '/home/st/ywfBot_ws/install/frhal_msgs/share/frhal_msgs/package.bash'
[3.407s] INFO:colcon.colcon_core.shell:Creating package script '/home/st/ywfBot_ws/install/frhal_msgs/share/frhal_msgs/package.zsh'
[3.408s] Level 1:colcon.colcon_core.environment:create_file_with_runtime_dependencies(/home/st/ywfBot_ws/install/frhal_msgs/share/colcon-core/packages/frhal_msgs)
[3.422s] DEBUG:colcon.colcon_core.event_handler.log_command:Invoking command in '/home/st/ywfBot_ws/build/moveit2_ywf_interface': CMAKE_PREFIX_PATH=${CMAKE_PREFIX_PATH}:/home/st/ywfBot_ws/install/py_action_client:/home/st/ywfBot_ws/install/py_action:/opt/ros/humble LD_LIBRARY_PATH=/home/st/ywfBot_ws/install/moveit_ywf_msg/lib:/home/st/ywfBot_ws/install/frhal_msgs/lib:/opt/ros/humble/opt/rviz_ogre_vendor/lib:/opt/ros/humble/lib/x86_64-linux-gnu:/opt/ros/humble/lib:/opt/MVS/lib/64:/opt/MVS/lib/32:/opt/MVS/lib/64:/opt/MVS/lib/32:/opt/MVS/lib/64:/opt/MVS/lib/32 /usr/bin/cmake /home/st/ywfBot_ws/src/moveit2_ywf_interface -DCMAKE_INSTALL_PREFIX=/home/st/ywfBot_ws/install/moveit2_ywf_interface
[3.443s] DEBUG:colcon.colcon_core.event_handler.log_command:Invoking command in '/home/st/ywfBot_ws/src/py_action': PYTHONPATH=/home/st/ywfBot_ws/build/py_action/prefix_override:/usr/lib/python3/dist-packages/colcon_core/task/python/colcon_distutils_commands:/home/st/ywfBot_ws/install/py_action/lib/python3.10/site-packages:${PYTHONPATH} /usr/bin/python3 -W ignore:setup.py install is deprecated -W ignore:easy_install command is deprecated setup.py egg_info --egg-base ../../build/py_action build --build-base /home/st/ywfBot_ws/build/py_action/build install --record /home/st/ywfBot_ws/build/py_action/install.log --single-version-externally-managed install_data
[3.505s] DEBUG:colcon.colcon_core.event_handler.log_command:Invoking command in '/home/st/ywfBot_ws/src/py_action_client': PYTHONPATH=/home/st/ywfBot_ws/build/py_action_client/prefix_override:/usr/lib/python3/dist-packages/colcon_core/task/python/colcon_distutils_commands:/home/st/ywfBot_ws/install/py_action_client/lib/python3.10/site-packages:${PYTHONPATH} /usr/bin/python3 -W ignore:setup.py install is deprecated -W ignore:easy_install command is deprecated setup.py egg_info --egg-base ../../build/py_action_client build --build-base /home/st/ywfBot_ws/build/py_action_client/build install --record /home/st/ywfBot_ws/build/py_action_client/install.log --single-version-externally-managed install_data
[3.810s] DEBUG:colcon.colcon_core.event_handler.log_command:Invoked command in '/home/st/ywfBot_ws/build/moveit2_ywf_interface' returned '1': CMAKE_PREFIX_PATH=${CMAKE_PREFIX_PATH}:/home/st/ywfBot_ws/install/py_action_client:/home/st/ywfBot_ws/install/py_action:/opt/ros/humble LD_LIBRARY_PATH=/home/st/ywfBot_ws/install/moveit_ywf_msg/lib:/home/st/ywfBot_ws/install/frhal_msgs/lib:/opt/ros/humble/opt/rviz_ogre_vendor/lib:/opt/ros/humble/lib/x86_64-linux-gnu:/opt/ros/humble/lib:/opt/MVS/lib/64:/opt/MVS/lib/32:/opt/MVS/lib/64:/opt/MVS/lib/32:/opt/MVS/lib/64:/opt/MVS/lib/32 /usr/bin/cmake /home/st/ywfBot_ws/src/moveit2_ywf_interface -DCMAKE_INSTALL_PREFIX=/home/st/ywfBot_ws/install/moveit2_ywf_interface
[3.835s] Level 1:colcon.colcon_core.environment:create_environment_scripts_only(moveit2_ywf_interface)
[3.836s] Level 1:colcon.colcon_core.environment:checking '/home/st/ywfBot_ws/install/moveit2_ywf_interface' for CMake module files
[3.836s] Level 1:colcon.colcon_core.environment:checking '/home/st/ywfBot_ws/install/moveit2_ywf_interface' for CMake config files
[3.837s] Level 1:colcon.colcon_core.environment:checking '/home/st/ywfBot_ws/install/moveit2_ywf_interface/bin'
[3.837s] Level 1:colcon.colcon_core.environment:checking '/home/st/ywfBot_ws/install/moveit2_ywf_interface/lib/pkgconfig/moveit2_ywf_interface.pc'
[3.837s] Level 1:colcon.colcon_core.environment:checking '/home/st/ywfBot_ws/install/moveit2_ywf_interface/lib/python3.10/site-packages'
[3.837s] Level 1:colcon.colcon_core.environment:checking '/home/st/ywfBot_ws/install/moveit2_ywf_interface/bin'
[3.838s] INFO:colcon.colcon_core.shell:Creating package script '/home/st/ywfBot_ws/install/moveit2_ywf_interface/share/moveit2_ywf_interface/package.ps1'
[3.839s] INFO:colcon.colcon_core.shell:Creating package descriptor '/home/st/ywfBot_ws/install/moveit2_ywf_interface/share/moveit2_ywf_interface/package.dsv'
[3.839s] INFO:colcon.colcon_core.shell:Creating package script '/home/st/ywfBot_ws/install/moveit2_ywf_interface/share/moveit2_ywf_interface/package.sh'
[3.839s] INFO:colcon.colcon_core.shell:Creating package script '/home/st/ywfBot_ws/install/moveit2_ywf_interface/share/moveit2_ywf_interface/package.bash'
[3.841s] INFO:colcon.colcon_core.shell:Creating package script '/home/st/ywfBot_ws/install/moveit2_ywf_interface/share/moveit2_ywf_interface/package.zsh'
[3.842s] Level 1:colcon.colcon_core.environment:create_file_with_runtime_dependencies(/home/st/ywfBot_ws/install/moveit2_ywf_interface/share/colcon-core/packages/moveit2_ywf_interface)
[4.256s] DEBUG:colcon.colcon_parallel_executor.executor.parallel:closing loop
[4.256s] DEBUG:colcon.colcon_parallel_executor.executor.parallel:loop closed
[4.256s] DEBUG:colcon.colcon_parallel_executor.executor.parallel:run_until_complete finished with '1'
[4.256s] DEBUG:colcon.colcon_core.event_reactor:joining thread
[4.270s] INFO:colcon.colcon_core.plugin_system:Skipping extension 'colcon_notification.desktop_notification.terminal_notifier': Not used on non-Darwin systems
[4.271s] INFO:colcon.colcon_core.plugin_system:Skipping extension 'colcon_notification.desktop_notification.win32': Not used on non-Windows systems
[4.271s] INFO:colcon.colcon_notification.desktop_notification:Sending desktop notification using 'notify2'
[4.341s] DEBUG:colcon.colcon_core.event_reactor:joined thread
[4.342s] INFO:colcon.colcon_core.shell:Creating prefix script '/home/st/ywfBot_ws/install/local_setup.ps1'
[4.345s] INFO:colcon.colcon_core.shell:Creating prefix util module '/home/st/ywfBot_ws/install/_local_setup_util_ps1.py'
[4.348s] INFO:colcon.colcon_core.shell:Creating prefix chain script '/home/st/ywfBot_ws/install/setup.ps1'
[4.353s] INFO:colcon.colcon_core.shell:Creating prefix script '/home/st/ywfBot_ws/install/local_setup.sh'
[4.355s] INFO:colcon.colcon_core.shell:Creating prefix util module '/home/st/ywfBot_ws/install/_local_setup_util_sh.py'
[4.357s] INFO:colcon.colcon_core.shell:Creating prefix chain script '/home/st/ywfBot_ws/install/setup.sh'
[4.360s] INFO:colcon.colcon_core.shell:Creating prefix script '/home/st/ywfBot_ws/install/local_setup.bash'
[4.362s] INFO:colcon.colcon_core.shell:Creating prefix chain script '/home/st/ywfBot_ws/install/setup.bash'
[4.364s] INFO:colcon.colcon_core.shell:Creating prefix script '/home/st/ywfBot_ws/install/local_setup.zsh'
[4.366s] INFO:colcon.colcon_core.shell:Creating prefix chain script '/home/st/ywfBot_ws/install/setup.zsh'
