[3.166s] Invoking command in '/home/st/ywfBot_ws_v1.3.1/src/py_action_client': PYTHONPATH=/home/st/ywfBot_ws_v1.3.1/build/py_action_client/prefix_override:/usr/lib/python3/dist-packages/colcon_core/task/python/colcon_distutils_commands:/home/st/ywfBot_ws_v1.3.1/install/py_action_client/lib/python3.10/site-packages:${PYTHONPATH} /usr/bin/python3 -W ignore:setup.py install is deprecated -W ignore:easy_install command is deprecated setup.py egg_info --egg-base ../../build/py_action_client build --build-base /home/st/ywfBot_ws_v1.3.1/build/py_action_client/build install --record /home/st/ywfBot_ws_v1.3.1/build/py_action_client/install.log --single-version-externally-managed install_data
[3.925s] running egg_info
[3.926s] writing ../../build/py_action_client/py_action_client.egg-info/PKG-INFO
[3.926s] writing dependency_links to ../../build/py_action_client/py_action_client.egg-info/dependency_links.txt
[3.926s] writing entry points to ../../build/py_action_client/py_action_client.egg-info/entry_points.txt
[3.926s] writing requirements to ../../build/py_action_client/py_action_client.egg-info/requires.txt
[3.926s] writing top-level names to ../../build/py_action_client/py_action_client.egg-info/top_level.txt
[3.930s] reading manifest file '../../build/py_action_client/py_action_client.egg-info/SOURCES.txt'
[3.931s] adding license file 'LICENSE'
[3.933s] writing manifest file '../../build/py_action_client/py_action_client.egg-info/SOURCES.txt'
[3.933s] running build
[3.934s] running build_py
[3.935s] running install
[3.936s] running install_lib
[3.937s] running install_data
[3.937s] running install_egg_info
[3.942s] removing '/home/st/ywfBot_ws_v1.3.1/install/py_action_client/lib/python3.10/site-packages/py_action_client-0.0.0-py3.10.egg-info' (and everything under it)
[3.943s] Copying ../../build/py_action_client/py_action_client.egg-info to /home/st/ywfBot_ws_v1.3.1/install/py_action_client/lib/python3.10/site-packages/py_action_client-0.0.0-py3.10.egg-info
[3.945s] running install_scripts
[4.025s] Installing py_action_client script to /home/st/ywfBot_ws_v1.3.1/install/py_action_client/lib/py_action_client
[4.027s] writing list of installed files to '/home/st/ywfBot_ws_v1.3.1/build/py_action_client/install.log'
[4.084s] Invoked command in '/home/st/ywfBot_ws_v1.3.1/src/py_action_client' returned '0': PYTHONPATH=/home/st/ywfBot_ws_v1.3.1/build/py_action_client/prefix_override:/usr/lib/python3/dist-packages/colcon_core/task/python/colcon_distutils_commands:/home/st/ywfBot_ws_v1.3.1/install/py_action_client/lib/python3.10/site-packages:${PYTHONPATH} /usr/bin/python3 -W ignore:setup.py install is deprecated -W ignore:easy_install command is deprecated setup.py egg_info --egg-base ../../build/py_action_client build --build-base /home/st/ywfBot_ws_v1.3.1/build/py_action_client/build install --record /home/st/ywfBot_ws_v1.3.1/build/py_action_client/install.log --single-version-externally-managed install_data
