-- Install configuration: ""
-- Up-to-date: /home/st/ywfBot_ws_v1.3/install/fairino_description/share/fairino_description/meshes
-- Up-to-date: /home/st/ywfBot_ws_v1.3/install/fairino_description/share/fairino_description/meshes/fairino3_v6
-- Up-to-date: /home/st/ywfBot_ws_v1.3/install/fairino_description/share/fairino_description/meshes/fairino3_v6/wrist3_link.STL
-- Up-to-date: /home/st/ywfBot_ws_v1.3/install/fairino_description/share/fairino_description/meshes/fairino3_v6/base_link.STL
-- Up-to-date: /home/st/ywfBot_ws_v1.3/install/fairino_description/share/fairino_description/meshes/fairino3_v6/shoulder_link.STL
-- Up-to-date: /home/st/ywfBot_ws_v1.3/install/fairino_description/share/fairino_description/meshes/fairino3_v6/forearm_link.STL
-- Up-to-date: /home/st/ywfBot_ws_v1.3/install/fairino_description/share/fairino_description/meshes/fairino3_v6/wrist2_link.STL
-- Up-to-date: /home/st/ywfBot_ws_v1.3/install/fairino_description/share/fairino_description/meshes/fairino3_v6/wrist1_link.STL
-- Up-to-date: /home/st/ywfBot_ws_v1.3/install/fairino_description/share/fairino_description/meshes/fairino3_v6/upperarm_link.STL
-- Up-to-date: /home/st/ywfBot_ws_v1.3/install/fairino_description/share/fairino_description/meshes/fairino5_v6
-- Up-to-date: /home/st/ywfBot_ws_v1.3/install/fairino_description/share/fairino_description/meshes/fairino5_v6/wrist3_link.STL
-- Up-to-date: /home/st/ywfBot_ws_v1.3/install/fairino_description/share/fairino_description/meshes/fairino5_v6/base_link.STL
-- Up-to-date: /home/st/ywfBot_ws_v1.3/install/fairino_description/share/fairino_description/meshes/fairino5_v6/shoulder_link.STL
-- Up-to-date: /home/st/ywfBot_ws_v1.3/install/fairino_description/share/fairino_description/meshes/fairino5_v6/forearm_link.STL
-- Up-to-date: /home/st/ywfBot_ws_v1.3/install/fairino_description/share/fairino_description/meshes/fairino5_v6/wrist2_link.STL
-- Up-to-date: /home/st/ywfBot_ws_v1.3/install/fairino_description/share/fairino_description/meshes/fairino5_v6/wrist1_link.STL
-- Up-to-date: /home/st/ywfBot_ws_v1.3/install/fairino_description/share/fairino_description/meshes/fairino5_v6/upperarm_link.STL
-- Up-to-date: /home/st/ywfBot_ws_v1.3/install/fairino_description/share/fairino_description/meshes/fairino3_mt_v6
-- Up-to-date: /home/st/ywfBot_ws_v1.3/install/fairino_description/share/fairino_description/meshes/fairino3_mt_v6/wrist3_link.STL
-- Up-to-date: /home/st/ywfBot_ws_v1.3/install/fairino_description/share/fairino_description/meshes/fairino3_mt_v6/base_link.STL
-- Up-to-date: /home/st/ywfBot_ws_v1.3/install/fairino_description/share/fairino_description/meshes/fairino3_mt_v6/shoulder_link.STL
-- Up-to-date: /home/st/ywfBot_ws_v1.3/install/fairino_description/share/fairino_description/meshes/fairino3_mt_v6/forearm_link.STL
-- Up-to-date: /home/st/ywfBot_ws_v1.3/install/fairino_description/share/fairino_description/meshes/fairino3_mt_v6/wrist2_link.STL
-- Up-to-date: /home/st/ywfBot_ws_v1.3/install/fairino_description/share/fairino_description/meshes/fairino3_mt_v6/wrist1_link.STL
-- Up-to-date: /home/st/ywfBot_ws_v1.3/install/fairino_description/share/fairino_description/meshes/fairino3_mt_v6/upperarm_link.STL
-- Up-to-date: /home/st/ywfBot_ws_v1.3/install/fairino_description/share/fairino_description/meshes/fairino10_v6
-- Up-to-date: /home/st/ywfBot_ws_v1.3/install/fairino_description/share/fairino_description/meshes/fairino10_v6/wrist3_link.STL
-- Up-to-date: /home/st/ywfBot_ws_v1.3/install/fairino_description/share/fairino_description/meshes/fairino10_v6/base_link.STL
-- Up-to-date: /home/st/ywfBot_ws_v1.3/install/fairino_description/share/fairino_description/meshes/fairino10_v6/shoulder_link.STL
-- Up-to-date: /home/st/ywfBot_ws_v1.3/install/fairino_description/share/fairino_description/meshes/fairino10_v6/forearm_link.STL
-- Up-to-date: /home/st/ywfBot_ws_v1.3/install/fairino_description/share/fairino_description/meshes/fairino10_v6/wrist2_link.STL
-- Up-to-date: /home/st/ywfBot_ws_v1.3/install/fairino_description/share/fairino_description/meshes/fairino10_v6/wrist1_link.STL
-- Up-to-date: /home/st/ywfBot_ws_v1.3/install/fairino_description/share/fairino_description/meshes/fairino10_v6/upperarm_link.STL
-- Up-to-date: /home/st/ywfBot_ws_v1.3/install/fairino_description/share/fairino_description/meshes/fairino16_v6
-- Up-to-date: /home/st/ywfBot_ws_v1.3/install/fairino_description/share/fairino_description/meshes/fairino16_v6/wrist3_link.STL
-- Up-to-date: /home/st/ywfBot_ws_v1.3/install/fairino_description/share/fairino_description/meshes/fairino16_v6/base_link.STL
-- Up-to-date: /home/st/ywfBot_ws_v1.3/install/fairino_description/share/fairino_description/meshes/fairino16_v6/shoulder_link.STL
-- Up-to-date: /home/st/ywfBot_ws_v1.3/install/fairino_description/share/fairino_description/meshes/fairino16_v6/forearm_link.STL
-- Up-to-date: /home/st/ywfBot_ws_v1.3/install/fairino_description/share/fairino_description/meshes/fairino16_v6/wrist2_link.STL
-- Up-to-date: /home/st/ywfBot_ws_v1.3/install/fairino_description/share/fairino_description/meshes/fairino16_v6/wrist1_link.STL
-- Up-to-date: /home/st/ywfBot_ws_v1.3/install/fairino_description/share/fairino_description/meshes/fairino16_v6/upperarm_link.STL
-- Up-to-date: /home/st/ywfBot_ws_v1.3/install/fairino_description/share/fairino_description/meshes/fairino30_v6
-- Up-to-date: /home/st/ywfBot_ws_v1.3/install/fairino_description/share/fairino_description/meshes/fairino30_v6/wrist3_link.STL
-- Up-to-date: /home/st/ywfBot_ws_v1.3/install/fairino_description/share/fairino_description/meshes/fairino30_v6/base_link.STL
-- Up-to-date: /home/st/ywfBot_ws_v1.3/install/fairino_description/share/fairino_description/meshes/fairino30_v6/shoulder_link.STL
-- Up-to-date: /home/st/ywfBot_ws_v1.3/install/fairino_description/share/fairino_description/meshes/fairino30_v6/forearm_link.STL
-- Up-to-date: /home/st/ywfBot_ws_v1.3/install/fairino_description/share/fairino_description/meshes/fairino30_v6/tool_link.STL
-- Up-to-date: /home/st/ywfBot_ws_v1.3/install/fairino_description/share/fairino_description/meshes/fairino30_v6/wrist2_link.STL
-- Up-to-date: /home/st/ywfBot_ws_v1.3/install/fairino_description/share/fairino_description/meshes/fairino30_v6/uppperarm_link.STL
-- Up-to-date: /home/st/ywfBot_ws_v1.3/install/fairino_description/share/fairino_description/meshes/fairino30_v6/wrist1_link.STL
-- Up-to-date: /home/st/ywfBot_ws_v1.3/install/fairino_description/share/fairino_description/meshes/fairino20_v6
-- Up-to-date: /home/st/ywfBot_ws_v1.3/install/fairino_description/share/fairino_description/meshes/fairino20_v6/wrist3_link.STL
-- Up-to-date: /home/st/ywfBot_ws_v1.3/install/fairino_description/share/fairino_description/meshes/fairino20_v6/base_link.STL
-- Up-to-date: /home/st/ywfBot_ws_v1.3/install/fairino_description/share/fairino_description/meshes/fairino20_v6/shoulder_link.STL
-- Up-to-date: /home/st/ywfBot_ws_v1.3/install/fairino_description/share/fairino_description/meshes/fairino20_v6/forearm_link.STL
-- Up-to-date: /home/st/ywfBot_ws_v1.3/install/fairino_description/share/fairino_description/meshes/fairino20_v6/wrist2_link.STL
-- Up-to-date: /home/st/ywfBot_ws_v1.3/install/fairino_description/share/fairino_description/meshes/fairino20_v6/wrist1_link.STL
-- Up-to-date: /home/st/ywfBot_ws_v1.3/install/fairino_description/share/fairino_description/meshes/fairino20_v6/upperarm_link.STL
-- Up-to-date: /home/st/ywfBot_ws_v1.3/install/fairino_description/share/fairino_description/urdf
-- Up-to-date: /home/st/ywfBot_ws_v1.3/install/fairino_description/share/fairino_description/urdf/fairino5_v6.urdf
-- Up-to-date: /home/st/ywfBot_ws_v1.3/install/fairino_description/share/fairino_description/urdf/fairino20_v6.urdf
-- Up-to-date: /home/st/ywfBot_ws_v1.3/install/fairino_description/share/fairino_description/urdf/fairino3_mt_v6.urdf
-- Up-to-date: /home/st/ywfBot_ws_v1.3/install/fairino_description/share/fairino_description/urdf/fairino10_v6.urdf
-- Up-to-date: /home/st/ywfBot_ws_v1.3/install/fairino_description/share/fairino_description/urdf/fairino30_v6.urdf
-- Up-to-date: /home/st/ywfBot_ws_v1.3/install/fairino_description/share/fairino_description/urdf/fairino16_v6.urdf
-- Up-to-date: /home/st/ywfBot_ws_v1.3/install/fairino_description/share/fairino_description/urdf/fairino3_v6.urdf
-- Up-to-date: /home/st/ywfBot_ws_v1.3/install/fairino_description/share/ament_index/resource_index/package_run_dependencies/fairino_description
-- Up-to-date: /home/st/ywfBot_ws_v1.3/install/fairino_description/share/ament_index/resource_index/parent_prefix_path/fairino_description
-- Up-to-date: /home/st/ywfBot_ws_v1.3/install/fairino_description/share/fairino_description/environment/ament_prefix_path.sh
-- Up-to-date: /home/st/ywfBot_ws_v1.3/install/fairino_description/share/fairino_description/environment/ament_prefix_path.dsv
-- Up-to-date: /home/st/ywfBot_ws_v1.3/install/fairino_description/share/fairino_description/environment/path.sh
-- Up-to-date: /home/st/ywfBot_ws_v1.3/install/fairino_description/share/fairino_description/environment/path.dsv
-- Up-to-date: /home/st/ywfBot_ws_v1.3/install/fairino_description/share/fairino_description/local_setup.bash
-- Up-to-date: /home/st/ywfBot_ws_v1.3/install/fairino_description/share/fairino_description/local_setup.sh
-- Up-to-date: /home/st/ywfBot_ws_v1.3/install/fairino_description/share/fairino_description/local_setup.zsh
-- Up-to-date: /home/st/ywfBot_ws_v1.3/install/fairino_description/share/fairino_description/local_setup.dsv
-- Installing: /home/st/ywfBot_ws_v1.3/install/fairino_description/share/fairino_description/package.dsv
-- Up-to-date: /home/st/ywfBot_ws_v1.3/install/fairino_description/share/ament_index/resource_index/packages/fairino_description
-- Up-to-date: /home/st/ywfBot_ws_v1.3/install/fairino_description/share/fairino_description/cmake/fairino_descriptionConfig.cmake
-- Up-to-date: /home/st/ywfBot_ws_v1.3/install/fairino_description/share/fairino_description/cmake/fairino_descriptionConfig-version.cmake
-- Up-to-date: /home/st/ywfBot_ws_v1.3/install/fairino_description/share/fairino_description/package.xml
