[0.201s] Invoking command in '/home/st/ywfBot_ws_v1.3.1/build/fairino_msgs': CMAKE_PREFIX_PATH=${CMAKE_PREFIX_PATH}:/home/st/ywfBot_ws_v1.3/install/py_action_client:/home/st/ywfBot_ws_v1.3/install/py_action:/home/st/ros2_control_ws/install/rqt_joint_trajectory_controller:/home/st/ros2_control_ws/install/rqt_controller_manager:/home/st/ros2_control_ws/install/ros2controlcli:/home/st/ros2_control_ws/install/ros2_controllers_test_nodes:/home/st/ros2_control_ws/install/ros2_control_demo_testing:/home/st/ywfBot_ws_v1.1/install/py_action_client:/home/st/ywfBot_ws_v1.1/install/py_action:/home/st/ywfBot_ws_v1.1/install/moveit2_ywf_interface:/home/st/ywfBot_ws_v1.1/install/moveit_ywf_msg:/home/st/ywfBot_ws_v1.1/install/fairino_hardware:/home/st/ywfBot_ws_v1.1/install/fairino_msgs:/home/st/ywfBot_ws/install/py_action_client:/home/st/ywfBot_ws/install/py_action:/home/st/ywfBot_ws/install/moveit2_ywf_interface:/home/st/ywfBot_ws/install/moveit_ywf_msg:/home/st/ywfBot_ws/install/frhal_msgs:/home/st/ywfBot_ws/install/fr_ros2:/home/st/moveit2_humble_ws/install/moveit_configs_utils:/home/st/moveit2_humble_ws/install/launch_param_builder:/opt/ros/humble /usr/bin/cmake --build /home/st/ywfBot_ws_v1.3.1/build/fairino_msgs -- -j16 -l16
[1.070s] [ 10%] Built target fairino_msgs__rosidl_generator_c
[1.070s] [ 12%] Built target fairino_msgs__cpp
[1.070s] [ 12%] Built target ament_cmake_python_copy_fairino_msgs
[1.071s] [ 23%] Built target fairino_msgs__rosidl_typesupport_introspection_c
[1.071s] [ 34%] Built target fairino_msgs__rosidl_typesupport_fastrtps_c
[1.071s] [ 44%] Built target fairino_msgs__rosidl_typesupport_c
[1.071s] [ 55%] Built target fairino_msgs__rosidl_typesupport_fastrtps_cpp
[1.071s] [ 65%] Built target fairino_msgs__rosidl_typesupport_cpp
[1.071s] [ 76%] Built target fairino_msgs__rosidl_typesupport_introspection_cpp
[1.071s] [ 76%] Built target fairino_msgs
[1.072s] [ 78%] Built target fairino_msgs__py
[1.072s] [ 87%] Built target fairino_msgs__rosidl_generator_py
[1.072s] [ 91%] Built target fairino_msgs__rosidl_typesupport_introspection_c__pyext
[1.072s] [ 95%] Built target fairino_msgs__rosidl_typesupport_fastrtps_c__pyext
[1.072s] [100%] Built target fairino_msgs__rosidl_typesupport_c__pyext
[1.074s] [0mCMake Error: The current CMakeCache.txt directory /home/st/ywfBot_ws_v1.3.1/build/fairino_msgs/CMakeCache.txt is different than the directory /home/st/ywfBot_ws_v1.3/build/fairino_msgs where CMakeCache.txt was created. This may result in binaries being created in the wrong place. If you are not sure, reedit the CMakeCache.txt[0m
[1.359s] running egg_info
[1.361s] writing fairino_msgs.egg-info/PKG-INFO
[1.362s] writing dependency_links to fairino_msgs.egg-info/dependency_links.txt
[1.362s] writing top-level names to fairino_msgs.egg-info/top_level.txt
[1.368s] reading manifest file 'fairino_msgs.egg-info/SOURCES.txt'
[1.369s] writing manifest file 'fairino_msgs.egg-info/SOURCES.txt'
[1.454s] [100%] Built target ament_cmake_python_build_fairino_msgs_egg
[1.994s] Invoked command in '/home/st/ywfBot_ws_v1.3.1/build/fairino_msgs' returned '0': CMAKE_PREFIX_PATH=${CMAKE_PREFIX_PATH}:/home/st/ywfBot_ws_v1.3/install/py_action_client:/home/st/ywfBot_ws_v1.3/install/py_action:/home/st/ros2_control_ws/install/rqt_joint_trajectory_controller:/home/st/ros2_control_ws/install/rqt_controller_manager:/home/st/ros2_control_ws/install/ros2controlcli:/home/st/ros2_control_ws/install/ros2_controllers_test_nodes:/home/st/ros2_control_ws/install/ros2_control_demo_testing:/home/st/ywfBot_ws_v1.1/install/py_action_client:/home/st/ywfBot_ws_v1.1/install/py_action:/home/st/ywfBot_ws_v1.1/install/moveit2_ywf_interface:/home/st/ywfBot_ws_v1.1/install/moveit_ywf_msg:/home/st/ywfBot_ws_v1.1/install/fairino_hardware:/home/st/ywfBot_ws_v1.1/install/fairino_msgs:/home/st/ywfBot_ws/install/py_action_client:/home/st/ywfBot_ws/install/py_action:/home/st/ywfBot_ws/install/moveit2_ywf_interface:/home/st/ywfBot_ws/install/moveit_ywf_msg:/home/st/ywfBot_ws/install/frhal_msgs:/home/st/ywfBot_ws/install/fr_ros2:/home/st/moveit2_humble_ws/install/moveit_configs_utils:/home/st/moveit2_humble_ws/install/launch_param_builder:/opt/ros/humble /usr/bin/cmake --build /home/st/ywfBot_ws_v1.3.1/build/fairino_msgs -- -j16 -l16
[1.995s] Invoking command in '/home/st/ywfBot_ws_v1.3.1/build/fairino_msgs': CMAKE_PREFIX_PATH=${CMAKE_PREFIX_PATH}:/home/st/ywfBot_ws_v1.3/install/py_action_client:/home/st/ywfBot_ws_v1.3/install/py_action:/home/st/ros2_control_ws/install/rqt_joint_trajectory_controller:/home/st/ros2_control_ws/install/rqt_controller_manager:/home/st/ros2_control_ws/install/ros2controlcli:/home/st/ros2_control_ws/install/ros2_controllers_test_nodes:/home/st/ros2_control_ws/install/ros2_control_demo_testing:/home/st/ywfBot_ws_v1.1/install/py_action_client:/home/st/ywfBot_ws_v1.1/install/py_action:/home/st/ywfBot_ws_v1.1/install/moveit2_ywf_interface:/home/st/ywfBot_ws_v1.1/install/moveit_ywf_msg:/home/st/ywfBot_ws_v1.1/install/fairino_hardware:/home/st/ywfBot_ws_v1.1/install/fairino_msgs:/home/st/ywfBot_ws/install/py_action_client:/home/st/ywfBot_ws/install/py_action:/home/st/ywfBot_ws/install/moveit2_ywf_interface:/home/st/ywfBot_ws/install/moveit_ywf_msg:/home/st/ywfBot_ws/install/frhal_msgs:/home/st/ywfBot_ws/install/fr_ros2:/home/st/moveit2_humble_ws/install/moveit_configs_utils:/home/st/moveit2_humble_ws/install/launch_param_builder:/opt/ros/humble /usr/bin/cmake --install /home/st/ywfBot_ws_v1.3.1/build/fairino_msgs
[2.075s] -- Install configuration: ""
[2.075s] -- Up-to-date: /home/st/ywfBot_ws_v1.3/install/fairino_msgs/share/ament_index/resource_index/rosidl_interfaces/fairino_msgs
[2.075s] -- Up-to-date: /home/st/ywfBot_ws_v1.3/install/fairino_msgs/include/fairino_msgs/fairino_msgs
[2.076s] -- Up-to-date: /home/st/ywfBot_ws_v1.3/install/fairino_msgs/include/fairino_msgs/fairino_msgs/msg
[2.076s] -- Up-to-date: /home/st/ywfBot_ws_v1.3/install/fairino_msgs/include/fairino_msgs/fairino_msgs/msg/rosidl_generator_c__visibility_control.h
[2.076s] -- Up-to-date: /home/st/ywfBot_ws_v1.3/install/fairino_msgs/include/fairino_msgs/fairino_msgs/msg/robot_nonrt_state.h
[2.076s] -- Up-to-date: /home/st/ywfBot_ws_v1.3/install/fairino_msgs/include/fairino_msgs/fairino_msgs/msg/detail
[2.076s] -- Up-to-date: /home/st/ywfBot_ws_v1.3/install/fairino_msgs/include/fairino_msgs/fairino_msgs/msg/detail/robot_nonrt_state__struct.h
[2.076s] -- Up-to-date: /home/st/ywfBot_ws_v1.3/install/fairino_msgs/include/fairino_msgs/fairino_msgs/msg/detail/robot_nonrt_state__functions.h
[2.076s] -- Up-to-date: /home/st/ywfBot_ws_v1.3/install/fairino_msgs/include/fairino_msgs/fairino_msgs/msg/detail/robot_nonrt_state__type_support.h
[2.076s] -- Up-to-date: /home/st/ywfBot_ws_v1.3/install/fairino_msgs/include/fairino_msgs/fairino_msgs/msg/detail/robot_nonrt_state__functions.c
[2.077s] -- Up-to-date: /home/st/ywfBot_ws_v1.3/install/fairino_msgs/include/fairino_msgs/fairino_msgs/srv
[2.077s] -- Up-to-date: /home/st/ywfBot_ws_v1.3/install/fairino_msgs/include/fairino_msgs/fairino_msgs/srv/remote_cmd_interface.h
[2.077s] -- Up-to-date: /home/st/ywfBot_ws_v1.3/install/fairino_msgs/include/fairino_msgs/fairino_msgs/srv/remote_script_content.h
[2.093s] -- Up-to-date: /home/st/ywfBot_ws_v1.3/install/fairino_msgs/include/fairino_msgs/fairino_msgs/srv/detail
[2.093s] -- Up-to-date: /home/st/ywfBot_ws_v1.3/install/fairino_msgs/include/fairino_msgs/fairino_msgs/srv/detail/remote_cmd_interface__functions.c
[2.094s] -- Up-to-date: /home/st/ywfBot_ws_v1.3/install/fairino_msgs/include/fairino_msgs/fairino_msgs/srv/detail/remote_cmd_interface__struct.h
[2.094s] -- Up-to-date: /home/st/ywfBot_ws_v1.3/install/fairino_msgs/include/fairino_msgs/fairino_msgs/srv/detail/remote_script_content__struct.h
[2.095s] -- Up-to-date: /home/st/ywfBot_ws_v1.3/install/fairino_msgs/include/fairino_msgs/fairino_msgs/srv/detail/remote_script_content__type_support.h
[2.095s] -- Up-to-date: /home/st/ywfBot_ws_v1.3/install/fairino_msgs/include/fairino_msgs/fairino_msgs/srv/detail/remote_script_content__functions.c
[2.097s] -- Up-to-date: /home/st/ywfBot_ws_v1.3/install/fairino_msgs/include/fairino_msgs/fairino_msgs/srv/detail/remote_cmd_interface__functions.h
[2.097s] -- Up-to-date: /home/st/ywfBot_ws_v1.3/install/fairino_msgs/include/fairino_msgs/fairino_msgs/srv/detail/remote_script_content__functions.h
[2.097s] -- Up-to-date: /home/st/ywfBot_ws_v1.3/install/fairino_msgs/include/fairino_msgs/fairino_msgs/srv/detail/remote_cmd_interface__type_support.h
[2.097s] -- Up-to-date: /home/st/ywfBot_ws_v1.3/install/fairino_msgs/share/fairino_msgs/environment/library_path.sh
[2.098s] -- Up-to-date: /home/st/ywfBot_ws_v1.3/install/fairino_msgs/share/fairino_msgs/environment/library_path.dsv
[2.099s] -- Up-to-date: /home/st/ywfBot_ws_v1.3/install/fairino_msgs/lib/libfairino_msgs__rosidl_generator_c.so
[2.100s] -- Up-to-date: /home/st/ywfBot_ws_v1.3/install/fairino_msgs/include/fairino_msgs/fairino_msgs
[2.100s] -- Up-to-date: /home/st/ywfBot_ws_v1.3/install/fairino_msgs/include/fairino_msgs/fairino_msgs/msg
[2.100s] -- Up-to-date: /home/st/ywfBot_ws_v1.3/install/fairino_msgs/include/fairino_msgs/fairino_msgs/msg/rosidl_typesupport_fastrtps_c__visibility_control.h
[2.101s] -- Up-to-date: /home/st/ywfBot_ws_v1.3/install/fairino_msgs/include/fairino_msgs/fairino_msgs/msg/detail
[2.101s] -- Up-to-date: /home/st/ywfBot_ws_v1.3/install/fairino_msgs/include/fairino_msgs/fairino_msgs/msg/detail/robot_nonrt_state__rosidl_typesupport_fastrtps_c.h
[2.102s] -- Up-to-date: /home/st/ywfBot_ws_v1.3/install/fairino_msgs/include/fairino_msgs/fairino_msgs/srv
[2.102s] -- Up-to-date: /home/st/ywfBot_ws_v1.3/install/fairino_msgs/include/fairino_msgs/fairino_msgs/srv/detail
[2.102s] -- Up-to-date: /home/st/ywfBot_ws_v1.3/install/fairino_msgs/include/fairino_msgs/fairino_msgs/srv/detail/remote_cmd_interface__rosidl_typesupport_fastrtps_c.h
[2.103s] -- Up-to-date: /home/st/ywfBot_ws_v1.3/install/fairino_msgs/include/fairino_msgs/fairino_msgs/srv/detail/remote_script_content__rosidl_typesupport_fastrtps_c.h
[2.103s] -- Up-to-date: /home/st/ywfBot_ws_v1.3/install/fairino_msgs/lib/libfairino_msgs__rosidl_typesupport_fastrtps_c.so
[2.104s] -- Up-to-date: /home/st/ywfBot_ws_v1.3/install/fairino_msgs/include/fairino_msgs/fairino_msgs
[2.104s] -- Up-to-date: /home/st/ywfBot_ws_v1.3/install/fairino_msgs/include/fairino_msgs/fairino_msgs/msg
[2.105s] -- Up-to-date: /home/st/ywfBot_ws_v1.3/install/fairino_msgs/include/fairino_msgs/fairino_msgs/msg/rosidl_typesupport_introspection_c__visibility_control.h
[2.105s] -- Up-to-date: /home/st/ywfBot_ws_v1.3/install/fairino_msgs/include/fairino_msgs/fairino_msgs/msg/detail
[2.105s] -- Up-to-date: /home/st/ywfBot_ws_v1.3/install/fairino_msgs/include/fairino_msgs/fairino_msgs/msg/detail/robot_nonrt_state__type_support.c
[2.105s] -- Up-to-date: /home/st/ywfBot_ws_v1.3/install/fairino_msgs/include/fairino_msgs/fairino_msgs/msg/detail/robot_nonrt_state__rosidl_typesupport_introspection_c.h
[2.106s] -- Up-to-date: /home/st/ywfBot_ws_v1.3/install/fairino_msgs/include/fairino_msgs/fairino_msgs/srv
[2.106s] -- Up-to-date: /home/st/ywfBot_ws_v1.3/install/fairino_msgs/include/fairino_msgs/fairino_msgs/srv/detail
[2.106s] -- Up-to-date: /home/st/ywfBot_ws_v1.3/install/fairino_msgs/include/fairino_msgs/fairino_msgs/srv/detail/remote_cmd_interface__rosidl_typesupport_introspection_c.h
[2.106s] -- Up-to-date: /home/st/ywfBot_ws_v1.3/install/fairino_msgs/include/fairino_msgs/fairino_msgs/srv/detail/remote_script_content__rosidl_typesupport_introspection_c.h
[2.106s] -- Up-to-date: /home/st/ywfBot_ws_v1.3/install/fairino_msgs/include/fairino_msgs/fairino_msgs/srv/detail/remote_script_content__type_support.c
[2.117s] -- Up-to-date: /home/st/ywfBot_ws_v1.3/install/fairino_msgs/include/fairino_msgs/fairino_msgs/srv/detail/remote_cmd_interface__type_support.c
[2.117s] -- Up-to-date: /home/st/ywfBot_ws_v1.3/install/fairino_msgs/lib/libfairino_msgs__rosidl_typesupport_introspection_c.so
[2.117s] -- Up-to-date: /home/st/ywfBot_ws_v1.3/install/fairino_msgs/lib/libfairino_msgs__rosidl_typesupport_c.so
[2.118s] -- Up-to-date: /home/st/ywfBot_ws_v1.3/install/fairino_msgs/include/fairino_msgs/fairino_msgs
[2.119s] -- Up-to-date: /home/st/ywfBot_ws_v1.3/install/fairino_msgs/include/fairino_msgs/fairino_msgs/msg
[2.119s] -- Up-to-date: /home/st/ywfBot_ws_v1.3/install/fairino_msgs/include/fairino_msgs/fairino_msgs/msg/robot_nonrt_state.hpp
[2.119s] -- Up-to-date: /home/st/ywfBot_ws_v1.3/install/fairino_msgs/include/fairino_msgs/fairino_msgs/msg/rosidl_generator_cpp__visibility_control.hpp
[2.119s] -- Up-to-date: /home/st/ywfBot_ws_v1.3/install/fairino_msgs/include/fairino_msgs/fairino_msgs/msg/detail
[2.120s] -- Up-to-date: /home/st/ywfBot_ws_v1.3/install/fairino_msgs/include/fairino_msgs/fairino_msgs/msg/detail/robot_nonrt_state__struct.hpp
[2.120s] -- Up-to-date: /home/st/ywfBot_ws_v1.3/install/fairino_msgs/include/fairino_msgs/fairino_msgs/msg/detail/robot_nonrt_state__builder.hpp
[2.120s] -- Up-to-date: /home/st/ywfBot_ws_v1.3/install/fairino_msgs/include/fairino_msgs/fairino_msgs/msg/detail/robot_nonrt_state__type_support.hpp
[2.120s] -- Up-to-date: /home/st/ywfBot_ws_v1.3/install/fairino_msgs/include/fairino_msgs/fairino_msgs/msg/detail/robot_nonrt_state__traits.hpp
[2.121s] -- Up-to-date: /home/st/ywfBot_ws_v1.3/install/fairino_msgs/include/fairino_msgs/fairino_msgs/srv
[2.121s] -- Up-to-date: /home/st/ywfBot_ws_v1.3/install/fairino_msgs/include/fairino_msgs/fairino_msgs/srv/remote_script_content.hpp
[2.121s] -- Up-to-date: /home/st/ywfBot_ws_v1.3/install/fairino_msgs/include/fairino_msgs/fairino_msgs/srv/remote_cmd_interface.hpp
[2.121s] -- Up-to-date: /home/st/ywfBot_ws_v1.3/install/fairino_msgs/include/fairino_msgs/fairino_msgs/srv/detail
[2.122s] -- Up-to-date: /home/st/ywfBot_ws_v1.3/install/fairino_msgs/include/fairino_msgs/fairino_msgs/srv/detail/remote_script_content__traits.hpp
[2.122s] -- Up-to-date: /home/st/ywfBot_ws_v1.3/install/fairino_msgs/include/fairino_msgs/fairino_msgs/srv/detail/remote_cmd_interface__struct.hpp
[2.122s] -- Up-to-date: /home/st/ywfBot_ws_v1.3/install/fairino_msgs/include/fairino_msgs/fairino_msgs/srv/detail/remote_cmd_interface__type_support.hpp
[2.122s] -- Up-to-date: /home/st/ywfBot_ws_v1.3/install/fairino_msgs/include/fairino_msgs/fairino_msgs/srv/detail/remote_script_content__struct.hpp
[2.122s] -- Up-to-date: /home/st/ywfBot_ws_v1.3/install/fairino_msgs/include/fairino_msgs/fairino_msgs/srv/detail/remote_cmd_interface__builder.hpp
[2.123s] -- Up-to-date: /home/st/ywfBot_ws_v1.3/install/fairino_msgs/include/fairino_msgs/fairino_msgs/srv/detail/remote_script_content__type_support.hpp
[2.123s] -- Up-to-date: /home/st/ywfBot_ws_v1.3/install/fairino_msgs/include/fairino_msgs/fairino_msgs/srv/detail/remote_script_content__builder.hpp
[2.123s] -- Up-to-date: /home/st/ywfBot_ws_v1.3/install/fairino_msgs/include/fairino_msgs/fairino_msgs/srv/detail/remote_cmd_interface__traits.hpp
[2.123s] -- Up-to-date: /home/st/ywfBot_ws_v1.3/install/fairino_msgs/include/fairino_msgs/fairino_msgs
[2.123s] -- Up-to-date: /home/st/ywfBot_ws_v1.3/install/fairino_msgs/include/fairino_msgs/fairino_msgs/msg
[2.123s] -- Up-to-date: /home/st/ywfBot_ws_v1.3/install/fairino_msgs/include/fairino_msgs/fairino_msgs/msg/rosidl_typesupport_fastrtps_cpp__visibility_control.h
[2.123s] -- Up-to-date: /home/st/ywfBot_ws_v1.3/install/fairino_msgs/include/fairino_msgs/fairino_msgs/msg/detail
[2.124s] -- Up-to-date: /home/st/ywfBot_ws_v1.3/install/fairino_msgs/include/fairino_msgs/fairino_msgs/msg/detail/dds_fastrtps
[2.124s] -- Up-to-date: /home/st/ywfBot_ws_v1.3/install/fairino_msgs/include/fairino_msgs/fairino_msgs/msg/detail/robot_nonrt_state__rosidl_typesupport_fastrtps_cpp.hpp
[2.124s] -- Up-to-date: /home/st/ywfBot_ws_v1.3/install/fairino_msgs/include/fairino_msgs/fairino_msgs/srv
[2.124s] -- Up-to-date: /home/st/ywfBot_ws_v1.3/install/fairino_msgs/include/fairino_msgs/fairino_msgs/srv/detail
[2.124s] -- Up-to-date: /home/st/ywfBot_ws_v1.3/install/fairino_msgs/include/fairino_msgs/fairino_msgs/srv/detail/dds_fastrtps
[2.124s] -- Up-to-date: /home/st/ywfBot_ws_v1.3/install/fairino_msgs/include/fairino_msgs/fairino_msgs/srv/detail/remote_cmd_interface__rosidl_typesupport_fastrtps_cpp.hpp
[2.125s] -- Up-to-date: /home/st/ywfBot_ws_v1.3/install/fairino_msgs/include/fairino_msgs/fairino_msgs/srv/detail/remote_script_content__rosidl_typesupport_fastrtps_cpp.hpp
[2.125s] -- Up-to-date: /home/st/ywfBot_ws_v1.3/install/fairino_msgs/lib/libfairino_msgs__rosidl_typesupport_fastrtps_cpp.so
[2.125s] -- Up-to-date: /home/st/ywfBot_ws_v1.3/install/fairino_msgs/include/fairino_msgs/fairino_msgs
[2.125s] -- Up-to-date: /home/st/ywfBot_ws_v1.3/install/fairino_msgs/include/fairino_msgs/fairino_msgs/msg
[2.125s] -- Up-to-date: /home/st/ywfBot_ws_v1.3/install/fairino_msgs/include/fairino_msgs/fairino_msgs/msg/detail
[2.125s] -- Up-to-date: /home/st/ywfBot_ws_v1.3/install/fairino_msgs/include/fairino_msgs/fairino_msgs/msg/detail/robot_nonrt_state__rosidl_typesupport_introspection_cpp.hpp
[2.125s] -- Up-to-date: /home/st/ywfBot_ws_v1.3/install/fairino_msgs/include/fairino_msgs/fairino_msgs/msg/detail/robot_nonrt_state__type_support.cpp
[2.126s] -- Up-to-date: /home/st/ywfBot_ws_v1.3/install/fairino_msgs/include/fairino_msgs/fairino_msgs/srv
[2.126s] -- Up-to-date: /home/st/ywfBot_ws_v1.3/install/fairino_msgs/include/fairino_msgs/fairino_msgs/srv/detail
[2.126s] -- Up-to-date: /home/st/ywfBot_ws_v1.3/install/fairino_msgs/include/fairino_msgs/fairino_msgs/srv/detail/remote_script_content__rosidl_typesupport_introspection_cpp.hpp
[2.126s] -- Up-to-date: /home/st/ywfBot_ws_v1.3/install/fairino_msgs/include/fairino_msgs/fairino_msgs/srv/detail/remote_cmd_interface__type_support.cpp
[2.126s] -- Up-to-date: /home/st/ywfBot_ws_v1.3/install/fairino_msgs/include/fairino_msgs/fairino_msgs/srv/detail/remote_cmd_interface__rosidl_typesupport_introspection_cpp.hpp
[2.127s] -- Up-to-date: /home/st/ywfBot_ws_v1.3/install/fairino_msgs/include/fairino_msgs/fairino_msgs/srv/detail/remote_script_content__type_support.cpp
[2.127s] -- Up-to-date: /home/st/ywfBot_ws_v1.3/install/fairino_msgs/lib/libfairino_msgs__rosidl_typesupport_introspection_cpp.so
[2.127s] -- Up-to-date: /home/st/ywfBot_ws_v1.3/install/fairino_msgs/lib/libfairino_msgs__rosidl_typesupport_cpp.so
[2.129s] -- Up-to-date: /home/st/ywfBot_ws_v1.3/install/fairino_msgs/share/fairino_msgs/environment/pythonpath.sh
[2.130s] -- Up-to-date: /home/st/ywfBot_ws_v1.3/install/fairino_msgs/share/fairino_msgs/environment/pythonpath.dsv
[2.130s] -- Up-to-date: /home/st/ywfBot_ws_v1.3/install/fairino_msgs/local/lib/python3.10/dist-packages/fairino_msgs-0.0.0-py3.10.egg-info
[2.130s] -- Installing: /home/st/ywfBot_ws_v1.3/install/fairino_msgs/local/lib/python3.10/dist-packages/fairino_msgs-0.0.0-py3.10.egg-info/SOURCES.txt
[2.130s] -- Installing: /home/st/ywfBot_ws_v1.3/install/fairino_msgs/local/lib/python3.10/dist-packages/fairino_msgs-0.0.0-py3.10.egg-info/top_level.txt
[2.130s] -- Installing: /home/st/ywfBot_ws_v1.3/install/fairino_msgs/local/lib/python3.10/dist-packages/fairino_msgs-0.0.0-py3.10.egg-info/dependency_links.txt
[2.131s] -- Installing: /home/st/ywfBot_ws_v1.3/install/fairino_msgs/local/lib/python3.10/dist-packages/fairino_msgs-0.0.0-py3.10.egg-info/PKG-INFO
[2.131s] -- Up-to-date: /home/st/ywfBot_ws_v1.3/install/fairino_msgs/local/lib/python3.10/dist-packages/fairino_msgs
[2.131s] -- Up-to-date: /home/st/ywfBot_ws_v1.3/install/fairino_msgs/local/lib/python3.10/dist-packages/fairino_msgs/__init__.py
[2.131s] -- Up-to-date: /home/st/ywfBot_ws_v1.3/install/fairino_msgs/local/lib/python3.10/dist-packages/fairino_msgs/fairino_msgs_s__rosidl_typesupport_fastrtps_c.cpython-310-x86_64-linux-gnu.so
[2.131s] -- Up-to-date: /home/st/ywfBot_ws_v1.3/install/fairino_msgs/local/lib/python3.10/dist-packages/fairino_msgs/_fairino_msgs_s.ep.rosidl_typesupport_introspection_c.c
[2.131s] -- Up-to-date: /home/st/ywfBot_ws_v1.3/install/fairino_msgs/local/lib/python3.10/dist-packages/fairino_msgs/fairino_msgs_s__rosidl_typesupport_introspection_c.cpython-310-x86_64-linux-gnu.so
[2.132s] -- Up-to-date: /home/st/ywfBot_ws_v1.3/install/fairino_msgs/local/lib/python3.10/dist-packages/fairino_msgs/msg
[2.132s] -- Up-to-date: /home/st/ywfBot_ws_v1.3/install/fairino_msgs/local/lib/python3.10/dist-packages/fairino_msgs/msg/__init__.py
[2.132s] -- Up-to-date: /home/st/ywfBot_ws_v1.3/install/fairino_msgs/local/lib/python3.10/dist-packages/fairino_msgs/msg/_robot_nonrt_state.py
[2.132s] -- Up-to-date: /home/st/ywfBot_ws_v1.3/install/fairino_msgs/local/lib/python3.10/dist-packages/fairino_msgs/msg/_robot_nonrt_state_s.c
[2.132s] -- Up-to-date: /home/st/ywfBot_ws_v1.3/install/fairino_msgs/local/lib/python3.10/dist-packages/fairino_msgs/_fairino_msgs_s.ep.rosidl_typesupport_fastrtps_c.c
[2.132s] -- Up-to-date: /home/st/ywfBot_ws_v1.3/install/fairino_msgs/local/lib/python3.10/dist-packages/fairino_msgs/libfairino_msgs__rosidl_generator_py.so
[2.132s] -- Up-to-date: /home/st/ywfBot_ws_v1.3/install/fairino_msgs/local/lib/python3.10/dist-packages/fairino_msgs/srv
[2.133s] -- Up-to-date: /home/st/ywfBot_ws_v1.3/install/fairino_msgs/local/lib/python3.10/dist-packages/fairino_msgs/srv/__init__.py
[2.133s] -- Up-to-date: /home/st/ywfBot_ws_v1.3/install/fairino_msgs/local/lib/python3.10/dist-packages/fairino_msgs/srv/_remote_cmd_interface.py
[2.133s] -- Up-to-date: /home/st/ywfBot_ws_v1.3/install/fairino_msgs/local/lib/python3.10/dist-packages/fairino_msgs/srv/_remote_script_content.py
[2.133s] -- Up-to-date: /home/st/ywfBot_ws_v1.3/install/fairino_msgs/local/lib/python3.10/dist-packages/fairino_msgs/srv/_remote_script_content_s.c
[2.133s] -- Up-to-date: /home/st/ywfBot_ws_v1.3/install/fairino_msgs/local/lib/python3.10/dist-packages/fairino_msgs/srv/_remote_cmd_interface_s.c
[2.133s] -- Up-to-date: /home/st/ywfBot_ws_v1.3/install/fairino_msgs/local/lib/python3.10/dist-packages/fairino_msgs/_fairino_msgs_s.ep.rosidl_typesupport_c.c
[2.134s] -- Up-to-date: /home/st/ywfBot_ws_v1.3/install/fairino_msgs/local/lib/python3.10/dist-packages/fairino_msgs/fairino_msgs_s__rosidl_typesupport_c.cpython-310-x86_64-linux-gnu.so
[2.217s] Listing '/home/st/ywfBot_ws_v1.3/install/fairino_msgs/local/lib/python3.10/dist-packages/fairino_msgs'...
[2.217s] Listing '/home/st/ywfBot_ws_v1.3/install/fairino_msgs/local/lib/python3.10/dist-packages/fairino_msgs/msg'...
[2.217s] Listing '/home/st/ywfBot_ws_v1.3/install/fairino_msgs/local/lib/python3.10/dist-packages/fairino_msgs/srv'...
[2.218s] -- Up-to-date: /home/st/ywfBot_ws_v1.3/install/fairino_msgs/local/lib/python3.10/dist-packages/fairino_msgs/fairino_msgs_s__rosidl_typesupport_fastrtps_c.cpython-310-x86_64-linux-gnu.so
[2.218s] -- Up-to-date: /home/st/ywfBot_ws_v1.3/install/fairino_msgs/local/lib/python3.10/dist-packages/fairino_msgs/fairino_msgs_s__rosidl_typesupport_introspection_c.cpython-310-x86_64-linux-gnu.so
[2.218s] -- Up-to-date: /home/st/ywfBot_ws_v1.3/install/fairino_msgs/local/lib/python3.10/dist-packages/fairino_msgs/fairino_msgs_s__rosidl_typesupport_c.cpython-310-x86_64-linux-gnu.so
[2.218s] -- Up-to-date: /home/st/ywfBot_ws_v1.3/install/fairino_msgs/lib/libfairino_msgs__rosidl_generator_py.so
[2.218s] -- Up-to-date: /home/st/ywfBot_ws_v1.3/install/fairino_msgs/share/fairino_msgs/srv/RemoteCmdInterface.idl
[2.218s] -- Up-to-date: /home/st/ywfBot_ws_v1.3/install/fairino_msgs/share/fairino_msgs/srv/RemoteScriptContent.idl
[2.219s] -- Up-to-date: /home/st/ywfBot_ws_v1.3/install/fairino_msgs/share/fairino_msgs/msg/RobotNonrtState.idl
[2.219s] -- Up-to-date: /home/st/ywfBot_ws_v1.3/install/fairino_msgs/share/fairino_msgs/srv/RemoteCmdInterface.srv
[2.236s] -- Up-to-date: /home/st/ywfBot_ws_v1.3/install/fairino_msgs/share/fairino_msgs/srv/RemoteCmdInterface_Request.msg
[2.237s] -- Up-to-date: /home/st/ywfBot_ws_v1.3/install/fairino_msgs/share/fairino_msgs/srv/RemoteCmdInterface_Response.msg
[2.237s] -- Up-to-date: /home/st/ywfBot_ws_v1.3/install/fairino_msgs/share/fairino_msgs/srv/RemoteScriptContent.srv
[2.237s] -- Up-to-date: /home/st/ywfBot_ws_v1.3/install/fairino_msgs/share/fairino_msgs/srv/RemoteScriptContent_Request.msg
[2.237s] -- Up-to-date: /home/st/ywfBot_ws_v1.3/install/fairino_msgs/share/fairino_msgs/srv/RemoteScriptContent_Response.msg
[2.237s] -- Up-to-date: /home/st/ywfBot_ws_v1.3/install/fairino_msgs/share/fairino_msgs/msg/RobotNonrtState.msg
[2.237s] -- Up-to-date: /home/st/ywfBot_ws_v1.3/install/fairino_msgs/share/ament_index/resource_index/package_run_dependencies/fairino_msgs
[2.237s] -- Up-to-date: /home/st/ywfBot_ws_v1.3/install/fairino_msgs/share/ament_index/resource_index/parent_prefix_path/fairino_msgs
[2.237s] -- Up-to-date: /home/st/ywfBot_ws_v1.3/install/fairino_msgs/share/fairino_msgs/environment/ament_prefix_path.sh
[2.237s] -- Up-to-date: /home/st/ywfBot_ws_v1.3/install/fairino_msgs/share/fairino_msgs/environment/ament_prefix_path.dsv
[2.237s] -- Up-to-date: /home/st/ywfBot_ws_v1.3/install/fairino_msgs/share/fairino_msgs/environment/path.sh
[2.237s] -- Up-to-date: /home/st/ywfBot_ws_v1.3/install/fairino_msgs/share/fairino_msgs/environment/path.dsv
[2.237s] -- Up-to-date: /home/st/ywfBot_ws_v1.3/install/fairino_msgs/share/fairino_msgs/local_setup.bash
[2.237s] -- Up-to-date: /home/st/ywfBot_ws_v1.3/install/fairino_msgs/share/fairino_msgs/local_setup.sh
[2.237s] -- Up-to-date: /home/st/ywfBot_ws_v1.3/install/fairino_msgs/share/fairino_msgs/local_setup.zsh
[2.237s] -- Up-to-date: /home/st/ywfBot_ws_v1.3/install/fairino_msgs/share/fairino_msgs/local_setup.dsv
[2.237s] -- Up-to-date: /home/st/ywfBot_ws_v1.3/install/fairino_msgs/share/fairino_msgs/package.dsv
[2.237s] -- Up-to-date: /home/st/ywfBot_ws_v1.3/install/fairino_msgs/share/ament_index/resource_index/packages/fairino_msgs
[2.237s] -- Up-to-date: /home/st/ywfBot_ws_v1.3/install/fairino_msgs/share/fairino_msgs/cmake/export_fairino_msgs__rosidl_generator_cExport.cmake
[2.237s] -- Up-to-date: /home/st/ywfBot_ws_v1.3/install/fairino_msgs/share/fairino_msgs/cmake/export_fairino_msgs__rosidl_generator_cExport-noconfig.cmake
[2.237s] -- Up-to-date: /home/st/ywfBot_ws_v1.3/install/fairino_msgs/share/fairino_msgs/cmake/export_fairino_msgs__rosidl_typesupport_fastrtps_cExport.cmake
[2.237s] -- Up-to-date: /home/st/ywfBot_ws_v1.3/install/fairino_msgs/share/fairino_msgs/cmake/export_fairino_msgs__rosidl_typesupport_fastrtps_cExport-noconfig.cmake
[2.237s] -- Up-to-date: /home/st/ywfBot_ws_v1.3/install/fairino_msgs/share/fairino_msgs/cmake/fairino_msgs__rosidl_typesupport_introspection_cExport.cmake
[2.237s] -- Up-to-date: /home/st/ywfBot_ws_v1.3/install/fairino_msgs/share/fairino_msgs/cmake/fairino_msgs__rosidl_typesupport_introspection_cExport-noconfig.cmake
[2.237s] -- Up-to-date: /home/st/ywfBot_ws_v1.3/install/fairino_msgs/share/fairino_msgs/cmake/fairino_msgs__rosidl_typesupport_cExport.cmake
[2.237s] -- Up-to-date: /home/st/ywfBot_ws_v1.3/install/fairino_msgs/share/fairino_msgs/cmake/fairino_msgs__rosidl_typesupport_cExport-noconfig.cmake
[2.237s] -- Up-to-date: /home/st/ywfBot_ws_v1.3/install/fairino_msgs/share/fairino_msgs/cmake/export_fairino_msgs__rosidl_generator_cppExport.cmake
[2.237s] -- Up-to-date: /home/st/ywfBot_ws_v1.3/install/fairino_msgs/share/fairino_msgs/cmake/export_fairino_msgs__rosidl_typesupport_fastrtps_cppExport.cmake
[2.237s] -- Up-to-date: /home/st/ywfBot_ws_v1.3/install/fairino_msgs/share/fairino_msgs/cmake/export_fairino_msgs__rosidl_typesupport_fastrtps_cppExport-noconfig.cmake
[2.237s] -- Up-to-date: /home/st/ywfBot_ws_v1.3/install/fairino_msgs/share/fairino_msgs/cmake/fairino_msgs__rosidl_typesupport_introspection_cppExport.cmake
[2.237s] -- Up-to-date: /home/st/ywfBot_ws_v1.3/install/fairino_msgs/share/fairino_msgs/cmake/fairino_msgs__rosidl_typesupport_introspection_cppExport-noconfig.cmake
[2.237s] -- Up-to-date: /home/st/ywfBot_ws_v1.3/install/fairino_msgs/share/fairino_msgs/cmake/fairino_msgs__rosidl_typesupport_cppExport.cmake
[2.237s] -- Up-to-date: /home/st/ywfBot_ws_v1.3/install/fairino_msgs/share/fairino_msgs/cmake/fairino_msgs__rosidl_typesupport_cppExport-noconfig.cmake
[2.237s] -- Up-to-date: /home/st/ywfBot_ws_v1.3/install/fairino_msgs/share/fairino_msgs/cmake/export_fairino_msgs__rosidl_generator_pyExport.cmake
[2.237s] -- Up-to-date: /home/st/ywfBot_ws_v1.3/install/fairino_msgs/share/fairino_msgs/cmake/export_fairino_msgs__rosidl_generator_pyExport-noconfig.cmake
[2.237s] -- Up-to-date: /home/st/ywfBot_ws_v1.3/install/fairino_msgs/share/fairino_msgs/cmake/rosidl_cmake-extras.cmake
[2.237s] -- Up-to-date: /home/st/ywfBot_ws_v1.3/install/fairino_msgs/share/fairino_msgs/cmake/ament_cmake_export_include_directories-extras.cmake
[2.237s] -- Up-to-date: /home/st/ywfBot_ws_v1.3/install/fairino_msgs/share/fairino_msgs/cmake/ament_cmake_export_libraries-extras.cmake
[2.237s] -- Up-to-date: /home/st/ywfBot_ws_v1.3/install/fairino_msgs/share/fairino_msgs/cmake/ament_cmake_export_targets-extras.cmake
[2.238s] -- Up-to-date: /home/st/ywfBot_ws_v1.3/install/fairino_msgs/share/fairino_msgs/cmake/rosidl_cmake_export_typesupport_targets-extras.cmake
[2.238s] -- Up-to-date: /home/st/ywfBot_ws_v1.3/install/fairino_msgs/share/fairino_msgs/cmake/ament_cmake_export_dependencies-extras.cmake
[2.238s] -- Up-to-date: /home/st/ywfBot_ws_v1.3/install/fairino_msgs/share/fairino_msgs/cmake/rosidl_cmake_export_typesupport_libraries-extras.cmake
[2.238s] -- Up-to-date: /home/st/ywfBot_ws_v1.3/install/fairino_msgs/share/fairino_msgs/cmake/fairino_msgsConfig.cmake
[2.238s] -- Up-to-date: /home/st/ywfBot_ws_v1.3/install/fairino_msgs/share/fairino_msgs/cmake/fairino_msgsConfig-version.cmake
[2.238s] -- Up-to-date: /home/st/ywfBot_ws_v1.3/install/fairino_msgs/share/fairino_msgs/package.xml
[2.600s] Invoked command in '/home/st/ywfBot_ws_v1.3.1/build/fairino_msgs' returned '0': CMAKE_PREFIX_PATH=${CMAKE_PREFIX_PATH}:/home/st/ywfBot_ws_v1.3/install/py_action_client:/home/st/ywfBot_ws_v1.3/install/py_action:/home/st/ros2_control_ws/install/rqt_joint_trajectory_controller:/home/st/ros2_control_ws/install/rqt_controller_manager:/home/st/ros2_control_ws/install/ros2controlcli:/home/st/ros2_control_ws/install/ros2_controllers_test_nodes:/home/st/ros2_control_ws/install/ros2_control_demo_testing:/home/st/ywfBot_ws_v1.1/install/py_action_client:/home/st/ywfBot_ws_v1.1/install/py_action:/home/st/ywfBot_ws_v1.1/install/moveit2_ywf_interface:/home/st/ywfBot_ws_v1.1/install/moveit_ywf_msg:/home/st/ywfBot_ws_v1.1/install/fairino_hardware:/home/st/ywfBot_ws_v1.1/install/fairino_msgs:/home/st/ywfBot_ws/install/py_action_client:/home/st/ywfBot_ws/install/py_action:/home/st/ywfBot_ws/install/moveit2_ywf_interface:/home/st/ywfBot_ws/install/moveit_ywf_msg:/home/st/ywfBot_ws/install/frhal_msgs:/home/st/ywfBot_ws/install/fr_ros2:/home/st/moveit2_humble_ws/install/moveit_configs_utils:/home/st/moveit2_humble_ws/install/launch_param_builder:/opt/ros/humble /usr/bin/cmake --install /home/st/ywfBot_ws_v1.3.1/build/fairino_msgs
