[0.142s] Invoking command in '/home/st/ywfBot_ws/build/moveit_ywf_msg': CMAKE_PREFIX_PATH=${CMAKE_PREFIX_PATH}:/home/st/ywfBot_ws/install/py_action_client:/home/st/ywfBot_ws/install/py_action:/home/st/moveit2_humble_ws/install/moveit_configs_utils:/home/st/moveit2_humble_ws/install/launch_param_builder:/opt/ros/humble /usr/bin/cmake --build /home/st/ywfBot_ws/build/moveit_ywf_msg -- -j16 -l16
[0.899s] [  3%] Built target moveit_ywf_msg__cpp
[0.900s] [ 12%] Built target moveit_ywf_msg__rosidl_generator_c
[0.900s] [ 12%] Built target ament_cmake_python_copy_moveit_ywf_msg
[0.900s] [ 25%] Built target moveit_ywf_msg__rosidl_typesupport_cpp
[0.900s] [ 32%] Built target moveit_ywf_msg__rosidl_typesupport_introspection_cpp
[0.900s] [ 41%] Built target moveit_ywf_msg__rosidl_typesupport_fastrtps_c
[0.900s] [ 51%] Built target moveit_ywf_msg__rosidl_typesupport_fastrtps_cpp
[0.900s] [ 61%] Built target moveit_ywf_msg__rosidl_typesupport_c
[0.901s] [ 70%] Built target moveit_ywf_msg__rosidl_typesupport_introspection_c
[0.901s] [ 70%] Built target moveit_ywf_msg
[0.901s] [ 74%] Built target moveit_ywf_msg__py
[0.901s] [ 80%] Built target moveit_ywf_msg__rosidl_generator_py
[0.901s] [ 87%] Built target moveit_ywf_msg__rosidl_typesupport_c__pyext
[0.901s] [100%] Built target moveit_ywf_msg__rosidl_typesupport_fastrtps_c__pyext
[0.901s] [100%] Built target moveit_ywf_msg__rosidl_typesupport_introspection_c__pyext
[1.185s] running egg_info
[1.187s] writing moveit_ywf_msg.egg-info/PKG-INFO
[1.190s] writing dependency_links to moveit_ywf_msg.egg-info/dependency_links.txt
[1.191s] writing top-level names to moveit_ywf_msg.egg-info/top_level.txt
[1.196s] reading manifest file 'moveit_ywf_msg.egg-info/SOURCES.txt'
[1.199s] writing manifest file 'moveit_ywf_msg.egg-info/SOURCES.txt'
[1.276s] [100%] Built target ament_cmake_python_build_moveit_ywf_msg_egg
[1.693s] Invoked command in '/home/st/ywfBot_ws/build/moveit_ywf_msg' returned '0': CMAKE_PREFIX_PATH=${CMAKE_PREFIX_PATH}:/home/st/ywfBot_ws/install/py_action_client:/home/st/ywfBot_ws/install/py_action:/home/st/moveit2_humble_ws/install/moveit_configs_utils:/home/st/moveit2_humble_ws/install/launch_param_builder:/opt/ros/humble /usr/bin/cmake --build /home/st/ywfBot_ws/build/moveit_ywf_msg -- -j16 -l16
[2.090s] Invoking command in '/home/st/ywfBot_ws/build/moveit_ywf_msg': CMAKE_PREFIX_PATH=${CMAKE_PREFIX_PATH}:/home/st/ywfBot_ws/install/py_action_client:/home/st/ywfBot_ws/install/py_action:/home/st/moveit2_humble_ws/install/moveit_configs_utils:/home/st/moveit2_humble_ws/install/launch_param_builder:/opt/ros/humble /usr/bin/cmake --install /home/st/ywfBot_ws/build/moveit_ywf_msg
[2.123s] -- Install configuration: ""
[2.124s] -- Up-to-date: /home/st/ywfBot_ws/install/moveit_ywf_msg/share/ament_index/resource_index/rosidl_interfaces/moveit_ywf_msg
[2.124s] -- Up-to-date: /home/st/ywfBot_ws/install/moveit_ywf_msg/include/moveit_ywf_msg/moveit_ywf_msg
[2.124s] -- Up-to-date: /home/st/ywfBot_ws/install/moveit_ywf_msg/include/moveit_ywf_msg/moveit_ywf_msg/msg
[2.124s] -- Up-to-date: /home/st/ywfBot_ws/install/moveit_ywf_msg/include/moveit_ywf_msg/moveit_ywf_msg/msg/rosidl_generator_c__visibility_control.h
[2.129s] -- Up-to-date: /home/st/ywfBot_ws/install/moveit_ywf_msg/include/moveit_ywf_msg/moveit_ywf_msg/action
[2.129s] -- Up-to-date: /home/st/ywfBot_ws/install/moveit_ywf_msg/include/moveit_ywf_msg/moveit_ywf_msg/action/detail
[2.129s] -- Up-to-date: /home/st/ywfBot_ws/install/moveit_ywf_msg/include/moveit_ywf_msg/moveit_ywf_msg/action/detail/moveit_ywf_intf__functions.h
[2.129s] -- Up-to-date: /home/st/ywfBot_ws/install/moveit_ywf_msg/include/moveit_ywf_msg/moveit_ywf_msg/action/detail/moveit_ywf_intf__struct.h
[2.129s] -- Up-to-date: /home/st/ywfBot_ws/install/moveit_ywf_msg/include/moveit_ywf_msg/moveit_ywf_msg/action/detail/moveit_ywf_intf__functions.c
[2.129s] -- Up-to-date: /home/st/ywfBot_ws/install/moveit_ywf_msg/include/moveit_ywf_msg/moveit_ywf_msg/action/detail/moveit_ywf_intf__type_support.h
[2.129s] -- Up-to-date: /home/st/ywfBot_ws/install/moveit_ywf_msg/include/moveit_ywf_msg/moveit_ywf_msg/action/moveit_ywf_intf.h
[2.130s] -- Up-to-date: /home/st/ywfBot_ws/install/moveit_ywf_msg/share/moveit_ywf_msg/environment/library_path.sh
[2.130s] -- Up-to-date: /home/st/ywfBot_ws/install/moveit_ywf_msg/share/moveit_ywf_msg/environment/library_path.dsv
[2.138s] -- Up-to-date: /home/st/ywfBot_ws/install/moveit_ywf_msg/lib/libmoveit_ywf_msg__rosidl_generator_c.so
[2.139s] -- Up-to-date: /home/st/ywfBot_ws/install/moveit_ywf_msg/include/moveit_ywf_msg/moveit_ywf_msg
[2.139s] -- Up-to-date: /home/st/ywfBot_ws/install/moveit_ywf_msg/include/moveit_ywf_msg/moveit_ywf_msg/msg
[2.140s] -- Up-to-date: /home/st/ywfBot_ws/install/moveit_ywf_msg/include/moveit_ywf_msg/moveit_ywf_msg/msg/rosidl_typesupport_fastrtps_c__visibility_control.h
[2.140s] -- Up-to-date: /home/st/ywfBot_ws/install/moveit_ywf_msg/include/moveit_ywf_msg/moveit_ywf_msg/action
[2.140s] -- Up-to-date: /home/st/ywfBot_ws/install/moveit_ywf_msg/include/moveit_ywf_msg/moveit_ywf_msg/action/detail
[2.140s] -- Up-to-date: /home/st/ywfBot_ws/install/moveit_ywf_msg/include/moveit_ywf_msg/moveit_ywf_msg/action/detail/moveit_ywf_intf__rosidl_typesupport_fastrtps_c.h
[2.148s] -- Up-to-date: /home/st/ywfBot_ws/install/moveit_ywf_msg/lib/libmoveit_ywf_msg__rosidl_typesupport_fastrtps_c.so
[2.149s] -- Up-to-date: /home/st/ywfBot_ws/install/moveit_ywf_msg/include/moveit_ywf_msg/moveit_ywf_msg
[2.149s] -- Up-to-date: /home/st/ywfBot_ws/install/moveit_ywf_msg/include/moveit_ywf_msg/moveit_ywf_msg/msg
[2.149s] -- Up-to-date: /home/st/ywfBot_ws/install/moveit_ywf_msg/include/moveit_ywf_msg/moveit_ywf_msg/msg/rosidl_typesupport_introspection_c__visibility_control.h
[2.150s] -- Up-to-date: /home/st/ywfBot_ws/install/moveit_ywf_msg/include/moveit_ywf_msg/moveit_ywf_msg/action
[2.150s] -- Up-to-date: /home/st/ywfBot_ws/install/moveit_ywf_msg/include/moveit_ywf_msg/moveit_ywf_msg/action/detail
[2.150s] -- Up-to-date: /home/st/ywfBot_ws/install/moveit_ywf_msg/include/moveit_ywf_msg/moveit_ywf_msg/action/detail/moveit_ywf_intf__type_support.c
[2.150s] -- Up-to-date: /home/st/ywfBot_ws/install/moveit_ywf_msg/include/moveit_ywf_msg/moveit_ywf_msg/action/detail/moveit_ywf_intf__rosidl_typesupport_introspection_c.h
[2.155s] -- Up-to-date: /home/st/ywfBot_ws/install/moveit_ywf_msg/lib/libmoveit_ywf_msg__rosidl_typesupport_introspection_c.so
[2.160s] -- Up-to-date: /home/st/ywfBot_ws/install/moveit_ywf_msg/lib/libmoveit_ywf_msg__rosidl_typesupport_c.so
[2.161s] -- Up-to-date: /home/st/ywfBot_ws/install/moveit_ywf_msg/include/moveit_ywf_msg/moveit_ywf_msg
[2.161s] -- Up-to-date: /home/st/ywfBot_ws/install/moveit_ywf_msg/include/moveit_ywf_msg/moveit_ywf_msg/msg
[2.161s] -- Up-to-date: /home/st/ywfBot_ws/install/moveit_ywf_msg/include/moveit_ywf_msg/moveit_ywf_msg/msg/rosidl_generator_cpp__visibility_control.hpp
[2.161s] -- Up-to-date: /home/st/ywfBot_ws/install/moveit_ywf_msg/include/moveit_ywf_msg/moveit_ywf_msg/action
[2.161s] -- Up-to-date: /home/st/ywfBot_ws/install/moveit_ywf_msg/include/moveit_ywf_msg/moveit_ywf_msg/action/moveit_ywf_intf.hpp
[2.161s] -- Up-to-date: /home/st/ywfBot_ws/install/moveit_ywf_msg/include/moveit_ywf_msg/moveit_ywf_msg/action/detail
[2.161s] -- Up-to-date: /home/st/ywfBot_ws/install/moveit_ywf_msg/include/moveit_ywf_msg/moveit_ywf_msg/action/detail/moveit_ywf_intf__type_support.hpp
[2.162s] -- Up-to-date: /home/st/ywfBot_ws/install/moveit_ywf_msg/include/moveit_ywf_msg/moveit_ywf_msg/action/detail/moveit_ywf_intf__traits.hpp
[2.162s] -- Up-to-date: /home/st/ywfBot_ws/install/moveit_ywf_msg/include/moveit_ywf_msg/moveit_ywf_msg/action/detail/moveit_ywf_intf__builder.hpp
[2.162s] -- Up-to-date: /home/st/ywfBot_ws/install/moveit_ywf_msg/include/moveit_ywf_msg/moveit_ywf_msg/action/detail/moveit_ywf_intf__struct.hpp
[2.162s] -- Up-to-date: /home/st/ywfBot_ws/install/moveit_ywf_msg/include/moveit_ywf_msg/moveit_ywf_msg
[2.162s] -- Up-to-date: /home/st/ywfBot_ws/install/moveit_ywf_msg/include/moveit_ywf_msg/moveit_ywf_msg/msg
[2.162s] -- Up-to-date: /home/st/ywfBot_ws/install/moveit_ywf_msg/include/moveit_ywf_msg/moveit_ywf_msg/msg/rosidl_typesupport_fastrtps_cpp__visibility_control.h
[2.162s] -- Up-to-date: /home/st/ywfBot_ws/install/moveit_ywf_msg/include/moveit_ywf_msg/moveit_ywf_msg/action
[2.163s] -- Up-to-date: /home/st/ywfBot_ws/install/moveit_ywf_msg/include/moveit_ywf_msg/moveit_ywf_msg/action/detail
[2.163s] -- Up-to-date: /home/st/ywfBot_ws/install/moveit_ywf_msg/include/moveit_ywf_msg/moveit_ywf_msg/action/detail/dds_fastrtps
[2.163s] -- Up-to-date: /home/st/ywfBot_ws/install/moveit_ywf_msg/include/moveit_ywf_msg/moveit_ywf_msg/action/detail/moveit_ywf_intf__rosidl_typesupport_fastrtps_cpp.hpp
[2.173s] -- Up-to-date: /home/st/ywfBot_ws/install/moveit_ywf_msg/lib/libmoveit_ywf_msg__rosidl_typesupport_fastrtps_cpp.so
[2.173s] -- Up-to-date: /home/st/ywfBot_ws/install/moveit_ywf_msg/include/moveit_ywf_msg/moveit_ywf_msg
[2.174s] -- Up-to-date: /home/st/ywfBot_ws/install/moveit_ywf_msg/include/moveit_ywf_msg/moveit_ywf_msg/action
[2.174s] -- Up-to-date: /home/st/ywfBot_ws/install/moveit_ywf_msg/include/moveit_ywf_msg/moveit_ywf_msg/action/detail
[2.174s] -- Up-to-date: /home/st/ywfBot_ws/install/moveit_ywf_msg/include/moveit_ywf_msg/moveit_ywf_msg/action/detail/moveit_ywf_intf__type_support.cpp
[2.174s] -- Up-to-date: /home/st/ywfBot_ws/install/moveit_ywf_msg/include/moveit_ywf_msg/moveit_ywf_msg/action/detail/moveit_ywf_intf__rosidl_typesupport_introspection_cpp.hpp
[2.177s] -- Up-to-date: /home/st/ywfBot_ws/install/moveit_ywf_msg/lib/libmoveit_ywf_msg__rosidl_typesupport_introspection_cpp.so
[2.182s] -- Up-to-date: /home/st/ywfBot_ws/install/moveit_ywf_msg/lib/libmoveit_ywf_msg__rosidl_typesupport_cpp.so
[2.182s] -- Up-to-date: /home/st/ywfBot_ws/install/moveit_ywf_msg/share/moveit_ywf_msg/environment/pythonpath.sh
[2.182s] -- Up-to-date: /home/st/ywfBot_ws/install/moveit_ywf_msg/share/moveit_ywf_msg/environment/pythonpath.dsv
[2.182s] -- Up-to-date: /home/st/ywfBot_ws/install/moveit_ywf_msg/local/lib/python3.10/dist-packages/moveit_ywf_msg-0.0.0-py3.10.egg-info
[2.182s] -- Installing: /home/st/ywfBot_ws/install/moveit_ywf_msg/local/lib/python3.10/dist-packages/moveit_ywf_msg-0.0.0-py3.10.egg-info/SOURCES.txt
[2.182s] -- Installing: /home/st/ywfBot_ws/install/moveit_ywf_msg/local/lib/python3.10/dist-packages/moveit_ywf_msg-0.0.0-py3.10.egg-info/top_level.txt
[2.182s] -- Installing: /home/st/ywfBot_ws/install/moveit_ywf_msg/local/lib/python3.10/dist-packages/moveit_ywf_msg-0.0.0-py3.10.egg-info/dependency_links.txt
[2.183s] -- Installing: /home/st/ywfBot_ws/install/moveit_ywf_msg/local/lib/python3.10/dist-packages/moveit_ywf_msg-0.0.0-py3.10.egg-info/PKG-INFO
[2.183s] -- Up-to-date: /home/st/ywfBot_ws/install/moveit_ywf_msg/local/lib/python3.10/dist-packages/moveit_ywf_msg
[2.183s] -- Up-to-date: /home/st/ywfBot_ws/install/moveit_ywf_msg/local/lib/python3.10/dist-packages/moveit_ywf_msg/_moveit_ywf_msg_s.ep.rosidl_typesupport_introspection_c.c
[2.183s] -- Up-to-date: /home/st/ywfBot_ws/install/moveit_ywf_msg/local/lib/python3.10/dist-packages/moveit_ywf_msg/__init__.py
[2.183s] -- Up-to-date: /home/st/ywfBot_ws/install/moveit_ywf_msg/local/lib/python3.10/dist-packages/moveit_ywf_msg/moveit_ywf_msg_s__rosidl_typesupport_introspection_c.cpython-310-x86_64-linux-gnu.so
[2.183s] -- Up-to-date: /home/st/ywfBot_ws/install/moveit_ywf_msg/local/lib/python3.10/dist-packages/moveit_ywf_msg/_moveit_ywf_msg_s.ep.rosidl_typesupport_c.c
[2.185s] -- Up-to-date: /home/st/ywfBot_ws/install/moveit_ywf_msg/local/lib/python3.10/dist-packages/moveit_ywf_msg/_moveit_ywf_msg_s.ep.rosidl_typesupport_fastrtps_c.c
[2.186s] -- Up-to-date: /home/st/ywfBot_ws/install/moveit_ywf_msg/local/lib/python3.10/dist-packages/moveit_ywf_msg/action
[2.186s] -- Up-to-date: /home/st/ywfBot_ws/install/moveit_ywf_msg/local/lib/python3.10/dist-packages/moveit_ywf_msg/action/__init__.py
[2.186s] -- Up-to-date: /home/st/ywfBot_ws/install/moveit_ywf_msg/local/lib/python3.10/dist-packages/moveit_ywf_msg/action/_moveit_ywf_intf_s.c
[2.186s] -- Up-to-date: /home/st/ywfBot_ws/install/moveit_ywf_msg/local/lib/python3.10/dist-packages/moveit_ywf_msg/action/_moveit_ywf_intf.py
[2.186s] -- Up-to-date: /home/st/ywfBot_ws/install/moveit_ywf_msg/local/lib/python3.10/dist-packages/moveit_ywf_msg/moveit_ywf_msg_s__rosidl_typesupport_fastrtps_c.cpython-310-x86_64-linux-gnu.so
[2.187s] -- Up-to-date: /home/st/ywfBot_ws/install/moveit_ywf_msg/local/lib/python3.10/dist-packages/moveit_ywf_msg/libmoveit_ywf_msg__rosidl_generator_py.so
[2.188s] -- Up-to-date: /home/st/ywfBot_ws/install/moveit_ywf_msg/local/lib/python3.10/dist-packages/moveit_ywf_msg/moveit_ywf_msg_s__rosidl_typesupport_c.cpython-310-x86_64-linux-gnu.so
[2.294s] Listing '/home/st/ywfBot_ws/install/moveit_ywf_msg/local/lib/python3.10/dist-packages/moveit_ywf_msg'...
[2.294s] Listing '/home/st/ywfBot_ws/install/moveit_ywf_msg/local/lib/python3.10/dist-packages/moveit_ywf_msg/action'...
[2.308s] -- Up-to-date: /home/st/ywfBot_ws/install/moveit_ywf_msg/local/lib/python3.10/dist-packages/moveit_ywf_msg/moveit_ywf_msg_s__rosidl_typesupport_fastrtps_c.cpython-310-x86_64-linux-gnu.so
[2.313s] -- Up-to-date: /home/st/ywfBot_ws/install/moveit_ywf_msg/local/lib/python3.10/dist-packages/moveit_ywf_msg/moveit_ywf_msg_s__rosidl_typesupport_introspection_c.cpython-310-x86_64-linux-gnu.so
[2.324s] -- Up-to-date: /home/st/ywfBot_ws/install/moveit_ywf_msg/local/lib/python3.10/dist-packages/moveit_ywf_msg/moveit_ywf_msg_s__rosidl_typesupport_c.cpython-310-x86_64-linux-gnu.so
[2.324s] -- Up-to-date: /home/st/ywfBot_ws/install/moveit_ywf_msg/lib/libmoveit_ywf_msg__rosidl_generator_py.so
[2.326s] -- Up-to-date: /home/st/ywfBot_ws/install/moveit_ywf_msg/share/moveit_ywf_msg/action/MoveitYwfIntf.idl
[2.326s] -- Up-to-date: /home/st/ywfBot_ws/install/moveit_ywf_msg/share/moveit_ywf_msg/action/MoveitYwfIntf.action
[2.326s] -- Up-to-date: /home/st/ywfBot_ws/install/moveit_ywf_msg/share/ament_index/resource_index/package_run_dependencies/moveit_ywf_msg
[2.326s] -- Up-to-date: /home/st/ywfBot_ws/install/moveit_ywf_msg/share/ament_index/resource_index/parent_prefix_path/moveit_ywf_msg
[2.327s] -- Up-to-date: /home/st/ywfBot_ws/install/moveit_ywf_msg/share/moveit_ywf_msg/environment/ament_prefix_path.sh
[2.327s] -- Up-to-date: /home/st/ywfBot_ws/install/moveit_ywf_msg/share/moveit_ywf_msg/environment/ament_prefix_path.dsv
[2.328s] -- Up-to-date: /home/st/ywfBot_ws/install/moveit_ywf_msg/share/moveit_ywf_msg/environment/path.sh
[2.328s] -- Up-to-date: /home/st/ywfBot_ws/install/moveit_ywf_msg/share/moveit_ywf_msg/environment/path.dsv
[2.328s] -- Up-to-date: /home/st/ywfBot_ws/install/moveit_ywf_msg/share/moveit_ywf_msg/local_setup.bash
[2.329s] -- Up-to-date: /home/st/ywfBot_ws/install/moveit_ywf_msg/share/moveit_ywf_msg/local_setup.sh
[2.329s] -- Up-to-date: /home/st/ywfBot_ws/install/moveit_ywf_msg/share/moveit_ywf_msg/local_setup.zsh
[2.329s] -- Up-to-date: /home/st/ywfBot_ws/install/moveit_ywf_msg/share/moveit_ywf_msg/local_setup.dsv
[2.329s] -- Installing: /home/st/ywfBot_ws/install/moveit_ywf_msg/share/moveit_ywf_msg/package.dsv
[2.330s] -- Up-to-date: /home/st/ywfBot_ws/install/moveit_ywf_msg/share/ament_index/resource_index/packages/moveit_ywf_msg
[2.331s] -- Up-to-date: /home/st/ywfBot_ws/install/moveit_ywf_msg/share/moveit_ywf_msg/cmake/export_moveit_ywf_msg__rosidl_generator_cExport.cmake
[2.331s] -- Up-to-date: /home/st/ywfBot_ws/install/moveit_ywf_msg/share/moveit_ywf_msg/cmake/export_moveit_ywf_msg__rosidl_generator_cExport-noconfig.cmake
[2.331s] -- Up-to-date: /home/st/ywfBot_ws/install/moveit_ywf_msg/share/moveit_ywf_msg/cmake/export_moveit_ywf_msg__rosidl_typesupport_fastrtps_cExport.cmake
[2.332s] -- Up-to-date: /home/st/ywfBot_ws/install/moveit_ywf_msg/share/moveit_ywf_msg/cmake/export_moveit_ywf_msg__rosidl_typesupport_fastrtps_cExport-noconfig.cmake
[2.334s] -- Up-to-date: /home/st/ywfBot_ws/install/moveit_ywf_msg/share/moveit_ywf_msg/cmake/moveit_ywf_msg__rosidl_typesupport_introspection_cExport.cmake
[2.334s] -- Up-to-date: /home/st/ywfBot_ws/install/moveit_ywf_msg/share/moveit_ywf_msg/cmake/moveit_ywf_msg__rosidl_typesupport_introspection_cExport-noconfig.cmake
[2.342s] -- Up-to-date: /home/st/ywfBot_ws/install/moveit_ywf_msg/share/moveit_ywf_msg/cmake/moveit_ywf_msg__rosidl_typesupport_cExport.cmake
[2.342s] -- Up-to-date: /home/st/ywfBot_ws/install/moveit_ywf_msg/share/moveit_ywf_msg/cmake/moveit_ywf_msg__rosidl_typesupport_cExport-noconfig.cmake
[2.343s] -- Up-to-date: /home/st/ywfBot_ws/install/moveit_ywf_msg/share/moveit_ywf_msg/cmake/export_moveit_ywf_msg__rosidl_generator_cppExport.cmake
[2.343s] -- Up-to-date: /home/st/ywfBot_ws/install/moveit_ywf_msg/share/moveit_ywf_msg/cmake/export_moveit_ywf_msg__rosidl_typesupport_fastrtps_cppExport.cmake
[2.343s] -- Up-to-date: /home/st/ywfBot_ws/install/moveit_ywf_msg/share/moveit_ywf_msg/cmake/export_moveit_ywf_msg__rosidl_typesupport_fastrtps_cppExport-noconfig.cmake
[2.343s] -- Up-to-date: /home/st/ywfBot_ws/install/moveit_ywf_msg/share/moveit_ywf_msg/cmake/moveit_ywf_msg__rosidl_typesupport_introspection_cppExport.cmake
[2.343s] -- Up-to-date: /home/st/ywfBot_ws/install/moveit_ywf_msg/share/moveit_ywf_msg/cmake/moveit_ywf_msg__rosidl_typesupport_introspection_cppExport-noconfig.cmake
[2.343s] -- Up-to-date: /home/st/ywfBot_ws/install/moveit_ywf_msg/share/moveit_ywf_msg/cmake/moveit_ywf_msg__rosidl_typesupport_cppExport.cmake
[2.343s] -- Up-to-date: /home/st/ywfBot_ws/install/moveit_ywf_msg/share/moveit_ywf_msg/cmake/moveit_ywf_msg__rosidl_typesupport_cppExport-noconfig.cmake
[2.347s] -- Up-to-date: /home/st/ywfBot_ws/install/moveit_ywf_msg/share/moveit_ywf_msg/cmake/export_moveit_ywf_msg__rosidl_generator_pyExport.cmake
[2.347s] -- Up-to-date: /home/st/ywfBot_ws/install/moveit_ywf_msg/share/moveit_ywf_msg/cmake/export_moveit_ywf_msg__rosidl_generator_pyExport-noconfig.cmake
[2.347s] -- Up-to-date: /home/st/ywfBot_ws/install/moveit_ywf_msg/share/moveit_ywf_msg/cmake/rosidl_cmake-extras.cmake
[2.347s] -- Up-to-date: /home/st/ywfBot_ws/install/moveit_ywf_msg/share/moveit_ywf_msg/cmake/ament_cmake_export_dependencies-extras.cmake
[2.348s] -- Up-to-date: /home/st/ywfBot_ws/install/moveit_ywf_msg/share/moveit_ywf_msg/cmake/ament_cmake_export_include_directories-extras.cmake
[2.348s] -- Up-to-date: /home/st/ywfBot_ws/install/moveit_ywf_msg/share/moveit_ywf_msg/cmake/ament_cmake_export_libraries-extras.cmake
[2.348s] -- Up-to-date: /home/st/ywfBot_ws/install/moveit_ywf_msg/share/moveit_ywf_msg/cmake/ament_cmake_export_targets-extras.cmake
[2.348s] -- Up-to-date: /home/st/ywfBot_ws/install/moveit_ywf_msg/share/moveit_ywf_msg/cmake/rosidl_cmake_export_typesupport_targets-extras.cmake
[2.348s] -- Up-to-date: /home/st/ywfBot_ws/install/moveit_ywf_msg/share/moveit_ywf_msg/cmake/rosidl_cmake_export_typesupport_libraries-extras.cmake
[2.348s] -- Up-to-date: /home/st/ywfBot_ws/install/moveit_ywf_msg/share/moveit_ywf_msg/cmake/moveit_ywf_msgConfig.cmake
[2.349s] -- Up-to-date: /home/st/ywfBot_ws/install/moveit_ywf_msg/share/moveit_ywf_msg/cmake/moveit_ywf_msgConfig-version.cmake
[2.349s] -- Up-to-date: /home/st/ywfBot_ws/install/moveit_ywf_msg/share/moveit_ywf_msg/package.xml
[2.361s] Invoked command in '/home/st/ywfBot_ws/build/moveit_ywf_msg' returned '0': CMAKE_PREFIX_PATH=${CMAKE_PREFIX_PATH}:/home/st/ywfBot_ws/install/py_action_client:/home/st/ywfBot_ws/install/py_action:/home/st/moveit2_humble_ws/install/moveit_configs_utils:/home/st/moveit2_humble_ws/install/launch_param_builder:/opt/ros/humble /usr/bin/cmake --install /home/st/ywfBot_ws/build/moveit_ywf_msg
