-- Found ament_cmake: 1.3.11 (/opt/ros/humble/share/ament_cmake/cmake)
-- Found moveit_ros_planning_interface: 2.5.5 (/home/st/moveit2_humble_ws/install/moveit_ros_planning_interface/share/moveit_ros_planning_interface/cmake)
-- Found Boost: /usr/lib/x86_64-linux-gnu/cmake/Boost-1.74.0/BoostConfig.cmake (found version "1.74.0") found components: date_time filesystem program_options system thread 
-- Found rosidl_generator_c: 3.1.6 (/opt/ros/humble/share/rosidl_generator_c/cmake)
-- Found rosidl_adapter: 3.1.6 (/opt/ros/humble/share/rosidl_adapter/cmake)
-- Found rosidl_generator_cpp: 3.1.6 (/opt/ros/humble/share/rosidl_generator_cpp/cmake)
-- Using all available rosidl_typesupport_c: rosidl_typesupport_fastrtps_c;rosidl_typesupport_introspection_c
-- Using all available rosidl_typesupport_cpp: rosidl_typesupport_fastrtps_cpp;rosidl_typesupport_introspection_cpp
-- Found Boost: /usr/lib/x86_64-linux-gnu/cmake/Boost-1.74.0/BoostConfig.cmake (found version "1.74.0") found components: chrono date_time filesystem iostreams program_options regex serialization system thread 
-- Found parameter_traits: 0.4.0 (/opt/ros/humble/share/parameter_traits/cmake)
-- Found rmw_implementation_cmake: 6.1.2 (/opt/ros/humble/share/rmw_implementation_cmake/cmake)
-- Found rmw_fastrtps_cpp: 6.2.7 (/opt/ros/humble/share/rmw_fastrtps_cpp/cmake)
-- Found OpenSSL: /usr/lib/x86_64-linux-gnu/libcrypto.so (found version "3.0.2")  
-- Found FastRTPS: /opt/ros/humble/include  
-- Using RMW implementation 'rmw_fastrtps_cpp' as default
-- Found Threads: TRUE  
-- Found Eigen3: TRUE (found version "3.4.0") 
-- Found rclcpp_lifecycle: 16.0.11 (/opt/ros/humble/share/rclcpp_lifecycle/cmake)
-- Found Boost: /usr/lib/x86_64-linux-gnu/cmake/Boost-1.74.0/BoostConfig.cmake (found version "1.74.0") found components: filesystem 
-- library: /usr/lib/x86_64-linux-gnu/libcurl.so
-- Ensuring Eigen3 include directory is part of orocos-kdl CMake target
-- Found Boost: /usr/lib/x86_64-linux-gnu/cmake/Boost-1.74.0/BoostConfig.cmake (found version "1.74.0") found components: system filesystem date_time program_options thread chrono 
-- Found Boost: /usr/lib/x86_64-linux-gnu/cmake/Boost-1.74.0/BoostConfig.cmake (found version "1.74.0") found components: thread system filesystem regex date_time program_options 
-- Found Boost: /usr/lib/x86_64-linux-gnu/cmake/Boost-1.74.0/BoostConfig.cmake (found version "1.74.0") found components: system filesystem date_time program_options thread 
-- Found moveit_visual_tools: 4.1.0 (/home/st/moveit2_humble_ws/install/moveit_visual_tools/share/moveit_visual_tools/cmake)
-- Setting assimp_DIR to: '/opt/ros/humble/share/rviz_assimp_vendor/cmake/../../../opt/rviz_assimp_vendor/lib/cmake/assimp-4.1'
-- Setting OGRE_DIR to: '/opt/ros/humble/share/rviz_ogre_vendor/cmake/../../../opt/rviz_ogre_vendor/lib/OGRE/cmake'
-- Found OGRE
--   static     : OFF
--   components : HLMS;MeshLodGenerator;Overlay;Paging;Property;RTShaderSystem;Terrain;Volume
--   plugins    : Plugin_BSPSceneManager;Plugin_OctreeSceneManager;Plugin_PCZSceneManager;Plugin_ParticleFX;RenderSystem_GL;RenderSystem_GL3Plus;Codec_STBI
--   media      : /opt/ros/humble/opt/rviz_ogre_vendor/share/OGRE/Media
-- OGRE_LIBRARIES: OgreHLMS;OgreMeshLodGenerator;OgreOverlay;OgrePaging;OgreProperty;OgreRTShaderSystem;OgreTerrain;OgreVolume;OgreMain
-- OGRE_LIBRARY_DIRS: /opt/ros/humble/opt/rviz_ogre_vendor/lib
-- OGRE_PLUGINS: Plugin_BSPSceneManager;Plugin_OctreeSceneManager;Plugin_PCZSceneManager;Plugin_ParticleFX;RenderSystem_GL;RenderSystem_GL3Plus;Codec_STBI
-- OGRE_PLUGIN_DIR: /opt/ros/humble/opt/rviz_ogre_vendor/lib/OGRE
-- rviz_ogre_vendor::OgreOverlay for IMPORTED_LOCATION_RELEASE: /opt/ros/humble/opt/rviz_ogre_vendor/lib/libOgreOverlay.so
-- rviz_ogre_vendor::OgreOverlay for IMPORTED_LOCATION_DEBUG: /opt/ros/humble/opt/rviz_ogre_vendor/lib/libOgreOverlay.so
-- rviz_ogre_vendor::OgreMain for IMPORTED_LOCATION_RELEASE: /opt/ros/humble/opt/rviz_ogre_vendor/lib/libOgreMain.so
-- rviz_ogre_vendor::OgreMain for IMPORTED_LOCATION_DEBUG: /opt/ros/humble/opt/rviz_ogre_vendor/lib/libOgreMain.so
-- Could not find freeimage library
-- Found ZLIB: /usr/lib/x86_64-linux-gnu/libz.so (found version "1.2.11") 
-- Found OpenGL: /usr/lib/x86_64-linux-gnu/libOpenGL.so   
-- Found X11: /usr/include   
-- Looking for XOpenDisplay in /usr/lib/x86_64-linux-gnu/libX11.so;/usr/lib/x86_64-linux-gnu/libXext.so
-- Looking for XOpenDisplay in /usr/lib/x86_64-linux-gnu/libX11.so;/usr/lib/x86_64-linux-gnu/libXext.so - found
-- Looking for gethostbyname
-- Looking for gethostbyname - found
-- Looking for connect
-- Looking for connect - found
-- Looking for remove
-- Looking for remove - found
-- Looking for shmat
-- Looking for shmat - found
-- Looking for IceConnectionNumber in ICE
-- Looking for IceConnectionNumber in ICE - found
-- Found moveit_ywf_msg: 0.0.0 (/home/st/ywfBot_ws/install/moveit_ywf_msg/share/moveit_ywf_msg/cmake)
-- Found ament_lint_auto: 0.12.11 (/opt/ros/humble/share/ament_lint_auto/cmake)
-- Added test 'cppcheck' to perform static code analysis on C / C++ code
-- Configured cppcheck include dirs: $<BUILD_INTERFACE:/home/st/ywfBot_ws/src/moveit2_ywf_interface/include>
-- Configured cppcheck exclude dirs and/or files: 
-- Added test 'flake8' to check Python code syntax and style conventions
-- Added test 'lint_cmake' to check CMake code style
-- Added test 'pep257' to check Python code against some of the docstring style conventions in PEP 257
-- Added test 'uncrustify' to check C / C++ code style
-- Configured uncrustify additional arguments: 
-- Added test 'xmllint' to check XML markup files
-- Configuring done
-- Generating done
-- Build files have been written to: /home/st/ywfBot_ws/build/moveit2_ywf_interface
[ 25%] [32mBuilding CXX object CMakeFiles/test_moveit2.dir/src/test_moveit2.cpp.o[0m
[ 50%] [32mBuilding CXX object CMakeFiles/main_moveit2_ywf_interf.dir/src/main_moveit2_ywf_interf.cpp.o[0m
[ 75%] [32m[1mLinking CXX executable test_moveit2[0m
[ 75%] Built target test_moveit2
[100%] [32m[1mLinking CXX executable main_moveit2_ywf_interf[0m
[100%] Built target main_moveit2_ywf_interf
-- Install configuration: "debug"
-- Installing: /home/st/ywfBot_ws/install/moveit2_ywf_interface/lib/moveit2_ywf_interface/main_moveit2_ywf_interf
-- Set runtime path of "/home/st/ywfBot_ws/install/moveit2_ywf_interface/lib/moveit2_ywf_interface/main_moveit2_ywf_interf" to ""
-- Installing: /home/st/ywfBot_ws/install/moveit2_ywf_interface/lib/moveit2_ywf_interface/test_moveit2
-- Set runtime path of "/home/st/ywfBot_ws/install/moveit2_ywf_interface/lib/moveit2_ywf_interface/test_moveit2" to ""
-- Installing: /home/st/ywfBot_ws/install/moveit2_ywf_interface/share/moveit2_ywf_interface//launch
-- Installing: /home/st/ywfBot_ws/install/moveit2_ywf_interface/share/moveit2_ywf_interface//launch/__pycache__
-- Installing: /home/st/ywfBot_ws/install/moveit2_ywf_interface/share/moveit2_ywf_interface//launch/__pycache__/start_ywfMoveit_intf.launch.cpython-310.pyc
-- Installing: /home/st/ywfBot_ws/install/moveit2_ywf_interface/share/moveit2_ywf_interface//launch/start_ywfMoveit_intf.launch.py
-- Installing: /home/st/ywfBot_ws/install/moveit2_ywf_interface/share/ament_index/resource_index/package_run_dependencies/moveit2_ywf_interface
-- Installing: /home/st/ywfBot_ws/install/moveit2_ywf_interface/share/ament_index/resource_index/parent_prefix_path/moveit2_ywf_interface
-- Installing: /home/st/ywfBot_ws/install/moveit2_ywf_interface/share/moveit2_ywf_interface/environment/ament_prefix_path.sh
-- Installing: /home/st/ywfBot_ws/install/moveit2_ywf_interface/share/moveit2_ywf_interface/environment/ament_prefix_path.dsv
-- Installing: /home/st/ywfBot_ws/install/moveit2_ywf_interface/share/moveit2_ywf_interface/environment/path.sh
-- Installing: /home/st/ywfBot_ws/install/moveit2_ywf_interface/share/moveit2_ywf_interface/environment/path.dsv
-- Installing: /home/st/ywfBot_ws/install/moveit2_ywf_interface/share/moveit2_ywf_interface/local_setup.bash
-- Installing: /home/st/ywfBot_ws/install/moveit2_ywf_interface/share/moveit2_ywf_interface/local_setup.sh
-- Installing: /home/st/ywfBot_ws/install/moveit2_ywf_interface/share/moveit2_ywf_interface/local_setup.zsh
-- Installing: /home/st/ywfBot_ws/install/moveit2_ywf_interface/share/moveit2_ywf_interface/local_setup.dsv
-- Installing: /home/st/ywfBot_ws/install/moveit2_ywf_interface/share/moveit2_ywf_interface/package.dsv
-- Installing: /home/st/ywfBot_ws/install/moveit2_ywf_interface/share/ament_index/resource_index/packages/moveit2_ywf_interface
-- Installing: /home/st/ywfBot_ws/install/moveit2_ywf_interface/share/moveit2_ywf_interface/cmake/moveit2_ywf_interfaceConfig.cmake
-- Installing: /home/st/ywfBot_ws/install/moveit2_ywf_interface/share/moveit2_ywf_interface/cmake/moveit2_ywf_interfaceConfig-version.cmake
-- Installing: /home/st/ywfBot_ws/install/moveit2_ywf_interface/share/moveit2_ywf_interface/package.xml
