[0.130s] Invoking command in '/home/st/ywfBot_ws/build/moveit_ywf_msg': CMAKE_PREFIX_PATH=${CMAKE_PREFIX_PATH}:/home/st/ywfBot_ws/install/py_action_client:/home/st/ywfBot_ws/install/py_action:/home/st/moveit2_humble_ws/install/moveit_configs_utils:/home/st/moveit2_humble_ws/install/launch_param_builder:/opt/ros/humble /usr/bin/cmake --build /home/st/ywfBot_ws/build/moveit_ywf_msg -- -j16 -l16
[0.850s] [  3%] Built target moveit_ywf_msg__cpp
[0.850s] [ 12%] Built target moveit_ywf_msg__rosidl_generator_c
[0.850s] [ 12%] Built target ament_cmake_python_copy_moveit_ywf_msg
[0.851s] [ 29%] Built target moveit_ywf_msg__rosidl_typesupport_introspection_cpp
[0.851s] [ 32%] Built target moveit_ywf_msg__rosidl_typesupport_fastrtps_c
[0.851s] [ 41%] Built target moveit_ywf_msg__rosidl_typesupport_fastrtps_cpp
[0.851s] [ 51%] Built target moveit_ywf_msg__rosidl_typesupport_introspection_c
[0.852s] [ 61%] Built target moveit_ywf_msg__rosidl_typesupport_cpp
[0.854s] [ 70%] Built target moveit_ywf_msg__rosidl_typesupport_c
[0.854s] [ 70%] Built target moveit_ywf_msg
[0.855s] [ 74%] Built target moveit_ywf_msg__py
[0.855s] [ 80%] Built target moveit_ywf_msg__rosidl_generator_py
[0.855s] [ 87%] Built target moveit_ywf_msg__rosidl_typesupport_fastrtps_c__pyext
[0.855s] [ 93%] Built target moveit_ywf_msg__rosidl_typesupport_c__pyext
[0.855s] [100%] Built target moveit_ywf_msg__rosidl_typesupport_introspection_c__pyext
[1.050s] running egg_info
[1.051s] writing moveit_ywf_msg.egg-info/PKG-INFO
[1.061s] writing dependency_links to moveit_ywf_msg.egg-info/dependency_links.txt
[1.062s] writing top-level names to moveit_ywf_msg.egg-info/top_level.txt
[1.062s] reading manifest file 'moveit_ywf_msg.egg-info/SOURCES.txt'
[1.062s] writing manifest file 'moveit_ywf_msg.egg-info/SOURCES.txt'
[1.132s] [100%] Built target ament_cmake_python_build_moveit_ywf_msg_egg
[1.776s] Invoked command in '/home/st/ywfBot_ws/build/moveit_ywf_msg' returned '0': CMAKE_PREFIX_PATH=${CMAKE_PREFIX_PATH}:/home/st/ywfBot_ws/install/py_action_client:/home/st/ywfBot_ws/install/py_action:/home/st/moveit2_humble_ws/install/moveit_configs_utils:/home/st/moveit2_humble_ws/install/launch_param_builder:/opt/ros/humble /usr/bin/cmake --build /home/st/ywfBot_ws/build/moveit_ywf_msg -- -j16 -l16
[2.129s] Invoking command in '/home/st/ywfBot_ws/build/moveit_ywf_msg': CMAKE_PREFIX_PATH=${CMAKE_PREFIX_PATH}:/home/st/ywfBot_ws/install/py_action_client:/home/st/ywfBot_ws/install/py_action:/home/st/moveit2_humble_ws/install/moveit_configs_utils:/home/st/moveit2_humble_ws/install/launch_param_builder:/opt/ros/humble /usr/bin/cmake --install /home/st/ywfBot_ws/build/moveit_ywf_msg
[2.161s] -- Install configuration: ""
[2.161s] -- Up-to-date: /home/st/ywfBot_ws/install/moveit_ywf_msg/share/ament_index/resource_index/rosidl_interfaces/moveit_ywf_msg
[2.161s] -- Up-to-date: /home/st/ywfBot_ws/install/moveit_ywf_msg/include/moveit_ywf_msg/moveit_ywf_msg
[2.162s] -- Up-to-date: /home/st/ywfBot_ws/install/moveit_ywf_msg/include/moveit_ywf_msg/moveit_ywf_msg/msg
[2.162s] -- Up-to-date: /home/st/ywfBot_ws/install/moveit_ywf_msg/include/moveit_ywf_msg/moveit_ywf_msg/msg/rosidl_generator_c__visibility_control.h
[2.162s] -- Up-to-date: /home/st/ywfBot_ws/install/moveit_ywf_msg/include/moveit_ywf_msg/moveit_ywf_msg/action
[2.162s] -- Up-to-date: /home/st/ywfBot_ws/install/moveit_ywf_msg/include/moveit_ywf_msg/moveit_ywf_msg/action/detail
[2.162s] -- Up-to-date: /home/st/ywfBot_ws/install/moveit_ywf_msg/include/moveit_ywf_msg/moveit_ywf_msg/action/detail/moveit_ywf_intf__functions.h
[2.162s] -- Up-to-date: /home/st/ywfBot_ws/install/moveit_ywf_msg/include/moveit_ywf_msg/moveit_ywf_msg/action/detail/moveit_ywf_intf__struct.h
[2.163s] -- Up-to-date: /home/st/ywfBot_ws/install/moveit_ywf_msg/include/moveit_ywf_msg/moveit_ywf_msg/action/detail/moveit_ywf_intf__functions.c
[2.163s] -- Up-to-date: /home/st/ywfBot_ws/install/moveit_ywf_msg/include/moveit_ywf_msg/moveit_ywf_msg/action/detail/moveit_ywf_intf__type_support.h
[2.163s] -- Up-to-date: /home/st/ywfBot_ws/install/moveit_ywf_msg/include/moveit_ywf_msg/moveit_ywf_msg/action/moveit_ywf_intf.h
[2.163s] -- Up-to-date: /home/st/ywfBot_ws/install/moveit_ywf_msg/share/moveit_ywf_msg/environment/library_path.sh
[2.163s] -- Up-to-date: /home/st/ywfBot_ws/install/moveit_ywf_msg/share/moveit_ywf_msg/environment/library_path.dsv
[2.163s] -- Up-to-date: /home/st/ywfBot_ws/install/moveit_ywf_msg/lib/libmoveit_ywf_msg__rosidl_generator_c.so
[2.163s] -- Up-to-date: /home/st/ywfBot_ws/install/moveit_ywf_msg/include/moveit_ywf_msg/moveit_ywf_msg
[2.163s] -- Up-to-date: /home/st/ywfBot_ws/install/moveit_ywf_msg/include/moveit_ywf_msg/moveit_ywf_msg/msg
[2.164s] -- Up-to-date: /home/st/ywfBot_ws/install/moveit_ywf_msg/include/moveit_ywf_msg/moveit_ywf_msg/msg/rosidl_typesupport_fastrtps_c__visibility_control.h
[2.164s] -- Up-to-date: /home/st/ywfBot_ws/install/moveit_ywf_msg/include/moveit_ywf_msg/moveit_ywf_msg/action
[2.164s] -- Up-to-date: /home/st/ywfBot_ws/install/moveit_ywf_msg/include/moveit_ywf_msg/moveit_ywf_msg/action/detail
[2.164s] -- Up-to-date: /home/st/ywfBot_ws/install/moveit_ywf_msg/include/moveit_ywf_msg/moveit_ywf_msg/action/detail/moveit_ywf_intf__rosidl_typesupport_fastrtps_c.h
[2.165s] -- Up-to-date: /home/st/ywfBot_ws/install/moveit_ywf_msg/lib/libmoveit_ywf_msg__rosidl_typesupport_fastrtps_c.so
[2.165s] -- Up-to-date: /home/st/ywfBot_ws/install/moveit_ywf_msg/include/moveit_ywf_msg/moveit_ywf_msg
[2.165s] -- Up-to-date: /home/st/ywfBot_ws/install/moveit_ywf_msg/include/moveit_ywf_msg/moveit_ywf_msg/msg
[2.165s] -- Up-to-date: /home/st/ywfBot_ws/install/moveit_ywf_msg/include/moveit_ywf_msg/moveit_ywf_msg/msg/rosidl_typesupport_introspection_c__visibility_control.h
[2.165s] -- Up-to-date: /home/st/ywfBot_ws/install/moveit_ywf_msg/include/moveit_ywf_msg/moveit_ywf_msg/action
[2.165s] -- Up-to-date: /home/st/ywfBot_ws/install/moveit_ywf_msg/include/moveit_ywf_msg/moveit_ywf_msg/action/detail
[2.165s] -- Up-to-date: /home/st/ywfBot_ws/install/moveit_ywf_msg/include/moveit_ywf_msg/moveit_ywf_msg/action/detail/moveit_ywf_intf__type_support.c
[2.166s] -- Up-to-date: /home/st/ywfBot_ws/install/moveit_ywf_msg/include/moveit_ywf_msg/moveit_ywf_msg/action/detail/moveit_ywf_intf__rosidl_typesupport_introspection_c.h
[2.166s] -- Up-to-date: /home/st/ywfBot_ws/install/moveit_ywf_msg/lib/libmoveit_ywf_msg__rosidl_typesupport_introspection_c.so
[2.166s] -- Up-to-date: /home/st/ywfBot_ws/install/moveit_ywf_msg/lib/libmoveit_ywf_msg__rosidl_typesupport_c.so
[2.166s] -- Up-to-date: /home/st/ywfBot_ws/install/moveit_ywf_msg/include/moveit_ywf_msg/moveit_ywf_msg
[2.166s] -- Up-to-date: /home/st/ywfBot_ws/install/moveit_ywf_msg/include/moveit_ywf_msg/moveit_ywf_msg/msg
[2.166s] -- Up-to-date: /home/st/ywfBot_ws/install/moveit_ywf_msg/include/moveit_ywf_msg/moveit_ywf_msg/msg/rosidl_generator_cpp__visibility_control.hpp
[2.166s] -- Up-to-date: /home/st/ywfBot_ws/install/moveit_ywf_msg/include/moveit_ywf_msg/moveit_ywf_msg/action
[2.167s] -- Up-to-date: /home/st/ywfBot_ws/install/moveit_ywf_msg/include/moveit_ywf_msg/moveit_ywf_msg/action/moveit_ywf_intf.hpp
[2.168s] -- Up-to-date: /home/st/ywfBot_ws/install/moveit_ywf_msg/include/moveit_ywf_msg/moveit_ywf_msg/action/detail
[2.168s] -- Up-to-date: /home/st/ywfBot_ws/install/moveit_ywf_msg/include/moveit_ywf_msg/moveit_ywf_msg/action/detail/moveit_ywf_intf__type_support.hpp
[2.168s] -- Up-to-date: /home/st/ywfBot_ws/install/moveit_ywf_msg/include/moveit_ywf_msg/moveit_ywf_msg/action/detail/moveit_ywf_intf__traits.hpp
[2.168s] -- Up-to-date: /home/st/ywfBot_ws/install/moveit_ywf_msg/include/moveit_ywf_msg/moveit_ywf_msg/action/detail/moveit_ywf_intf__builder.hpp
[2.168s] -- Up-to-date: /home/st/ywfBot_ws/install/moveit_ywf_msg/include/moveit_ywf_msg/moveit_ywf_msg/action/detail/moveit_ywf_intf__struct.hpp
[2.168s] -- Up-to-date: /home/st/ywfBot_ws/install/moveit_ywf_msg/include/moveit_ywf_msg/moveit_ywf_msg
[2.169s] -- Up-to-date: /home/st/ywfBot_ws/install/moveit_ywf_msg/include/moveit_ywf_msg/moveit_ywf_msg/msg
[2.169s] -- Up-to-date: /home/st/ywfBot_ws/install/moveit_ywf_msg/include/moveit_ywf_msg/moveit_ywf_msg/msg/rosidl_typesupport_fastrtps_cpp__visibility_control.h
[2.169s] -- Up-to-date: /home/st/ywfBot_ws/install/moveit_ywf_msg/include/moveit_ywf_msg/moveit_ywf_msg/action
[2.169s] -- Up-to-date: /home/st/ywfBot_ws/install/moveit_ywf_msg/include/moveit_ywf_msg/moveit_ywf_msg/action/detail
[2.169s] -- Up-to-date: /home/st/ywfBot_ws/install/moveit_ywf_msg/include/moveit_ywf_msg/moveit_ywf_msg/action/detail/dds_fastrtps
[2.169s] -- Up-to-date: /home/st/ywfBot_ws/install/moveit_ywf_msg/include/moveit_ywf_msg/moveit_ywf_msg/action/detail/moveit_ywf_intf__rosidl_typesupport_fastrtps_cpp.hpp
[2.169s] -- Up-to-date: /home/st/ywfBot_ws/install/moveit_ywf_msg/lib/libmoveit_ywf_msg__rosidl_typesupport_fastrtps_cpp.so
[2.169s] -- Up-to-date: /home/st/ywfBot_ws/install/moveit_ywf_msg/include/moveit_ywf_msg/moveit_ywf_msg
[2.170s] -- Up-to-date: /home/st/ywfBot_ws/install/moveit_ywf_msg/include/moveit_ywf_msg/moveit_ywf_msg/action
[2.170s] -- Up-to-date: /home/st/ywfBot_ws/install/moveit_ywf_msg/include/moveit_ywf_msg/moveit_ywf_msg/action/detail
[2.170s] -- Up-to-date: /home/st/ywfBot_ws/install/moveit_ywf_msg/include/moveit_ywf_msg/moveit_ywf_msg/action/detail/moveit_ywf_intf__type_support.cpp
[2.170s] -- Up-to-date: /home/st/ywfBot_ws/install/moveit_ywf_msg/include/moveit_ywf_msg/moveit_ywf_msg/action/detail/moveit_ywf_intf__rosidl_typesupport_introspection_cpp.hpp
[2.170s] -- Up-to-date: /home/st/ywfBot_ws/install/moveit_ywf_msg/lib/libmoveit_ywf_msg__rosidl_typesupport_introspection_cpp.so
[2.170s] -- Up-to-date: /home/st/ywfBot_ws/install/moveit_ywf_msg/lib/libmoveit_ywf_msg__rosidl_typesupport_cpp.so
[2.171s] -- Up-to-date: /home/st/ywfBot_ws/install/moveit_ywf_msg/share/moveit_ywf_msg/environment/pythonpath.sh
[2.171s] -- Up-to-date: /home/st/ywfBot_ws/install/moveit_ywf_msg/share/moveit_ywf_msg/environment/pythonpath.dsv
[2.172s] -- Up-to-date: /home/st/ywfBot_ws/install/moveit_ywf_msg/local/lib/python3.10/dist-packages/moveit_ywf_msg-0.0.0-py3.10.egg-info
[2.172s] -- Installing: /home/st/ywfBot_ws/install/moveit_ywf_msg/local/lib/python3.10/dist-packages/moveit_ywf_msg-0.0.0-py3.10.egg-info/SOURCES.txt
[2.172s] -- Installing: /home/st/ywfBot_ws/install/moveit_ywf_msg/local/lib/python3.10/dist-packages/moveit_ywf_msg-0.0.0-py3.10.egg-info/top_level.txt
[2.172s] -- Installing: /home/st/ywfBot_ws/install/moveit_ywf_msg/local/lib/python3.10/dist-packages/moveit_ywf_msg-0.0.0-py3.10.egg-info/dependency_links.txt
[2.172s] -- Installing: /home/st/ywfBot_ws/install/moveit_ywf_msg/local/lib/python3.10/dist-packages/moveit_ywf_msg-0.0.0-py3.10.egg-info/PKG-INFO
[2.172s] -- Up-to-date: /home/st/ywfBot_ws/install/moveit_ywf_msg/local/lib/python3.10/dist-packages/moveit_ywf_msg
[2.172s] -- Up-to-date: /home/st/ywfBot_ws/install/moveit_ywf_msg/local/lib/python3.10/dist-packages/moveit_ywf_msg/_moveit_ywf_msg_s.ep.rosidl_typesupport_introspection_c.c
[2.172s] -- Up-to-date: /home/st/ywfBot_ws/install/moveit_ywf_msg/local/lib/python3.10/dist-packages/moveit_ywf_msg/__init__.py
[2.173s] -- Up-to-date: /home/st/ywfBot_ws/install/moveit_ywf_msg/local/lib/python3.10/dist-packages/moveit_ywf_msg/moveit_ywf_msg_s__rosidl_typesupport_introspection_c.cpython-310-x86_64-linux-gnu.so
[2.173s] -- Up-to-date: /home/st/ywfBot_ws/install/moveit_ywf_msg/local/lib/python3.10/dist-packages/moveit_ywf_msg/_moveit_ywf_msg_s.ep.rosidl_typesupport_c.c
[2.173s] -- Up-to-date: /home/st/ywfBot_ws/install/moveit_ywf_msg/local/lib/python3.10/dist-packages/moveit_ywf_msg/_moveit_ywf_msg_s.ep.rosidl_typesupport_fastrtps_c.c
[2.173s] -- Up-to-date: /home/st/ywfBot_ws/install/moveit_ywf_msg/local/lib/python3.10/dist-packages/moveit_ywf_msg/action
[2.173s] -- Up-to-date: /home/st/ywfBot_ws/install/moveit_ywf_msg/local/lib/python3.10/dist-packages/moveit_ywf_msg/action/__init__.py
[2.173s] -- Up-to-date: /home/st/ywfBot_ws/install/moveit_ywf_msg/local/lib/python3.10/dist-packages/moveit_ywf_msg/action/_moveit_ywf_intf_s.c
[2.173s] -- Up-to-date: /home/st/ywfBot_ws/install/moveit_ywf_msg/local/lib/python3.10/dist-packages/moveit_ywf_msg/action/_moveit_ywf_intf.py
[2.174s] -- Up-to-date: /home/st/ywfBot_ws/install/moveit_ywf_msg/local/lib/python3.10/dist-packages/moveit_ywf_msg/moveit_ywf_msg_s__rosidl_typesupport_fastrtps_c.cpython-310-x86_64-linux-gnu.so
[2.174s] -- Up-to-date: /home/st/ywfBot_ws/install/moveit_ywf_msg/local/lib/python3.10/dist-packages/moveit_ywf_msg/libmoveit_ywf_msg__rosidl_generator_py.so
[2.174s] -- Up-to-date: /home/st/ywfBot_ws/install/moveit_ywf_msg/local/lib/python3.10/dist-packages/moveit_ywf_msg/moveit_ywf_msg_s__rosidl_typesupport_c.cpython-310-x86_64-linux-gnu.so
[2.253s] Listing '/home/st/ywfBot_ws/install/moveit_ywf_msg/local/lib/python3.10/dist-packages/moveit_ywf_msg'...
[2.253s] Listing '/home/st/ywfBot_ws/install/moveit_ywf_msg/local/lib/python3.10/dist-packages/moveit_ywf_msg/action'...
[2.263s] -- Up-to-date: /home/st/ywfBot_ws/install/moveit_ywf_msg/local/lib/python3.10/dist-packages/moveit_ywf_msg/moveit_ywf_msg_s__rosidl_typesupport_fastrtps_c.cpython-310-x86_64-linux-gnu.so
[2.264s] -- Up-to-date: /home/st/ywfBot_ws/install/moveit_ywf_msg/local/lib/python3.10/dist-packages/moveit_ywf_msg/moveit_ywf_msg_s__rosidl_typesupport_introspection_c.cpython-310-x86_64-linux-gnu.so
[2.264s] -- Up-to-date: /home/st/ywfBot_ws/install/moveit_ywf_msg/local/lib/python3.10/dist-packages/moveit_ywf_msg/moveit_ywf_msg_s__rosidl_typesupport_c.cpython-310-x86_64-linux-gnu.so
[2.265s] -- Up-to-date: /home/st/ywfBot_ws/install/moveit_ywf_msg/lib/libmoveit_ywf_msg__rosidl_generator_py.so
[2.266s] -- Up-to-date: /home/st/ywfBot_ws/install/moveit_ywf_msg/share/moveit_ywf_msg/action/MoveitYwfIntf.idl
[2.266s] -- Up-to-date: /home/st/ywfBot_ws/install/moveit_ywf_msg/share/moveit_ywf_msg/action/MoveitYwfIntf.action
[2.266s] -- Up-to-date: /home/st/ywfBot_ws/install/moveit_ywf_msg/share/ament_index/resource_index/package_run_dependencies/moveit_ywf_msg
[2.267s] -- Up-to-date: /home/st/ywfBot_ws/install/moveit_ywf_msg/share/ament_index/resource_index/parent_prefix_path/moveit_ywf_msg
[2.267s] -- Up-to-date: /home/st/ywfBot_ws/install/moveit_ywf_msg/share/moveit_ywf_msg/environment/ament_prefix_path.sh
[2.267s] -- Up-to-date: /home/st/ywfBot_ws/install/moveit_ywf_msg/share/moveit_ywf_msg/environment/ament_prefix_path.dsv
[2.267s] -- Up-to-date: /home/st/ywfBot_ws/install/moveit_ywf_msg/share/moveit_ywf_msg/environment/path.sh
[2.268s] -- Up-to-date: /home/st/ywfBot_ws/install/moveit_ywf_msg/share/moveit_ywf_msg/environment/path.dsv
[2.268s] -- Up-to-date: /home/st/ywfBot_ws/install/moveit_ywf_msg/share/moveit_ywf_msg/local_setup.bash
[2.268s] -- Up-to-date: /home/st/ywfBot_ws/install/moveit_ywf_msg/share/moveit_ywf_msg/local_setup.sh
[2.269s] -- Up-to-date: /home/st/ywfBot_ws/install/moveit_ywf_msg/share/moveit_ywf_msg/local_setup.zsh
[2.269s] -- Up-to-date: /home/st/ywfBot_ws/install/moveit_ywf_msg/share/moveit_ywf_msg/local_setup.dsv
[2.269s] -- Installing: /home/st/ywfBot_ws/install/moveit_ywf_msg/share/moveit_ywf_msg/package.dsv
[2.269s] -- Up-to-date: /home/st/ywfBot_ws/install/moveit_ywf_msg/share/ament_index/resource_index/packages/moveit_ywf_msg
[2.269s] -- Up-to-date: /home/st/ywfBot_ws/install/moveit_ywf_msg/share/moveit_ywf_msg/cmake/export_moveit_ywf_msg__rosidl_generator_cExport.cmake
[2.270s] -- Up-to-date: /home/st/ywfBot_ws/install/moveit_ywf_msg/share/moveit_ywf_msg/cmake/export_moveit_ywf_msg__rosidl_generator_cExport-noconfig.cmake
[2.270s] -- Up-to-date: /home/st/ywfBot_ws/install/moveit_ywf_msg/share/moveit_ywf_msg/cmake/export_moveit_ywf_msg__rosidl_typesupport_fastrtps_cExport.cmake
[2.270s] -- Up-to-date: /home/st/ywfBot_ws/install/moveit_ywf_msg/share/moveit_ywf_msg/cmake/export_moveit_ywf_msg__rosidl_typesupport_fastrtps_cExport-noconfig.cmake
[2.270s] -- Up-to-date: /home/st/ywfBot_ws/install/moveit_ywf_msg/share/moveit_ywf_msg/cmake/moveit_ywf_msg__rosidl_typesupport_introspection_cExport.cmake
[2.270s] -- Up-to-date: /home/st/ywfBot_ws/install/moveit_ywf_msg/share/moveit_ywf_msg/cmake/moveit_ywf_msg__rosidl_typesupport_introspection_cExport-noconfig.cmake
[2.270s] -- Up-to-date: /home/st/ywfBot_ws/install/moveit_ywf_msg/share/moveit_ywf_msg/cmake/moveit_ywf_msg__rosidl_typesupport_cExport.cmake
[2.270s] -- Up-to-date: /home/st/ywfBot_ws/install/moveit_ywf_msg/share/moveit_ywf_msg/cmake/moveit_ywf_msg__rosidl_typesupport_cExport-noconfig.cmake
[2.271s] -- Up-to-date: /home/st/ywfBot_ws/install/moveit_ywf_msg/share/moveit_ywf_msg/cmake/export_moveit_ywf_msg__rosidl_generator_cppExport.cmake
[2.271s] -- Up-to-date: /home/st/ywfBot_ws/install/moveit_ywf_msg/share/moveit_ywf_msg/cmake/export_moveit_ywf_msg__rosidl_typesupport_fastrtps_cppExport.cmake
[2.271s] -- Up-to-date: /home/st/ywfBot_ws/install/moveit_ywf_msg/share/moveit_ywf_msg/cmake/export_moveit_ywf_msg__rosidl_typesupport_fastrtps_cppExport-noconfig.cmake
[2.271s] -- Up-to-date: /home/st/ywfBot_ws/install/moveit_ywf_msg/share/moveit_ywf_msg/cmake/moveit_ywf_msg__rosidl_typesupport_introspection_cppExport.cmake
[2.272s] -- Up-to-date: /home/st/ywfBot_ws/install/moveit_ywf_msg/share/moveit_ywf_msg/cmake/moveit_ywf_msg__rosidl_typesupport_introspection_cppExport-noconfig.cmake
[2.273s] -- Up-to-date: /home/st/ywfBot_ws/install/moveit_ywf_msg/share/moveit_ywf_msg/cmake/moveit_ywf_msg__rosidl_typesupport_cppExport.cmake
[2.273s] -- Up-to-date: /home/st/ywfBot_ws/install/moveit_ywf_msg/share/moveit_ywf_msg/cmake/moveit_ywf_msg__rosidl_typesupport_cppExport-noconfig.cmake
[2.273s] -- Up-to-date: /home/st/ywfBot_ws/install/moveit_ywf_msg/share/moveit_ywf_msg/cmake/export_moveit_ywf_msg__rosidl_generator_pyExport.cmake
[2.273s] -- Up-to-date: /home/st/ywfBot_ws/install/moveit_ywf_msg/share/moveit_ywf_msg/cmake/export_moveit_ywf_msg__rosidl_generator_pyExport-noconfig.cmake
[2.273s] -- Up-to-date: /home/st/ywfBot_ws/install/moveit_ywf_msg/share/moveit_ywf_msg/cmake/rosidl_cmake-extras.cmake
[2.273s] -- Up-to-date: /home/st/ywfBot_ws/install/moveit_ywf_msg/share/moveit_ywf_msg/cmake/ament_cmake_export_dependencies-extras.cmake
[2.273s] -- Up-to-date: /home/st/ywfBot_ws/install/moveit_ywf_msg/share/moveit_ywf_msg/cmake/ament_cmake_export_include_directories-extras.cmake
[2.274s] -- Up-to-date: /home/st/ywfBot_ws/install/moveit_ywf_msg/share/moveit_ywf_msg/cmake/ament_cmake_export_libraries-extras.cmake
[2.274s] -- Up-to-date: /home/st/ywfBot_ws/install/moveit_ywf_msg/share/moveit_ywf_msg/cmake/ament_cmake_export_targets-extras.cmake
[2.274s] -- Up-to-date: /home/st/ywfBot_ws/install/moveit_ywf_msg/share/moveit_ywf_msg/cmake/rosidl_cmake_export_typesupport_targets-extras.cmake
[2.274s] -- Up-to-date: /home/st/ywfBot_ws/install/moveit_ywf_msg/share/moveit_ywf_msg/cmake/rosidl_cmake_export_typesupport_libraries-extras.cmake
[2.274s] -- Up-to-date: /home/st/ywfBot_ws/install/moveit_ywf_msg/share/moveit_ywf_msg/cmake/moveit_ywf_msgConfig.cmake
[2.274s] -- Up-to-date: /home/st/ywfBot_ws/install/moveit_ywf_msg/share/moveit_ywf_msg/cmake/moveit_ywf_msgConfig-version.cmake
[2.274s] -- Up-to-date: /home/st/ywfBot_ws/install/moveit_ywf_msg/share/moveit_ywf_msg/package.xml
[2.279s] Invoked command in '/home/st/ywfBot_ws/build/moveit_ywf_msg' returned '0': CMAKE_PREFIX_PATH=${CMAKE_PREFIX_PATH}:/home/st/ywfBot_ws/install/py_action_client:/home/st/ywfBot_ws/install/py_action:/home/st/moveit2_humble_ws/install/moveit_configs_utils:/home/st/moveit2_humble_ws/install/launch_param_builder:/opt/ros/humble /usr/bin/cmake --install /home/st/ywfBot_ws/build/moveit_ywf_msg
