-- The C compiler identification is GNU 11.4.0
-- The CXX compiler identification is GNU 11.4.0
-- Detecting C compiler ABI info
-- Detecting C compiler ABI info - done
-- Check for working C compiler: /usr/bin/cc - skipped
-- Detecting C compile features
-- Detecting C compile features - done
-- Detecting CXX compiler ABI info
-- Detecting CXX compiler ABI info - done
-- Check for working CXX compiler: /usr/bin/c++ - skipped
-- Detecting CXX compile features
-- Detecting CXX compile features - done
-- Found ament_cmake: 1.3.11 (/opt/ros/humble/share/ament_cmake/cmake)
-- Found Python3: /usr/bin/python3 (found version "3.10.12") found components: Interpreter 
-- Found rosidl_default_generators: 1.2.0 (/opt/ros/humble/share/rosidl_default_generators/cmake)
-- Using all available rosidl_typesupport_c: rosidl_typesupport_fastrtps_c;rosidl_typesupport_introspection_c
-- Found rosidl_adapter: 3.1.6 (/opt/ros/humble/share/rosidl_adapter/cmake)
-- Using all available rosidl_typesupport_cpp: rosidl_typesupport_fastrtps_cpp;rosidl_typesupport_introspection_cpp
-- Found ament_cmake_ros: 0.10.0 (/opt/ros/humble/share/ament_cmake_ros/cmake)
-- Using all available rosidl_typesupport_c: rosidl_typesupport_fastrtps_c;rosidl_typesupport_introspection_c
-- Using all available rosidl_typesupport_cpp: rosidl_typesupport_fastrtps_cpp;rosidl_typesupport_introspection_cpp
-- Found PythonInterp: /usr/bin/python3 (found suitable version "3.10.12", minimum required is "3.6") 
-- Found python_cmake_module: 0.10.0 (/opt/ros/humble/share/python_cmake_module/cmake)
-- Found PythonLibs: /usr/lib/x86_64-linux-gnu/libpython3.10.so (found suitable version "3.10.12", minimum required is "3.5") 
-- Using PYTHON_EXECUTABLE: /usr/bin/python3
-- Using PYTHON_INCLUDE_DIRS: /usr/include/python3.10
-- Using PYTHON_LIBRARIES: /usr/lib/x86_64-linux-gnu/libpython3.10.so
-- Found PythonExtra: .so  
-- Found ament_lint_auto: 0.12.11 (/opt/ros/humble/share/ament_lint_auto/cmake)
-- Added test 'lint_cmake' to check CMake code style
-- Added test 'xmllint' to check XML markup files
-- Configuring done
-- Generating done
-- Build files have been written to: /home/st/ywfBot_ws_v1.3/build/moveit_ywf_msg
[  3%] [34m[1mGenerating C code for ROS interfaces[0m
[  6%] [34m[1mGenerating C++ code for ROS interfaces[0m
[  6%] Built target ament_cmake_python_copy_moveit_ywf_msg
running egg_info
creating moveit_ywf_msg.egg-info
writing moveit_ywf_msg.egg-info/PKG-INFO
writing dependency_links to moveit_ywf_msg.egg-info/dependency_links.txt
writing top-level names to moveit_ywf_msg.egg-info/top_level.txt
writing manifest file 'moveit_ywf_msg.egg-info/SOURCES.txt'
reading manifest file 'moveit_ywf_msg.egg-info/SOURCES.txt'
writing manifest file 'moveit_ywf_msg.egg-info/SOURCES.txt'
[  6%] Built target ament_cmake_python_build_moveit_ywf_msg_egg
[  9%] [32mBuilding C object CMakeFiles/moveit_ywf_msg__rosidl_generator_c.dir/rosidl_generator_c/moveit_ywf_msg/action/detail/moveit_ywf_intf__functions.c.o[0m
[  9%] Built target moveit_ywf_msg__cpp
[ 12%] [34m[1mGenerating C++ type support for eProsima Fast-RTPS[0m
[ 16%] [34m[1mGenerating C++ type support dispatch for ROS interfaces[0m
[ 19%] [34m[1mGenerating C++ introspection for ROS interfaces[0m
[ 22%] [32m[1mLinking C shared library libmoveit_ywf_msg__rosidl_generator_c.so[0m
[ 22%] Built target moveit_ywf_msg__rosidl_generator_c
[ 25%] [34m[1mGenerating C introspection for ROS interfaces[0m
[ 29%] [34m[1mGenerating C type support for eProsima Fast-RTPS[0m
[ 32%] [34m[1mGenerating C type support dispatch for ROS interfaces[0m
[ 35%] [32mBuilding CXX object CMakeFiles/moveit_ywf_msg__rosidl_typesupport_cpp.dir/rosidl_typesupport_cpp/moveit_ywf_msg/action/moveit_ywf_intf__type_support.cpp.o[0m
[ 38%] [32mBuilding CXX object CMakeFiles/moveit_ywf_msg__rosidl_typesupport_introspection_cpp.dir/rosidl_typesupport_introspection_cpp/moveit_ywf_msg/action/detail/moveit_ywf_intf__type_support.cpp.o[0m
[ 41%] [32mBuilding CXX object CMakeFiles/moveit_ywf_msg__rosidl_typesupport_fastrtps_cpp.dir/rosidl_typesupport_fastrtps_cpp/moveit_ywf_msg/action/detail/dds_fastrtps/moveit_ywf_intf__type_support.cpp.o[0m
[ 45%] [32mBuilding CXX object CMakeFiles/moveit_ywf_msg__rosidl_typesupport_c.dir/rosidl_typesupport_c/moveit_ywf_msg/action/moveit_ywf_intf__type_support.cpp.o[0m
[ 48%] [32mBuilding CXX object CMakeFiles/moveit_ywf_msg__rosidl_typesupport_fastrtps_c.dir/rosidl_typesupport_fastrtps_c/moveit_ywf_msg/action/detail/moveit_ywf_intf__type_support_c.cpp.o[0m
[ 51%] [32m[1mLinking CXX shared library libmoveit_ywf_msg__rosidl_typesupport_c.so[0m
[ 54%] [32mBuilding C object CMakeFiles/moveit_ywf_msg__rosidl_typesupport_introspection_c.dir/rosidl_typesupport_introspection_c/moveit_ywf_msg/action/detail/moveit_ywf_intf__type_support.c.o[0m
[ 54%] Built target moveit_ywf_msg__rosidl_typesupport_c
[ 58%] [32m[1mLinking C shared library libmoveit_ywf_msg__rosidl_typesupport_introspection_c.so[0m
[ 61%] [32m[1mLinking CXX shared library libmoveit_ywf_msg__rosidl_typesupport_cpp.so[0m
[ 61%] Built target moveit_ywf_msg__rosidl_typesupport_introspection_c
[ 61%] Built target moveit_ywf_msg__rosidl_typesupport_cpp
[ 64%] [32m[1mLinking CXX shared library libmoveit_ywf_msg__rosidl_typesupport_introspection_cpp.so[0m
[ 67%] [32m[1mLinking CXX shared library libmoveit_ywf_msg__rosidl_typesupport_fastrtps_cpp.so[0m
[ 70%] [32m[1mLinking CXX shared library libmoveit_ywf_msg__rosidl_typesupport_fastrtps_c.so[0m
[ 70%] Built target moveit_ywf_msg__rosidl_typesupport_introspection_cpp
[ 70%] Built target moveit_ywf_msg__rosidl_typesupport_fastrtps_cpp
[ 70%] Built target moveit_ywf_msg__rosidl_typesupport_fastrtps_c
[ 70%] Built target moveit_ywf_msg
[ 74%] [34m[1mGenerating Python code for ROS interfaces[0m
[ 74%] Built target moveit_ywf_msg__py
[ 77%] [32mBuilding C object CMakeFiles/moveit_ywf_msg__rosidl_generator_py.dir/rosidl_generator_py/moveit_ywf_msg/action/_moveit_ywf_intf_s.c.o[0m
[ 80%] [32m[1mLinking C shared library rosidl_generator_py/moveit_ywf_msg/libmoveit_ywf_msg__rosidl_generator_py.so[0m
[ 80%] Built target moveit_ywf_msg__rosidl_generator_py
[ 83%] [32mBuilding C object CMakeFiles/moveit_ywf_msg__rosidl_typesupport_c__pyext.dir/rosidl_generator_py/moveit_ywf_msg/_moveit_ywf_msg_s.ep.rosidl_typesupport_c.c.o[0m
[ 87%] [32mBuilding C object CMakeFiles/moveit_ywf_msg__rosidl_typesupport_fastrtps_c__pyext.dir/rosidl_generator_py/moveit_ywf_msg/_moveit_ywf_msg_s.ep.rosidl_typesupport_fastrtps_c.c.o[0m
[ 90%] [32mBuilding C object CMakeFiles/moveit_ywf_msg__rosidl_typesupport_introspection_c__pyext.dir/rosidl_generator_py/moveit_ywf_msg/_moveit_ywf_msg_s.ep.rosidl_typesupport_introspection_c.c.o[0m
[ 93%] [32m[1mLinking C shared library rosidl_generator_py/moveit_ywf_msg/moveit_ywf_msg_s__rosidl_typesupport_fastrtps_c.cpython-310-x86_64-linux-gnu.so[0m
[ 96%] [32m[1mLinking C shared library rosidl_generator_py/moveit_ywf_msg/moveit_ywf_msg_s__rosidl_typesupport_c.cpython-310-x86_64-linux-gnu.so[0m
[100%] [32m[1mLinking C shared library rosidl_generator_py/moveit_ywf_msg/moveit_ywf_msg_s__rosidl_typesupport_introspection_c.cpython-310-x86_64-linux-gnu.so[0m
[100%] Built target moveit_ywf_msg__rosidl_typesupport_fastrtps_c__pyext
[100%] Built target moveit_ywf_msg__rosidl_typesupport_c__pyext
[100%] Built target moveit_ywf_msg__rosidl_typesupport_introspection_c__pyext
-- Install configuration: ""
-- Installing: /home/st/ywfBot_ws_v1.3/install/moveit_ywf_msg/share/ament_index/resource_index/rosidl_interfaces/moveit_ywf_msg
-- Installing: /home/st/ywfBot_ws_v1.3/install/moveit_ywf_msg/include/moveit_ywf_msg/moveit_ywf_msg
-- Installing: /home/st/ywfBot_ws_v1.3/install/moveit_ywf_msg/include/moveit_ywf_msg/moveit_ywf_msg/msg
-- Installing: /home/st/ywfBot_ws_v1.3/install/moveit_ywf_msg/include/moveit_ywf_msg/moveit_ywf_msg/msg/rosidl_generator_c__visibility_control.h
-- Installing: /home/st/ywfBot_ws_v1.3/install/moveit_ywf_msg/include/moveit_ywf_msg/moveit_ywf_msg/action
-- Installing: /home/st/ywfBot_ws_v1.3/install/moveit_ywf_msg/include/moveit_ywf_msg/moveit_ywf_msg/action/detail
-- Installing: /home/st/ywfBot_ws_v1.3/install/moveit_ywf_msg/include/moveit_ywf_msg/moveit_ywf_msg/action/detail/moveit_ywf_intf__functions.h
-- Installing: /home/st/ywfBot_ws_v1.3/install/moveit_ywf_msg/include/moveit_ywf_msg/moveit_ywf_msg/action/detail/moveit_ywf_intf__struct.h
-- Installing: /home/st/ywfBot_ws_v1.3/install/moveit_ywf_msg/include/moveit_ywf_msg/moveit_ywf_msg/action/detail/moveit_ywf_intf__functions.c
-- Installing: /home/st/ywfBot_ws_v1.3/install/moveit_ywf_msg/include/moveit_ywf_msg/moveit_ywf_msg/action/detail/moveit_ywf_intf__type_support.h
-- Installing: /home/st/ywfBot_ws_v1.3/install/moveit_ywf_msg/include/moveit_ywf_msg/moveit_ywf_msg/action/moveit_ywf_intf.h
-- Installing: /home/st/ywfBot_ws_v1.3/install/moveit_ywf_msg/share/moveit_ywf_msg/environment/library_path.sh
-- Installing: /home/st/ywfBot_ws_v1.3/install/moveit_ywf_msg/share/moveit_ywf_msg/environment/library_path.dsv
-- Installing: /home/st/ywfBot_ws_v1.3/install/moveit_ywf_msg/lib/libmoveit_ywf_msg__rosidl_generator_c.so
-- Set runtime path of "/home/st/ywfBot_ws_v1.3/install/moveit_ywf_msg/lib/libmoveit_ywf_msg__rosidl_generator_c.so" to ""
-- Up-to-date: /home/st/ywfBot_ws_v1.3/install/moveit_ywf_msg/include/moveit_ywf_msg/moveit_ywf_msg
-- Up-to-date: /home/st/ywfBot_ws_v1.3/install/moveit_ywf_msg/include/moveit_ywf_msg/moveit_ywf_msg/msg
-- Installing: /home/st/ywfBot_ws_v1.3/install/moveit_ywf_msg/include/moveit_ywf_msg/moveit_ywf_msg/msg/rosidl_typesupport_fastrtps_c__visibility_control.h
-- Up-to-date: /home/st/ywfBot_ws_v1.3/install/moveit_ywf_msg/include/moveit_ywf_msg/moveit_ywf_msg/action
-- Up-to-date: /home/st/ywfBot_ws_v1.3/install/moveit_ywf_msg/include/moveit_ywf_msg/moveit_ywf_msg/action/detail
-- Installing: /home/st/ywfBot_ws_v1.3/install/moveit_ywf_msg/include/moveit_ywf_msg/moveit_ywf_msg/action/detail/moveit_ywf_intf__rosidl_typesupport_fastrtps_c.h
-- Installing: /home/st/ywfBot_ws_v1.3/install/moveit_ywf_msg/lib/libmoveit_ywf_msg__rosidl_typesupport_fastrtps_c.so
-- Set runtime path of "/home/st/ywfBot_ws_v1.3/install/moveit_ywf_msg/lib/libmoveit_ywf_msg__rosidl_typesupport_fastrtps_c.so" to ""
-- Up-to-date: /home/st/ywfBot_ws_v1.3/install/moveit_ywf_msg/include/moveit_ywf_msg/moveit_ywf_msg
-- Up-to-date: /home/st/ywfBot_ws_v1.3/install/moveit_ywf_msg/include/moveit_ywf_msg/moveit_ywf_msg/msg
-- Installing: /home/st/ywfBot_ws_v1.3/install/moveit_ywf_msg/include/moveit_ywf_msg/moveit_ywf_msg/msg/rosidl_typesupport_introspection_c__visibility_control.h
-- Up-to-date: /home/st/ywfBot_ws_v1.3/install/moveit_ywf_msg/include/moveit_ywf_msg/moveit_ywf_msg/action
-- Up-to-date: /home/st/ywfBot_ws_v1.3/install/moveit_ywf_msg/include/moveit_ywf_msg/moveit_ywf_msg/action/detail
-- Installing: /home/st/ywfBot_ws_v1.3/install/moveit_ywf_msg/include/moveit_ywf_msg/moveit_ywf_msg/action/detail/moveit_ywf_intf__type_support.c
-- Installing: /home/st/ywfBot_ws_v1.3/install/moveit_ywf_msg/include/moveit_ywf_msg/moveit_ywf_msg/action/detail/moveit_ywf_intf__rosidl_typesupport_introspection_c.h
-- Installing: /home/st/ywfBot_ws_v1.3/install/moveit_ywf_msg/lib/libmoveit_ywf_msg__rosidl_typesupport_introspection_c.so
-- Set runtime path of "/home/st/ywfBot_ws_v1.3/install/moveit_ywf_msg/lib/libmoveit_ywf_msg__rosidl_typesupport_introspection_c.so" to ""
-- Installing: /home/st/ywfBot_ws_v1.3/install/moveit_ywf_msg/lib/libmoveit_ywf_msg__rosidl_typesupport_c.so
-- Set runtime path of "/home/st/ywfBot_ws_v1.3/install/moveit_ywf_msg/lib/libmoveit_ywf_msg__rosidl_typesupport_c.so" to ""
-- Up-to-date: /home/st/ywfBot_ws_v1.3/install/moveit_ywf_msg/include/moveit_ywf_msg/moveit_ywf_msg
-- Up-to-date: /home/st/ywfBot_ws_v1.3/install/moveit_ywf_msg/include/moveit_ywf_msg/moveit_ywf_msg/msg
-- Installing: /home/st/ywfBot_ws_v1.3/install/moveit_ywf_msg/include/moveit_ywf_msg/moveit_ywf_msg/msg/rosidl_generator_cpp__visibility_control.hpp
-- Up-to-date: /home/st/ywfBot_ws_v1.3/install/moveit_ywf_msg/include/moveit_ywf_msg/moveit_ywf_msg/action
-- Installing: /home/st/ywfBot_ws_v1.3/install/moveit_ywf_msg/include/moveit_ywf_msg/moveit_ywf_msg/action/moveit_ywf_intf.hpp
-- Up-to-date: /home/st/ywfBot_ws_v1.3/install/moveit_ywf_msg/include/moveit_ywf_msg/moveit_ywf_msg/action/detail
-- Installing: /home/st/ywfBot_ws_v1.3/install/moveit_ywf_msg/include/moveit_ywf_msg/moveit_ywf_msg/action/detail/moveit_ywf_intf__type_support.hpp
-- Installing: /home/st/ywfBot_ws_v1.3/install/moveit_ywf_msg/include/moveit_ywf_msg/moveit_ywf_msg/action/detail/moveit_ywf_intf__traits.hpp
-- Installing: /home/st/ywfBot_ws_v1.3/install/moveit_ywf_msg/include/moveit_ywf_msg/moveit_ywf_msg/action/detail/moveit_ywf_intf__builder.hpp
-- Installing: /home/st/ywfBot_ws_v1.3/install/moveit_ywf_msg/include/moveit_ywf_msg/moveit_ywf_msg/action/detail/moveit_ywf_intf__struct.hpp
-- Up-to-date: /home/st/ywfBot_ws_v1.3/install/moveit_ywf_msg/include/moveit_ywf_msg/moveit_ywf_msg
-- Up-to-date: /home/st/ywfBot_ws_v1.3/install/moveit_ywf_msg/include/moveit_ywf_msg/moveit_ywf_msg/msg
-- Installing: /home/st/ywfBot_ws_v1.3/install/moveit_ywf_msg/include/moveit_ywf_msg/moveit_ywf_msg/msg/rosidl_typesupport_fastrtps_cpp__visibility_control.h
-- Up-to-date: /home/st/ywfBot_ws_v1.3/install/moveit_ywf_msg/include/moveit_ywf_msg/moveit_ywf_msg/action
-- Up-to-date: /home/st/ywfBot_ws_v1.3/install/moveit_ywf_msg/include/moveit_ywf_msg/moveit_ywf_msg/action/detail
-- Installing: /home/st/ywfBot_ws_v1.3/install/moveit_ywf_msg/include/moveit_ywf_msg/moveit_ywf_msg/action/detail/dds_fastrtps
-- Installing: /home/st/ywfBot_ws_v1.3/install/moveit_ywf_msg/include/moveit_ywf_msg/moveit_ywf_msg/action/detail/moveit_ywf_intf__rosidl_typesupport_fastrtps_cpp.hpp
-- Installing: /home/st/ywfBot_ws_v1.3/install/moveit_ywf_msg/lib/libmoveit_ywf_msg__rosidl_typesupport_fastrtps_cpp.so
-- Set runtime path of "/home/st/ywfBot_ws_v1.3/install/moveit_ywf_msg/lib/libmoveit_ywf_msg__rosidl_typesupport_fastrtps_cpp.so" to ""
-- Up-to-date: /home/st/ywfBot_ws_v1.3/install/moveit_ywf_msg/include/moveit_ywf_msg/moveit_ywf_msg
-- Up-to-date: /home/st/ywfBot_ws_v1.3/install/moveit_ywf_msg/include/moveit_ywf_msg/moveit_ywf_msg/action
-- Up-to-date: /home/st/ywfBot_ws_v1.3/install/moveit_ywf_msg/include/moveit_ywf_msg/moveit_ywf_msg/action/detail
-- Installing: /home/st/ywfBot_ws_v1.3/install/moveit_ywf_msg/include/moveit_ywf_msg/moveit_ywf_msg/action/detail/moveit_ywf_intf__type_support.cpp
-- Installing: /home/st/ywfBot_ws_v1.3/install/moveit_ywf_msg/include/moveit_ywf_msg/moveit_ywf_msg/action/detail/moveit_ywf_intf__rosidl_typesupport_introspection_cpp.hpp
-- Installing: /home/st/ywfBot_ws_v1.3/install/moveit_ywf_msg/lib/libmoveit_ywf_msg__rosidl_typesupport_introspection_cpp.so
-- Set runtime path of "/home/st/ywfBot_ws_v1.3/install/moveit_ywf_msg/lib/libmoveit_ywf_msg__rosidl_typesupport_introspection_cpp.so" to ""
-- Installing: /home/st/ywfBot_ws_v1.3/install/moveit_ywf_msg/lib/libmoveit_ywf_msg__rosidl_typesupport_cpp.so
-- Set runtime path of "/home/st/ywfBot_ws_v1.3/install/moveit_ywf_msg/lib/libmoveit_ywf_msg__rosidl_typesupport_cpp.so" to ""
-- Installing: /home/st/ywfBot_ws_v1.3/install/moveit_ywf_msg/share/moveit_ywf_msg/environment/pythonpath.sh
-- Installing: /home/st/ywfBot_ws_v1.3/install/moveit_ywf_msg/share/moveit_ywf_msg/environment/pythonpath.dsv
-- Installing: /home/st/ywfBot_ws_v1.3/install/moveit_ywf_msg/local/lib/python3.10/dist-packages/moveit_ywf_msg-0.0.0-py3.10.egg-info
-- Installing: /home/st/ywfBot_ws_v1.3/install/moveit_ywf_msg/local/lib/python3.10/dist-packages/moveit_ywf_msg-0.0.0-py3.10.egg-info/SOURCES.txt
-- Installing: /home/st/ywfBot_ws_v1.3/install/moveit_ywf_msg/local/lib/python3.10/dist-packages/moveit_ywf_msg-0.0.0-py3.10.egg-info/top_level.txt
-- Installing: /home/st/ywfBot_ws_v1.3/install/moveit_ywf_msg/local/lib/python3.10/dist-packages/moveit_ywf_msg-0.0.0-py3.10.egg-info/dependency_links.txt
-- Installing: /home/st/ywfBot_ws_v1.3/install/moveit_ywf_msg/local/lib/python3.10/dist-packages/moveit_ywf_msg-0.0.0-py3.10.egg-info/PKG-INFO
-- Installing: /home/st/ywfBot_ws_v1.3/install/moveit_ywf_msg/local/lib/python3.10/dist-packages/moveit_ywf_msg
-- Installing: /home/st/ywfBot_ws_v1.3/install/moveit_ywf_msg/local/lib/python3.10/dist-packages/moveit_ywf_msg/_moveit_ywf_msg_s.ep.rosidl_typesupport_introspection_c.c
-- Installing: /home/st/ywfBot_ws_v1.3/install/moveit_ywf_msg/local/lib/python3.10/dist-packages/moveit_ywf_msg/__init__.py
-- Installing: /home/st/ywfBot_ws_v1.3/install/moveit_ywf_msg/local/lib/python3.10/dist-packages/moveit_ywf_msg/moveit_ywf_msg_s__rosidl_typesupport_introspection_c.cpython-310-x86_64-linux-gnu.so
-- Installing: /home/st/ywfBot_ws_v1.3/install/moveit_ywf_msg/local/lib/python3.10/dist-packages/moveit_ywf_msg/_moveit_ywf_msg_s.ep.rosidl_typesupport_c.c
-- Installing: /home/st/ywfBot_ws_v1.3/install/moveit_ywf_msg/local/lib/python3.10/dist-packages/moveit_ywf_msg/_moveit_ywf_msg_s.ep.rosidl_typesupport_fastrtps_c.c
-- Installing: /home/st/ywfBot_ws_v1.3/install/moveit_ywf_msg/local/lib/python3.10/dist-packages/moveit_ywf_msg/action
-- Installing: /home/st/ywfBot_ws_v1.3/install/moveit_ywf_msg/local/lib/python3.10/dist-packages/moveit_ywf_msg/action/__init__.py
-- Installing: /home/st/ywfBot_ws_v1.3/install/moveit_ywf_msg/local/lib/python3.10/dist-packages/moveit_ywf_msg/action/_moveit_ywf_intf_s.c
-- Installing: /home/st/ywfBot_ws_v1.3/install/moveit_ywf_msg/local/lib/python3.10/dist-packages/moveit_ywf_msg/action/_moveit_ywf_intf.py
-- Installing: /home/st/ywfBot_ws_v1.3/install/moveit_ywf_msg/local/lib/python3.10/dist-packages/moveit_ywf_msg/moveit_ywf_msg_s__rosidl_typesupport_fastrtps_c.cpython-310-x86_64-linux-gnu.so
-- Installing: /home/st/ywfBot_ws_v1.3/install/moveit_ywf_msg/local/lib/python3.10/dist-packages/moveit_ywf_msg/libmoveit_ywf_msg__rosidl_generator_py.so
-- Installing: /home/st/ywfBot_ws_v1.3/install/moveit_ywf_msg/local/lib/python3.10/dist-packages/moveit_ywf_msg/moveit_ywf_msg_s__rosidl_typesupport_c.cpython-310-x86_64-linux-gnu.so
Listing '/home/st/ywfBot_ws_v1.3/install/moveit_ywf_msg/local/lib/python3.10/dist-packages/moveit_ywf_msg'...
Compiling '/home/st/ywfBot_ws_v1.3/install/moveit_ywf_msg/local/lib/python3.10/dist-packages/moveit_ywf_msg/__init__.py'...
Listing '/home/st/ywfBot_ws_v1.3/install/moveit_ywf_msg/local/lib/python3.10/dist-packages/moveit_ywf_msg/action'...
Compiling '/home/st/ywfBot_ws_v1.3/install/moveit_ywf_msg/local/lib/python3.10/dist-packages/moveit_ywf_msg/action/__init__.py'...
Compiling '/home/st/ywfBot_ws_v1.3/install/moveit_ywf_msg/local/lib/python3.10/dist-packages/moveit_ywf_msg/action/_moveit_ywf_intf.py'...
-- Installing: /home/st/ywfBot_ws_v1.3/install/moveit_ywf_msg/local/lib/python3.10/dist-packages/moveit_ywf_msg/moveit_ywf_msg_s__rosidl_typesupport_fastrtps_c.cpython-310-x86_64-linux-gnu.so
-- Set runtime path of "/home/st/ywfBot_ws_v1.3/install/moveit_ywf_msg/local/lib/python3.10/dist-packages/moveit_ywf_msg/moveit_ywf_msg_s__rosidl_typesupport_fastrtps_c.cpython-310-x86_64-linux-gnu.so" to ""
-- Installing: /home/st/ywfBot_ws_v1.3/install/moveit_ywf_msg/local/lib/python3.10/dist-packages/moveit_ywf_msg/moveit_ywf_msg_s__rosidl_typesupport_introspection_c.cpython-310-x86_64-linux-gnu.so
-- Set runtime path of "/home/st/ywfBot_ws_v1.3/install/moveit_ywf_msg/local/lib/python3.10/dist-packages/moveit_ywf_msg/moveit_ywf_msg_s__rosidl_typesupport_introspection_c.cpython-310-x86_64-linux-gnu.so" to ""
-- Installing: /home/st/ywfBot_ws_v1.3/install/moveit_ywf_msg/local/lib/python3.10/dist-packages/moveit_ywf_msg/moveit_ywf_msg_s__rosidl_typesupport_c.cpython-310-x86_64-linux-gnu.so
-- Set runtime path of "/home/st/ywfBot_ws_v1.3/install/moveit_ywf_msg/local/lib/python3.10/dist-packages/moveit_ywf_msg/moveit_ywf_msg_s__rosidl_typesupport_c.cpython-310-x86_64-linux-gnu.so" to ""
-- Installing: /home/st/ywfBot_ws_v1.3/install/moveit_ywf_msg/lib/libmoveit_ywf_msg__rosidl_generator_py.so
-- Set runtime path of "/home/st/ywfBot_ws_v1.3/install/moveit_ywf_msg/lib/libmoveit_ywf_msg__rosidl_generator_py.so" to ""
-- Installing: /home/st/ywfBot_ws_v1.3/install/moveit_ywf_msg/share/moveit_ywf_msg/action/MoveitYwfIntf.idl
-- Installing: /home/st/ywfBot_ws_v1.3/install/moveit_ywf_msg/share/moveit_ywf_msg/action/MoveitYwfIntf.action
-- Installing: /home/st/ywfBot_ws_v1.3/install/moveit_ywf_msg/share/ament_index/resource_index/package_run_dependencies/moveit_ywf_msg
-- Installing: /home/st/ywfBot_ws_v1.3/install/moveit_ywf_msg/share/ament_index/resource_index/parent_prefix_path/moveit_ywf_msg
-- Installing: /home/st/ywfBot_ws_v1.3/install/moveit_ywf_msg/share/moveit_ywf_msg/environment/ament_prefix_path.sh
-- Installing: /home/st/ywfBot_ws_v1.3/install/moveit_ywf_msg/share/moveit_ywf_msg/environment/ament_prefix_path.dsv
-- Installing: /home/st/ywfBot_ws_v1.3/install/moveit_ywf_msg/share/moveit_ywf_msg/environment/path.sh
-- Installing: /home/st/ywfBot_ws_v1.3/install/moveit_ywf_msg/share/moveit_ywf_msg/environment/path.dsv
-- Installing: /home/st/ywfBot_ws_v1.3/install/moveit_ywf_msg/share/moveit_ywf_msg/local_setup.bash
-- Installing: /home/st/ywfBot_ws_v1.3/install/moveit_ywf_msg/share/moveit_ywf_msg/local_setup.sh
-- Installing: /home/st/ywfBot_ws_v1.3/install/moveit_ywf_msg/share/moveit_ywf_msg/local_setup.zsh
-- Installing: /home/st/ywfBot_ws_v1.3/install/moveit_ywf_msg/share/moveit_ywf_msg/local_setup.dsv
-- Installing: /home/st/ywfBot_ws_v1.3/install/moveit_ywf_msg/share/moveit_ywf_msg/package.dsv
-- Installing: /home/st/ywfBot_ws_v1.3/install/moveit_ywf_msg/share/ament_index/resource_index/packages/moveit_ywf_msg
-- Installing: /home/st/ywfBot_ws_v1.3/install/moveit_ywf_msg/share/moveit_ywf_msg/cmake/export_moveit_ywf_msg__rosidl_generator_cExport.cmake
-- Installing: /home/st/ywfBot_ws_v1.3/install/moveit_ywf_msg/share/moveit_ywf_msg/cmake/export_moveit_ywf_msg__rosidl_generator_cExport-noconfig.cmake
-- Installing: /home/st/ywfBot_ws_v1.3/install/moveit_ywf_msg/share/moveit_ywf_msg/cmake/export_moveit_ywf_msg__rosidl_typesupport_fastrtps_cExport.cmake
-- Installing: /home/st/ywfBot_ws_v1.3/install/moveit_ywf_msg/share/moveit_ywf_msg/cmake/export_moveit_ywf_msg__rosidl_typesupport_fastrtps_cExport-noconfig.cmake
-- Installing: /home/st/ywfBot_ws_v1.3/install/moveit_ywf_msg/share/moveit_ywf_msg/cmake/moveit_ywf_msg__rosidl_typesupport_introspection_cExport.cmake
-- Installing: /home/st/ywfBot_ws_v1.3/install/moveit_ywf_msg/share/moveit_ywf_msg/cmake/moveit_ywf_msg__rosidl_typesupport_introspection_cExport-noconfig.cmake
-- Installing: /home/st/ywfBot_ws_v1.3/install/moveit_ywf_msg/share/moveit_ywf_msg/cmake/moveit_ywf_msg__rosidl_typesupport_cExport.cmake
-- Installing: /home/st/ywfBot_ws_v1.3/install/moveit_ywf_msg/share/moveit_ywf_msg/cmake/moveit_ywf_msg__rosidl_typesupport_cExport-noconfig.cmake
-- Installing: /home/st/ywfBot_ws_v1.3/install/moveit_ywf_msg/share/moveit_ywf_msg/cmake/export_moveit_ywf_msg__rosidl_generator_cppExport.cmake
-- Installing: /home/st/ywfBot_ws_v1.3/install/moveit_ywf_msg/share/moveit_ywf_msg/cmake/export_moveit_ywf_msg__rosidl_typesupport_fastrtps_cppExport.cmake
-- Installing: /home/st/ywfBot_ws_v1.3/install/moveit_ywf_msg/share/moveit_ywf_msg/cmake/export_moveit_ywf_msg__rosidl_typesupport_fastrtps_cppExport-noconfig.cmake
-- Installing: /home/st/ywfBot_ws_v1.3/install/moveit_ywf_msg/share/moveit_ywf_msg/cmake/moveit_ywf_msg__rosidl_typesupport_introspection_cppExport.cmake
-- Installing: /home/st/ywfBot_ws_v1.3/install/moveit_ywf_msg/share/moveit_ywf_msg/cmake/moveit_ywf_msg__rosidl_typesupport_introspection_cppExport-noconfig.cmake
-- Installing: /home/st/ywfBot_ws_v1.3/install/moveit_ywf_msg/share/moveit_ywf_msg/cmake/moveit_ywf_msg__rosidl_typesupport_cppExport.cmake
-- Installing: /home/st/ywfBot_ws_v1.3/install/moveit_ywf_msg/share/moveit_ywf_msg/cmake/moveit_ywf_msg__rosidl_typesupport_cppExport-noconfig.cmake
-- Installing: /home/st/ywfBot_ws_v1.3/install/moveit_ywf_msg/share/moveit_ywf_msg/cmake/export_moveit_ywf_msg__rosidl_generator_pyExport.cmake
-- Installing: /home/st/ywfBot_ws_v1.3/install/moveit_ywf_msg/share/moveit_ywf_msg/cmake/export_moveit_ywf_msg__rosidl_generator_pyExport-noconfig.cmake
-- Installing: /home/st/ywfBot_ws_v1.3/install/moveit_ywf_msg/share/moveit_ywf_msg/cmake/rosidl_cmake-extras.cmake
-- Installing: /home/st/ywfBot_ws_v1.3/install/moveit_ywf_msg/share/moveit_ywf_msg/cmake/ament_cmake_export_dependencies-extras.cmake
-- Installing: /home/st/ywfBot_ws_v1.3/install/moveit_ywf_msg/share/moveit_ywf_msg/cmake/ament_cmake_export_include_directories-extras.cmake
-- Installing: /home/st/ywfBot_ws_v1.3/install/moveit_ywf_msg/share/moveit_ywf_msg/cmake/ament_cmake_export_libraries-extras.cmake
-- Installing: /home/st/ywfBot_ws_v1.3/install/moveit_ywf_msg/share/moveit_ywf_msg/cmake/ament_cmake_export_targets-extras.cmake
-- Installing: /home/st/ywfBot_ws_v1.3/install/moveit_ywf_msg/share/moveit_ywf_msg/cmake/rosidl_cmake_export_typesupport_targets-extras.cmake
-- Installing: /home/st/ywfBot_ws_v1.3/install/moveit_ywf_msg/share/moveit_ywf_msg/cmake/rosidl_cmake_export_typesupport_libraries-extras.cmake
-- Installing: /home/st/ywfBot_ws_v1.3/install/moveit_ywf_msg/share/moveit_ywf_msg/cmake/moveit_ywf_msgConfig.cmake
-- Installing: /home/st/ywfBot_ws_v1.3/install/moveit_ywf_msg/share/moveit_ywf_msg/cmake/moveit_ywf_msgConfig-version.cmake
-- Installing: /home/st/ywfBot_ws_v1.3/install/moveit_ywf_msg/share/moveit_ywf_msg/package.xml
