[0.128s] Invoking command in '/home/st/ywfBot_ws_v1.3/build/moveit_ywf_msg': CMAKE_PREFIX_PATH=${CMAKE_PREFIX_PATH}:/home/st/ros2_control_ws/install/rqt_joint_trajectory_controller:/home/st/ros2_control_ws/install/rqt_controller_manager:/home/st/ros2_control_ws/install/ros2controlcli:/home/st/ros2_control_ws/install/ros2_controllers_test_nodes:/home/st/ros2_control_ws/install/ros2_control_demo_testing:/home/st/ywfBot_ws_v1.1/install/py_action_client:/home/st/ywfBot_ws_v1.1/install/py_action:/home/st/ywfBot_ws_v1.1/install/moveit2_ywf_interface:/home/st/ywfBot_ws_v1.1/install/moveit_ywf_msg:/home/st/ywfBot_ws_v1.1/install/fairino_hardware:/home/st/ywfBot_ws_v1.1/install/fairino_msgs:/home/st/ywfBot_ws/install/py_action_client:/home/st/ywfBot_ws/install/py_action:/home/st/ywfBot_ws/install/moveit2_ywf_interface:/home/st/ywfBot_ws/install/moveit_ywf_msg:/home/st/ywfBot_ws/install/frhal_msgs:/home/st/ywfBot_ws/install/fr_ros2:/home/st/moveit2_humble_ws/install/moveit_configs_utils:/home/st/moveit2_humble_ws/install/launch_param_builder:/opt/ros/humble /usr/bin/cmake /home/st/ywfBot_ws_v1.3/src/moveit_ywf_msg -DCMAKE_INSTALL_PREFIX=/home/st/ywfBot_ws_v1.3/install/moveit_ywf_msg
[0.968s] -- The C compiler identification is GNU 11.4.0
[0.968s] -- The CXX compiler identification is GNU 11.4.0
[0.974s] -- Detecting C compiler ABI info
[0.975s] -- Detecting C compiler ABI info - done
[0.975s] -- Check for working C compiler: /usr/bin/cc - skipped
[0.975s] -- Detecting C compile features
[0.975s] -- Detecting C compile features - done
[0.975s] -- Detecting CXX compiler ABI info
[1.243s] -- Detecting CXX compiler ABI info - done
[1.261s] -- Check for working CXX compiler: /usr/bin/c++ - skipped
[1.261s] -- Detecting CXX compile features
[1.263s] -- Detecting CXX compile features - done
[1.297s] -- Found ament_cmake: 1.3.11 (/opt/ros/humble/share/ament_cmake/cmake)
[1.889s] -- Found Python3: /usr/bin/python3 (found version "3.10.12") found components: Interpreter 
[2.491s] -- Found rosidl_default_generators: 1.2.0 (/opt/ros/humble/share/rosidl_default_generators/cmake)
[2.581s] -- Using all available rosidl_typesupport_c: rosidl_typesupport_fastrtps_c;rosidl_typesupport_introspection_c
[2.673s] -- Found rosidl_adapter: 3.1.6 (/opt/ros/humble/share/rosidl_adapter/cmake)
[3.004s] -- Using all available rosidl_typesupport_cpp: rosidl_typesupport_fastrtps_cpp;rosidl_typesupport_introspection_cpp
[4.360s] -- Found ament_cmake_ros: 0.10.0 (/opt/ros/humble/share/ament_cmake_ros/cmake)
[5.189s] -- Using all available rosidl_typesupport_c: rosidl_typesupport_fastrtps_c;rosidl_typesupport_introspection_c
[6.172s] -- Using all available rosidl_typesupport_cpp: rosidl_typesupport_fastrtps_cpp;rosidl_typesupport_introspection_cpp
[6.275s] -- Found PythonInterp: /usr/bin/python3 (found suitable version "3.10.12", minimum required is "3.6") 
[6.299s] -- Found python_cmake_module: 0.10.0 (/opt/ros/humble/share/python_cmake_module/cmake)
[6.436s] -- Found PythonLibs: /usr/lib/x86_64-linux-gnu/libpython3.10.so (found suitable version "3.10.12", minimum required is "3.5") 
[6.436s] -- Using PYTHON_EXECUTABLE: /usr/bin/python3
[6.436s] -- Using PYTHON_INCLUDE_DIRS: /usr/include/python3.10
[6.436s] -- Using PYTHON_LIBRARIES: /usr/lib/x86_64-linux-gnu/libpython3.10.so
[6.527s] -- Found PythonExtra: .so  
[7.005s] -- Found ament_lint_auto: 0.12.11 (/opt/ros/humble/share/ament_lint_auto/cmake)
[7.222s] -- Added test 'lint_cmake' to check CMake code style
[7.222s] -- Added test 'xmllint' to check XML markup files
[7.228s] -- Configuring done
[7.304s] -- Generating done
[7.345s] -- Build files have been written to: /home/st/ywfBot_ws_v1.3/build/moveit_ywf_msg
[7.401s] Invoked command in '/home/st/ywfBot_ws_v1.3/build/moveit_ywf_msg' returned '0': CMAKE_PREFIX_PATH=${CMAKE_PREFIX_PATH}:/home/st/ros2_control_ws/install/rqt_joint_trajectory_controller:/home/st/ros2_control_ws/install/rqt_controller_manager:/home/st/ros2_control_ws/install/ros2controlcli:/home/st/ros2_control_ws/install/ros2_controllers_test_nodes:/home/st/ros2_control_ws/install/ros2_control_demo_testing:/home/st/ywfBot_ws_v1.1/install/py_action_client:/home/st/ywfBot_ws_v1.1/install/py_action:/home/st/ywfBot_ws_v1.1/install/moveit2_ywf_interface:/home/st/ywfBot_ws_v1.1/install/moveit_ywf_msg:/home/st/ywfBot_ws_v1.1/install/fairino_hardware:/home/st/ywfBot_ws_v1.1/install/fairino_msgs:/home/st/ywfBot_ws/install/py_action_client:/home/st/ywfBot_ws/install/py_action:/home/st/ywfBot_ws/install/moveit2_ywf_interface:/home/st/ywfBot_ws/install/moveit_ywf_msg:/home/st/ywfBot_ws/install/frhal_msgs:/home/st/ywfBot_ws/install/fr_ros2:/home/st/moveit2_humble_ws/install/moveit_configs_utils:/home/st/moveit2_humble_ws/install/launch_param_builder:/opt/ros/humble /usr/bin/cmake /home/st/ywfBot_ws_v1.3/src/moveit_ywf_msg -DCMAKE_INSTALL_PREFIX=/home/st/ywfBot_ws_v1.3/install/moveit_ywf_msg
[7.405s] Invoking command in '/home/st/ywfBot_ws_v1.3/build/moveit_ywf_msg': CMAKE_PREFIX_PATH=${CMAKE_PREFIX_PATH}:/home/st/ros2_control_ws/install/rqt_joint_trajectory_controller:/home/st/ros2_control_ws/install/rqt_controller_manager:/home/st/ros2_control_ws/install/ros2controlcli:/home/st/ros2_control_ws/install/ros2_controllers_test_nodes:/home/st/ros2_control_ws/install/ros2_control_demo_testing:/home/st/ywfBot_ws_v1.1/install/py_action_client:/home/st/ywfBot_ws_v1.1/install/py_action:/home/st/ywfBot_ws_v1.1/install/moveit2_ywf_interface:/home/st/ywfBot_ws_v1.1/install/moveit_ywf_msg:/home/st/ywfBot_ws_v1.1/install/fairino_hardware:/home/st/ywfBot_ws_v1.1/install/fairino_msgs:/home/st/ywfBot_ws/install/py_action_client:/home/st/ywfBot_ws/install/py_action:/home/st/ywfBot_ws/install/moveit2_ywf_interface:/home/st/ywfBot_ws/install/moveit_ywf_msg:/home/st/ywfBot_ws/install/frhal_msgs:/home/st/ywfBot_ws/install/fr_ros2:/home/st/moveit2_humble_ws/install/moveit_configs_utils:/home/st/moveit2_humble_ws/install/launch_param_builder:/opt/ros/humble /usr/bin/cmake --build /home/st/ywfBot_ws_v1.3/build/moveit_ywf_msg -- -j16 -l16
[7.674s] [  3%] [34m[1mGenerating C code for ROS interfaces[0m
[7.737s] [  6%] [34m[1mGenerating C++ code for ROS interfaces[0m
[7.809s] [  6%] Built target ament_cmake_python_copy_moveit_ywf_msg
[8.594s] running egg_info
[8.594s] creating moveit_ywf_msg.egg-info
[8.594s] writing moveit_ywf_msg.egg-info/PKG-INFO
[8.594s] writing dependency_links to moveit_ywf_msg.egg-info/dependency_links.txt
[8.595s] writing top-level names to moveit_ywf_msg.egg-info/top_level.txt
[8.604s] writing manifest file 'moveit_ywf_msg.egg-info/SOURCES.txt'
[8.605s] reading manifest file 'moveit_ywf_msg.egg-info/SOURCES.txt'
[8.605s] writing manifest file 'moveit_ywf_msg.egg-info/SOURCES.txt'
[8.703s] [  6%] Built target ament_cmake_python_build_moveit_ywf_msg_egg
[8.895s] [  9%] [32mBuilding C object CMakeFiles/moveit_ywf_msg__rosidl_generator_c.dir/rosidl_generator_c/moveit_ywf_msg/action/detail/moveit_ywf_intf__functions.c.o[0m
[8.970s] [  9%] Built target moveit_ywf_msg__cpp
[9.026s] [ 12%] [34m[1mGenerating C++ type support for eProsima Fast-RTPS[0m
[9.026s] [ 16%] [34m[1mGenerating C++ type support dispatch for ROS interfaces[0m
[9.031s] [ 19%] [34m[1mGenerating C++ introspection for ROS interfaces[0m
[9.266s] [ 22%] [32m[1mLinking C shared library libmoveit_ywf_msg__rosidl_generator_c.so[0m
[9.457s] [ 22%] Built target moveit_ywf_msg__rosidl_generator_c
[9.525s] [ 25%] [34m[1mGenerating C introspection for ROS interfaces[0m
[9.527s] [ 29%] [34m[1mGenerating C type support for eProsima Fast-RTPS[0m
[9.558s] [ 32%] [34m[1mGenerating C type support dispatch for ROS interfaces[0m
[9.892s] [ 35%] [32mBuilding CXX object CMakeFiles/moveit_ywf_msg__rosidl_typesupport_cpp.dir/rosidl_typesupport_cpp/moveit_ywf_msg/action/moveit_ywf_intf__type_support.cpp.o[0m
[10.103s] [ 38%] [32mBuilding CXX object CMakeFiles/moveit_ywf_msg__rosidl_typesupport_introspection_cpp.dir/rosidl_typesupport_introspection_cpp/moveit_ywf_msg/action/detail/moveit_ywf_intf__type_support.cpp.o[0m
[10.186s] [ 41%] [32mBuilding CXX object CMakeFiles/moveit_ywf_msg__rosidl_typesupport_fastrtps_cpp.dir/rosidl_typesupport_fastrtps_cpp/moveit_ywf_msg/action/detail/dds_fastrtps/moveit_ywf_intf__type_support.cpp.o[0m
[10.519s] [ 45%] [32mBuilding CXX object CMakeFiles/moveit_ywf_msg__rosidl_typesupport_c.dir/rosidl_typesupport_c/moveit_ywf_msg/action/moveit_ywf_intf__type_support.cpp.o[0m
[10.866s] [ 48%] [32mBuilding CXX object CMakeFiles/moveit_ywf_msg__rosidl_typesupport_fastrtps_c.dir/rosidl_typesupport_fastrtps_c/moveit_ywf_msg/action/detail/moveit_ywf_intf__type_support_c.cpp.o[0m
[11.047s] [ 51%] [32m[1mLinking CXX shared library libmoveit_ywf_msg__rosidl_typesupport_c.so[0m
[11.055s] [ 54%] [32mBuilding C object CMakeFiles/moveit_ywf_msg__rosidl_typesupport_introspection_c.dir/rosidl_typesupport_introspection_c/moveit_ywf_msg/action/detail/moveit_ywf_intf__type_support.c.o[0m
[11.520s] [ 54%] Built target moveit_ywf_msg__rosidl_typesupport_c
[11.640s] [ 58%] [32m[1mLinking C shared library libmoveit_ywf_msg__rosidl_typesupport_introspection_c.so[0m
[11.940s] [ 61%] [32m[1mLinking CXX shared library libmoveit_ywf_msg__rosidl_typesupport_cpp.so[0m
[11.975s] [ 61%] Built target moveit_ywf_msg__rosidl_typesupport_introspection_c
[12.240s] [ 61%] Built target moveit_ywf_msg__rosidl_typesupport_cpp
[12.659s] [ 64%] [32m[1mLinking CXX shared library libmoveit_ywf_msg__rosidl_typesupport_introspection_cpp.so[0m
[12.689s] [ 67%] [32m[1mLinking CXX shared library libmoveit_ywf_msg__rosidl_typesupport_fastrtps_cpp.so[0m
[12.770s] [ 70%] [32m[1mLinking CXX shared library libmoveit_ywf_msg__rosidl_typesupport_fastrtps_c.so[0m
[12.917s] [ 70%] Built target moveit_ywf_msg__rosidl_typesupport_introspection_cpp
[12.950s] [ 70%] Built target moveit_ywf_msg__rosidl_typesupport_fastrtps_cpp
[13.056s] [ 70%] Built target moveit_ywf_msg__rosidl_typesupport_fastrtps_c
[13.172s] [ 70%] Built target moveit_ywf_msg
[13.282s] [ 74%] [34m[1mGenerating Python code for ROS interfaces[0m
[14.985s] [ 74%] Built target moveit_ywf_msg__py
[15.092s] [ 77%] [32mBuilding C object CMakeFiles/moveit_ywf_msg__rosidl_generator_py.dir/rosidl_generator_py/moveit_ywf_msg/action/_moveit_ywf_intf_s.c.o[0m
[15.506s] [ 80%] [32m[1mLinking C shared library rosidl_generator_py/moveit_ywf_msg/libmoveit_ywf_msg__rosidl_generator_py.so[0m
[15.663s] [ 80%] Built target moveit_ywf_msg__rosidl_generator_py
[15.769s] [ 83%] [32mBuilding C object CMakeFiles/moveit_ywf_msg__rosidl_typesupport_c__pyext.dir/rosidl_generator_py/moveit_ywf_msg/_moveit_ywf_msg_s.ep.rosidl_typesupport_c.c.o[0m
[15.770s] [ 87%] [32mBuilding C object CMakeFiles/moveit_ywf_msg__rosidl_typesupport_fastrtps_c__pyext.dir/rosidl_generator_py/moveit_ywf_msg/_moveit_ywf_msg_s.ep.rosidl_typesupport_fastrtps_c.c.o[0m
[15.781s] [ 90%] [32mBuilding C object CMakeFiles/moveit_ywf_msg__rosidl_typesupport_introspection_c__pyext.dir/rosidl_generator_py/moveit_ywf_msg/_moveit_ywf_msg_s.ep.rosidl_typesupport_introspection_c.c.o[0m
[16.099s] [ 93%] [32m[1mLinking C shared library rosidl_generator_py/moveit_ywf_msg/moveit_ywf_msg_s__rosidl_typesupport_fastrtps_c.cpython-310-x86_64-linux-gnu.so[0m
[16.104s] [ 96%] [32m[1mLinking C shared library rosidl_generator_py/moveit_ywf_msg/moveit_ywf_msg_s__rosidl_typesupport_c.cpython-310-x86_64-linux-gnu.so[0m
[16.131s] [100%] [32m[1mLinking C shared library rosidl_generator_py/moveit_ywf_msg/moveit_ywf_msg_s__rosidl_typesupport_introspection_c.cpython-310-x86_64-linux-gnu.so[0m
[16.247s] [100%] Built target moveit_ywf_msg__rosidl_typesupport_fastrtps_c__pyext
[16.257s] [100%] Built target moveit_ywf_msg__rosidl_typesupport_c__pyext
[16.293s] [100%] Built target moveit_ywf_msg__rosidl_typesupport_introspection_c__pyext
[16.341s] Invoked command in '/home/st/ywfBot_ws_v1.3/build/moveit_ywf_msg' returned '0': CMAKE_PREFIX_PATH=${CMAKE_PREFIX_PATH}:/home/st/ros2_control_ws/install/rqt_joint_trajectory_controller:/home/st/ros2_control_ws/install/rqt_controller_manager:/home/st/ros2_control_ws/install/ros2controlcli:/home/st/ros2_control_ws/install/ros2_controllers_test_nodes:/home/st/ros2_control_ws/install/ros2_control_demo_testing:/home/st/ywfBot_ws_v1.1/install/py_action_client:/home/st/ywfBot_ws_v1.1/install/py_action:/home/st/ywfBot_ws_v1.1/install/moveit2_ywf_interface:/home/st/ywfBot_ws_v1.1/install/moveit_ywf_msg:/home/st/ywfBot_ws_v1.1/install/fairino_hardware:/home/st/ywfBot_ws_v1.1/install/fairino_msgs:/home/st/ywfBot_ws/install/py_action_client:/home/st/ywfBot_ws/install/py_action:/home/st/ywfBot_ws/install/moveit2_ywf_interface:/home/st/ywfBot_ws/install/moveit_ywf_msg:/home/st/ywfBot_ws/install/frhal_msgs:/home/st/ywfBot_ws/install/fr_ros2:/home/st/moveit2_humble_ws/install/moveit_configs_utils:/home/st/moveit2_humble_ws/install/launch_param_builder:/opt/ros/humble /usr/bin/cmake --build /home/st/ywfBot_ws_v1.3/build/moveit_ywf_msg -- -j16 -l16
[16.348s] Invoking command in '/home/st/ywfBot_ws_v1.3/build/moveit_ywf_msg': CMAKE_PREFIX_PATH=${CMAKE_PREFIX_PATH}:/home/st/ros2_control_ws/install/rqt_joint_trajectory_controller:/home/st/ros2_control_ws/install/rqt_controller_manager:/home/st/ros2_control_ws/install/ros2controlcli:/home/st/ros2_control_ws/install/ros2_controllers_test_nodes:/home/st/ros2_control_ws/install/ros2_control_demo_testing:/home/st/ywfBot_ws_v1.1/install/py_action_client:/home/st/ywfBot_ws_v1.1/install/py_action:/home/st/ywfBot_ws_v1.1/install/moveit2_ywf_interface:/home/st/ywfBot_ws_v1.1/install/moveit_ywf_msg:/home/st/ywfBot_ws_v1.1/install/fairino_hardware:/home/st/ywfBot_ws_v1.1/install/fairino_msgs:/home/st/ywfBot_ws/install/py_action_client:/home/st/ywfBot_ws/install/py_action:/home/st/ywfBot_ws/install/moveit2_ywf_interface:/home/st/ywfBot_ws/install/moveit_ywf_msg:/home/st/ywfBot_ws/install/frhal_msgs:/home/st/ywfBot_ws/install/fr_ros2:/home/st/moveit2_humble_ws/install/moveit_configs_utils:/home/st/moveit2_humble_ws/install/launch_param_builder:/opt/ros/humble /usr/bin/cmake --install /home/st/ywfBot_ws_v1.3/build/moveit_ywf_msg
[16.385s] -- Install configuration: ""
[16.386s] -- Installing: /home/st/ywfBot_ws_v1.3/install/moveit_ywf_msg/share/ament_index/resource_index/rosidl_interfaces/moveit_ywf_msg
[16.386s] -- Installing: /home/st/ywfBot_ws_v1.3/install/moveit_ywf_msg/include/moveit_ywf_msg/moveit_ywf_msg
[16.387s] -- Installing: /home/st/ywfBot_ws_v1.3/install/moveit_ywf_msg/include/moveit_ywf_msg/moveit_ywf_msg/msg
[16.387s] -- Installing: /home/st/ywfBot_ws_v1.3/install/moveit_ywf_msg/include/moveit_ywf_msg/moveit_ywf_msg/msg/rosidl_generator_c__visibility_control.h
[16.387s] -- Installing: /home/st/ywfBot_ws_v1.3/install/moveit_ywf_msg/include/moveit_ywf_msg/moveit_ywf_msg/action
[16.387s] -- Installing: /home/st/ywfBot_ws_v1.3/install/moveit_ywf_msg/include/moveit_ywf_msg/moveit_ywf_msg/action/detail
[16.389s] -- Installing: /home/st/ywfBot_ws_v1.3/install/moveit_ywf_msg/include/moveit_ywf_msg/moveit_ywf_msg/action/detail/moveit_ywf_intf__functions.h
[16.389s] -- Installing: /home/st/ywfBot_ws_v1.3/install/moveit_ywf_msg/include/moveit_ywf_msg/moveit_ywf_msg/action/detail/moveit_ywf_intf__struct.h
[16.389s] -- Installing: /home/st/ywfBot_ws_v1.3/install/moveit_ywf_msg/include/moveit_ywf_msg/moveit_ywf_msg/action/detail/moveit_ywf_intf__functions.c
[16.390s] -- Installing: /home/st/ywfBot_ws_v1.3/install/moveit_ywf_msg/include/moveit_ywf_msg/moveit_ywf_msg/action/detail/moveit_ywf_intf__type_support.h
[16.390s] -- Installing: /home/st/ywfBot_ws_v1.3/install/moveit_ywf_msg/include/moveit_ywf_msg/moveit_ywf_msg/action/moveit_ywf_intf.h
[16.390s] -- Installing: /home/st/ywfBot_ws_v1.3/install/moveit_ywf_msg/share/moveit_ywf_msg/environment/library_path.sh
[16.390s] -- Installing: /home/st/ywfBot_ws_v1.3/install/moveit_ywf_msg/share/moveit_ywf_msg/environment/library_path.dsv
[16.390s] -- Installing: /home/st/ywfBot_ws_v1.3/install/moveit_ywf_msg/lib/libmoveit_ywf_msg__rosidl_generator_c.so
[16.391s] -- Set runtime path of "/home/st/ywfBot_ws_v1.3/install/moveit_ywf_msg/lib/libmoveit_ywf_msg__rosidl_generator_c.so" to ""
[16.392s] -- Up-to-date: /home/st/ywfBot_ws_v1.3/install/moveit_ywf_msg/include/moveit_ywf_msg/moveit_ywf_msg
[16.393s] -- Up-to-date: /home/st/ywfBot_ws_v1.3/install/moveit_ywf_msg/include/moveit_ywf_msg/moveit_ywf_msg/msg
[16.394s] -- Installing: /home/st/ywfBot_ws_v1.3/install/moveit_ywf_msg/include/moveit_ywf_msg/moveit_ywf_msg/msg/rosidl_typesupport_fastrtps_c__visibility_control.h
[16.394s] -- Up-to-date: /home/st/ywfBot_ws_v1.3/install/moveit_ywf_msg/include/moveit_ywf_msg/moveit_ywf_msg/action
[16.394s] -- Up-to-date: /home/st/ywfBot_ws_v1.3/install/moveit_ywf_msg/include/moveit_ywf_msg/moveit_ywf_msg/action/detail
[16.394s] -- Installing: /home/st/ywfBot_ws_v1.3/install/moveit_ywf_msg/include/moveit_ywf_msg/moveit_ywf_msg/action/detail/moveit_ywf_intf__rosidl_typesupport_fastrtps_c.h
[16.394s] -- Installing: /home/st/ywfBot_ws_v1.3/install/moveit_ywf_msg/lib/libmoveit_ywf_msg__rosidl_typesupport_fastrtps_c.so
[16.394s] -- Set runtime path of "/home/st/ywfBot_ws_v1.3/install/moveit_ywf_msg/lib/libmoveit_ywf_msg__rosidl_typesupport_fastrtps_c.so" to ""
[16.395s] -- Up-to-date: /home/st/ywfBot_ws_v1.3/install/moveit_ywf_msg/include/moveit_ywf_msg/moveit_ywf_msg
[16.395s] -- Up-to-date: /home/st/ywfBot_ws_v1.3/install/moveit_ywf_msg/include/moveit_ywf_msg/moveit_ywf_msg/msg
[16.395s] -- Installing: /home/st/ywfBot_ws_v1.3/install/moveit_ywf_msg/include/moveit_ywf_msg/moveit_ywf_msg/msg/rosidl_typesupport_introspection_c__visibility_control.h
[16.395s] -- Up-to-date: /home/st/ywfBot_ws_v1.3/install/moveit_ywf_msg/include/moveit_ywf_msg/moveit_ywf_msg/action
[16.395s] -- Up-to-date: /home/st/ywfBot_ws_v1.3/install/moveit_ywf_msg/include/moveit_ywf_msg/moveit_ywf_msg/action/detail
[16.396s] -- Installing: /home/st/ywfBot_ws_v1.3/install/moveit_ywf_msg/include/moveit_ywf_msg/moveit_ywf_msg/action/detail/moveit_ywf_intf__type_support.c
[16.396s] -- Installing: /home/st/ywfBot_ws_v1.3/install/moveit_ywf_msg/include/moveit_ywf_msg/moveit_ywf_msg/action/detail/moveit_ywf_intf__rosidl_typesupport_introspection_c.h
[16.396s] -- Installing: /home/st/ywfBot_ws_v1.3/install/moveit_ywf_msg/lib/libmoveit_ywf_msg__rosidl_typesupport_introspection_c.so
[16.397s] -- Set runtime path of "/home/st/ywfBot_ws_v1.3/install/moveit_ywf_msg/lib/libmoveit_ywf_msg__rosidl_typesupport_introspection_c.so" to ""
[16.397s] -- Installing: /home/st/ywfBot_ws_v1.3/install/moveit_ywf_msg/lib/libmoveit_ywf_msg__rosidl_typesupport_c.so
[16.399s] -- Set runtime path of "/home/st/ywfBot_ws_v1.3/install/moveit_ywf_msg/lib/libmoveit_ywf_msg__rosidl_typesupport_c.so" to ""
[16.399s] -- Up-to-date: /home/st/ywfBot_ws_v1.3/install/moveit_ywf_msg/include/moveit_ywf_msg/moveit_ywf_msg
[16.399s] -- Up-to-date: /home/st/ywfBot_ws_v1.3/install/moveit_ywf_msg/include/moveit_ywf_msg/moveit_ywf_msg/msg
[16.400s] -- Installing: /home/st/ywfBot_ws_v1.3/install/moveit_ywf_msg/include/moveit_ywf_msg/moveit_ywf_msg/msg/rosidl_generator_cpp__visibility_control.hpp
[16.400s] -- Up-to-date: /home/st/ywfBot_ws_v1.3/install/moveit_ywf_msg/include/moveit_ywf_msg/moveit_ywf_msg/action
[16.400s] -- Installing: /home/st/ywfBot_ws_v1.3/install/moveit_ywf_msg/include/moveit_ywf_msg/moveit_ywf_msg/action/moveit_ywf_intf.hpp
[16.401s] -- Up-to-date: /home/st/ywfBot_ws_v1.3/install/moveit_ywf_msg/include/moveit_ywf_msg/moveit_ywf_msg/action/detail
[16.401s] -- Installing: /home/st/ywfBot_ws_v1.3/install/moveit_ywf_msg/include/moveit_ywf_msg/moveit_ywf_msg/action/detail/moveit_ywf_intf__type_support.hpp
[16.404s] -- Installing: /home/st/ywfBot_ws_v1.3/install/moveit_ywf_msg/include/moveit_ywf_msg/moveit_ywf_msg/action/detail/moveit_ywf_intf__traits.hpp
[16.405s] -- Installing: /home/st/ywfBot_ws_v1.3/install/moveit_ywf_msg/include/moveit_ywf_msg/moveit_ywf_msg/action/detail/moveit_ywf_intf__builder.hpp
[16.405s] -- Installing: /home/st/ywfBot_ws_v1.3/install/moveit_ywf_msg/include/moveit_ywf_msg/moveit_ywf_msg/action/detail/moveit_ywf_intf__struct.hpp
[16.405s] -- Up-to-date: /home/st/ywfBot_ws_v1.3/install/moveit_ywf_msg/include/moveit_ywf_msg/moveit_ywf_msg
[16.405s] -- Up-to-date: /home/st/ywfBot_ws_v1.3/install/moveit_ywf_msg/include/moveit_ywf_msg/moveit_ywf_msg/msg
[16.406s] -- Installing: /home/st/ywfBot_ws_v1.3/install/moveit_ywf_msg/include/moveit_ywf_msg/moveit_ywf_msg/msg/rosidl_typesupport_fastrtps_cpp__visibility_control.h
[16.406s] -- Up-to-date: /home/st/ywfBot_ws_v1.3/install/moveit_ywf_msg/include/moveit_ywf_msg/moveit_ywf_msg/action
[16.406s] -- Up-to-date: /home/st/ywfBot_ws_v1.3/install/moveit_ywf_msg/include/moveit_ywf_msg/moveit_ywf_msg/action/detail
[16.406s] -- Installing: /home/st/ywfBot_ws_v1.3/install/moveit_ywf_msg/include/moveit_ywf_msg/moveit_ywf_msg/action/detail/dds_fastrtps
[16.406s] -- Installing: /home/st/ywfBot_ws_v1.3/install/moveit_ywf_msg/include/moveit_ywf_msg/moveit_ywf_msg/action/detail/moveit_ywf_intf__rosidl_typesupport_fastrtps_cpp.hpp
[16.406s] -- Installing: /home/st/ywfBot_ws_v1.3/install/moveit_ywf_msg/lib/libmoveit_ywf_msg__rosidl_typesupport_fastrtps_cpp.so
[16.406s] -- Set runtime path of "/home/st/ywfBot_ws_v1.3/install/moveit_ywf_msg/lib/libmoveit_ywf_msg__rosidl_typesupport_fastrtps_cpp.so" to ""
[16.407s] -- Up-to-date: /home/st/ywfBot_ws_v1.3/install/moveit_ywf_msg/include/moveit_ywf_msg/moveit_ywf_msg
[16.407s] -- Up-to-date: /home/st/ywfBot_ws_v1.3/install/moveit_ywf_msg/include/moveit_ywf_msg/moveit_ywf_msg/action
[16.407s] -- Up-to-date: /home/st/ywfBot_ws_v1.3/install/moveit_ywf_msg/include/moveit_ywf_msg/moveit_ywf_msg/action/detail
[16.407s] -- Installing: /home/st/ywfBot_ws_v1.3/install/moveit_ywf_msg/include/moveit_ywf_msg/moveit_ywf_msg/action/detail/moveit_ywf_intf__type_support.cpp
[16.407s] -- Installing: /home/st/ywfBot_ws_v1.3/install/moveit_ywf_msg/include/moveit_ywf_msg/moveit_ywf_msg/action/detail/moveit_ywf_intf__rosidl_typesupport_introspection_cpp.hpp
[16.407s] -- Installing: /home/st/ywfBot_ws_v1.3/install/moveit_ywf_msg/lib/libmoveit_ywf_msg__rosidl_typesupport_introspection_cpp.so
[16.407s] -- Set runtime path of "/home/st/ywfBot_ws_v1.3/install/moveit_ywf_msg/lib/libmoveit_ywf_msg__rosidl_typesupport_introspection_cpp.so" to ""
[16.407s] -- Installing: /home/st/ywfBot_ws_v1.3/install/moveit_ywf_msg/lib/libmoveit_ywf_msg__rosidl_typesupport_cpp.so
[16.408s] -- Set runtime path of "/home/st/ywfBot_ws_v1.3/install/moveit_ywf_msg/lib/libmoveit_ywf_msg__rosidl_typesupport_cpp.so" to ""
[16.408s] -- Installing: /home/st/ywfBot_ws_v1.3/install/moveit_ywf_msg/share/moveit_ywf_msg/environment/pythonpath.sh
[16.408s] -- Installing: /home/st/ywfBot_ws_v1.3/install/moveit_ywf_msg/share/moveit_ywf_msg/environment/pythonpath.dsv
[16.408s] -- Installing: /home/st/ywfBot_ws_v1.3/install/moveit_ywf_msg/local/lib/python3.10/dist-packages/moveit_ywf_msg-0.0.0-py3.10.egg-info
[16.408s] -- Installing: /home/st/ywfBot_ws_v1.3/install/moveit_ywf_msg/local/lib/python3.10/dist-packages/moveit_ywf_msg-0.0.0-py3.10.egg-info/SOURCES.txt
[16.409s] -- Installing: /home/st/ywfBot_ws_v1.3/install/moveit_ywf_msg/local/lib/python3.10/dist-packages/moveit_ywf_msg-0.0.0-py3.10.egg-info/top_level.txt
[16.409s] -- Installing: /home/st/ywfBot_ws_v1.3/install/moveit_ywf_msg/local/lib/python3.10/dist-packages/moveit_ywf_msg-0.0.0-py3.10.egg-info/dependency_links.txt
[16.416s] -- Installing: /home/st/ywfBot_ws_v1.3/install/moveit_ywf_msg/local/lib/python3.10/dist-packages/moveit_ywf_msg-0.0.0-py3.10.egg-info/PKG-INFO
[16.417s] -- Installing: /home/st/ywfBot_ws_v1.3/install/moveit_ywf_msg/local/lib/python3.10/dist-packages/moveit_ywf_msg
[16.417s] -- Installing: /home/st/ywfBot_ws_v1.3/install/moveit_ywf_msg/local/lib/python3.10/dist-packages/moveit_ywf_msg/_moveit_ywf_msg_s.ep.rosidl_typesupport_introspection_c.c
[16.417s] -- Installing: /home/st/ywfBot_ws_v1.3/install/moveit_ywf_msg/local/lib/python3.10/dist-packages/moveit_ywf_msg/__init__.py
[16.417s] -- Installing: /home/st/ywfBot_ws_v1.3/install/moveit_ywf_msg/local/lib/python3.10/dist-packages/moveit_ywf_msg/moveit_ywf_msg_s__rosidl_typesupport_introspection_c.cpython-310-x86_64-linux-gnu.so
[16.417s] -- Installing: /home/st/ywfBot_ws_v1.3/install/moveit_ywf_msg/local/lib/python3.10/dist-packages/moveit_ywf_msg/_moveit_ywf_msg_s.ep.rosidl_typesupport_c.c
[16.417s] -- Installing: /home/st/ywfBot_ws_v1.3/install/moveit_ywf_msg/local/lib/python3.10/dist-packages/moveit_ywf_msg/_moveit_ywf_msg_s.ep.rosidl_typesupport_fastrtps_c.c
[16.418s] -- Installing: /home/st/ywfBot_ws_v1.3/install/moveit_ywf_msg/local/lib/python3.10/dist-packages/moveit_ywf_msg/action
[16.418s] -- Installing: /home/st/ywfBot_ws_v1.3/install/moveit_ywf_msg/local/lib/python3.10/dist-packages/moveit_ywf_msg/action/__init__.py
[16.418s] -- Installing: /home/st/ywfBot_ws_v1.3/install/moveit_ywf_msg/local/lib/python3.10/dist-packages/moveit_ywf_msg/action/_moveit_ywf_intf_s.c
[16.418s] -- Installing: /home/st/ywfBot_ws_v1.3/install/moveit_ywf_msg/local/lib/python3.10/dist-packages/moveit_ywf_msg/action/_moveit_ywf_intf.py
[16.418s] -- Installing: /home/st/ywfBot_ws_v1.3/install/moveit_ywf_msg/local/lib/python3.10/dist-packages/moveit_ywf_msg/moveit_ywf_msg_s__rosidl_typesupport_fastrtps_c.cpython-310-x86_64-linux-gnu.so
[16.418s] -- Installing: /home/st/ywfBot_ws_v1.3/install/moveit_ywf_msg/local/lib/python3.10/dist-packages/moveit_ywf_msg/libmoveit_ywf_msg__rosidl_generator_py.so
[16.418s] -- Installing: /home/st/ywfBot_ws_v1.3/install/moveit_ywf_msg/local/lib/python3.10/dist-packages/moveit_ywf_msg/moveit_ywf_msg_s__rosidl_typesupport_c.cpython-310-x86_64-linux-gnu.so
[16.564s] Listing '/home/st/ywfBot_ws_v1.3/install/moveit_ywf_msg/local/lib/python3.10/dist-packages/moveit_ywf_msg'...
[16.564s] Compiling '/home/st/ywfBot_ws_v1.3/install/moveit_ywf_msg/local/lib/python3.10/dist-packages/moveit_ywf_msg/__init__.py'...
[16.564s] Listing '/home/st/ywfBot_ws_v1.3/install/moveit_ywf_msg/local/lib/python3.10/dist-packages/moveit_ywf_msg/action'...
[16.565s] Compiling '/home/st/ywfBot_ws_v1.3/install/moveit_ywf_msg/local/lib/python3.10/dist-packages/moveit_ywf_msg/action/__init__.py'...
[16.566s] Compiling '/home/st/ywfBot_ws_v1.3/install/moveit_ywf_msg/local/lib/python3.10/dist-packages/moveit_ywf_msg/action/_moveit_ywf_intf.py'...
[16.576s] -- Installing: /home/st/ywfBot_ws_v1.3/install/moveit_ywf_msg/local/lib/python3.10/dist-packages/moveit_ywf_msg/moveit_ywf_msg_s__rosidl_typesupport_fastrtps_c.cpython-310-x86_64-linux-gnu.so
[16.577s] -- Set runtime path of "/home/st/ywfBot_ws_v1.3/install/moveit_ywf_msg/local/lib/python3.10/dist-packages/moveit_ywf_msg/moveit_ywf_msg_s__rosidl_typesupport_fastrtps_c.cpython-310-x86_64-linux-gnu.so" to ""
[16.578s] -- Installing: /home/st/ywfBot_ws_v1.3/install/moveit_ywf_msg/local/lib/python3.10/dist-packages/moveit_ywf_msg/moveit_ywf_msg_s__rosidl_typesupport_introspection_c.cpython-310-x86_64-linux-gnu.so
[16.579s] -- Set runtime path of "/home/st/ywfBot_ws_v1.3/install/moveit_ywf_msg/local/lib/python3.10/dist-packages/moveit_ywf_msg/moveit_ywf_msg_s__rosidl_typesupport_introspection_c.cpython-310-x86_64-linux-gnu.so" to ""
[16.579s] -- Installing: /home/st/ywfBot_ws_v1.3/install/moveit_ywf_msg/local/lib/python3.10/dist-packages/moveit_ywf_msg/moveit_ywf_msg_s__rosidl_typesupport_c.cpython-310-x86_64-linux-gnu.so
[16.581s] -- Set runtime path of "/home/st/ywfBot_ws_v1.3/install/moveit_ywf_msg/local/lib/python3.10/dist-packages/moveit_ywf_msg/moveit_ywf_msg_s__rosidl_typesupport_c.cpython-310-x86_64-linux-gnu.so" to ""
[16.581s] -- Installing: /home/st/ywfBot_ws_v1.3/install/moveit_ywf_msg/lib/libmoveit_ywf_msg__rosidl_generator_py.so
[16.582s] -- Set runtime path of "/home/st/ywfBot_ws_v1.3/install/moveit_ywf_msg/lib/libmoveit_ywf_msg__rosidl_generator_py.so" to ""
[16.583s] -- Installing: /home/st/ywfBot_ws_v1.3/install/moveit_ywf_msg/share/moveit_ywf_msg/action/MoveitYwfIntf.idl
[16.583s] -- Installing: /home/st/ywfBot_ws_v1.3/install/moveit_ywf_msg/share/moveit_ywf_msg/action/MoveitYwfIntf.action
[16.583s] -- Installing: /home/st/ywfBot_ws_v1.3/install/moveit_ywf_msg/share/ament_index/resource_index/package_run_dependencies/moveit_ywf_msg
[16.586s] -- Installing: /home/st/ywfBot_ws_v1.3/install/moveit_ywf_msg/share/ament_index/resource_index/parent_prefix_path/moveit_ywf_msg
[16.586s] -- Installing: /home/st/ywfBot_ws_v1.3/install/moveit_ywf_msg/share/moveit_ywf_msg/environment/ament_prefix_path.sh
[16.586s] -- Installing: /home/st/ywfBot_ws_v1.3/install/moveit_ywf_msg/share/moveit_ywf_msg/environment/ament_prefix_path.dsv
[16.586s] -- Installing: /home/st/ywfBot_ws_v1.3/install/moveit_ywf_msg/share/moveit_ywf_msg/environment/path.sh
[16.586s] -- Installing: /home/st/ywfBot_ws_v1.3/install/moveit_ywf_msg/share/moveit_ywf_msg/environment/path.dsv
[16.586s] -- Installing: /home/st/ywfBot_ws_v1.3/install/moveit_ywf_msg/share/moveit_ywf_msg/local_setup.bash
[16.586s] -- Installing: /home/st/ywfBot_ws_v1.3/install/moveit_ywf_msg/share/moveit_ywf_msg/local_setup.sh
[16.586s] -- Installing: /home/st/ywfBot_ws_v1.3/install/moveit_ywf_msg/share/moveit_ywf_msg/local_setup.zsh
[16.586s] -- Installing: /home/st/ywfBot_ws_v1.3/install/moveit_ywf_msg/share/moveit_ywf_msg/local_setup.dsv
[16.588s] -- Installing: /home/st/ywfBot_ws_v1.3/install/moveit_ywf_msg/share/moveit_ywf_msg/package.dsv
[16.588s] -- Installing: /home/st/ywfBot_ws_v1.3/install/moveit_ywf_msg/share/ament_index/resource_index/packages/moveit_ywf_msg
[16.588s] -- Installing: /home/st/ywfBot_ws_v1.3/install/moveit_ywf_msg/share/moveit_ywf_msg/cmake/export_moveit_ywf_msg__rosidl_generator_cExport.cmake
[16.588s] -- Installing: /home/st/ywfBot_ws_v1.3/install/moveit_ywf_msg/share/moveit_ywf_msg/cmake/export_moveit_ywf_msg__rosidl_generator_cExport-noconfig.cmake
[16.589s] -- Installing: /home/st/ywfBot_ws_v1.3/install/moveit_ywf_msg/share/moveit_ywf_msg/cmake/export_moveit_ywf_msg__rosidl_typesupport_fastrtps_cExport.cmake
[16.591s] -- Installing: /home/st/ywfBot_ws_v1.3/install/moveit_ywf_msg/share/moveit_ywf_msg/cmake/export_moveit_ywf_msg__rosidl_typesupport_fastrtps_cExport-noconfig.cmake
[16.591s] -- Installing: /home/st/ywfBot_ws_v1.3/install/moveit_ywf_msg/share/moveit_ywf_msg/cmake/moveit_ywf_msg__rosidl_typesupport_introspection_cExport.cmake
[16.591s] -- Installing: /home/st/ywfBot_ws_v1.3/install/moveit_ywf_msg/share/moveit_ywf_msg/cmake/moveit_ywf_msg__rosidl_typesupport_introspection_cExport-noconfig.cmake
[16.591s] -- Installing: /home/st/ywfBot_ws_v1.3/install/moveit_ywf_msg/share/moveit_ywf_msg/cmake/moveit_ywf_msg__rosidl_typesupport_cExport.cmake
[16.591s] -- Installing: /home/st/ywfBot_ws_v1.3/install/moveit_ywf_msg/share/moveit_ywf_msg/cmake/moveit_ywf_msg__rosidl_typesupport_cExport-noconfig.cmake
[16.591s] -- Installing: /home/st/ywfBot_ws_v1.3/install/moveit_ywf_msg/share/moveit_ywf_msg/cmake/export_moveit_ywf_msg__rosidl_generator_cppExport.cmake
[16.591s] -- Installing: /home/st/ywfBot_ws_v1.3/install/moveit_ywf_msg/share/moveit_ywf_msg/cmake/export_moveit_ywf_msg__rosidl_typesupport_fastrtps_cppExport.cmake
[16.591s] -- Installing: /home/st/ywfBot_ws_v1.3/install/moveit_ywf_msg/share/moveit_ywf_msg/cmake/export_moveit_ywf_msg__rosidl_typesupport_fastrtps_cppExport-noconfig.cmake
[16.592s] -- Installing: /home/st/ywfBot_ws_v1.3/install/moveit_ywf_msg/share/moveit_ywf_msg/cmake/moveit_ywf_msg__rosidl_typesupport_introspection_cppExport.cmake
[16.592s] -- Installing: /home/st/ywfBot_ws_v1.3/install/moveit_ywf_msg/share/moveit_ywf_msg/cmake/moveit_ywf_msg__rosidl_typesupport_introspection_cppExport-noconfig.cmake
[16.592s] -- Installing: /home/st/ywfBot_ws_v1.3/install/moveit_ywf_msg/share/moveit_ywf_msg/cmake/moveit_ywf_msg__rosidl_typesupport_cppExport.cmake
[16.593s] -- Installing: /home/st/ywfBot_ws_v1.3/install/moveit_ywf_msg/share/moveit_ywf_msg/cmake/moveit_ywf_msg__rosidl_typesupport_cppExport-noconfig.cmake
[16.593s] -- Installing: /home/st/ywfBot_ws_v1.3/install/moveit_ywf_msg/share/moveit_ywf_msg/cmake/export_moveit_ywf_msg__rosidl_generator_pyExport.cmake
[16.593s] -- Installing: /home/st/ywfBot_ws_v1.3/install/moveit_ywf_msg/share/moveit_ywf_msg/cmake/export_moveit_ywf_msg__rosidl_generator_pyExport-noconfig.cmake
[16.595s] -- Installing: /home/st/ywfBot_ws_v1.3/install/moveit_ywf_msg/share/moveit_ywf_msg/cmake/rosidl_cmake-extras.cmake
[16.595s] -- Installing: /home/st/ywfBot_ws_v1.3/install/moveit_ywf_msg/share/moveit_ywf_msg/cmake/ament_cmake_export_dependencies-extras.cmake
[16.595s] -- Installing: /home/st/ywfBot_ws_v1.3/install/moveit_ywf_msg/share/moveit_ywf_msg/cmake/ament_cmake_export_include_directories-extras.cmake
[16.595s] -- Installing: /home/st/ywfBot_ws_v1.3/install/moveit_ywf_msg/share/moveit_ywf_msg/cmake/ament_cmake_export_libraries-extras.cmake
[16.596s] -- Installing: /home/st/ywfBot_ws_v1.3/install/moveit_ywf_msg/share/moveit_ywf_msg/cmake/ament_cmake_export_targets-extras.cmake
[16.596s] -- Installing: /home/st/ywfBot_ws_v1.3/install/moveit_ywf_msg/share/moveit_ywf_msg/cmake/rosidl_cmake_export_typesupport_targets-extras.cmake
[16.596s] -- Installing: /home/st/ywfBot_ws_v1.3/install/moveit_ywf_msg/share/moveit_ywf_msg/cmake/rosidl_cmake_export_typesupport_libraries-extras.cmake
[16.596s] -- Installing: /home/st/ywfBot_ws_v1.3/install/moveit_ywf_msg/share/moveit_ywf_msg/cmake/moveit_ywf_msgConfig.cmake
[16.596s] -- Installing: /home/st/ywfBot_ws_v1.3/install/moveit_ywf_msg/share/moveit_ywf_msg/cmake/moveit_ywf_msgConfig-version.cmake
[16.602s] -- Installing: /home/st/ywfBot_ws_v1.3/install/moveit_ywf_msg/share/moveit_ywf_msg/package.xml
[16.612s] Invoked command in '/home/st/ywfBot_ws_v1.3/build/moveit_ywf_msg' returned '0': CMAKE_PREFIX_PATH=${CMAKE_PREFIX_PATH}:/home/st/ros2_control_ws/install/rqt_joint_trajectory_controller:/home/st/ros2_control_ws/install/rqt_controller_manager:/home/st/ros2_control_ws/install/ros2controlcli:/home/st/ros2_control_ws/install/ros2_controllers_test_nodes:/home/st/ros2_control_ws/install/ros2_control_demo_testing:/home/st/ywfBot_ws_v1.1/install/py_action_client:/home/st/ywfBot_ws_v1.1/install/py_action:/home/st/ywfBot_ws_v1.1/install/moveit2_ywf_interface:/home/st/ywfBot_ws_v1.1/install/moveit_ywf_msg:/home/st/ywfBot_ws_v1.1/install/fairino_hardware:/home/st/ywfBot_ws_v1.1/install/fairino_msgs:/home/st/ywfBot_ws/install/py_action_client:/home/st/ywfBot_ws/install/py_action:/home/st/ywfBot_ws/install/moveit2_ywf_interface:/home/st/ywfBot_ws/install/moveit_ywf_msg:/home/st/ywfBot_ws/install/frhal_msgs:/home/st/ywfBot_ws/install/fr_ros2:/home/st/moveit2_humble_ws/install/moveit_configs_utils:/home/st/moveit2_humble_ws/install/launch_param_builder:/opt/ros/humble /usr/bin/cmake --install /home/st/ywfBot_ws_v1.3/build/moveit_ywf_msg
