running egg_info
creating ../../build/py_action_client/py_action_client.egg-info
writing ../../build/py_action_client/py_action_client.egg-info/PKG-INFO
writing dependency_links to ../../build/py_action_client/py_action_client.egg-info/dependency_links.txt
writing entry points to ../../build/py_action_client/py_action_client.egg-info/entry_points.txt
writing requirements to ../../build/py_action_client/py_action_client.egg-info/requires.txt
writing top-level names to ../../build/py_action_client/py_action_client.egg-info/top_level.txt
writing manifest file '../../build/py_action_client/py_action_client.egg-info/SOURCES.txt'
reading manifest file '../../build/py_action_client/py_action_client.egg-info/SOURCES.txt'
adding license file 'LICENSE'
writing manifest file '../../build/py_action_client/py_action_client.egg-info/SOURCES.txt'
running build
running build_py
creating /home/st/ywfBot_ws/build/py_action_client/build
creating /home/st/ywfBot_ws/build/py_action_client/build/lib
creating /home/st/ywfBot_ws/build/py_action_client/build/lib/py_action_client
copying py_action_client/__init__.py -> /home/st/ywfBot_ws/build/py_action_client/build/lib/py_action_client
copying py_action_client/py_action_client.py -> /home/st/ywfBot_ws/build/py_action_client/build/lib/py_action_client
running install
running install_lib
creating /home/st/ywfBot_ws/install/py_action_client/lib/python3.10/site-packages/py_action_client
copying /home/st/ywfBot_ws/build/py_action_client/build/lib/py_action_client/__init__.py -> /home/st/ywfBot_ws/install/py_action_client/lib/python3.10/site-packages/py_action_client
copying /home/st/ywfBot_ws/build/py_action_client/build/lib/py_action_client/py_action_client.py -> /home/st/ywfBot_ws/install/py_action_client/lib/python3.10/site-packages/py_action_client
byte-compiling /home/st/ywfBot_ws/install/py_action_client/lib/python3.10/site-packages/py_action_client/__init__.py to __init__.cpython-310.pyc
byte-compiling /home/st/ywfBot_ws/install/py_action_client/lib/python3.10/site-packages/py_action_client/py_action_client.py to py_action_client.cpython-310.pyc
running install_data
creating /home/st/ywfBot_ws/install/py_action_client/share/ament_index
creating /home/st/ywfBot_ws/install/py_action_client/share/ament_index/resource_index
creating /home/st/ywfBot_ws/install/py_action_client/share/ament_index/resource_index/packages
copying resource/py_action_client -> /home/st/ywfBot_ws/install/py_action_client/share/ament_index/resource_index/packages
copying package.xml -> /home/st/ywfBot_ws/install/py_action_client/share/py_action_client
running install_egg_info
Copying ../../build/py_action_client/py_action_client.egg-info to /home/st/ywfBot_ws/install/py_action_client/lib/python3.10/site-packages/py_action_client-0.0.0-py3.10.egg-info
running install_scripts
Installing py_action_client script to /home/st/ywfBot_ws/install/py_action_client/lib/py_action_client
writing list of installed files to '/home/st/ywfBot_ws/build/py_action_client/install.log'
