[2.279s] Invoking command in '/home/st/ywfBot_ws/src/py_action_client': PYTHONPATH=/home/st/ywfBot_ws/build/py_action_client/prefix_override:/usr/lib/python3/dist-packages/colcon_core/task/python/colcon_distutils_commands:/home/st/ywfBot_ws/install/py_action_client/lib/python3.10/site-packages:${PYTHONPATH} /usr/bin/python3 -W ignore:setup.py install is deprecated setup.py egg_info --egg-base ../../build/py_action_client build --build-base /home/st/ywfBot_ws/build/py_action_client/build install --record /home/st/ywfBot_ws/build/py_action_client/install.log --single-version-externally-managed install_data
[2.875s] running egg_info
[2.876s] creating ../../build/py_action_client/py_action_client.egg-info
[2.877s] writing ../../build/py_action_client/py_action_client.egg-info/PKG-INFO
[2.878s] writing dependency_links to ../../build/py_action_client/py_action_client.egg-info/dependency_links.txt
[2.878s] writing entry points to ../../build/py_action_client/py_action_client.egg-info/entry_points.txt
[2.878s] writing requirements to ../../build/py_action_client/py_action_client.egg-info/requires.txt
[2.879s] writing top-level names to ../../build/py_action_client/py_action_client.egg-info/top_level.txt
[2.879s] writing manifest file '../../build/py_action_client/py_action_client.egg-info/SOURCES.txt'
[2.882s] reading manifest file '../../build/py_action_client/py_action_client.egg-info/SOURCES.txt'
[2.883s] adding license file 'LICENSE'
[2.884s] writing manifest file '../../build/py_action_client/py_action_client.egg-info/SOURCES.txt'
[2.884s] running build
[2.885s] running build_py
[2.885s] creating /home/st/ywfBot_ws/build/py_action_client/build
[2.885s] creating /home/st/ywfBot_ws/build/py_action_client/build/lib
[2.885s] creating /home/st/ywfBot_ws/build/py_action_client/build/lib/py_action_client
[2.885s] copying py_action_client/__init__.py -> /home/st/ywfBot_ws/build/py_action_client/build/lib/py_action_client
[2.886s] copying py_action_client/py_action_client.py -> /home/st/ywfBot_ws/build/py_action_client/build/lib/py_action_client
[2.886s] running install
[2.887s] running install_lib
[2.888s] creating /home/st/ywfBot_ws/install/py_action_client/lib/python3.10/site-packages/py_action_client
[2.888s] copying /home/st/ywfBot_ws/build/py_action_client/build/lib/py_action_client/__init__.py -> /home/st/ywfBot_ws/install/py_action_client/lib/python3.10/site-packages/py_action_client
[2.889s] copying /home/st/ywfBot_ws/build/py_action_client/build/lib/py_action_client/py_action_client.py -> /home/st/ywfBot_ws/install/py_action_client/lib/python3.10/site-packages/py_action_client
[2.890s] byte-compiling /home/st/ywfBot_ws/install/py_action_client/lib/python3.10/site-packages/py_action_client/__init__.py to __init__.cpython-310.pyc
[2.890s] byte-compiling /home/st/ywfBot_ws/install/py_action_client/lib/python3.10/site-packages/py_action_client/py_action_client.py to py_action_client.cpython-310.pyc
[2.897s] running install_data
[2.897s] creating /home/st/ywfBot_ws/install/py_action_client/share/ament_index
[2.898s] creating /home/st/ywfBot_ws/install/py_action_client/share/ament_index/resource_index
[2.898s] creating /home/st/ywfBot_ws/install/py_action_client/share/ament_index/resource_index/packages
[2.898s] copying resource/py_action_client -> /home/st/ywfBot_ws/install/py_action_client/share/ament_index/resource_index/packages
[2.898s] copying package.xml -> /home/st/ywfBot_ws/install/py_action_client/share/py_action_client
[2.898s] running install_egg_info
[2.899s] Copying ../../build/py_action_client/py_action_client.egg-info to /home/st/ywfBot_ws/install/py_action_client/lib/python3.10/site-packages/py_action_client-0.0.0-py3.10.egg-info
[2.900s] running install_scripts
[2.964s] Installing py_action_client script to /home/st/ywfBot_ws/install/py_action_client/lib/py_action_client
[2.964s] writing list of installed files to '/home/st/ywfBot_ws/build/py_action_client/install.log'
[3.009s] Invoked command in '/home/st/ywfBot_ws/src/py_action_client' returned '0': PYTHONPATH=/home/st/ywfBot_ws/build/py_action_client/prefix_override:/usr/lib/python3/dist-packages/colcon_core/task/python/colcon_distutils_commands:/home/st/ywfBot_ws/install/py_action_client/lib/python3.10/site-packages:${PYTHONPATH} /usr/bin/python3 -W ignore:setup.py install is deprecated setup.py egg_info --egg-base ../../build/py_action_client build --build-base /home/st/ywfBot_ws/build/py_action_client/build install --record /home/st/ywfBot_ws/build/py_action_client/install.log --single-version-externally-managed install_data
