[0.191s] Invoking command in '/home/st/ywfBot_ws_v1.3.1/build/moveit_ywf_msg': CMAKE_PREFIX_PATH=${CMAKE_PREFIX_PATH}:/home/st/ywfBot_ws_v1.3/install/py_action_client:/home/st/ywfBot_ws_v1.3/install/py_action:/home/st/ros2_control_ws/install/rqt_joint_trajectory_controller:/home/st/ros2_control_ws/install/rqt_controller_manager:/home/st/ros2_control_ws/install/ros2controlcli:/home/st/ros2_control_ws/install/ros2_controllers_test_nodes:/home/st/ros2_control_ws/install/ros2_control_demo_testing:/home/st/ywfBot_ws_v1.1/install/py_action_client:/home/st/ywfBot_ws_v1.1/install/py_action:/home/st/ywfBot_ws_v1.1/install/moveit2_ywf_interface:/home/st/ywfBot_ws_v1.1/install/moveit_ywf_msg:/home/st/ywfBot_ws_v1.1/install/fairino_hardware:/home/st/ywfBot_ws_v1.1/install/fairino_msgs:/home/st/ywfBot_ws/install/py_action_client:/home/st/ywfBot_ws/install/py_action:/home/st/ywfBot_ws/install/moveit2_ywf_interface:/home/st/ywfBot_ws/install/moveit_ywf_msg:/home/st/ywfBot_ws/install/frhal_msgs:/home/st/ywfBot_ws/install/fr_ros2:/home/st/moveit2_humble_ws/install/moveit_configs_utils:/home/st/moveit2_humble_ws/install/launch_param_builder:/opt/ros/humble /usr/bin/cmake --build /home/st/ywfBot_ws_v1.3.1/build/moveit_ywf_msg -- -j16 -l16
[1.087s] [  3%] Built target moveit_ywf_msg__cpp
[1.087s] [ 12%] Built target moveit_ywf_msg__rosidl_generator_c
[1.087s] [ 12%] Built target ament_cmake_python_copy_moveit_ywf_msg
[1.087s] [ 22%] Built target moveit_ywf_msg__rosidl_typesupport_cpp
[1.087s] [ 32%] Built target moveit_ywf_msg__rosidl_typesupport_introspection_cpp
[1.088s] [ 41%] Built target moveit_ywf_msg__rosidl_typesupport_fastrtps_cpp
[1.088s] [ 54%] Built target moveit_ywf_msg__rosidl_typesupport_fastrtps_c
[1.089s] [ 61%] Built target moveit_ywf_msg__rosidl_typesupport_introspection_c
[1.089s] [ 70%] Built target moveit_ywf_msg__rosidl_typesupport_c
[1.089s] [ 70%] Built target moveit_ywf_msg
[1.089s] [ 74%] Built target moveit_ywf_msg__py
[1.090s] [ 80%] Built target moveit_ywf_msg__rosidl_generator_py
[1.090s] [ 87%] Built target moveit_ywf_msg__rosidl_typesupport_introspection_c__pyext
[1.091s] [ 93%] Built target moveit_ywf_msg__rosidl_typesupport_fastrtps_c__pyext
[1.092s] [0mCMake Error: The current CMakeCache.txt directory /home/st/ywfBot_ws_v1.3.1/build/moveit_ywf_msg/CMakeCache.txt is different than the directory /home/st/ywfBot_ws_v1.3/build/moveit_ywf_msg where CMakeCache.txt was created. This may result in binaries being created in the wrong place. If you are not sure, reedit the CMakeCache.txt[0m
[1.115s] [100%] Built target moveit_ywf_msg__rosidl_typesupport_c__pyext
[1.347s] running egg_info
[1.347s] writing moveit_ywf_msg.egg-info/PKG-INFO
[1.348s] writing dependency_links to moveit_ywf_msg.egg-info/dependency_links.txt
[1.348s] writing top-level names to moveit_ywf_msg.egg-info/top_level.txt
[1.354s] reading manifest file 'moveit_ywf_msg.egg-info/SOURCES.txt'
[1.356s] writing manifest file 'moveit_ywf_msg.egg-info/SOURCES.txt'
[1.448s] [100%] Built target ament_cmake_python_build_moveit_ywf_msg_egg
[2.012s] Invoked command in '/home/st/ywfBot_ws_v1.3.1/build/moveit_ywf_msg' returned '0': CMAKE_PREFIX_PATH=${CMAKE_PREFIX_PATH}:/home/st/ywfBot_ws_v1.3/install/py_action_client:/home/st/ywfBot_ws_v1.3/install/py_action:/home/st/ros2_control_ws/install/rqt_joint_trajectory_controller:/home/st/ros2_control_ws/install/rqt_controller_manager:/home/st/ros2_control_ws/install/ros2controlcli:/home/st/ros2_control_ws/install/ros2_controllers_test_nodes:/home/st/ros2_control_ws/install/ros2_control_demo_testing:/home/st/ywfBot_ws_v1.1/install/py_action_client:/home/st/ywfBot_ws_v1.1/install/py_action:/home/st/ywfBot_ws_v1.1/install/moveit2_ywf_interface:/home/st/ywfBot_ws_v1.1/install/moveit_ywf_msg:/home/st/ywfBot_ws_v1.1/install/fairino_hardware:/home/st/ywfBot_ws_v1.1/install/fairino_msgs:/home/st/ywfBot_ws/install/py_action_client:/home/st/ywfBot_ws/install/py_action:/home/st/ywfBot_ws/install/moveit2_ywf_interface:/home/st/ywfBot_ws/install/moveit_ywf_msg:/home/st/ywfBot_ws/install/frhal_msgs:/home/st/ywfBot_ws/install/fr_ros2:/home/st/moveit2_humble_ws/install/moveit_configs_utils:/home/st/moveit2_humble_ws/install/launch_param_builder:/opt/ros/humble /usr/bin/cmake --build /home/st/ywfBot_ws_v1.3.1/build/moveit_ywf_msg -- -j16 -l16
[2.014s] Invoking command in '/home/st/ywfBot_ws_v1.3.1/build/moveit_ywf_msg': CMAKE_PREFIX_PATH=${CMAKE_PREFIX_PATH}:/home/st/ywfBot_ws_v1.3/install/py_action_client:/home/st/ywfBot_ws_v1.3/install/py_action:/home/st/ros2_control_ws/install/rqt_joint_trajectory_controller:/home/st/ros2_control_ws/install/rqt_controller_manager:/home/st/ros2_control_ws/install/ros2controlcli:/home/st/ros2_control_ws/install/ros2_controllers_test_nodes:/home/st/ros2_control_ws/install/ros2_control_demo_testing:/home/st/ywfBot_ws_v1.1/install/py_action_client:/home/st/ywfBot_ws_v1.1/install/py_action:/home/st/ywfBot_ws_v1.1/install/moveit2_ywf_interface:/home/st/ywfBot_ws_v1.1/install/moveit_ywf_msg:/home/st/ywfBot_ws_v1.1/install/fairino_hardware:/home/st/ywfBot_ws_v1.1/install/fairino_msgs:/home/st/ywfBot_ws/install/py_action_client:/home/st/ywfBot_ws/install/py_action:/home/st/ywfBot_ws/install/moveit2_ywf_interface:/home/st/ywfBot_ws/install/moveit_ywf_msg:/home/st/ywfBot_ws/install/frhal_msgs:/home/st/ywfBot_ws/install/fr_ros2:/home/st/moveit2_humble_ws/install/moveit_configs_utils:/home/st/moveit2_humble_ws/install/launch_param_builder:/opt/ros/humble /usr/bin/cmake --install /home/st/ywfBot_ws_v1.3.1/build/moveit_ywf_msg
[2.128s] -- Install configuration: ""
[2.128s] -- Up-to-date: /home/st/ywfBot_ws_v1.3/install/moveit_ywf_msg/share/ament_index/resource_index/rosidl_interfaces/moveit_ywf_msg
[2.128s] -- Up-to-date: /home/st/ywfBot_ws_v1.3/install/moveit_ywf_msg/include/moveit_ywf_msg/moveit_ywf_msg
[2.129s] -- Up-to-date: /home/st/ywfBot_ws_v1.3/install/moveit_ywf_msg/include/moveit_ywf_msg/moveit_ywf_msg/msg
[2.129s] -- Up-to-date: /home/st/ywfBot_ws_v1.3/install/moveit_ywf_msg/include/moveit_ywf_msg/moveit_ywf_msg/msg/rosidl_generator_c__visibility_control.h
[2.129s] -- Up-to-date: /home/st/ywfBot_ws_v1.3/install/moveit_ywf_msg/include/moveit_ywf_msg/moveit_ywf_msg/action
[2.129s] -- Up-to-date: /home/st/ywfBot_ws_v1.3/install/moveit_ywf_msg/include/moveit_ywf_msg/moveit_ywf_msg/action/detail
[2.129s] -- Up-to-date: /home/st/ywfBot_ws_v1.3/install/moveit_ywf_msg/include/moveit_ywf_msg/moveit_ywf_msg/action/detail/moveit_ywf_intf__functions.h
[2.129s] -- Up-to-date: /home/st/ywfBot_ws_v1.3/install/moveit_ywf_msg/include/moveit_ywf_msg/moveit_ywf_msg/action/detail/moveit_ywf_intf__struct.h
[2.129s] -- Up-to-date: /home/st/ywfBot_ws_v1.3/install/moveit_ywf_msg/include/moveit_ywf_msg/moveit_ywf_msg/action/detail/moveit_ywf_intf__functions.c
[2.130s] -- Up-to-date: /home/st/ywfBot_ws_v1.3/install/moveit_ywf_msg/include/moveit_ywf_msg/moveit_ywf_msg/action/detail/moveit_ywf_intf__type_support.h
[2.130s] -- Up-to-date: /home/st/ywfBot_ws_v1.3/install/moveit_ywf_msg/include/moveit_ywf_msg/moveit_ywf_msg/action/moveit_ywf_intf.h
[2.130s] -- Up-to-date: /home/st/ywfBot_ws_v1.3/install/moveit_ywf_msg/share/moveit_ywf_msg/environment/library_path.sh
[2.130s] -- Up-to-date: /home/st/ywfBot_ws_v1.3/install/moveit_ywf_msg/share/moveit_ywf_msg/environment/library_path.dsv
[2.130s] -- Up-to-date: /home/st/ywfBot_ws_v1.3/install/moveit_ywf_msg/lib/libmoveit_ywf_msg__rosidl_generator_c.so
[2.130s] -- Up-to-date: /home/st/ywfBot_ws_v1.3/install/moveit_ywf_msg/include/moveit_ywf_msg/moveit_ywf_msg
[2.130s] -- Up-to-date: /home/st/ywfBot_ws_v1.3/install/moveit_ywf_msg/include/moveit_ywf_msg/moveit_ywf_msg/msg
[2.131s] -- Up-to-date: /home/st/ywfBot_ws_v1.3/install/moveit_ywf_msg/include/moveit_ywf_msg/moveit_ywf_msg/msg/rosidl_typesupport_fastrtps_c__visibility_control.h
[2.131s] -- Up-to-date: /home/st/ywfBot_ws_v1.3/install/moveit_ywf_msg/include/moveit_ywf_msg/moveit_ywf_msg/action
[2.131s] -- Up-to-date: /home/st/ywfBot_ws_v1.3/install/moveit_ywf_msg/include/moveit_ywf_msg/moveit_ywf_msg/action/detail
[2.131s] -- Up-to-date: /home/st/ywfBot_ws_v1.3/install/moveit_ywf_msg/include/moveit_ywf_msg/moveit_ywf_msg/action/detail/moveit_ywf_intf__rosidl_typesupport_fastrtps_c.h
[2.131s] -- Up-to-date: /home/st/ywfBot_ws_v1.3/install/moveit_ywf_msg/lib/libmoveit_ywf_msg__rosidl_typesupport_fastrtps_c.so
[2.131s] -- Up-to-date: /home/st/ywfBot_ws_v1.3/install/moveit_ywf_msg/include/moveit_ywf_msg/moveit_ywf_msg
[2.132s] -- Up-to-date: /home/st/ywfBot_ws_v1.3/install/moveit_ywf_msg/include/moveit_ywf_msg/moveit_ywf_msg/msg
[2.132s] -- Up-to-date: /home/st/ywfBot_ws_v1.3/install/moveit_ywf_msg/include/moveit_ywf_msg/moveit_ywf_msg/msg/rosidl_typesupport_introspection_c__visibility_control.h
[2.132s] -- Up-to-date: /home/st/ywfBot_ws_v1.3/install/moveit_ywf_msg/include/moveit_ywf_msg/moveit_ywf_msg/action
[2.132s] -- Up-to-date: /home/st/ywfBot_ws_v1.3/install/moveit_ywf_msg/include/moveit_ywf_msg/moveit_ywf_msg/action/detail
[2.132s] -- Up-to-date: /home/st/ywfBot_ws_v1.3/install/moveit_ywf_msg/include/moveit_ywf_msg/moveit_ywf_msg/action/detail/moveit_ywf_intf__type_support.c
[2.132s] -- Up-to-date: /home/st/ywfBot_ws_v1.3/install/moveit_ywf_msg/include/moveit_ywf_msg/moveit_ywf_msg/action/detail/moveit_ywf_intf__rosidl_typesupport_introspection_c.h
[2.132s] -- Up-to-date: /home/st/ywfBot_ws_v1.3/install/moveit_ywf_msg/lib/libmoveit_ywf_msg__rosidl_typesupport_introspection_c.so
[2.133s] -- Up-to-date: /home/st/ywfBot_ws_v1.3/install/moveit_ywf_msg/lib/libmoveit_ywf_msg__rosidl_typesupport_c.so
[2.133s] -- Up-to-date: /home/st/ywfBot_ws_v1.3/install/moveit_ywf_msg/include/moveit_ywf_msg/moveit_ywf_msg
[2.133s] -- Up-to-date: /home/st/ywfBot_ws_v1.3/install/moveit_ywf_msg/include/moveit_ywf_msg/moveit_ywf_msg/msg
[2.133s] -- Up-to-date: /home/st/ywfBot_ws_v1.3/install/moveit_ywf_msg/include/moveit_ywf_msg/moveit_ywf_msg/msg/rosidl_generator_cpp__visibility_control.hpp
[2.133s] -- Up-to-date: /home/st/ywfBot_ws_v1.3/install/moveit_ywf_msg/include/moveit_ywf_msg/moveit_ywf_msg/action
[2.133s] -- Up-to-date: /home/st/ywfBot_ws_v1.3/install/moveit_ywf_msg/include/moveit_ywf_msg/moveit_ywf_msg/action/moveit_ywf_intf.hpp
[2.133s] -- Up-to-date: /home/st/ywfBot_ws_v1.3/install/moveit_ywf_msg/include/moveit_ywf_msg/moveit_ywf_msg/action/detail
[2.134s] -- Up-to-date: /home/st/ywfBot_ws_v1.3/install/moveit_ywf_msg/include/moveit_ywf_msg/moveit_ywf_msg/action/detail/moveit_ywf_intf__type_support.hpp
[2.134s] -- Up-to-date: /home/st/ywfBot_ws_v1.3/install/moveit_ywf_msg/include/moveit_ywf_msg/moveit_ywf_msg/action/detail/moveit_ywf_intf__traits.hpp
[2.134s] -- Up-to-date: /home/st/ywfBot_ws_v1.3/install/moveit_ywf_msg/include/moveit_ywf_msg/moveit_ywf_msg/action/detail/moveit_ywf_intf__builder.hpp
[2.134s] -- Up-to-date: /home/st/ywfBot_ws_v1.3/install/moveit_ywf_msg/include/moveit_ywf_msg/moveit_ywf_msg/action/detail/moveit_ywf_intf__struct.hpp
[2.134s] -- Up-to-date: /home/st/ywfBot_ws_v1.3/install/moveit_ywf_msg/include/moveit_ywf_msg/moveit_ywf_msg
[2.134s] -- Up-to-date: /home/st/ywfBot_ws_v1.3/install/moveit_ywf_msg/include/moveit_ywf_msg/moveit_ywf_msg/msg
[2.134s] -- Up-to-date: /home/st/ywfBot_ws_v1.3/install/moveit_ywf_msg/include/moveit_ywf_msg/moveit_ywf_msg/msg/rosidl_typesupport_fastrtps_cpp__visibility_control.h
[2.135s] -- Up-to-date: /home/st/ywfBot_ws_v1.3/install/moveit_ywf_msg/include/moveit_ywf_msg/moveit_ywf_msg/action
[2.135s] -- Up-to-date: /home/st/ywfBot_ws_v1.3/install/moveit_ywf_msg/include/moveit_ywf_msg/moveit_ywf_msg/action/detail
[2.135s] -- Up-to-date: /home/st/ywfBot_ws_v1.3/install/moveit_ywf_msg/include/moveit_ywf_msg/moveit_ywf_msg/action/detail/dds_fastrtps
[2.135s] -- Up-to-date: /home/st/ywfBot_ws_v1.3/install/moveit_ywf_msg/include/moveit_ywf_msg/moveit_ywf_msg/action/detail/moveit_ywf_intf__rosidl_typesupport_fastrtps_cpp.hpp
[2.135s] -- Up-to-date: /home/st/ywfBot_ws_v1.3/install/moveit_ywf_msg/lib/libmoveit_ywf_msg__rosidl_typesupport_fastrtps_cpp.so
[2.135s] -- Up-to-date: /home/st/ywfBot_ws_v1.3/install/moveit_ywf_msg/include/moveit_ywf_msg/moveit_ywf_msg
[2.135s] -- Up-to-date: /home/st/ywfBot_ws_v1.3/install/moveit_ywf_msg/include/moveit_ywf_msg/moveit_ywf_msg/action
[2.135s] -- Up-to-date: /home/st/ywfBot_ws_v1.3/install/moveit_ywf_msg/include/moveit_ywf_msg/moveit_ywf_msg/action/detail
[2.136s] -- Up-to-date: /home/st/ywfBot_ws_v1.3/install/moveit_ywf_msg/include/moveit_ywf_msg/moveit_ywf_msg/action/detail/moveit_ywf_intf__type_support.cpp
[2.136s] -- Up-to-date: /home/st/ywfBot_ws_v1.3/install/moveit_ywf_msg/include/moveit_ywf_msg/moveit_ywf_msg/action/detail/moveit_ywf_intf__rosidl_typesupport_introspection_cpp.hpp
[2.136s] -- Up-to-date: /home/st/ywfBot_ws_v1.3/install/moveit_ywf_msg/lib/libmoveit_ywf_msg__rosidl_typesupport_introspection_cpp.so
[2.136s] -- Up-to-date: /home/st/ywfBot_ws_v1.3/install/moveit_ywf_msg/lib/libmoveit_ywf_msg__rosidl_typesupport_cpp.so
[2.137s] -- Up-to-date: /home/st/ywfBot_ws_v1.3/install/moveit_ywf_msg/share/moveit_ywf_msg/environment/pythonpath.sh
[2.137s] -- Up-to-date: /home/st/ywfBot_ws_v1.3/install/moveit_ywf_msg/share/moveit_ywf_msg/environment/pythonpath.dsv
[2.137s] -- Up-to-date: /home/st/ywfBot_ws_v1.3/install/moveit_ywf_msg/local/lib/python3.10/dist-packages/moveit_ywf_msg-0.0.0-py3.10.egg-info
[2.137s] -- Installing: /home/st/ywfBot_ws_v1.3/install/moveit_ywf_msg/local/lib/python3.10/dist-packages/moveit_ywf_msg-0.0.0-py3.10.egg-info/SOURCES.txt
[2.137s] -- Installing: /home/st/ywfBot_ws_v1.3/install/moveit_ywf_msg/local/lib/python3.10/dist-packages/moveit_ywf_msg-0.0.0-py3.10.egg-info/top_level.txt
[2.137s] -- Installing: /home/st/ywfBot_ws_v1.3/install/moveit_ywf_msg/local/lib/python3.10/dist-packages/moveit_ywf_msg-0.0.0-py3.10.egg-info/dependency_links.txt
[2.137s] -- Installing: /home/st/ywfBot_ws_v1.3/install/moveit_ywf_msg/local/lib/python3.10/dist-packages/moveit_ywf_msg-0.0.0-py3.10.egg-info/PKG-INFO
[2.138s] -- Up-to-date: /home/st/ywfBot_ws_v1.3/install/moveit_ywf_msg/local/lib/python3.10/dist-packages/moveit_ywf_msg
[2.138s] -- Up-to-date: /home/st/ywfBot_ws_v1.3/install/moveit_ywf_msg/local/lib/python3.10/dist-packages/moveit_ywf_msg/_moveit_ywf_msg_s.ep.rosidl_typesupport_introspection_c.c
[2.138s] -- Up-to-date: /home/st/ywfBot_ws_v1.3/install/moveit_ywf_msg/local/lib/python3.10/dist-packages/moveit_ywf_msg/__init__.py
[2.138s] -- Up-to-date: /home/st/ywfBot_ws_v1.3/install/moveit_ywf_msg/local/lib/python3.10/dist-packages/moveit_ywf_msg/moveit_ywf_msg_s__rosidl_typesupport_introspection_c.cpython-310-x86_64-linux-gnu.so
[2.138s] -- Up-to-date: /home/st/ywfBot_ws_v1.3/install/moveit_ywf_msg/local/lib/python3.10/dist-packages/moveit_ywf_msg/_moveit_ywf_msg_s.ep.rosidl_typesupport_c.c
[2.138s] -- Up-to-date: /home/st/ywfBot_ws_v1.3/install/moveit_ywf_msg/local/lib/python3.10/dist-packages/moveit_ywf_msg/_moveit_ywf_msg_s.ep.rosidl_typesupport_fastrtps_c.c
[2.138s] -- Up-to-date: /home/st/ywfBot_ws_v1.3/install/moveit_ywf_msg/local/lib/python3.10/dist-packages/moveit_ywf_msg/action
[2.139s] -- Up-to-date: /home/st/ywfBot_ws_v1.3/install/moveit_ywf_msg/local/lib/python3.10/dist-packages/moveit_ywf_msg/action/__init__.py
[2.139s] -- Up-to-date: /home/st/ywfBot_ws_v1.3/install/moveit_ywf_msg/local/lib/python3.10/dist-packages/moveit_ywf_msg/action/_moveit_ywf_intf_s.c
[2.139s] -- Up-to-date: /home/st/ywfBot_ws_v1.3/install/moveit_ywf_msg/local/lib/python3.10/dist-packages/moveit_ywf_msg/action/_moveit_ywf_intf.py
[2.139s] -- Up-to-date: /home/st/ywfBot_ws_v1.3/install/moveit_ywf_msg/local/lib/python3.10/dist-packages/moveit_ywf_msg/moveit_ywf_msg_s__rosidl_typesupport_fastrtps_c.cpython-310-x86_64-linux-gnu.so
[2.139s] -- Up-to-date: /home/st/ywfBot_ws_v1.3/install/moveit_ywf_msg/local/lib/python3.10/dist-packages/moveit_ywf_msg/libmoveit_ywf_msg__rosidl_generator_py.so
[2.140s] -- Up-to-date: /home/st/ywfBot_ws_v1.3/install/moveit_ywf_msg/local/lib/python3.10/dist-packages/moveit_ywf_msg/moveit_ywf_msg_s__rosidl_typesupport_c.cpython-310-x86_64-linux-gnu.so
[2.221s] Listing '/home/st/ywfBot_ws_v1.3/install/moveit_ywf_msg/local/lib/python3.10/dist-packages/moveit_ywf_msg'...
[2.221s] Listing '/home/st/ywfBot_ws_v1.3/install/moveit_ywf_msg/local/lib/python3.10/dist-packages/moveit_ywf_msg/action'...
[2.221s] -- Up-to-date: /home/st/ywfBot_ws_v1.3/install/moveit_ywf_msg/local/lib/python3.10/dist-packages/moveit_ywf_msg/moveit_ywf_msg_s__rosidl_typesupport_fastrtps_c.cpython-310-x86_64-linux-gnu.so
[2.221s] -- Up-to-date: /home/st/ywfBot_ws_v1.3/install/moveit_ywf_msg/local/lib/python3.10/dist-packages/moveit_ywf_msg/moveit_ywf_msg_s__rosidl_typesupport_introspection_c.cpython-310-x86_64-linux-gnu.so
[2.221s] -- Up-to-date: /home/st/ywfBot_ws_v1.3/install/moveit_ywf_msg/local/lib/python3.10/dist-packages/moveit_ywf_msg/moveit_ywf_msg_s__rosidl_typesupport_c.cpython-310-x86_64-linux-gnu.so
[2.221s] -- Up-to-date: /home/st/ywfBot_ws_v1.3/install/moveit_ywf_msg/lib/libmoveit_ywf_msg__rosidl_generator_py.so
[2.222s] -- Up-to-date: /home/st/ywfBot_ws_v1.3/install/moveit_ywf_msg/share/moveit_ywf_msg/action/MoveitYwfIntf.idl
[2.222s] -- Up-to-date: /home/st/ywfBot_ws_v1.3/install/moveit_ywf_msg/share/moveit_ywf_msg/action/MoveitYwfIntf.action
[2.222s] -- Up-to-date: /home/st/ywfBot_ws_v1.3/install/moveit_ywf_msg/share/ament_index/resource_index/package_run_dependencies/moveit_ywf_msg
[2.222s] -- Up-to-date: /home/st/ywfBot_ws_v1.3/install/moveit_ywf_msg/share/ament_index/resource_index/parent_prefix_path/moveit_ywf_msg
[2.222s] -- Up-to-date: /home/st/ywfBot_ws_v1.3/install/moveit_ywf_msg/share/moveit_ywf_msg/environment/ament_prefix_path.sh
[2.222s] -- Up-to-date: /home/st/ywfBot_ws_v1.3/install/moveit_ywf_msg/share/moveit_ywf_msg/environment/ament_prefix_path.dsv
[2.222s] -- Up-to-date: /home/st/ywfBot_ws_v1.3/install/moveit_ywf_msg/share/moveit_ywf_msg/environment/path.sh
[2.223s] -- Up-to-date: /home/st/ywfBot_ws_v1.3/install/moveit_ywf_msg/share/moveit_ywf_msg/environment/path.dsv
[2.223s] -- Up-to-date: /home/st/ywfBot_ws_v1.3/install/moveit_ywf_msg/share/moveit_ywf_msg/local_setup.bash
[2.223s] -- Up-to-date: /home/st/ywfBot_ws_v1.3/install/moveit_ywf_msg/share/moveit_ywf_msg/local_setup.sh
[2.223s] -- Up-to-date: /home/st/ywfBot_ws_v1.3/install/moveit_ywf_msg/share/moveit_ywf_msg/local_setup.zsh
[2.223s] -- Up-to-date: /home/st/ywfBot_ws_v1.3/install/moveit_ywf_msg/share/moveit_ywf_msg/local_setup.dsv
[2.223s] -- Installing: /home/st/ywfBot_ws_v1.3/install/moveit_ywf_msg/share/moveit_ywf_msg/package.dsv
[2.223s] -- Up-to-date: /home/st/ywfBot_ws_v1.3/install/moveit_ywf_msg/share/ament_index/resource_index/packages/moveit_ywf_msg
[2.224s] -- Up-to-date: /home/st/ywfBot_ws_v1.3/install/moveit_ywf_msg/share/moveit_ywf_msg/cmake/export_moveit_ywf_msg__rosidl_generator_cExport.cmake
[2.224s] -- Up-to-date: /home/st/ywfBot_ws_v1.3/install/moveit_ywf_msg/share/moveit_ywf_msg/cmake/export_moveit_ywf_msg__rosidl_generator_cExport-noconfig.cmake
[2.224s] -- Up-to-date: /home/st/ywfBot_ws_v1.3/install/moveit_ywf_msg/share/moveit_ywf_msg/cmake/export_moveit_ywf_msg__rosidl_typesupport_fastrtps_cExport.cmake
[2.224s] -- Up-to-date: /home/st/ywfBot_ws_v1.3/install/moveit_ywf_msg/share/moveit_ywf_msg/cmake/export_moveit_ywf_msg__rosidl_typesupport_fastrtps_cExport-noconfig.cmake
[2.225s] -- Up-to-date: /home/st/ywfBot_ws_v1.3/install/moveit_ywf_msg/share/moveit_ywf_msg/cmake/moveit_ywf_msg__rosidl_typesupport_introspection_cExport.cmake
[2.230s] -- Up-to-date: /home/st/ywfBot_ws_v1.3/install/moveit_ywf_msg/share/moveit_ywf_msg/cmake/moveit_ywf_msg__rosidl_typesupport_introspection_cExport-noconfig.cmake
[2.230s] -- Up-to-date: /home/st/ywfBot_ws_v1.3/install/moveit_ywf_msg/share/moveit_ywf_msg/cmake/moveit_ywf_msg__rosidl_typesupport_cExport.cmake
[2.231s] -- Up-to-date: /home/st/ywfBot_ws_v1.3/install/moveit_ywf_msg/share/moveit_ywf_msg/cmake/moveit_ywf_msg__rosidl_typesupport_cExport-noconfig.cmake
[2.231s] -- Up-to-date: /home/st/ywfBot_ws_v1.3/install/moveit_ywf_msg/share/moveit_ywf_msg/cmake/export_moveit_ywf_msg__rosidl_generator_cppExport.cmake
[2.231s] -- Up-to-date: /home/st/ywfBot_ws_v1.3/install/moveit_ywf_msg/share/moveit_ywf_msg/cmake/export_moveit_ywf_msg__rosidl_typesupport_fastrtps_cppExport.cmake
[2.241s] -- Up-to-date: /home/st/ywfBot_ws_v1.3/install/moveit_ywf_msg/share/moveit_ywf_msg/cmake/export_moveit_ywf_msg__rosidl_typesupport_fastrtps_cppExport-noconfig.cmake
[2.241s] -- Up-to-date: /home/st/ywfBot_ws_v1.3/install/moveit_ywf_msg/share/moveit_ywf_msg/cmake/moveit_ywf_msg__rosidl_typesupport_introspection_cppExport.cmake
[2.242s] -- Up-to-date: /home/st/ywfBot_ws_v1.3/install/moveit_ywf_msg/share/moveit_ywf_msg/cmake/moveit_ywf_msg__rosidl_typesupport_introspection_cppExport-noconfig.cmake
[2.242s] -- Up-to-date: /home/st/ywfBot_ws_v1.3/install/moveit_ywf_msg/share/moveit_ywf_msg/cmake/moveit_ywf_msg__rosidl_typesupport_cppExport.cmake
[2.242s] -- Up-to-date: /home/st/ywfBot_ws_v1.3/install/moveit_ywf_msg/share/moveit_ywf_msg/cmake/moveit_ywf_msg__rosidl_typesupport_cppExport-noconfig.cmake
[2.242s] -- Up-to-date: /home/st/ywfBot_ws_v1.3/install/moveit_ywf_msg/share/moveit_ywf_msg/cmake/export_moveit_ywf_msg__rosidl_generator_pyExport.cmake
[2.242s] -- Up-to-date: /home/st/ywfBot_ws_v1.3/install/moveit_ywf_msg/share/moveit_ywf_msg/cmake/export_moveit_ywf_msg__rosidl_generator_pyExport-noconfig.cmake
[2.242s] -- Up-to-date: /home/st/ywfBot_ws_v1.3/install/moveit_ywf_msg/share/moveit_ywf_msg/cmake/rosidl_cmake-extras.cmake
[2.243s] -- Up-to-date: /home/st/ywfBot_ws_v1.3/install/moveit_ywf_msg/share/moveit_ywf_msg/cmake/ament_cmake_export_dependencies-extras.cmake
[2.243s] -- Up-to-date: /home/st/ywfBot_ws_v1.3/install/moveit_ywf_msg/share/moveit_ywf_msg/cmake/ament_cmake_export_include_directories-extras.cmake
[2.243s] -- Up-to-date: /home/st/ywfBot_ws_v1.3/install/moveit_ywf_msg/share/moveit_ywf_msg/cmake/ament_cmake_export_libraries-extras.cmake
[2.243s] -- Up-to-date: /home/st/ywfBot_ws_v1.3/install/moveit_ywf_msg/share/moveit_ywf_msg/cmake/ament_cmake_export_targets-extras.cmake
[2.243s] -- Up-to-date: /home/st/ywfBot_ws_v1.3/install/moveit_ywf_msg/share/moveit_ywf_msg/cmake/rosidl_cmake_export_typesupport_targets-extras.cmake
[2.254s] -- Up-to-date: /home/st/ywfBot_ws_v1.3/install/moveit_ywf_msg/share/moveit_ywf_msg/cmake/rosidl_cmake_export_typesupport_libraries-extras.cmake
[2.255s] -- Up-to-date: /home/st/ywfBot_ws_v1.3/install/moveit_ywf_msg/share/moveit_ywf_msg/cmake/moveit_ywf_msgConfig.cmake
[2.256s] -- Up-to-date: /home/st/ywfBot_ws_v1.3/install/moveit_ywf_msg/share/moveit_ywf_msg/cmake/moveit_ywf_msgConfig-version.cmake
[2.257s] -- Up-to-date: /home/st/ywfBot_ws_v1.3/install/moveit_ywf_msg/share/moveit_ywf_msg/package.xml
[2.485s] Invoked command in '/home/st/ywfBot_ws_v1.3.1/build/moveit_ywf_msg' returned '0': CMAKE_PREFIX_PATH=${CMAKE_PREFIX_PATH}:/home/st/ywfBot_ws_v1.3/install/py_action_client:/home/st/ywfBot_ws_v1.3/install/py_action:/home/st/ros2_control_ws/install/rqt_joint_trajectory_controller:/home/st/ros2_control_ws/install/rqt_controller_manager:/home/st/ros2_control_ws/install/ros2controlcli:/home/st/ros2_control_ws/install/ros2_controllers_test_nodes:/home/st/ros2_control_ws/install/ros2_control_demo_testing:/home/st/ywfBot_ws_v1.1/install/py_action_client:/home/st/ywfBot_ws_v1.1/install/py_action:/home/st/ywfBot_ws_v1.1/install/moveit2_ywf_interface:/home/st/ywfBot_ws_v1.1/install/moveit_ywf_msg:/home/st/ywfBot_ws_v1.1/install/fairino_hardware:/home/st/ywfBot_ws_v1.1/install/fairino_msgs:/home/st/ywfBot_ws/install/py_action_client:/home/st/ywfBot_ws/install/py_action:/home/st/ywfBot_ws/install/moveit2_ywf_interface:/home/st/ywfBot_ws/install/moveit_ywf_msg:/home/st/ywfBot_ws/install/frhal_msgs:/home/st/ywfBot_ws/install/fr_ros2:/home/st/moveit2_humble_ws/install/moveit_configs_utils:/home/st/moveit2_humble_ws/install/launch_param_builder:/opt/ros/humble /usr/bin/cmake --install /home/st/ywfBot_ws_v1.3.1/build/moveit_ywf_msg
