[3.382s] Invoking command in '/home/st/ywfBot_ws_v1.3.1/src/py_action_client': PYTHONPATH=/home/st/ywfBot_ws_v1.3.1/build/py_action_client/prefix_override:/usr/lib/python3/dist-packages/colcon_core/task/python/colcon_distutils_commands:/home/st/ywfBot_ws_v1.3.1/install/py_action_client/lib/python3.10/site-packages:${PYTHONPATH} /usr/bin/python3 -W ignore:setup.py install is deprecated -W ignore:easy_install command is deprecated setup.py egg_info --egg-base ../../build/py_action_client build --build-base /home/st/ywfBot_ws_v1.3.1/build/py_action_client/build install --record /home/st/ywfBot_ws_v1.3.1/build/py_action_client/install.log --single-version-externally-managed install_data
[4.147s] running egg_info
[4.150s] writing ../../build/py_action_client/py_action_client.egg-info/PKG-INFO
[4.150s] writing dependency_links to ../../build/py_action_client/py_action_client.egg-info/dependency_links.txt
[4.152s] writing entry points to ../../build/py_action_client/py_action_client.egg-info/entry_points.txt
[4.152s] writing requirements to ../../build/py_action_client/py_action_client.egg-info/requires.txt
[4.153s] writing top-level names to ../../build/py_action_client/py_action_client.egg-info/top_level.txt
[4.158s] reading manifest file '../../build/py_action_client/py_action_client.egg-info/SOURCES.txt'
[4.159s] adding license file 'LICENSE'
[4.161s] writing manifest file '../../build/py_action_client/py_action_client.egg-info/SOURCES.txt'
[4.162s] running build
[4.162s] running build_py
[4.163s] running install
[4.163s] running install_lib
[4.167s] running install_data
[4.168s] running install_egg_info
[4.174s] removing '/home/st/ywfBot_ws_v1.3.1/install/py_action_client/lib/python3.10/site-packages/py_action_client-0.0.0-py3.10.egg-info' (and everything under it)
[4.174s] Copying ../../build/py_action_client/py_action_client.egg-info to /home/st/ywfBot_ws_v1.3.1/install/py_action_client/lib/python3.10/site-packages/py_action_client-0.0.0-py3.10.egg-info
[4.177s] running install_scripts
[4.239s] Installing py_action_client script to /home/st/ywfBot_ws_v1.3.1/install/py_action_client/lib/py_action_client
[4.240s] writing list of installed files to '/home/st/ywfBot_ws_v1.3.1/build/py_action_client/install.log'
[4.314s] Invoked command in '/home/st/ywfBot_ws_v1.3.1/src/py_action_client' returned '0': PYTHONPATH=/home/st/ywfBot_ws_v1.3.1/build/py_action_client/prefix_override:/usr/lib/python3/dist-packages/colcon_core/task/python/colcon_distutils_commands:/home/st/ywfBot_ws_v1.3.1/install/py_action_client/lib/python3.10/site-packages:${PYTHONPATH} /usr/bin/python3 -W ignore:setup.py install is deprecated -W ignore:easy_install command is deprecated setup.py egg_info --egg-base ../../build/py_action_client build --build-base /home/st/ywfBot_ws_v1.3.1/build/py_action_client/build install --record /home/st/ywfBot_ws_v1.3.1/build/py_action_client/install.log --single-version-externally-managed install_data
