[2.679s] Invoking command in '/home/st/ywfBot_ws/src/py_action_client': PYTHONPATH=/home/st/ywfBot_ws/build/py_action_client/prefix_override:/usr/lib/python3/dist-packages/colcon_core/task/python/colcon_distutils_commands:/home/st/ywfBot_ws/install/py_action_client/lib/python3.10/site-packages:${PYTHONPATH} /usr/bin/python3 -W ignore:setup.py install is deprecated -W ignore:easy_install command is deprecated setup.py egg_info --egg-base ../../build/py_action_client build --build-base /home/st/ywfBot_ws/build/py_action_client/build install --record /home/st/ywfBot_ws/build/py_action_client/install.log --single-version-externally-managed install_data
[3.385s] running egg_info
[3.390s] writing ../../build/py_action_client/py_action_client.egg-info/PKG-INFO
[3.391s] writing dependency_links to ../../build/py_action_client/py_action_client.egg-info/dependency_links.txt
[3.391s] writing entry points to ../../build/py_action_client/py_action_client.egg-info/entry_points.txt
[3.391s] writing requirements to ../../build/py_action_client/py_action_client.egg-info/requires.txt
[3.391s] writing top-level names to ../../build/py_action_client/py_action_client.egg-info/top_level.txt
[3.394s] reading manifest file '../../build/py_action_client/py_action_client.egg-info/SOURCES.txt'
[3.394s] adding license file 'LICENSE'
[3.405s] writing manifest file '../../build/py_action_client/py_action_client.egg-info/SOURCES.txt'
[3.405s] running build
[3.405s] running build_py
[3.405s] running install
[3.405s] running install_lib
[3.406s] running install_data
[3.406s] running install_egg_info
[3.408s] removing '/home/st/ywfBot_ws/install/py_action_client/lib/python3.10/site-packages/py_action_client-0.0.0-py3.10.egg-info' (and everything under it)
[3.414s] Copying ../../build/py_action_client/py_action_client.egg-info to /home/st/ywfBot_ws/install/py_action_client/lib/python3.10/site-packages/py_action_client-0.0.0-py3.10.egg-info
[3.414s] running install_scripts
[3.469s] Installing py_action_client script to /home/st/ywfBot_ws/install/py_action_client/lib/py_action_client
[3.471s] writing list of installed files to '/home/st/ywfBot_ws/build/py_action_client/install.log'
[3.530s] Invoked command in '/home/st/ywfBot_ws/src/py_action_client' returned '0': PYTHONPATH=/home/st/ywfBot_ws/build/py_action_client/prefix_override:/usr/lib/python3/dist-packages/colcon_core/task/python/colcon_distutils_commands:/home/st/ywfBot_ws/install/py_action_client/lib/python3.10/site-packages:${PYTHONPATH} /usr/bin/python3 -W ignore:setup.py install is deprecated -W ignore:easy_install command is deprecated setup.py egg_info --egg-base ../../build/py_action_client build --build-base /home/st/ywfBot_ws/build/py_action_client/build install --record /home/st/ywfBot_ws/build/py_action_client/install.log --single-version-externally-managed install_data
